2017-02-03 09:45:06|GET|/|200||GET / HTTP/1.1|-|Mozilla/5.0 (Windows NT 6.1; Win64; x64) AppleWebKit/537.36 (KHTML, like Gecko) Chrome/55.0.2883.87 Safari/537.36|275
2017-02-03 09:45:06|GET|/img/login_apple.png|200||GET /img/login_apple.png HTTP/1.1|http://localhost:8888/|Mozilla/5.0 (Windows NT 6.1; Win64; x64) AppleWebKit/537.36 (KHTML, like Gecko) Chrome/55.0.2883.87 Safari/537.36|40
2017-02-03 09:45:06|GET|/css/jquery.fullPage.css|200||GET /css/jquery.fullPage.css HTTP/1.1|http://localhost:8888/|Mozilla/5.0 (Windows NT 6.1; Win64; x64) AppleWebKit/537.36 (KHTML, like Gecko) Chrome/55.0.2883.87 Safari/537.36|37
2017-02-03 09:45:06|GET|/img/login_google.png|200||GET /img/login_google.png HTTP/1.1|http://localhost:8888/|Mozilla/5.0 (Windows NT 6.1; Win64; x64) AppleWebKit/537.36 (KHTML, like Gecko) Chrome/55.0.2883.87 Safari/537.36|39
2017-02-03 09:45:06|GET|/img/emaul-logo-w.png|200||GET /img/emaul-logo-w.png HTTP/1.1|http://localhost:8888/|Mozilla/5.0 (Windows NT 6.1; Win64; x64) AppleWebKit/537.36 (KHTML, like Gecko) Chrome/55.0.2883.87 Safari/537.36|36
2017-02-03 09:45:06|GET|/js/js.cookie.js|200||GET /js/js.cookie.js HTTP/1.1|http://localhost:8888/|Mozilla/5.0 (Windows NT 6.1; Win64; x64) AppleWebKit/537.36 (KHTML, like Gecko) Chrome/55.0.2883.87 Safari/537.36|13
2017-02-03 09:45:06|GET|/js/vendor/jquery.slimscroll.min.js|200||GET /js/vendor/jquery.slimscroll.min.js HTTP/1.1|http://localhost:8888/|Mozilla/5.0 (Windows NT 6.1; Win64; x64) AppleWebKit/537.36 (KHTML, like Gecko) Chrome/55.0.2883.87 Safari/537.36|32
2017-02-03 09:45:06|GET|/css/animate.min.css|200||GET /css/animate.min.css HTTP/1.1|http://localhost:8888/|Mozilla/5.0 (Windows NT 6.1; Win64; x64) AppleWebKit/537.36 (KHTML, like Gecko) Chrome/55.0.2883.87 Safari/537.36|80
2017-02-03 09:45:06|GET|/js/jquery.fullPage.min.js|200||GET /js/jquery.fullPage.min.js HTTP/1.1|http://localhost:8888/|Mozilla/5.0 (Windows NT 6.1; Win64; x64) AppleWebKit/537.36 (KHTML, like Gecko) Chrome/55.0.2883.87 Safari/537.36|37
2017-02-03 09:45:06|GET|/js/vendor/jquery.easings.min.js|200||GET /js/vendor/jquery.easings.min.js HTTP/1.1|http://localhost:8888/|Mozilla/5.0 (Windows NT 6.1; Win64; x64) AppleWebKit/537.36 (KHTML, like Gecko) Chrome/55.0.2883.87 Safari/537.36|69
2017-02-03 09:45:06|GET|/img/bg-login.jpg|200||GET /img/bg-login.jpg HTTP/1.1|http://localhost:8888/|Mozilla/5.0 (Windows NT 6.1; Win64; x64) AppleWebKit/537.36 (KHTML, like Gecko) Chrome/55.0.2883.87 Safari/537.36|99
2017-02-03 09:45:07|POST|/api/public/user/login|302||POST /api/public/user/login HTTP/1.1|http://localhost:8888/|Mozilla/5.0 (Windows NT 6.1; Win64; x64) AppleWebKit/537.36 (KHTML, like Gecko) Chrome/55.0.2883.87 Safari/537.36|389
2017-02-03 09:45:07|GET|/|302||GET / HTTP/1.1|http://localhost:8888/|Mozilla/5.0 (Windows NT 6.1; Win64; x64) AppleWebKit/537.36 (KHTML, like Gecko) Chrome/55.0.2883.87 Safari/537.36|318
2017-02-03 09:45:08|GET|/admin/user/list|200||GET /admin/user/list HTTP/1.1|http://localhost:8888/|Mozilla/5.0 (Windows NT 6.1; Win64; x64) AppleWebKit/537.36 (KHTML, like Gecko) Chrome/55.0.2883.87 Safari/537.36|761
2017-02-03 09:45:08|GET|/img/sort_asc.png|200||GET /img/sort_asc.png HTTP/1.1|http://localhost:8888/admin/user/list|Mozilla/5.0 (Windows NT 6.1; Win64; x64) AppleWebKit/537.36 (KHTML, like Gecko) Chrome/55.0.2883.87 Safari/537.36|52
2017-02-03 09:45:08|GET|/img/sort_desc.png|200||GET /img/sort_desc.png HTTP/1.1|http://localhost:8888/admin/user/list|Mozilla/5.0 (Windows NT 6.1; Win64; x64) AppleWebKit/537.36 (KHTML, like Gecko) Chrome/55.0.2883.87 Safari/537.36|52
2017-02-03 09:45:08|GET|/admin/user/last-login-pop|200||GET /admin/user/last-login-pop HTTP/1.1|http://localhost:8888/admin/user/list|Mozilla/5.0 (Windows NT 6.1; Win64; x64) AppleWebKit/537.36 (KHTML, like Gecko) Chrome/55.0.2883.87 Safari/537.36|140
2017-02-03 09:45:12|GET|/jaha/apt/ap/user/monitoring/list|200||GET /jaha/apt/ap/user/monitoring/list HTTP/1.1|http://localhost:8888/admin/user/list|Mozilla/5.0 (Windows NT 6.1; Win64; x64) AppleWebKit/537.36 (KHTML, like Gecko) Chrome/55.0.2883.87 Safari/537.36|329
2017-02-03 09:45:12|GET|/js/common.js|304||GET /js/common.js HTTP/1.1|http://localhost:8888/jaha/apt/ap/user/monitoring/list|Mozilla/5.0 (Windows NT 6.1; Win64; x64) AppleWebKit/537.36 (KHTML, like Gecko) Chrome/55.0.2883.87 Safari/537.36|56
2017-02-03 09:45:12|POST|/jaha/apt/ap/user/monitoring/list-data|200||POST /jaha/apt/ap/user/monitoring/list-data HTTP/1.1|http://localhost:8888/jaha/apt/ap/user/monitoring/list|Mozilla/5.0 (Windows NT 6.1; Win64; x64) AppleWebKit/537.36 (KHTML, like Gecko) Chrome/55.0.2883.87 Safari/537.36|304
2017-02-03 09:45:15|GET|/img/adminHome/menu2.png|200||GET /img/adminHome/menu2.png HTTP/1.1|http://localhost:8888/jaha/apt/ap/user/monitoring/list|Mozilla/5.0 (Windows NT 6.1; Win64; x64) AppleWebKit/537.36 (KHTML, like Gecko) Chrome/55.0.2883.87 Safari/537.36|49
2017-02-03 09:45:17|GET|/v2/jaha/board-mgr/post/list|200||GET /v2/jaha/board-mgr/post/list HTTP/1.1|http://localhost:8888/jaha/apt/ap/user/monitoring/list|Mozilla/5.0 (Windows NT 6.1; Win64; x64) AppleWebKit/537.36 (KHTML, like Gecko) Chrome/55.0.2883.87 Safari/537.36|459
2017-02-03 09:45:17|GET|/datatables-plugins/integration/bootstrap/3/dataTables.bootstrap.min.js|200||GET /datatables-plugins/integration/bootstrap/3/dataTables.bootstrap.min.js HTTP/1.1|http://localhost:8888/v2/jaha/board-mgr/post/list|Mozilla/5.0 (Windows NT 6.1; Win64; x64) AppleWebKit/537.36 (KHTML, like Gecko) Chrome/55.0.2883.87 Safari/537.36|56
2017-02-03 09:45:17|GET|/multiselect/css/multi-select.css|200||GET /multiselect/css/multi-select.css HTTP/1.1|http://localhost:8888/v2/jaha/board-mgr/post/list|Mozilla/5.0 (Windows NT 6.1; Win64; x64) AppleWebKit/537.36 (KHTML, like Gecko) Chrome/55.0.2883.87 Safari/537.36|86
2017-02-03 09:45:17|GET|/js/jquery.form.js|200||GET /js/jquery.form.js HTTP/1.1|http://localhost:8888/v2/jaha/board-mgr/post/list|Mozilla/5.0 (Windows NT 6.1; Win64; x64) AppleWebKit/537.36 (KHTML, like Gecko) Chrome/55.0.2883.87 Safari/537.36|90
2017-02-03 09:45:17|GET|/js/jquery-2.1.3.min.js|200||GET /js/jquery-2.1.3.min.js HTTP/1.1|http://localhost:8888/v2/jaha/board-mgr/post/list|Mozilla/5.0 (Windows NT 6.1; Win64; x64) AppleWebKit/537.36 (KHTML, like Gecko) Chrome/55.0.2883.87 Safari/537.36|91
2017-02-03 09:45:17|GET|/datatables/media/js/jquery.dataTables.min.js|200||GET /datatables/media/js/jquery.dataTables.min.js HTTP/1.1|http://localhost:8888/v2/jaha/board-mgr/post/list|Mozilla/5.0 (Windows NT 6.1; Win64; x64) AppleWebKit/537.36 (KHTML, like Gecko) Chrome/55.0.2883.87 Safari/537.36|91
2017-02-03 09:45:17|GET|/multiselect/js/jquery.multi-select.js|200||GET /multiselect/js/jquery.multi-select.js HTTP/1.1|http://localhost:8888/v2/jaha/board-mgr/post/list|Mozilla/5.0 (Windows NT 6.1; Win64; x64) AppleWebKit/537.36 (KHTML, like Gecko) Chrome/55.0.2883.87 Safari/537.36|89
2017-02-03 09:45:17|GET|/img/ajax-loader.gif|200||GET /img/ajax-loader.gif HTTP/1.1|http://localhost:8888/v2/jaha/board-mgr/post/list|Mozilla/5.0 (Windows NT 6.1; Win64; x64) AppleWebKit/537.36 (KHTML, like Gecko) Chrome/55.0.2883.87 Safari/537.36|35
2017-02-03 09:45:19|POST|/v2/jaha/board-mgr/post/select-list|200||POST /v2/jaha/board-mgr/post/select-list HTTP/1.1|http://localhost:8888/v2/jaha/board-mgr/post/list|Mozilla/5.0 (Windows NT 6.1; Win64; x64) AppleWebKit/537.36 (KHTML, like Gecko) Chrome/55.0.2883.87 Safari/537.36|1652
2017-02-03 09:49:48|GET|/v2/jaha/board-mgr/post/list|500||GET /v2/jaha/board-mgr/post/list HTTP/1.1|http://localhost:8888/jaha/apt/ap/user/monitoring/list|Mozilla/5.0 (Windows NT 6.1; Win64; x64) AppleWebKit/537.36 (KHTML, like Gecko) Chrome/55.0.2883.87 Safari/537.36|288
2017-02-03 09:49:58|GET|/v2/jaha/board-mgr/post/list|500||GET /v2/jaha/board-mgr/post/list HTTP/1.1|http://localhost:8888/jaha/apt/ap/user/monitoring/list|Mozilla/5.0 (Windows NT 6.1; Win64; x64) AppleWebKit/537.36 (KHTML, like Gecko) Chrome/55.0.2883.87 Safari/537.36|299
2017-02-03 09:50:07|GET|/v2/jaha/board-mgr/post/list|500||GET /v2/jaha/board-mgr/post/list HTTP/1.1|http://localhost:8888/jaha/apt/ap/user/monitoring/list|Mozilla/5.0 (Windows NT 6.1; Win64; x64) AppleWebKit/537.36 (KHTML, like Gecko) Chrome/55.0.2883.87 Safari/537.36|265
2017-02-03 09:51:12|GET|/v2/jaha/board-mgr/post/list|200||GET /v2/jaha/board-mgr/post/list HTTP/1.1|http://localhost:8888/jaha/apt/ap/user/monitoring/list|Mozilla/5.0 (Windows NT 6.1; Win64; x64) AppleWebKit/537.36 (KHTML, like Gecko) Chrome/55.0.2883.87 Safari/537.36|281
2017-02-03 09:51:40|GET|/v2/jaha/board-mgr/post/list|200||GET /v2/jaha/board-mgr/post/list HTTP/1.1|http://localhost:8888/jaha/apt/ap/user/monitoring/list|Mozilla/5.0 (Windows NT 6.1; Win64; x64) AppleWebKit/537.36 (KHTML, like Gecko) Chrome/55.0.2883.87 Safari/537.36|318
2017-02-03 09:51:41|GET|/v2/jaha/board-mgr/post/list|200||GET /v2/jaha/board-mgr/post/list HTTP/1.1|http://localhost:8888/jaha/apt/ap/user/monitoring/list|Mozilla/5.0 (Windows NT 6.1; Win64; x64) AppleWebKit/537.36 (KHTML, like Gecko) Chrome/55.0.2883.87 Safari/537.36|299
2017-02-03 09:53:18|GET|/v2/jaha/board-mgr/post/list|200||GET /v2/jaha/board-mgr/post/list HTTP/1.1|http://localhost:8888/jaha/apt/ap/user/monitoring/list|Mozilla/5.0 (Windows NT 6.1; Win64; x64) AppleWebKit/537.36 (KHTML, like Gecko) Chrome/55.0.2883.87 Safari/537.36|298
2017-02-03 09:53:18|POST|/v2/jaha/board-mgr/post/select-list|200||POST /v2/jaha/board-mgr/post/select-list HTTP/1.1|http://localhost:8888/v2/jaha/board-mgr/post/list|Mozilla/5.0 (Windows NT 6.1; Win64; x64) AppleWebKit/537.36 (KHTML, like Gecko) Chrome/55.0.2883.87 Safari/537.36|366
2017-02-03 09:53:22|POST|/jaha/apt/ap/user/monitoring/list-data|200||POST /jaha/apt/ap/user/monitoring/list-data HTTP/1.1|http://localhost:8888/jaha/apt/ap/user/monitoring/list|Mozilla/5.0 (Windows NT 6.1; Win64; x64) AppleWebKit/537.36 (KHTML, like Gecko) Chrome/55.0.2883.87 Safari/537.36|154
2017-02-03 09:53:25|POST|/v2/jaha/board-mgr/post/select-list|200||POST /v2/jaha/board-mgr/post/select-list HTTP/1.1|http://localhost:8888/v2/jaha/board-mgr/post/list|Mozilla/5.0 (Windows NT 6.1; Win64; x64) AppleWebKit/537.36 (KHTML, like Gecko) Chrome/55.0.2883.87 Safari/537.36|337
2017-02-03 09:53:25|POST|/jaha/apt/ap/user/monitoring/list-data|200||POST /jaha/apt/ap/user/monitoring/list-data HTTP/1.1|http://localhost:8888/jaha/apt/ap/user/monitoring/list|Mozilla/5.0 (Windows NT 6.1; Win64; x64) AppleWebKit/537.36 (KHTML, like Gecko) Chrome/55.0.2883.87 Safari/537.36|147
2017-02-03 09:53:26|POST|/v2/jaha/board-mgr/post/select-list|200||POST /v2/jaha/board-mgr/post/select-list HTTP/1.1|http://localhost:8888/v2/jaha/board-mgr/post/list|Mozilla/5.0 (Windows NT 6.1; Win64; x64) AppleWebKit/537.36 (KHTML, like Gecko) Chrome/55.0.2883.87 Safari/537.36|330
2017-02-03 09:53:27|POST|/jaha/apt/ap/user/monitoring/list-data|200||POST /jaha/apt/ap/user/monitoring/list-data HTTP/1.1|http://localhost:8888/jaha/apt/ap/user/monitoring/list|Mozilla/5.0 (Windows NT 6.1; Win64; x64) AppleWebKit/537.36 (KHTML, like Gecko) Chrome/55.0.2883.87 Safari/537.36|145
2017-02-03 09:53:28|GET|/jaha/apt/ap/user/monitoring/list|200||GET /jaha/apt/ap/user/monitoring/list HTTP/1.1|http://localhost:8888/admin/user/list|Mozilla/5.0 (Windows NT 6.1; Win64; x64) AppleWebKit/537.36 (KHTML, like Gecko) Chrome/55.0.2883.87 Safari/537.36|239
2017-02-03 09:53:29|POST|/jaha/apt/ap/user/monitoring/list-data|200||POST /jaha/apt/ap/user/monitoring/list-data HTTP/1.1|http://localhost:8888/jaha/apt/ap/user/monitoring/list|Mozilla/5.0 (Windows NT 6.1; Win64; x64) AppleWebKit/537.36 (KHTML, like Gecko) Chrome/55.0.2883.87 Safari/537.36|149
2017-02-03 09:53:30|POST|/v2/jaha/board-mgr/post/select-list|200||POST /v2/jaha/board-mgr/post/select-list HTTP/1.1|http://localhost:8888/v2/jaha/board-mgr/post/list|Mozilla/5.0 (Windows NT 6.1; Win64; x64) AppleWebKit/537.36 (KHTML, like Gecko) Chrome/55.0.2883.87 Safari/537.36|344
2017-02-03 09:58:14|GET|/v2/jaha/board-mgr/comment/list|200||GET /v2/jaha/board-mgr/comment/list HTTP/1.1|http://localhost:8888/v2/jaha/board-mgr/post/list|Mozilla/5.0 (Windows NT 6.1; Win64; x64) AppleWebKit/537.36 (KHTML, like Gecko) Chrome/55.0.2883.87 Safari/537.36|321
2017-02-03 09:58:15|POST|/v2/jaha/board-mgr/comment/select-list|200||POST /v2/jaha/board-mgr/comment/select-list HTTP/1.1|http://localhost:8888/v2/jaha/board-mgr/comment/list|Mozilla/5.0 (Windows NT 6.1; Win64; x64) AppleWebKit/537.36 (KHTML, like Gecko) Chrome/55.0.2883.87 Safari/537.36|671
2017-02-03 09:58:22|GET|/v2/jaha/board-mgr/common/post/list/5334|200||GET /v2/jaha/board-mgr/common/post/list/5334 HTTP/1.1|http://localhost:8888/v2/jaha/board-mgr/comment/list|Mozilla/5.0 (Windows NT 6.1; Win64; x64) AppleWebKit/537.36 (KHTML, like Gecko) Chrome/55.0.2883.87 Safari/537.36|327
2017-02-03 09:58:23|POST|/v2/jaha/board-mgr/common/post/select-list/5334|200||POST /v2/jaha/board-mgr/common/post/select-list/5334 HTTP/1.1|http://localhost:8888/v2/jaha/board-mgr/common/post/list/5334|Mozilla/5.0 (Windows NT 6.1; Win64; x64) AppleWebKit/537.36 (KHTML, like Gecko) Chrome/55.0.2883.87 Safari/537.36|260
2017-02-03 10:19:29|GET|/v2/jaha/board-mgr/common/user/5498|200||GET /v2/jaha/board-mgr/common/user/5498 HTTP/1.1|http://localhost:8888/v2/jaha/board-mgr/comment/list|Mozilla/5.0 (Windows NT 6.1; Win64; x64) AppleWebKit/537.36 (KHTML, like Gecko) Chrome/55.0.2883.87 Safari/537.36|344
2017-02-03 10:19:29|GET|/img/anonymous.png|200||GET /img/anonymous.png HTTP/1.1|http://localhost:8888/v2/jaha/board-mgr/common/user/5498|Mozilla/5.0 (Windows NT 6.1; Win64; x64) AppleWebKit/537.36 (KHTML, like Gecko) Chrome/55.0.2883.87 Safari/537.36|50
2017-02-03 10:19:31|GET|/v2/jaha/board-mgr/common/comment/list/5498|200||GET /v2/jaha/board-mgr/common/comment/list/5498 HTTP/1.1|http://localhost:8888/v2/jaha/board-mgr/common/user/5498|Mozilla/5.0 (Windows NT 6.1; Win64; x64) AppleWebKit/537.36 (KHTML, like Gecko) Chrome/55.0.2883.87 Safari/537.36|306
2017-02-03 10:19:31|POST|/v2/jaha/board-mgr/common/comment/select-list/5498|200||POST /v2/jaha/board-mgr/common/comment/select-list/5498 HTTP/1.1|http://localhost:8888/v2/jaha/board-mgr/common/comment/list/5498|Mozilla/5.0 (Windows NT 6.1; Win64; x64) AppleWebKit/537.36 (KHTML, like Gecko) Chrome/55.0.2883.87 Safari/537.36|178
2017-02-03 10:19:36|GET|/v2/jaha/board-mgr/common/post/11871|200||GET /v2/jaha/board-mgr/common/post/11871 HTTP/1.1|http://localhost:8888/v2/jaha/board-mgr/common/comment/list/5498|Mozilla/5.0 (Windows NT 6.1; Win64; x64) AppleWebKit/537.36 (KHTML, like Gecko) Chrome/55.0.2883.87 Safari/537.36|398
2017-02-03 10:19:40|GET|/v2/jaha/board-mgr/common/user/5334|200||GET /v2/jaha/board-mgr/common/user/5334 HTTP/1.1|http://localhost:8888/v2/jaha/board-mgr/comment/list|Mozilla/5.0 (Windows NT 6.1; Win64; x64) AppleWebKit/537.36 (KHTML, like Gecko) Chrome/55.0.2883.87 Safari/537.36|360
2017-02-03 10:19:42|GET|/v2/jaha/board-mgr/common/comment/list/5334|200||GET /v2/jaha/board-mgr/common/comment/list/5334 HTTP/1.1|http://localhost:8888/v2/jaha/board-mgr/common/user/5334|Mozilla/5.0 (Windows NT 6.1; Win64; x64) AppleWebKit/537.36 (KHTML, like Gecko) Chrome/55.0.2883.87 Safari/537.36|303
2017-02-03 10:19:42|POST|/v2/jaha/board-mgr/common/comment/select-list/5334|200||POST /v2/jaha/board-mgr/common/comment/select-list/5334 HTTP/1.1|http://localhost:8888/v2/jaha/board-mgr/common/comment/list/5334|Mozilla/5.0 (Windows NT 6.1; Win64; x64) AppleWebKit/537.36 (KHTML, like Gecko) Chrome/55.0.2883.87 Safari/537.36|168
2017-02-03 10:19:47|POST|/v2/jaha/board-mgr/common/comment/select-list/5334|200||POST /v2/jaha/board-mgr/common/comment/select-list/5334 HTTP/1.1|http://localhost:8888/v2/jaha/board-mgr/common/comment/list/5334|Mozilla/5.0 (Windows NT 6.1; Win64; x64) AppleWebKit/537.36 (KHTML, like Gecko) Chrome/55.0.2883.87 Safari/537.36|203
2017-02-03 10:19:47|POST|/v2/jaha/board-mgr/common/comment/select-list/5334|200||POST /v2/jaha/board-mgr/common/comment/select-list/5334 HTTP/1.1|http://localhost:8888/v2/jaha/board-mgr/common/comment/list/5334|Mozilla/5.0 (Windows NT 6.1; Win64; x64) AppleWebKit/537.36 (KHTML, like Gecko) Chrome/55.0.2883.87 Safari/537.36|198
2017-02-03 10:19:49|GET|/v2/jaha/board-mgr/common/post/11936|200||GET /v2/jaha/board-mgr/common/post/11936 HTTP/1.1|http://localhost:8888/v2/jaha/board-mgr/common/comment/list/5334|Mozilla/5.0 (Windows NT 6.1; Win64; x64) AppleWebKit/537.36 (KHTML, like Gecko) Chrome/55.0.2883.87 Safari/537.36|544
2017-02-03 10:19:53|GET|/v2/jaha/board-mgr/common/user/5334|200||GET /v2/jaha/board-mgr/common/user/5334 HTTP/1.1|http://localhost:8888/v2/jaha/board-mgr/comment/list|Mozilla/5.0 (Windows NT 6.1; Win64; x64) AppleWebKit/537.36 (KHTML, like Gecko) Chrome/55.0.2883.87 Safari/537.36|369
2017-02-03 10:19:54|GET|/v2/jaha/board-mgr/common/comment/list/5334|200||GET /v2/jaha/board-mgr/common/comment/list/5334 HTTP/1.1|http://localhost:8888/v2/jaha/board-mgr/common/user/5334|Mozilla/5.0 (Windows NT 6.1; Win64; x64) AppleWebKit/537.36 (KHTML, like Gecko) Chrome/55.0.2883.87 Safari/537.36|303
2017-02-03 10:19:55|POST|/v2/jaha/board-mgr/common/comment/select-list/5334|200||POST /v2/jaha/board-mgr/common/comment/select-list/5334 HTTP/1.1|http://localhost:8888/v2/jaha/board-mgr/common/comment/list/5334|Mozilla/5.0 (Windows NT 6.1; Win64; x64) AppleWebKit/537.36 (KHTML, like Gecko) Chrome/55.0.2883.87 Safari/537.36|185
2017-02-03 10:24:29|GET|/img/adminHome/logout2.png|200||GET /img/adminHome/logout2.png HTTP/1.1|http://localhost:8888/v2/jaha/board-mgr/comment/list|Mozilla/5.0 (Windows NT 6.1; Win64; x64) AppleWebKit/537.36 (KHTML, like Gecko) Chrome/55.0.2883.87 Safari/537.36|49
2017-02-03 10:37:21|POST|/v2/board-mgr/common/read/comment/11936/10921|200||POST /v2/board-mgr/common/read/comment/11936/10921 HTTP/1.1|http://localhost:8888/v2/jaha/board-mgr/comment/list|Mozilla/5.0 (Windows NT 6.1; Win64; x64) AppleWebKit/537.36 (KHTML, like Gecko) Chrome/55.0.2883.87 Safari/537.36|382
2017-02-03 10:37:22|GET|/v2/jaha/board-mgr/common/post/11936|200||GET /v2/jaha/board-mgr/common/post/11936 HTTP/1.1|http://localhost:8888/v2/jaha/board-mgr/comment/list|Mozilla/5.0 (Windows NT 6.1; Win64; x64) AppleWebKit/537.36 (KHTML, like Gecko) Chrome/55.0.2883.87 Safari/537.36|511
2017-02-03 10:37:29|GET|/v2/jaha/board-mgr/common/user/6078|200||GET /v2/jaha/board-mgr/common/user/6078 HTTP/1.1|http://localhost:8888/v2/jaha/board-mgr/comment/list|Mozilla/5.0 (Windows NT 6.1; Win64; x64) AppleWebKit/537.36 (KHTML, like Gecko) Chrome/55.0.2883.87 Safari/537.36|349
2017-02-03 10:37:31|GET|/v2/jaha/board-mgr/common/comment/list/6078|200||GET /v2/jaha/board-mgr/common/comment/list/6078 HTTP/1.1|http://localhost:8888/v2/jaha/board-mgr/common/user/6078|Mozilla/5.0 (Windows NT 6.1; Win64; x64) AppleWebKit/537.36 (KHTML, like Gecko) Chrome/55.0.2883.87 Safari/537.36|309
2017-02-03 10:37:31|POST|/v2/jaha/board-mgr/common/comment/select-list/6078|200||POST /v2/jaha/board-mgr/common/comment/select-list/6078 HTTP/1.1|http://localhost:8888/v2/jaha/board-mgr/common/comment/list/6078|Mozilla/5.0 (Windows NT 6.1; Win64; x64) AppleWebKit/537.36 (KHTML, like Gecko) Chrome/55.0.2883.87 Safari/537.36|164
2017-02-03 10:49:41|POST|/v2/board-mgr/common/read/comment/3086/10903|200||POST /v2/board-mgr/common/read/comment/3086/10903 HTTP/1.1|http://localhost:8888/v2/jaha/board-mgr/comment/list|Mozilla/5.0 (Windows NT 6.1; Win64; x64) AppleWebKit/537.36 (KHTML, like Gecko) Chrome/55.0.2883.87 Safari/537.36|238
2017-02-03 10:49:42|GET|/v2/jaha/board-mgr/common/post/3086|200||GET /v2/jaha/board-mgr/common/post/3086 HTTP/1.1|http://localhost:8888/v2/jaha/board-mgr/comment/list|Mozilla/5.0 (Windows NT 6.1; Win64; x64) AppleWebKit/537.36 (KHTML, like Gecko) Chrome/55.0.2883.87 Safari/537.36|369
2017-02-03 10:50:32|GET|/jaha/board/news/list|200||GET /jaha/board/news/list HTTP/1.1|http://localhost:8888/v2/jaha/board-mgr/comment/list|Mozilla/5.0 (Windows NT 6.1; Win64; x64) AppleWebKit/537.36 (KHTML, like Gecko) Chrome/55.0.2883.87 Safari/537.36|285
2017-02-03 10:50:32|GET|/sbgrid/sbGrid/js/kr/co/softbowl/css/Sbgrid_default.css|304||GET /sbgrid/sbGrid/js/kr/co/softbowl/css/Sbgrid_default.css HTTP/1.1|http://localhost:8888/jaha/board/news/list|Mozilla/5.0 (Windows NT 6.1; Win64; x64) AppleWebKit/537.36 (KHTML, like Gecko) Chrome/55.0.2883.87 Safari/537.36|27
2017-02-03 10:50:32|GET|/sbgrid/sbGrid/js/kr/co/softbowl/js/Library/json-minified.js|304||GET /sbgrid/sbGrid/js/kr/co/softbowl/js/Library/json-minified.js HTTP/1.1|http://localhost:8888/jaha/board/news/list|Mozilla/5.0 (Windows NT 6.1; Win64; x64) AppleWebKit/537.36 (KHTML, like Gecko) Chrome/55.0.2883.87 Safari/537.36|29
2017-02-03 10:50:32|GET|/sbgrid/sbGrid/js/common/sbGrid_common.js|304||GET /sbgrid/sbGrid/js/common/sbGrid_common.js HTTP/1.1|http://localhost:8888/jaha/board/news/list|Mozilla/5.0 (Windows NT 6.1; Win64; x64) AppleWebKit/537.36 (KHTML, like Gecko) Chrome/55.0.2883.87 Safari/537.36|34
2017-02-03 10:50:32|GET|/sbgrid/sbGrid/js/kr/co/softbowl/js/Library/json2.js|304||GET /sbgrid/sbGrid/js/kr/co/softbowl/js/Library/json2.js HTTP/1.1|http://localhost:8888/jaha/board/news/list|Mozilla/5.0 (Windows NT 6.1; Win64; x64) AppleWebKit/537.36 (KHTML, like Gecko) Chrome/55.0.2883.87 Safari/537.36|32
2017-02-03 10:50:32|GET|/sbgrid/sbGrid/js/kr/co/softbowl/SBGrid.js|304||GET /sbgrid/sbGrid/js/kr/co/softbowl/SBGrid.js HTTP/1.1|http://localhost:8888/jaha/board/news/list|Mozilla/5.0 (Windows NT 6.1; Win64; x64) AppleWebKit/537.36 (KHTML, like Gecko) Chrome/55.0.2883.87 Safari/537.36|40
2017-02-03 10:50:33|POST|/jaha/board/news/list-json|200||POST /jaha/board/news/list-json HTTP/1.1|http://localhost:8888/jaha/board/news/list|Mozilla/5.0 (Windows NT 6.1; Win64; x64) AppleWebKit/537.36 (KHTML, like Gecko) Chrome/55.0.2883.87 Safari/537.36|237
2017-02-03 10:50:33|GET|/sbgrid/sbGrid/js/kr/co/softbowl/image/scroll/icon_grid_more2.png|304||GET /sbgrid/sbGrid/js/kr/co/softbowl/image/scroll/icon_grid_more2.png HTTP/1.1|http://localhost:8888/sbgrid/sbGrid/js/kr/co/softbowl/css/Sbgrid_default.css|Mozilla/5.0 (Windows NT 6.1; Win64; x64) AppleWebKit/537.36 (KHTML, like Gecko) Chrome/55.0.2883.87 Safari/537.36|30
2017-02-03 10:50:33|GET|/sbgrid/sbGrid/js/kr/co/softbowl/image/scroll/icon_grid_more1.png|304||GET /sbgrid/sbGrid/js/kr/co/softbowl/image/scroll/icon_grid_more1.png HTTP/1.1|http://localhost:8888/sbgrid/sbGrid/js/kr/co/softbowl/css/Sbgrid_default.css|Mozilla/5.0 (Windows NT 6.1; Win64; x64) AppleWebKit/537.36 (KHTML, like Gecko) Chrome/55.0.2883.87 Safari/537.36|30
2017-02-03 10:50:33|GET|/sbgrid/sbGrid/js/kr/co/softbowl/image/datagrid/wait.gif|304||GET /sbgrid/sbGrid/js/kr/co/softbowl/image/datagrid/wait.gif HTTP/1.1|http://localhost:8888/jaha/board/news/list|Mozilla/5.0 (Windows NT 6.1; Win64; x64) AppleWebKit/537.36 (KHTML, like Gecko) Chrome/55.0.2883.87 Safari/537.36|24
2017-02-03 10:50:35|GET|/jaha/apt/ap/user/monitoring/list|200||GET /jaha/apt/ap/user/monitoring/list HTTP/1.1|http://localhost:8888/jaha/board/news/list|Mozilla/5.0 (Windows NT 6.1; Win64; x64) AppleWebKit/537.36 (KHTML, like Gecko) Chrome/55.0.2883.87 Safari/537.36|260
2017-02-03 10:50:36|POST|/jaha/apt/ap/user/monitoring/list-data|200||POST /jaha/apt/ap/user/monitoring/list-data HTTP/1.1|http://localhost:8888/jaha/apt/ap/user/monitoring/list|Mozilla/5.0 (Windows NT 6.1; Win64; x64) AppleWebKit/537.36 (KHTML, like Gecko) Chrome/55.0.2883.87 Safari/537.36|150
2017-02-03 10:51:12|GET|/apt/search/popup|200||GET /apt/search/popup HTTP/1.1|http://localhost:8888/jaha/apt/ap/user/monitoring/list|Mozilla/5.0 (Windows NT 6.1; Win64; x64) AppleWebKit/537.36 (KHTML, like Gecko) Chrome/55.0.2883.87 Safari/537.36|245
2017-02-03 10:53:45|GET|/img/adminHome/logout2.png|200||GET /img/adminHome/logout2.png HTTP/1.1|http://localhost:8888/jaha/apt/ap/user/monitoring/list|Mozilla/5.0 (Windows NT 6.1; Win64; x64) AppleWebKit/537.36 (KHTML, like Gecko) Chrome/55.0.2883.87 Safari/537.36|49
2017-02-03 10:53:47|GET|/jaha/user/app/download/list|200||GET /jaha/user/app/download/list HTTP/1.1|http://localhost:8888/jaha/apt/ap/user/monitoring/list|Mozilla/5.0 (Windows NT 6.1; Win64; x64) AppleWebKit/537.36 (KHTML, like Gecko) Chrome/55.0.2883.87 Safari/537.36|275
2017-02-03 10:53:51|GET|/v2/jaha/board-mgr/post/list|200||GET /v2/jaha/board-mgr/post/list HTTP/1.1|http://localhost:8888/jaha/user/app/download/list|Mozilla/5.0 (Windows NT 6.1; Win64; x64) AppleWebKit/537.36 (KHTML, like Gecko) Chrome/55.0.2883.87 Safari/537.36|252
2017-02-03 10:53:52|POST|/v2/jaha/board-mgr/post/select-list|200||POST /v2/jaha/board-mgr/post/select-list HTTP/1.1|http://localhost:8888/v2/jaha/board-mgr/post/list|Mozilla/5.0 (Windows NT 6.1; Win64; x64) AppleWebKit/537.36 (KHTML, like Gecko) Chrome/55.0.2883.87 Safari/537.36|694
2017-02-03 10:54:33|GET|/v2/jaha/board-mgr/comment/list|200||GET /v2/jaha/board-mgr/comment/list HTTP/1.1|http://localhost:8888/v2/jaha/board-mgr/post/list|Mozilla/5.0 (Windows NT 6.1; Win64; x64) AppleWebKit/537.36 (KHTML, like Gecko) Chrome/55.0.2883.87 Safari/537.36|254
2017-02-03 10:54:34|POST|/v2/jaha/board-mgr/comment/select-list|200||POST /v2/jaha/board-mgr/comment/select-list HTTP/1.1|http://localhost:8888/v2/jaha/board-mgr/comment/list|Mozilla/5.0 (Windows NT 6.1; Win64; x64) AppleWebKit/537.36 (KHTML, like Gecko) Chrome/55.0.2883.87 Safari/537.36|505
2017-02-03 10:54:36|GET|/v2/jaha/board-mgr/common/user/6078|200||GET /v2/jaha/board-mgr/common/user/6078 HTTP/1.1|http://localhost:8888/v2/jaha/board-mgr/comment/list|Mozilla/5.0 (Windows NT 6.1; Win64; x64) AppleWebKit/537.36 (KHTML, like Gecko) Chrome/55.0.2883.87 Safari/537.36|311
2017-02-03 10:54:37|GET|/v2/jaha/board-mgr/common/comment/list/6078|200||GET /v2/jaha/board-mgr/common/comment/list/6078 HTTP/1.1|http://localhost:8888/v2/jaha/board-mgr/common/user/6078|Mozilla/5.0 (Windows NT 6.1; Win64; x64) AppleWebKit/537.36 (KHTML, like Gecko) Chrome/55.0.2883.87 Safari/537.36|273
2017-02-03 10:54:38|POST|/v2/jaha/board-mgr/common/comment/select-list/6078|200||POST /v2/jaha/board-mgr/common/comment/select-list/6078 HTTP/1.1|http://localhost:8888/v2/jaha/board-mgr/common/comment/list/6078|Mozilla/5.0 (Windows NT 6.1; Win64; x64) AppleWebKit/537.36 (KHTML, like Gecko) Chrome/55.0.2883.87 Safari/537.36|153
2017-02-03 10:55:59|GET|/v2/jaha/board-mgr/common/user/6078|200||GET /v2/jaha/board-mgr/common/user/6078 HTTP/1.1|http://localhost:8888/v2/jaha/board-mgr/comment/list|Mozilla/5.0 (Windows NT 6.1; Win64; x64) AppleWebKit/537.36 (KHTML, like Gecko) Chrome/55.0.2883.87 Safari/537.36|328
2017-02-03 10:56:01|GET|/v2/jaha/board-mgr/common/comment/list/6078|200||GET /v2/jaha/board-mgr/common/comment/list/6078 HTTP/1.1|http://localhost:8888/v2/jaha/board-mgr/common/user/6078|Mozilla/5.0 (Windows NT 6.1; Win64; x64) AppleWebKit/537.36 (KHTML, like Gecko) Chrome/55.0.2883.87 Safari/537.36|289
2017-02-03 10:56:02|POST|/v2/jaha/board-mgr/common/comment/select-list/6078|200||POST /v2/jaha/board-mgr/common/comment/select-list/6078 HTTP/1.1|http://localhost:8888/v2/jaha/board-mgr/common/comment/list/6078|Mozilla/5.0 (Windows NT 6.1; Win64; x64) AppleWebKit/537.36 (KHTML, like Gecko) Chrome/55.0.2883.87 Safari/537.36|154
2017-02-03 10:56:09|GET|/v2/jaha/board-mgr/comment/list|200||GET /v2/jaha/board-mgr/comment/list HTTP/1.1|http://localhost:8888/v2/jaha/board-mgr/comment/list|Mozilla/5.0 (Windows NT 6.1; Win64; x64) AppleWebKit/537.36 (KHTML, like Gecko) Chrome/55.0.2883.87 Safari/537.36|275
2017-02-03 10:56:09|POST|/v2/jaha/board-mgr/comment/select-list|200||POST /v2/jaha/board-mgr/comment/select-list HTTP/1.1|http://localhost:8888/v2/jaha/board-mgr/comment/list|Mozilla/5.0 (Windows NT 6.1; Win64; x64) AppleWebKit/537.36 (KHTML, like Gecko) Chrome/55.0.2883.87 Safari/537.36|129
2017-02-03 10:56:11|GET|/v2/jaha/board-mgr/comment/list|200||GET /v2/jaha/board-mgr/comment/list HTTP/1.1|http://localhost:8888/v2/jaha/board-mgr/comment/list|Mozilla/5.0 (Windows NT 6.1; Win64; x64) AppleWebKit/537.36 (KHTML, like Gecko) Chrome/55.0.2883.87 Safari/537.36|241
2017-02-03 10:56:11|POST|/v2/jaha/board-mgr/comment/select-list|200||POST /v2/jaha/board-mgr/comment/select-list HTTP/1.1|http://localhost:8888/v2/jaha/board-mgr/comment/list|Mozilla/5.0 (Windows NT 6.1; Win64; x64) AppleWebKit/537.36 (KHTML, like Gecko) Chrome/55.0.2883.87 Safari/537.36|132
2017-02-03 10:56:15|GET|/v2/jaha/board-mgr/common/post/list/6078|200||GET /v2/jaha/board-mgr/common/post/list/6078 HTTP/1.1|http://localhost:8888/v2/jaha/board-mgr/comment/list|Mozilla/5.0 (Windows NT 6.1; Win64; x64) AppleWebKit/537.36 (KHTML, like Gecko) Chrome/55.0.2883.87 Safari/537.36|282
2017-02-03 10:56:15|POST|/v2/jaha/board-mgr/common/post/select-list/6078|200||POST /v2/jaha/board-mgr/common/post/select-list/6078 HTTP/1.1|http://localhost:8888/v2/jaha/board-mgr/common/post/list/6078|Mozilla/5.0 (Windows NT 6.1; Win64; x64) AppleWebKit/537.36 (KHTML, like Gecko) Chrome/55.0.2883.87 Safari/537.36|192
2017-02-03 10:56:24|GET|/v2/jaha/board-mgr/common/user/6078|200||GET /v2/jaha/board-mgr/common/user/6078 HTTP/1.1|http://localhost:8888/v2/jaha/board-mgr/comment/list|Mozilla/5.0 (Windows NT 6.1; Win64; x64) AppleWebKit/537.36 (KHTML, like Gecko) Chrome/55.0.2883.87 Safari/537.36|301
2017-02-03 10:56:26|GET|/v2/jaha/board-mgr/common/comment/list/6078|200||GET /v2/jaha/board-mgr/common/comment/list/6078 HTTP/1.1|http://localhost:8888/v2/jaha/board-mgr/common/user/6078|Mozilla/5.0 (Windows NT 6.1; Win64; x64) AppleWebKit/537.36 (KHTML, like Gecko) Chrome/55.0.2883.87 Safari/537.36|300
2017-02-03 10:56:26|POST|/v2/jaha/board-mgr/common/comment/select-list/6078|200||POST /v2/jaha/board-mgr/common/comment/select-list/6078 HTTP/1.1|http://localhost:8888/v2/jaha/board-mgr/common/comment/list/6078|Mozilla/5.0 (Windows NT 6.1; Win64; x64) AppleWebKit/537.36 (KHTML, like Gecko) Chrome/55.0.2883.87 Safari/537.36|192
2017-02-03 10:56:31|GET|/v2/jaha/board-mgr/common/user/5334|200||GET /v2/jaha/board-mgr/common/user/5334 HTTP/1.1|http://localhost:8888/v2/jaha/board-mgr/comment/list|Mozilla/5.0 (Windows NT 6.1; Win64; x64) AppleWebKit/537.36 (KHTML, like Gecko) Chrome/55.0.2883.87 Safari/537.36|371
2017-02-03 10:56:32|GET|/v2/jaha/board-mgr/common/comment/list/5334|200||GET /v2/jaha/board-mgr/common/comment/list/5334 HTTP/1.1|http://localhost:8888/v2/jaha/board-mgr/common/user/5334|Mozilla/5.0 (Windows NT 6.1; Win64; x64) AppleWebKit/537.36 (KHTML, like Gecko) Chrome/55.0.2883.87 Safari/537.36|307
2017-02-03 10:56:33|POST|/v2/jaha/board-mgr/common/comment/select-list/5334|200||POST /v2/jaha/board-mgr/common/comment/select-list/5334 HTTP/1.1|http://localhost:8888/v2/jaha/board-mgr/common/comment/list/5334|Mozilla/5.0 (Windows NT 6.1; Win64; x64) AppleWebKit/537.36 (KHTML, like Gecko) Chrome/55.0.2883.87 Safari/537.36|168
2017-02-03 10:56:36|GET|/v2/jaha/board-mgr/common/post/12134|200||GET /v2/jaha/board-mgr/common/post/12134 HTTP/1.1|http://localhost:8888/v2/jaha/board-mgr/common/comment/list/5334|Mozilla/5.0 (Windows NT 6.1; Win64; x64) AppleWebKit/537.36 (KHTML, like Gecko) Chrome/55.0.2883.87 Safari/537.36|375
2017-02-03 11:29:17|GET|/|302||GET / HTTP/1.1|-|Mozilla/5.0 (Windows NT 6.1; Win64; x64) AppleWebKit/537.36 (KHTML, like Gecko) Chrome/55.0.2883.87 Safari/537.36|607
2017-02-03 11:29:18|GET|/|302||GET / HTTP/1.1|-|Mozilla/5.0 (Windows NT 6.1; Win64; x64) AppleWebKit/537.36 (KHTML, like Gecko) Chrome/55.0.2883.87 Safari/537.36|427
2017-02-03 11:29:18|GET|/user|200||GET /user HTTP/1.1|-|Mozilla/5.0 (Windows NT 6.1; Win64; x64) AppleWebKit/537.36 (KHTML, like Gecko) Chrome/55.0.2883.87 Safari/537.36|1086
2017-02-03 11:29:19|GET|/user|200||GET /user HTTP/1.1|-|Mozilla/5.0 (Windows NT 6.1; Win64; x64) AppleWebKit/537.36 (KHTML, like Gecko) Chrome/55.0.2883.87 Safari/537.36|898
2017-02-03 11:29:19|GET|/css/user.css|304||GET /css/user.css HTTP/1.1|http://localhost:8888/user|Mozilla/5.0 (Windows NT 6.1; Win64; x64) AppleWebKit/537.36 (KHTML, like Gecko) Chrome/55.0.2883.87 Safari/537.36|54
2017-02-03 11:29:19|GET|/img/userHome/log.png|200||GET /img/userHome/log.png HTTP/1.1|http://localhost:8888/user|Mozilla/5.0 (Windows NT 6.1; Win64; x64) AppleWebKit/537.36 (KHTML, like Gecko) Chrome/55.0.2883.87 Safari/537.36|84
2017-02-03 11:29:19|GET|/js/jquery.dotdotdot.min.js|304||GET /js/jquery.dotdotdot.min.js HTTP/1.1|http://localhost:8888/user|Mozilla/5.0 (Windows NT 6.1; Win64; x64) AppleWebKit/537.36 (KHTML, like Gecko) Chrome/55.0.2883.87 Safari/537.36|50
2017-02-03 11:29:19|GET|/img/userHome/right_arrow.png|200||GET /img/userHome/right_arrow.png HTTP/1.1|http://localhost:8888/user|Mozilla/5.0 (Windows NT 6.1; Win64; x64) AppleWebKit/537.36 (KHTML, like Gecko) Chrome/55.0.2883.87 Safari/537.36|65
2017-02-03 11:29:19|GET|/img/userHome/left_arrow.png|200||GET /img/userHome/left_arrow.png HTTP/1.1|http://localhost:8888/user|Mozilla/5.0 (Windows NT 6.1; Win64; x64) AppleWebKit/537.36 (KHTML, like Gecko) Chrome/55.0.2883.87 Safari/537.36|60
2017-02-03 11:29:19|GET|/img/userHome/info.png|200||GET /img/userHome/info.png HTTP/1.1|http://localhost:8888/user|Mozilla/5.0 (Windows NT 6.1; Win64; x64) AppleWebKit/537.36 (KHTML, like Gecko) Chrome/55.0.2883.87 Safari/537.36|81
2017-02-03 11:29:19|GET|/img/userHome/main01_welcome.png|200||GET /img/userHome/main01_welcome.png HTTP/1.1|http://localhost:8888/user|Mozilla/5.0 (Windows NT 6.1; Win64; x64) AppleWebKit/537.36 (KHTML, like Gecko) Chrome/55.0.2883.87 Safari/537.36|92
2017-02-03 11:29:19|GET|/api/board/post/image/17536/0-thumb.jpg|404||GET /api/board/post/image/17536/0-thumb.jpg HTTP/1.1|http://localhost:8888/user|Mozilla/5.0 (Windows NT 6.1; Win64; x64) AppleWebKit/537.36 (KHTML, like Gecko) Chrome/55.0.2883.87 Safari/537.36|129
2017-02-03 11:29:19|GET|/api/board/post/image/18222/0-thumb.jpg|404||GET /api/board/post/image/18222/0-thumb.jpg HTTP/1.1|http://localhost:8888/user|Mozilla/5.0 (Windows NT 6.1; Win64; x64) AppleWebKit/537.36 (KHTML, like Gecko) Chrome/55.0.2883.87 Safari/537.36|136
2017-02-03 11:29:19|GET|/api/board/post/image/18037/0-thumb.jpg|404||GET /api/board/post/image/18037/0-thumb.jpg HTTP/1.1|http://localhost:8888/user|Mozilla/5.0 (Windows NT 6.1; Win64; x64) AppleWebKit/537.36 (KHTML, like Gecko) Chrome/55.0.2883.87 Safari/537.36|122
2017-02-03 11:29:19|GET|/api/board/post/image/17737/0-thumb.jpg|404||GET /api/board/post/image/17737/0-thumb.jpg HTTP/1.1|http://localhost:8888/user|Mozilla/5.0 (Windows NT 6.1; Win64; x64) AppleWebKit/537.36 (KHTML, like Gecko) Chrome/55.0.2883.87 Safari/537.36|149
2017-02-03 11:29:19|GET|/api/board/post/image/17423/0-thumb.jpg|404||GET /api/board/post/image/17423/0-thumb.jpg HTTP/1.1|http://localhost:8888/user|Mozilla/5.0 (Windows NT 6.1; Win64; x64) AppleWebKit/537.36 (KHTML, like Gecko) Chrome/55.0.2883.87 Safari/537.36|149
2017-02-03 11:29:19|GET|/api/board/post/image/17312/0-thumb.jpg|404||GET /api/board/post/image/17312/0-thumb.jpg HTTP/1.1|http://localhost:8888/user|Mozilla/5.0 (Windows NT 6.1; Win64; x64) AppleWebKit/537.36 (KHTML, like Gecko) Chrome/55.0.2883.87 Safari/537.36|157
2017-02-03 11:29:20|GET|/api/board/post/image/17197/0-thumb.jpg|404||GET /api/board/post/image/17197/0-thumb.jpg HTTP/1.1|http://localhost:8888/user|Mozilla/5.0 (Windows NT 6.1; Win64; x64) AppleWebKit/537.36 (KHTML, like Gecko) Chrome/55.0.2883.87 Safari/537.36|174
2017-02-03 11:29:20|GET|/api/board/post/image/17182/0-thumb.jpg|404||GET /api/board/post/image/17182/0-thumb.jpg HTTP/1.1|http://localhost:8888/user|Mozilla/5.0 (Windows NT 6.1; Win64; x64) AppleWebKit/537.36 (KHTML, like Gecko) Chrome/55.0.2883.87 Safari/537.36|173
2017-02-03 11:29:20|GET|/api/board/post/image/17122/0-thumb.jpg|404||GET /api/board/post/image/17122/0-thumb.jpg HTTP/1.1|http://localhost:8888/user|Mozilla/5.0 (Windows NT 6.1; Win64; x64) AppleWebKit/537.36 (KHTML, like Gecko) Chrome/55.0.2883.87 Safari/537.36|202
2017-02-03 11:29:20|GET|/api/board/post/image/17116/0-thumb.jpg|404||GET /api/board/post/image/17116/0-thumb.jpg HTTP/1.1|http://localhost:8888/user|Mozilla/5.0 (Windows NT 6.1; Win64; x64) AppleWebKit/537.36 (KHTML, like Gecko) Chrome/55.0.2883.87 Safari/537.36|195
2017-02-03 11:29:20|GET|/api/board/post/image/16630/0-thumb.jpg|404||GET /api/board/post/image/16630/0-thumb.jpg HTTP/1.1|http://localhost:8888/user|Mozilla/5.0 (Windows NT 6.1; Win64; x64) AppleWebKit/537.36 (KHTML, like Gecko) Chrome/55.0.2883.87 Safari/537.36|184
2017-02-03 11:29:20|GET|/api/board/post/image/16570/0-thumb.jpg|404||GET /api/board/post/image/16570/0-thumb.jpg HTTP/1.1|http://localhost:8888/user|Mozilla/5.0 (Windows NT 6.1; Win64; x64) AppleWebKit/537.36 (KHTML, like Gecko) Chrome/55.0.2883.87 Safari/537.36|210
2017-02-03 11:29:20|GET|/api/board/post/image/16569/0-thumb.jpg|404||GET /api/board/post/image/16569/0-thumb.jpg HTTP/1.1|http://localhost:8888/user|Mozilla/5.0 (Windows NT 6.1; Win64; x64) AppleWebKit/537.36 (KHTML, like Gecko) Chrome/55.0.2883.87 Safari/537.36|119
2017-02-03 11:29:20|GET|/img/dot.png|200||GET /img/dot.png HTTP/1.1|http://localhost:8888/user|Mozilla/5.0 (Windows NT 6.1; Win64; x64) AppleWebKit/537.36 (KHTML, like Gecko) Chrome/55.0.2883.87 Safari/537.36|61
2017-02-03 11:29:20|GET|/api/board/post/image/16567/0-thumb.jpg|404||GET /api/board/post/image/16567/0-thumb.jpg HTTP/1.1|http://localhost:8888/user|Mozilla/5.0 (Windows NT 6.1; Win64; x64) AppleWebKit/537.36 (KHTML, like Gecko) Chrome/55.0.2883.87 Safari/537.36|146
2017-02-03 11:29:20|GET|/img/userHome/ic_03.png|200||GET /img/userHome/ic_03.png HTTP/1.1|http://localhost:8888/user|Mozilla/5.0 (Windows NT 6.1; Win64; x64) AppleWebKit/537.36 (KHTML, like Gecko) Chrome/55.0.2883.87 Safari/537.36|44
2017-02-03 11:29:20|GET|/api/board/post/image/16363/0-thumb.jpg|404||GET /api/board/post/image/16363/0-thumb.jpg HTTP/1.1|http://localhost:8888/user|Mozilla/5.0 (Windows NT 6.1; Win64; x64) AppleWebKit/537.36 (KHTML, like Gecko) Chrome/55.0.2883.87 Safari/537.36|126
2017-02-03 11:29:20|GET|/api/board/post/image/16349/0-thumb.jpg|404||GET /api/board/post/image/16349/0-thumb.jpg HTTP/1.1|http://localhost:8888/user|Mozilla/5.0 (Windows NT 6.1; Win64; x64) AppleWebKit/537.36 (KHTML, like Gecko) Chrome/55.0.2883.87 Safari/537.36|105
2017-02-03 11:29:20|GET|/img/userHome/ic_04.png|200||GET /img/userHome/ic_04.png HTTP/1.1|http://localhost:8888/user|Mozilla/5.0 (Windows NT 6.1; Win64; x64) AppleWebKit/537.36 (KHTML, like Gecko) Chrome/55.0.2883.87 Safari/537.36|46
2017-02-03 11:29:20|GET|/img/m_google.png|200||GET /img/m_google.png HTTP/1.1|http://localhost:8888/user|Mozilla/5.0 (Windows NT 6.1; Win64; x64) AppleWebKit/537.36 (KHTML, like Gecko) Chrome/55.0.2883.87 Safari/537.36|39
2017-02-03 11:29:20|GET|/img/m_apple.png|200||GET /img/m_apple.png HTTP/1.1|http://localhost:8888/user|Mozilla/5.0 (Windows NT 6.1; Win64; x64) AppleWebKit/537.36 (KHTML, like Gecko) Chrome/55.0.2883.87 Safari/537.36|38
2017-02-03 11:29:20|GET|/img/userHome/ic_04_ff7e00.png|200||GET /img/userHome/ic_04_ff7e00.png HTTP/1.1|http://localhost:8888/user|Mozilla/5.0 (Windows NT 6.1; Win64; x64) AppleWebKit/537.36 (KHTML, like Gecko) Chrome/55.0.2883.87 Safari/537.36|41
2017-02-03 11:29:20|GET|/img/userHome/ic_03_ffc800.png|200||GET /img/userHome/ic_03_ffc800.png HTTP/1.1|http://localhost:8888/user|Mozilla/5.0 (Windows NT 6.1; Win64; x64) AppleWebKit/537.36 (KHTML, like Gecko) Chrome/55.0.2883.87 Safari/537.36|45
2017-02-03 11:29:20|GET|/img/m_log2.png|200||GET /img/m_log2.png HTTP/1.1|http://localhost:8888/css/user.css|Mozilla/5.0 (Windows NT 6.1; Win64; x64) AppleWebKit/537.36 (KHTML, like Gecko) Chrome/55.0.2883.87 Safari/537.36|46
2017-02-03 11:29:29|GET|/user/logout|302||GET /user/logout HTTP/1.1|http://localhost:8888/user|Mozilla/5.0 (Windows NT 6.1; Win64; x64) AppleWebKit/537.36 (KHTML, like Gecko) Chrome/55.0.2883.87 Safari/537.36|103
2017-02-03 11:29:29|GET|/|200||GET / HTTP/1.1|http://localhost:8888/user|Mozilla/5.0 (Windows NT 6.1; Win64; x64) AppleWebKit/537.36 (KHTML, like Gecko) Chrome/55.0.2883.87 Safari/537.36|24
2017-02-03 11:29:30|POST|/api/public/user/login|302||POST /api/public/user/login HTTP/1.1|http://localhost:8888/|Mozilla/5.0 (Windows NT 6.1; Win64; x64) AppleWebKit/537.36 (KHTML, like Gecko) Chrome/55.0.2883.87 Safari/537.36|384
2017-02-03 11:29:31|GET|/|302||GET / HTTP/1.1|http://localhost:8888/|Mozilla/5.0 (Windows NT 6.1; Win64; x64) AppleWebKit/537.36 (KHTML, like Gecko) Chrome/55.0.2883.87 Safari/537.36|555
2017-02-03 11:29:32|GET|/admin/user/list|200||GET /admin/user/list HTTP/1.1|http://localhost:8888/|Mozilla/5.0 (Windows NT 6.1; Win64; x64) AppleWebKit/537.36 (KHTML, like Gecko) Chrome/55.0.2883.87 Safari/537.36|1481
2017-02-03 11:29:33|GET|/admin/user/last-login-pop|200||GET /admin/user/last-login-pop HTTP/1.1|http://localhost:8888/admin/user/list|Mozilla/5.0 (Windows NT 6.1; Win64; x64) AppleWebKit/537.36 (KHTML, like Gecko) Chrome/55.0.2883.87 Safari/537.36|282
2017-02-03 11:29:37|GET|/jaha/apt/ap/user/monitoring/list|200||GET /jaha/apt/ap/user/monitoring/list HTTP/1.1|http://localhost:8888/admin/user/list|Mozilla/5.0 (Windows NT 6.1; Win64; x64) AppleWebKit/537.36 (KHTML, like Gecko) Chrome/55.0.2883.87 Safari/537.36|524
2017-02-03 11:29:39|POST|/jaha/apt/ap/user/monitoring/list-data|200||POST /jaha/apt/ap/user/monitoring/list-data HTTP/1.1|http://localhost:8888/jaha/apt/ap/user/monitoring/list|Mozilla/5.0 (Windows NT 6.1; Win64; x64) AppleWebKit/537.36 (KHTML, like Gecko) Chrome/55.0.2883.87 Safari/537.36|2454
2017-02-03 11:30:10|POST|/jaha/apt/ap/user/monitoring/list-data|200||POST /jaha/apt/ap/user/monitoring/list-data HTTP/1.1|http://localhost:8888/jaha/apt/ap/user/monitoring/list|Mozilla/5.0 (Windows NT 6.1; Win64; x64) AppleWebKit/537.36 (KHTML, like Gecko) Chrome/55.0.2883.87 Safari/537.36|2992
2017-02-03 11:36:27|GET|/jaha/apt/ap/user/monitoring/list|200||GET /jaha/apt/ap/user/monitoring/list HTTP/1.1|http://localhost:8888/jaha/apt/ap/user/monitoring/list|Mozilla/5.0 (Windows NT 6.1; Win64; x64) AppleWebKit/537.36 (KHTML, like Gecko) Chrome/55.0.2883.87 Safari/537.36|1021
2017-02-03 11:36:28|POST|/jaha/apt/ap/user/monitoring/list-data|200||POST /jaha/apt/ap/user/monitoring/list-data HTTP/1.1|http://localhost:8888/jaha/apt/ap/user/monitoring/list|Mozilla/5.0 (Windows NT 6.1; Win64; x64) AppleWebKit/537.36 (KHTML, like Gecko) Chrome/55.0.2883.87 Safari/537.36|726
2017-02-03 11:36:59|GET|/jaha/apt/ap/user/monitoring/list|200||GET /jaha/apt/ap/user/monitoring/list HTTP/1.1|http://localhost:8888/jaha/apt/ap/user/monitoring/list|Mozilla/5.0 (Windows NT 6.1; Win64; x64) AppleWebKit/537.36 (KHTML, like Gecko) Chrome/55.0.2883.87 Safari/537.36|612
2017-02-03 11:37:00|POST|/jaha/apt/ap/user/monitoring/list-data|200||POST /jaha/apt/ap/user/monitoring/list-data HTTP/1.1|http://localhost:8888/jaha/apt/ap/user/monitoring/list|Mozilla/5.0 (Windows NT 6.1; Win64; x64) AppleWebKit/537.36 (KHTML, like Gecko) Chrome/55.0.2883.87 Safari/537.36|541
2017-02-03 13:13:15|POST|/jaha/apt/ap/user/monitoring/list-data|200||POST /jaha/apt/ap/user/monitoring/list-data HTTP/1.1|http://localhost:8888/jaha/apt/ap/user/monitoring/list|Mozilla/5.0 (Windows NT 6.1; Win64; x64) AppleWebKit/537.36 (KHTML, like Gecko) Chrome/55.0.2883.87 Safari/537.36|943
2017-02-03 13:13:16|POST|/jaha/apt/ap/user/monitoring/list-data|200||POST /jaha/apt/ap/user/monitoring/list-data HTTP/1.1|http://localhost:8888/jaha/apt/ap/user/monitoring/list|Mozilla/5.0 (Windows NT 6.1; Win64; x64) AppleWebKit/537.36 (KHTML, like Gecko) Chrome/55.0.2883.87 Safari/537.36|593
2017-02-03 14:22:22|GET|/jaha/apt/ap/user/monitoring/list|200||GET /jaha/apt/ap/user/monitoring/list HTTP/1.1|http://localhost:8888/jaha/apt/ap/user/monitoring/list|Mozilla/5.0 (Windows NT 6.1; Win64; x64) AppleWebKit/537.36 (KHTML, like Gecko) Chrome/55.0.2883.87 Safari/537.36|874
2017-02-03 14:22:23|POST|/jaha/apt/ap/user/monitoring/list-data|200||POST /jaha/apt/ap/user/monitoring/list-data HTTP/1.1|http://localhost:8888/jaha/apt/ap/user/monitoring/list|Mozilla/5.0 (Windows NT 6.1; Win64; x64) AppleWebKit/537.36 (KHTML, like Gecko) Chrome/55.0.2883.87 Safari/537.36|832
2017-02-03 14:24:51|POST|/jaha/apt/ap/user/monitoring/list-data|200||POST /jaha/apt/ap/user/monitoring/list-data HTTP/1.1|http://localhost:8888/jaha/apt/ap/user/monitoring/list|Mozilla/5.0 (Windows NT 6.1; Win64; x64) AppleWebKit/537.36 (KHTML, like Gecko) Chrome/55.0.2883.87 Safari/537.36|613
2017-02-03 14:24:54|POST|/jaha/apt/ap/user/monitoring/list-data|200||POST /jaha/apt/ap/user/monitoring/list-data HTTP/1.1|http://localhost:8888/jaha/apt/ap/user/monitoring/list|Mozilla/5.0 (Windows NT 6.1; Win64; x64) AppleWebKit/537.36 (KHTML, like Gecko) Chrome/55.0.2883.87 Safari/537.36|576
2017-02-03 14:25:00|POST|/jaha/apt/ap/user/monitoring/list-data|200||POST /jaha/apt/ap/user/monitoring/list-data HTTP/1.1|http://localhost:8888/jaha/apt/ap/user/monitoring/list|Mozilla/5.0 (Windows NT 6.1; Win64; x64) AppleWebKit/537.36 (KHTML, like Gecko) Chrome/55.0.2883.87 Safari/537.36|561
2017-02-03 14:27:49|POST|/jaha/apt/ap/user/monitoring/list-data|200||POST /jaha/apt/ap/user/monitoring/list-data HTTP/1.1|http://localhost:8888/jaha/apt/ap/user/monitoring/list|Mozilla/5.0 (Windows NT 6.1; Win64; x64) AppleWebKit/537.36 (KHTML, like Gecko) Chrome/55.0.2883.87 Safari/537.36|563
2017-02-03 14:27:51|POST|/jaha/apt/ap/user/monitoring/list-data|200||POST /jaha/apt/ap/user/monitoring/list-data HTTP/1.1|http://localhost:8888/jaha/apt/ap/user/monitoring/list|Mozilla/5.0 (Windows NT 6.1; Win64; x64) AppleWebKit/537.36 (KHTML, like Gecko) Chrome/55.0.2883.87 Safari/537.36|566
2017-02-03 14:29:21|POST|/jaha/apt/ap/user/monitoring/list-data|200||POST /jaha/apt/ap/user/monitoring/list-data HTTP/1.1|http://localhost:8888/jaha/apt/ap/user/monitoring/list|Mozilla/5.0 (Windows NT 6.1; Win64; x64) AppleWebKit/537.36 (KHTML, like Gecko) Chrome/55.0.2883.87 Safari/537.36|597
2017-02-03 14:33:53|POST|/jaha/apt/ap/user/monitoring/list-data|200||POST /jaha/apt/ap/user/monitoring/list-data HTTP/1.1|http://localhost:8888/jaha/apt/ap/user/monitoring/list|Mozilla/5.0 (Windows NT 6.1; Win64; x64) AppleWebKit/537.36 (KHTML, like Gecko) Chrome/55.0.2883.87 Safari/537.36|570
2017-02-03 14:36:03|GET|/jaha/apt/ap/user/monitoring/list|200||GET /jaha/apt/ap/user/monitoring/list HTTP/1.1|http://localhost:8888/jaha/apt/ap/user/monitoring/list|Mozilla/5.0 (Windows NT 6.1; Win64; x64) AppleWebKit/537.36 (KHTML, like Gecko) Chrome/55.0.2883.87 Safari/537.36|574
2017-02-03 14:36:03|GET|/favicon.ico|200||GET /favicon.ico HTTP/1.1|http://localhost:8888/jaha/apt/ap/user/monitoring/list|Mozilla/5.0 (Windows NT 6.1; Win64; x64) AppleWebKit/537.36 (KHTML, like Gecko) Chrome/55.0.2883.87 Safari/537.36|48
2017-02-03 14:36:03|POST|/jaha/apt/ap/user/monitoring/list-data|200||POST /jaha/apt/ap/user/monitoring/list-data HTTP/1.1|http://localhost:8888/jaha/apt/ap/user/monitoring/list|Mozilla/5.0 (Windows NT 6.1; Win64; x64) AppleWebKit/537.36 (KHTML, like Gecko) Chrome/55.0.2883.87 Safari/537.36|569
2017-02-03 15:24:13|GET|/|302||GET / HTTP/1.1|-|Mozilla/5.0 (Windows NT 6.1; Win64; x64) AppleWebKit/537.36 (KHTML, like Gecko) Chrome/55.0.2883.87 Safari/537.36|868
2017-02-03 15:24:15|GET|/admin/user/list|200||GET /admin/user/list HTTP/1.1|-|Mozilla/5.0 (Windows NT 6.1; Win64; x64) AppleWebKit/537.36 (KHTML, like Gecko) Chrome/55.0.2883.87 Safari/537.36|1765
2017-02-03 15:24:15|GET|/admin/user/last-login-pop|200||GET /admin/user/last-login-pop HTTP/1.1|http://localhost:8888/admin/user/list|Mozilla/5.0 (Windows NT 6.1; Win64; x64) AppleWebKit/537.36 (KHTML, like Gecko) Chrome/55.0.2883.87 Safari/537.36|297
2017-02-03 15:24:33|GET|/jaha/apt/ap/user/monitoring/list|200||GET /jaha/apt/ap/user/monitoring/list HTTP/1.1|http://localhost:8888/admin/user/list|Mozilla/5.0 (Windows NT 6.1; Win64; x64) AppleWebKit/537.36 (KHTML, like Gecko) Chrome/55.0.2883.87 Safari/537.36|569
2017-02-03 15:24:34|POST|/jaha/apt/ap/user/monitoring/list-data|200||POST /jaha/apt/ap/user/monitoring/list-data HTTP/1.1|http://localhost:8888/jaha/apt/ap/user/monitoring/list|Mozilla/5.0 (Windows NT 6.1; Win64; x64) AppleWebKit/537.36 (KHTML, like Gecko) Chrome/55.0.2883.87 Safari/537.36|679
2017-02-03 15:25:35|POST|/jaha/apt/ap/user/monitoring/list-data|200||POST /jaha/apt/ap/user/monitoring/list-data HTTP/1.1|http://localhost:8888/jaha/apt/ap/user/monitoring/list|Mozilla/5.0 (Windows NT 6.1; Win64; x64) AppleWebKit/537.36 (KHTML, like Gecko) Chrome/55.0.2883.87 Safari/537.36|1146
2017-02-03 15:25:37|POST|/jaha/apt/ap/user/monitoring/list-data|200||POST /jaha/apt/ap/user/monitoring/list-data HTTP/1.1|http://localhost:8888/jaha/apt/ap/user/monitoring/list|Mozilla/5.0 (Windows NT 6.1; Win64; x64) AppleWebKit/537.36 (KHTML, like Gecko) Chrome/55.0.2883.87 Safari/537.36|1022
2017-02-03 15:25:40|POST|/jaha/apt/ap/user/monitoring/list-data|200||POST /jaha/apt/ap/user/monitoring/list-data HTTP/1.1|http://localhost:8888/jaha/apt/ap/user/monitoring/list|Mozilla/5.0 (Windows NT 6.1; Win64; x64) AppleWebKit/537.36 (KHTML, like Gecko) Chrome/55.0.2883.87 Safari/537.36|1808
2017-02-03 15:25:45|POST|/jaha/apt/ap/user/monitoring/list-data|200||POST /jaha/apt/ap/user/monitoring/list-data HTTP/1.1|http://localhost:8888/jaha/apt/ap/user/monitoring/list|Mozilla/5.0 (Windows NT 6.1; Win64; x64) AppleWebKit/537.36 (KHTML, like Gecko) Chrome/55.0.2883.87 Safari/537.36|1002
2017-02-03 15:27:30|GET|/jaha/apt/ap/user/monitoring/list|200||GET /jaha/apt/ap/user/monitoring/list HTTP/1.1|http://localhost:8888/admin/user/list|Mozilla/5.0 (Windows NT 6.1; Win64; x64) AppleWebKit/537.36 (KHTML, like Gecko) Chrome/55.0.2883.87 Safari/537.36|1008
2017-02-03 15:27:30|GET|/favicon.ico|200||GET /favicon.ico HTTP/1.1|http://localhost:8888/jaha/apt/ap/user/monitoring/list|Mozilla/5.0 (Windows NT 6.1; Win64; x64) AppleWebKit/537.36 (KHTML, like Gecko) Chrome/55.0.2883.87 Safari/537.36|53
2017-02-03 15:27:31|POST|/jaha/apt/ap/user/monitoring/list-data|200||POST /jaha/apt/ap/user/monitoring/list-data HTTP/1.1|http://localhost:8888/jaha/apt/ap/user/monitoring/list|Mozilla/5.0 (Windows NT 6.1; Win64; x64) AppleWebKit/537.36 (KHTML, like Gecko) Chrome/55.0.2883.87 Safari/537.36|685
2017-02-03 15:27:34|POST|/jaha/apt/ap/user/monitoring/list-data|200||POST /jaha/apt/ap/user/monitoring/list-data HTTP/1.1|http://localhost:8888/jaha/apt/ap/user/monitoring/list|Mozilla/5.0 (Windows NT 6.1; Win64; x64) AppleWebKit/537.36 (KHTML, like Gecko) Chrome/55.0.2883.87 Safari/537.36|619
2017-02-03 15:27:37|POST|/jaha/apt/ap/user/monitoring/list-data|200||POST /jaha/apt/ap/user/monitoring/list-data HTTP/1.1|http://localhost:8888/jaha/apt/ap/user/monitoring/list|Mozilla/5.0 (Windows NT 6.1; Win64; x64) AppleWebKit/537.36 (KHTML, like Gecko) Chrome/55.0.2883.87 Safari/537.36|580
2017-02-03 15:27:39|POST|/jaha/apt/ap/user/monitoring/list-data|200||POST /jaha/apt/ap/user/monitoring/list-data HTTP/1.1|http://localhost:8888/jaha/apt/ap/user/monitoring/list|Mozilla/5.0 (Windows NT 6.1; Win64; x64) AppleWebKit/537.36 (KHTML, like Gecko) Chrome/55.0.2883.87 Safari/537.36|600
2017-02-03 15:28:01|POST|/jaha/apt/ap/user/monitoring/list-data|200||POST /jaha/apt/ap/user/monitoring/list-data HTTP/1.1|http://localhost:8888/jaha/apt/ap/user/monitoring/list|Mozilla/5.0 (Windows NT 6.1; Win64; x64) AppleWebKit/537.36 (KHTML, like Gecko) Chrome/55.0.2883.87 Safari/537.36|303
2017-02-03 15:37:39|POST|/jaha/apt/ap/user/monitoring/list-data|200||POST /jaha/apt/ap/user/monitoring/list-data HTTP/1.1|http://localhost:8888/jaha/apt/ap/user/monitoring/list|Mozilla/5.0 (Windows NT 6.1; Win64; x64) AppleWebKit/537.36 (KHTML, like Gecko) Chrome/55.0.2883.87 Safari/537.36|797
2017-02-03 15:51:46|POST|/jaha/apt/ap/user/monitoring/list-data|200||POST /jaha/apt/ap/user/monitoring/list-data HTTP/1.1|http://localhost:8888/jaha/apt/ap/user/monitoring/list|Mozilla/5.0 (Windows NT 6.1; Win64; x64) AppleWebKit/537.36 (KHTML, like Gecko) Chrome/55.0.2883.87 Safari/537.36|326
2017-02-03 16:54:06|GET|/jaha/apt/ap/user/monitoring/list|404||GET /jaha/apt/ap/user/monitoring/list HTTP/1.1|http://localhost:8888/admin/user/list|Mozilla/5.0 (Windows NT 6.1; Win64; x64) AppleWebKit/537.36 (KHTML, like Gecko) Chrome/55.0.2883.87 Safari/537.36|249
2017-02-03 16:54:06|GET|/favicon.ico|200||GET /favicon.ico HTTP/1.1|http://localhost:8888/jaha/apt/ap/user/monitoring/list|Mozilla/5.0 (Windows NT 6.1; Win64; x64) AppleWebKit/537.36 (KHTML, like Gecko) Chrome/55.0.2883.87 Safari/537.36|49
2017-02-03 16:54:15|GET|/jaha/apt/ap/user/monitoring/list|404||GET /jaha/apt/ap/user/monitoring/list HTTP/1.1|-|Mozilla/5.0 (Windows NT 6.1; Win64; x64) AppleWebKit/537.36 (KHTML, like Gecko) Chrome/55.0.2883.87 Safari/537.36|82
2017-02-03 16:54:43|GET|/jaha/apt/ap/user/monitoring/list|404||GET /jaha/apt/ap/user/monitoring/list HTTP/1.1|-|Mozilla/5.0 (Windows NT 6.1; Win64; x64) AppleWebKit/537.36 (KHTML, like Gecko) Chrome/55.0.2883.87 Safari/537.36|78
2017-02-03 16:55:34|GET|/|404||GET / HTTP/1.1|-|Mozilla/5.0 (Windows NT 6.1; Win64; x64) AppleWebKit/537.36 (KHTML, like Gecko) Chrome/55.0.2883.87 Safari/537.36|220
2017-02-03 16:57:51|GET|/|200||GET / HTTP/1.1|-|Mozilla/5.0 (Windows NT 6.1; Win64; x64) AppleWebKit/537.36 (KHTML, like Gecko) Chrome/55.0.2883.87 Safari/537.36|292
2017-02-03 16:57:51|GET|/css/bootstrap.min.css|304||GET /css/bootstrap.min.css HTTP/1.1|http://localhost:8888/|Mozilla/5.0 (Windows NT 6.1; Win64; x64) AppleWebKit/537.36 (KHTML, like Gecko) Chrome/55.0.2883.87 Safari/537.36|28
2017-02-03 16:57:51|GET|/font-awesome/css/font-awesome.css|304||GET /font-awesome/css/font-awesome.css HTTP/1.1|http://localhost:8888/|Mozilla/5.0 (Windows NT 6.1; Win64; x64) AppleWebKit/537.36 (KHTML, like Gecko) Chrome/55.0.2883.87 Safari/537.36|34
2017-02-03 16:57:51|GET|/js/jquery-1.11.2.min.js|304||GET /js/jquery-1.11.2.min.js HTTP/1.1|http://localhost:8888/|Mozilla/5.0 (Windows NT 6.1; Win64; x64) AppleWebKit/537.36 (KHTML, like Gecko) Chrome/55.0.2883.87 Safari/537.36|6
2017-02-03 16:57:51|GET|/css/sb-admin-2.css|304||GET /css/sb-admin-2.css HTTP/1.1|http://localhost:8888/|Mozilla/5.0 (Windows NT 6.1; Win64; x64) AppleWebKit/537.36 (KHTML, like Gecko) Chrome/55.0.2883.87 Safari/537.36|70
2017-02-03 16:57:51|GET|/js/bootstrap.min.js|304||GET /js/bootstrap.min.js HTTP/1.1|http://localhost:8888/|Mozilla/5.0 (Windows NT 6.1; Win64; x64) AppleWebKit/537.36 (KHTML, like Gecko) Chrome/55.0.2883.87 Safari/537.36|14
2017-02-03 16:58:48|GET|/|200||GET / HTTP/1.1|-|Mozilla/5.0 (Windows NT 6.1; Win64; x64) AppleWebKit/537.36 (KHTML, like Gecko) Chrome/55.0.2883.87 Safari/537.36|310
2017-02-03 16:58:48|GET|/favicon.ico|200||GET /favicon.ico HTTP/1.1|http://localhost:8888/|Mozilla/5.0 (Windows NT 6.1; Win64; x64) AppleWebKit/537.36 (KHTML, like Gecko) Chrome/55.0.2883.87 Safari/537.36|13
2017-02-03 16:58:50|POST|/api/public/user/login|302||POST /api/public/user/login HTTP/1.1|http://localhost:8888/|Mozilla/5.0 (Windows NT 6.1; Win64; x64) AppleWebKit/537.36 (KHTML, like Gecko) Chrome/55.0.2883.87 Safari/537.36|358
2017-02-03 16:58:50|GET|/|302||GET / HTTP/1.1|http://localhost:8888/|Mozilla/5.0 (Windows NT 6.1; Win64; x64) AppleWebKit/537.36 (KHTML, like Gecko) Chrome/55.0.2883.87 Safari/537.36|297
2017-02-03 16:58:51|GET|/admin/user/list|200||GET /admin/user/list HTTP/1.1|http://localhost:8888/|Mozilla/5.0 (Windows NT 6.1; Win64; x64) AppleWebKit/537.36 (KHTML, like Gecko) Chrome/55.0.2883.87 Safari/537.36|766
2017-02-03 16:58:51|GET|/js/sb-admin-2.js|304||GET /js/sb-admin-2.js HTTP/1.1|http://localhost:8888/admin/user/list|Mozilla/5.0 (Windows NT 6.1; Win64; x64) AppleWebKit/537.36 (KHTML, like Gecko) Chrome/55.0.2883.87 Safari/537.36|48
2017-02-03 16:58:51|GET|/img/adminHome/menu.png|304||GET /img/adminHome/menu.png HTTP/1.1|http://localhost:8888/admin/user/list|Mozilla/5.0 (Windows NT 6.1; Win64; x64) AppleWebKit/537.36 (KHTML, like Gecko) Chrome/55.0.2883.87 Safari/537.36|52
2017-02-03 16:58:51|GET|/js/metisMenu/metisMenu.js|304||GET /js/metisMenu/metisMenu.js HTTP/1.1|http://localhost:8888/admin/user/list|Mozilla/5.0 (Windows NT 6.1; Win64; x64) AppleWebKit/537.36 (KHTML, like Gecko) Chrome/55.0.2883.87 Safari/537.36|50
2017-02-03 16:58:51|GET|/img/adminHome/home.png|304||GET /img/adminHome/home.png HTTP/1.1|http://localhost:8888/admin/user/list|Mozilla/5.0 (Windows NT 6.1; Win64; x64) AppleWebKit/537.36 (KHTML, like Gecko) Chrome/55.0.2883.87 Safari/537.36|81
2017-02-03 16:58:51|GET|/img/adminHome/logout.png|304||GET /img/adminHome/logout.png HTTP/1.1|http://localhost:8888/admin/user/list|Mozilla/5.0 (Windows NT 6.1; Win64; x64) AppleWebKit/537.36 (KHTML, like Gecko) Chrome/55.0.2883.87 Safari/537.36|37
2017-02-03 16:58:51|GET|/font-awesome/fonts/fontawesome-webfont.woff2|304|?v=4.3.0|GET /font-awesome/fonts/fontawesome-webfont.woff2?v=4.3.0 HTTP/1.1|http://localhost:8888/font-awesome/css/font-awesome.css|Mozilla/5.0 (Windows NT 6.1; Win64; x64) AppleWebKit/537.36 (KHTML, like Gecko) Chrome/55.0.2883.87 Safari/537.36|31
2017-02-03 16:58:51|GET|/admin/user/last-login-pop|200||GET /admin/user/last-login-pop HTTP/1.1|http://localhost:8888/admin/user/list|Mozilla/5.0 (Windows NT 6.1; Win64; x64) AppleWebKit/537.36 (KHTML, like Gecko) Chrome/55.0.2883.87 Safari/537.36|144
2017-02-03 16:58:54|GET|/jaha/apt/ap/user/monitoring/list|200||GET /jaha/apt/ap/user/monitoring/list HTTP/1.1|http://localhost:8888/admin/user/list|Mozilla/5.0 (Windows NT 6.1; Win64; x64) AppleWebKit/537.36 (KHTML, like Gecko) Chrome/55.0.2883.87 Safari/537.36|289
2017-02-03 16:58:54|GET|/css/bootstrap-datetimepicker.css|304||GET /css/bootstrap-datetimepicker.css HTTP/1.1|http://localhost:8888/jaha/apt/ap/user/monitoring/list|Mozilla/5.0 (Windows NT 6.1; Win64; x64) AppleWebKit/537.36 (KHTML, like Gecko) Chrome/55.0.2883.87 Safari/537.36|29
2017-02-03 16:58:54|GET|/js/jquery.blockUI.js|304||GET /js/jquery.blockUI.js HTTP/1.1|http://localhost:8888/jaha/apt/ap/user/monitoring/list|Mozilla/5.0 (Windows NT 6.1; Win64; x64) AppleWebKit/537.36 (KHTML, like Gecko) Chrome/55.0.2883.87 Safari/537.36|30
2017-02-03 16:58:54|GET|/sbgrid/js/XRegExp.js|304||GET /sbgrid/js/XRegExp.js HTTP/1.1|http://localhost:8888/jaha/apt/ap/user/monitoring/list|Mozilla/5.0 (Windows NT 6.1; Win64; x64) AppleWebKit/537.36 (KHTML, like Gecko) Chrome/55.0.2883.87 Safari/537.36|29
2017-02-03 16:58:54|GET|/js/moment-with-locales.js|304||GET /js/moment-with-locales.js HTTP/1.1|http://localhost:8888/jaha/apt/ap/user/monitoring/list|Mozilla/5.0 (Windows NT 6.1; Win64; x64) AppleWebKit/537.36 (KHTML, like Gecko) Chrome/55.0.2883.87 Safari/537.36|38
2017-02-03 16:58:54|GET|/js/bootstrap-datetimepicker.js|304||GET /js/bootstrap-datetimepicker.js HTTP/1.1|http://localhost:8888/jaha/apt/ap/user/monitoring/list|Mozilla/5.0 (Windows NT 6.1; Win64; x64) AppleWebKit/537.36 (KHTML, like Gecko) Chrome/55.0.2883.87 Safari/537.36|43
2017-02-03 16:58:54|GET|/fonts/glyphicons-halflings-regular.woff2|304||GET /fonts/glyphicons-halflings-regular.woff2 HTTP/1.1|http://localhost:8888/css/bootstrap.min.css|Mozilla/5.0 (Windows NT 6.1; Win64; x64) AppleWebKit/537.36 (KHTML, like Gecko) Chrome/55.0.2883.87 Safari/537.36|43
2017-02-03 16:58:54|GET|/js/common.js|304||GET /js/common.js HTTP/1.1|http://localhost:8888/jaha/apt/ap/user/monitoring/list|Mozilla/5.0 (Windows NT 6.1; Win64; x64) AppleWebKit/537.36 (KHTML, like Gecko) Chrome/55.0.2883.87 Safari/537.36|62
2017-02-03 16:58:54|GET|/img/loading.gif|304||GET /img/loading.gif HTTP/1.1|http://localhost:8888/jaha/apt/ap/user/monitoring/list|Mozilla/5.0 (Windows NT 6.1; Win64; x64) AppleWebKit/537.36 (KHTML, like Gecko) Chrome/55.0.2883.87 Safari/537.36|28
2017-02-03 16:58:54|POST|/jaha/apt/ap/user/monitoring/list-data|200||POST /jaha/apt/ap/user/monitoring/list-data HTTP/1.1|http://localhost:8888/jaha/apt/ap/user/monitoring/list|Mozilla/5.0 (Windows NT 6.1; Win64; x64) AppleWebKit/537.36 (KHTML, like Gecko) Chrome/55.0.2883.87 Safari/537.36|254
2017-02-03 16:58:58|POST|/jaha/apt/ap/user/monitoring/list-data|200||POST /jaha/apt/ap/user/monitoring/list-data HTTP/1.1|http://localhost:8888/jaha/apt/ap/user/monitoring/list|Mozilla/5.0 (Windows NT 6.1; Win64; x64) AppleWebKit/537.36 (KHTML, like Gecko) Chrome/55.0.2883.87 Safari/537.36|169
2017-02-03 16:59:04|POST|/jaha/apt/ap/user/monitoring/list-data|200||POST /jaha/apt/ap/user/monitoring/list-data HTTP/1.1|http://localhost:8888/jaha/apt/ap/user/monitoring/list|Mozilla/5.0 (Windows NT 6.1; Win64; x64) AppleWebKit/537.36 (KHTML, like Gecko) Chrome/55.0.2883.87 Safari/537.36|173
2017-02-03 17:01:42|GET|/apt/search/popup|200||GET /apt/search/popup HTTP/1.1|http://localhost:8888/jaha/apt/ap/user/monitoring/list|Mozilla/5.0 (Windows NT 6.1; Win64; x64) AppleWebKit/537.36 (KHTML, like Gecko) Chrome/55.0.2883.87 Safari/537.36|285
2017-02-03 17:01:45|GET|/api/public/address/sigungu-names/%EC%84%9C%EC%9A%B8%ED%8A%B9%EB%B3%84%EC%8B%9C|200||GET /api/public/address/sigungu-names/%EC%84%9C%EC%9A%B8%ED%8A%B9%EB%B3%84%EC%8B%9C HTTP/1.1|http://localhost:8888/apt/search/popup|Mozilla/5.0 (Windows NT 6.1; Win64; x64) AppleWebKit/537.36 (KHTML, like Gecko) Chrome/55.0.2883.87 Safari/537.36|120
2017-02-03 17:01:49|POST|/apt/search/list-data|200||POST /apt/search/list-data HTTP/1.1|http://localhost:8888/apt/search/popup|Mozilla/5.0 (Windows NT 6.1; Win64; x64) AppleWebKit/537.36 (KHTML, like Gecko) Chrome/55.0.2883.87 Safari/537.36|173
2017-02-03 17:01:55|POST|/apt/search/list-data|200||POST /apt/search/list-data HTTP/1.1|http://localhost:8888/apt/search/popup|Mozilla/5.0 (Windows NT 6.1; Win64; x64) AppleWebKit/537.36 (KHTML, like Gecko) Chrome/55.0.2883.87 Safari/537.36|179
2017-02-03 17:02:02|POST|/jaha/apt/ap/user/monitoring/list-data|200||POST /jaha/apt/ap/user/monitoring/list-data HTTP/1.1|http://localhost:8888/jaha/apt/ap/user/monitoring/list|Mozilla/5.0 (Windows NT 6.1; Win64; x64) AppleWebKit/537.36 (KHTML, like Gecko) Chrome/55.0.2883.87 Safari/537.36|167
2017-02-03 17:06:56|GET|/jaha/apt/ap/user/monitoring/list|200||GET /jaha/apt/ap/user/monitoring/list HTTP/1.1|http://localhost:8888/admin/user/list|Mozilla/5.0 (Windows NT 6.1; Win64; x64) AppleWebKit/537.36 (KHTML, like Gecko) Chrome/55.0.2883.87 Safari/537.36|699
2017-02-03 17:06:57|GET|/favicon.ico|200||GET /favicon.ico HTTP/1.1|http://localhost:8888/jaha/apt/ap/user/monitoring/list|Mozilla/5.0 (Windows NT 6.1; Win64; x64) AppleWebKit/537.36 (KHTML, like Gecko) Chrome/55.0.2883.87 Safari/537.36|51
2017-02-03 17:06:57|POST|/jaha/apt/ap/user/monitoring/list-data|200||POST /jaha/apt/ap/user/monitoring/list-data HTTP/1.1|http://localhost:8888/jaha/apt/ap/user/monitoring/list|Mozilla/5.0 (Windows NT 6.1; Win64; x64) AppleWebKit/537.36 (KHTML, like Gecko) Chrome/55.0.2883.87 Safari/537.36|272
2017-02-03 17:06:58|GET|/apt/search/popup|200||GET /apt/search/popup HTTP/1.1|http://localhost:8888/jaha/apt/ap/user/monitoring/list|Mozilla/5.0 (Windows NT 6.1; Win64; x64) AppleWebKit/537.36 (KHTML, like Gecko) Chrome/55.0.2883.87 Safari/537.36|266
2017-02-03 17:07:01|GET|/api/public/address/sigungu-names/%EC%84%9C%EC%9A%B8%ED%8A%B9%EB%B3%84%EC%8B%9C|200||GET /api/public/address/sigungu-names/%EC%84%9C%EC%9A%B8%ED%8A%B9%EB%B3%84%EC%8B%9C HTTP/1.1|http://localhost:8888/apt/search/popup|Mozilla/5.0 (Windows NT 6.1; Win64; x64) AppleWebKit/537.36 (KHTML, like Gecko) Chrome/55.0.2883.87 Safari/537.36|127
2017-02-03 17:07:02|POST|/apt/search/list-data|200||POST /apt/search/list-data HTTP/1.1|http://localhost:8888/apt/search/popup|Mozilla/5.0 (Windows NT 6.1; Win64; x64) AppleWebKit/537.36 (KHTML, like Gecko) Chrome/55.0.2883.87 Safari/537.36|195
2017-02-03 17:07:10|POST|/jaha/apt/ap/user/monitoring/list-data|200||POST /jaha/apt/ap/user/monitoring/list-data HTTP/1.1|http://localhost:8888/jaha/apt/ap/user/monitoring/list|Mozilla/5.0 (Windows NT 6.1; Win64; x64) AppleWebKit/537.36 (KHTML, like Gecko) Chrome/55.0.2883.87 Safari/537.36|148
2017-02-03 17:07:16|GET|/apt/search/popup|200||GET /apt/search/popup HTTP/1.1|http://localhost:8888/jaha/apt/ap/user/monitoring/list|Mozilla/5.0 (Windows NT 6.1; Win64; x64) AppleWebKit/537.36 (KHTML, like Gecko) Chrome/55.0.2883.87 Safari/537.36|288
2017-02-03 17:07:23|GET|/api/public/address/sigungu-names/%EC%84%9C%EC%9A%B8%ED%8A%B9%EB%B3%84%EC%8B%9C|200||GET /api/public/address/sigungu-names/%EC%84%9C%EC%9A%B8%ED%8A%B9%EB%B3%84%EC%8B%9C HTTP/1.1|http://localhost:8888/apt/search/popup|Mozilla/5.0 (Windows NT 6.1; Win64; x64) AppleWebKit/537.36 (KHTML, like Gecko) Chrome/55.0.2883.87 Safari/537.36|113
2017-02-03 17:07:26|POST|/apt/search/list-data|200||POST /apt/search/list-data HTTP/1.1|http://localhost:8888/apt/search/popup|Mozilla/5.0 (Windows NT 6.1; Win64; x64) AppleWebKit/537.36 (KHTML, like Gecko) Chrome/55.0.2883.87 Safari/537.36|186
2017-02-03 17:07:31|POST|/jaha/apt/ap/user/monitoring/list-data|200||POST /jaha/apt/ap/user/monitoring/list-data HTTP/1.1|http://localhost:8888/jaha/apt/ap/user/monitoring/list|Mozilla/5.0 (Windows NT 6.1; Win64; x64) AppleWebKit/537.36 (KHTML, like Gecko) Chrome/55.0.2883.87 Safari/537.36|150
2017-02-03 17:07:37|GET|/apt/search/popup|200||GET /apt/search/popup HTTP/1.1|http://localhost:8888/jaha/apt/ap/user/monitoring/list|Mozilla/5.0 (Windows NT 6.1; Win64; x64) AppleWebKit/537.36 (KHTML, like Gecko) Chrome/55.0.2883.87 Safari/537.36|268
2017-02-03 17:07:40|GET|/api/public/address/sigungu-names/%EA%B2%BD%EA%B8%B0%EB%8F%84|200||GET /api/public/address/sigungu-names/%EA%B2%BD%EA%B8%B0%EB%8F%84 HTTP/1.1|http://localhost:8888/apt/search/popup|Mozilla/5.0 (Windows NT 6.1; Win64; x64) AppleWebKit/537.36 (KHTML, like Gecko) Chrome/55.0.2883.87 Safari/537.36|94
2017-02-03 17:07:43|GET|/api/public/address/sigungu-names/%EC%84%9C%EC%9A%B8%ED%8A%B9%EB%B3%84%EC%8B%9C|200||GET /api/public/address/sigungu-names/%EC%84%9C%EC%9A%B8%ED%8A%B9%EB%B3%84%EC%8B%9C HTTP/1.1|http://localhost:8888/apt/search/popup|Mozilla/5.0 (Windows NT 6.1; Win64; x64) AppleWebKit/537.36 (KHTML, like Gecko) Chrome/55.0.2883.87 Safari/537.36|96
2017-02-03 17:07:53|POST|/apt/search/list-data|200||POST /apt/search/list-data HTTP/1.1|http://localhost:8888/apt/search/popup|Mozilla/5.0 (Windows NT 6.1; Win64; x64) AppleWebKit/537.36 (KHTML, like Gecko) Chrome/55.0.2883.87 Safari/537.36|166
2017-02-03 17:07:57|POST|/jaha/apt/ap/user/monitoring/list-data|200||POST /jaha/apt/ap/user/monitoring/list-data HTTP/1.1|http://localhost:8888/jaha/apt/ap/user/monitoring/list|Mozilla/5.0 (Windows NT 6.1; Win64; x64) AppleWebKit/537.36 (KHTML, like Gecko) Chrome/55.0.2883.87 Safari/537.36|128
2017-02-03 17:14:51|GET|/|200||GET / HTTP/1.1|-|Mozilla/5.0 (Windows NT 6.1; Win64; x64) AppleWebKit/537.36 (KHTML, like Gecko) Chrome/55.0.2883.87 Safari/537.36|306
2017-02-03 17:14:53|POST|/api/public/user/login|302||POST /api/public/user/login HTTP/1.1|http://localhost:8888/|Mozilla/5.0 (Windows NT 6.1; Win64; x64) AppleWebKit/537.36 (KHTML, like Gecko) Chrome/55.0.2883.87 Safari/537.36|470
2017-02-03 17:14:53|GET|/|302||GET / HTTP/1.1|http://localhost:8888/|Mozilla/5.0 (Windows NT 6.1; Win64; x64) AppleWebKit/537.36 (KHTML, like Gecko) Chrome/55.0.2883.87 Safari/537.36|607
2017-02-03 17:14:55|GET|/admin/user/list|200||GET /admin/user/list HTTP/1.1|http://localhost:8888/|Mozilla/5.0 (Windows NT 6.1; Win64; x64) AppleWebKit/537.36 (KHTML, like Gecko) Chrome/55.0.2883.87 Safari/537.36|1589
2017-02-03 17:14:55|GET|/admin/user/last-login-pop|200||GET /admin/user/last-login-pop HTTP/1.1|http://localhost:8888/admin/user/list|Mozilla/5.0 (Windows NT 6.1; Win64; x64) AppleWebKit/537.36 (KHTML, like Gecko) Chrome/55.0.2883.87 Safari/537.36|269
2017-02-03 17:14:58|GET|/jaha/apt/ap/user/monitoring/list|200||GET /jaha/apt/ap/user/monitoring/list HTTP/1.1|http://localhost:8888/admin/user/list|Mozilla/5.0 (Windows NT 6.1; Win64; x64) AppleWebKit/537.36 (KHTML, like Gecko) Chrome/55.0.2883.87 Safari/537.36|627
2017-02-03 17:14:59|POST|/jaha/apt/ap/user/monitoring/list-data|200||POST /jaha/apt/ap/user/monitoring/list-data HTTP/1.1|http://localhost:8888/jaha/apt/ap/user/monitoring/list|Mozilla/5.0 (Windows NT 6.1; Win64; x64) AppleWebKit/537.36 (KHTML, like Gecko) Chrome/55.0.2883.87 Safari/537.36|693
2017-02-03 17:15:21|POST|/jaha/apt/ap/user/monitoring/list-data|200||POST /jaha/apt/ap/user/monitoring/list-data HTTP/1.1|http://localhost:8888/jaha/apt/ap/user/monitoring/list|Mozilla/5.0 (Windows NT 6.1; Win64; x64) AppleWebKit/537.36 (KHTML, like Gecko) Chrome/55.0.2883.87 Safari/537.36|565
2017-02-03 17:15:25|POST|/jaha/apt/ap/user/monitoring/list-data|200||POST /jaha/apt/ap/user/monitoring/list-data HTTP/1.1|http://localhost:8888/jaha/apt/ap/user/monitoring/list|Mozilla/5.0 (Windows NT 6.1; Win64; x64) AppleWebKit/537.36 (KHTML, like Gecko) Chrome/55.0.2883.87 Safari/537.36|588
2017-02-03 17:15:28|POST|/jaha/apt/ap/user/monitoring/list-data|200||POST /jaha/apt/ap/user/monitoring/list-data HTTP/1.1|http://localhost:8888/jaha/apt/ap/user/monitoring/list|Mozilla/5.0 (Windows NT 6.1; Win64; x64) AppleWebKit/537.36 (KHTML, like Gecko) Chrome/55.0.2883.87 Safari/537.36|554
2017-02-03 17:15:43|POST|/jaha/apt/ap/user/monitoring/list-data|200||POST /jaha/apt/ap/user/monitoring/list-data HTTP/1.1|http://localhost:8888/jaha/apt/ap/user/monitoring/list|Mozilla/5.0 (Windows NT 6.1; Win64; x64) AppleWebKit/537.36 (KHTML, like Gecko) Chrome/55.0.2883.87 Safari/537.36|627
2017-02-03 17:15:46|POST|/jaha/apt/ap/user/monitoring/list-data|200||POST /jaha/apt/ap/user/monitoring/list-data HTTP/1.1|http://localhost:8888/jaha/apt/ap/user/monitoring/list|Mozilla/5.0 (Windows NT 6.1; Win64; x64) AppleWebKit/537.36 (KHTML, like Gecko) Chrome/55.0.2883.87 Safari/537.36|700
2017-02-03 17:15:48|POST|/jaha/apt/ap/user/monitoring/list-data|200||POST /jaha/apt/ap/user/monitoring/list-data HTTP/1.1|http://localhost:8888/jaha/apt/ap/user/monitoring/list|Mozilla/5.0 (Windows NT 6.1; Win64; x64) AppleWebKit/537.36 (KHTML, like Gecko) Chrome/55.0.2883.87 Safari/537.36|596
2017-02-03 17:15:49|POST|/jaha/apt/ap/user/monitoring/list-data|200||POST /jaha/apt/ap/user/monitoring/list-data HTTP/1.1|http://localhost:8888/jaha/apt/ap/user/monitoring/list|Mozilla/5.0 (Windows NT 6.1; Win64; x64) AppleWebKit/537.36 (KHTML, like Gecko) Chrome/55.0.2883.87 Safari/537.36|610
2017-02-03 17:15:51|POST|/jaha/apt/ap/user/monitoring/list-data|200||POST /jaha/apt/ap/user/monitoring/list-data HTTP/1.1|http://localhost:8888/jaha/apt/ap/user/monitoring/list|Mozilla/5.0 (Windows NT 6.1; Win64; x64) AppleWebKit/537.36 (KHTML, like Gecko) Chrome/55.0.2883.87 Safari/537.36|284
2017-02-03 17:15:53|POST|/jaha/apt/ap/user/monitoring/list-data|200||POST /jaha/apt/ap/user/monitoring/list-data HTTP/1.1|http://localhost:8888/jaha/apt/ap/user/monitoring/list|Mozilla/5.0 (Windows NT 6.1; Win64; x64) AppleWebKit/537.36 (KHTML, like Gecko) Chrome/55.0.2883.87 Safari/537.36|254
2017-02-03 17:15:54|POST|/jaha/apt/ap/user/monitoring/list-data|200||POST /jaha/apt/ap/user/monitoring/list-data HTTP/1.1|http://localhost:8888/jaha/apt/ap/user/monitoring/list|Mozilla/5.0 (Windows NT 6.1; Win64; x64) AppleWebKit/537.36 (KHTML, like Gecko) Chrome/55.0.2883.87 Safari/537.36|610
2017-02-03 17:17:08|POST|/jaha/apt/ap/user/monitoring/list-data|200||POST /jaha/apt/ap/user/monitoring/list-data HTTP/1.1|http://localhost:8888/jaha/apt/ap/user/monitoring/list|Mozilla/5.0 (Windows NT 6.1; Win64; x64) AppleWebKit/537.36 (KHTML, like Gecko) Chrome/55.0.2883.87 Safari/537.36|601
2017-02-03 17:17:15|POST|/jaha/apt/ap/user/monitoring/list/excel-download|200||POST /jaha/apt/ap/user/monitoring/list/excel-download HTTP/1.1|http://localhost:8888/jaha/apt/ap/user/monitoring/list|Mozilla/5.0 (Windows NT 6.1; Win64; x64) AppleWebKit/537.36 (KHTML, like Gecko) Chrome/55.0.2883.87 Safari/537.36|835
2017-02-03 17:21:03|POST|/jaha/apt/ap/user/monitoring/list-data|200||POST /jaha/apt/ap/user/monitoring/list-data HTTP/1.1|http://localhost:8888/jaha/apt/ap/user/monitoring/list|Mozilla/5.0 (Windows NT 6.1; Win64; x64) AppleWebKit/537.36 (KHTML, like Gecko) Chrome/55.0.2883.87 Safari/537.36|617
2017-02-03 17:21:09|POST|/jaha/apt/ap/user/monitoring/list-data|200||POST /jaha/apt/ap/user/monitoring/list-data HTTP/1.1|http://localhost:8888/jaha/apt/ap/user/monitoring/list|Mozilla/5.0 (Windows NT 6.1; Win64; x64) AppleWebKit/537.36 (KHTML, like Gecko) Chrome/55.0.2883.87 Safari/537.36|636
2017-02-03 17:21:38|POST|/jaha/apt/ap/user/monitoring/list-data|200||POST /jaha/apt/ap/user/monitoring/list-data HTTP/1.1|http://localhost:8888/jaha/apt/ap/user/monitoring/list|Mozilla/5.0 (Windows NT 6.1; Win64; x64) AppleWebKit/537.36 (KHTML, like Gecko) Chrome/55.0.2883.87 Safari/537.36|901
2017-02-03 17:27:10|GET|/jaha/apt/ap/user/monitoring/list|200||GET /jaha/apt/ap/user/monitoring/list HTTP/1.1|http://localhost:8888/admin/user/list|Mozilla/5.0 (Windows NT 6.1; Win64; x64) AppleWebKit/537.36 (KHTML, like Gecko) Chrome/55.0.2883.87 Safari/537.36|544
2017-02-03 17:27:10|GET|/favicon.ico|200||GET /favicon.ico HTTP/1.1|http://localhost:8888/jaha/apt/ap/user/monitoring/list|Mozilla/5.0 (Windows NT 6.1; Win64; x64) AppleWebKit/537.36 (KHTML, like Gecko) Chrome/55.0.2883.87 Safari/537.36|43
2017-02-03 17:27:10|POST|/jaha/apt/ap/user/monitoring/list-data|200||POST /jaha/apt/ap/user/monitoring/list-data HTTP/1.1|http://localhost:8888/jaha/apt/ap/user/monitoring/list|Mozilla/5.0 (Windows NT 6.1; Win64; x64) AppleWebKit/537.36 (KHTML, like Gecko) Chrome/55.0.2883.87 Safari/537.36|595
2017-02-03 17:27:18|POST|/jaha/apt/ap/user/monitoring/list-data|200||POST /jaha/apt/ap/user/monitoring/list-data HTTP/1.1|http://localhost:8888/jaha/apt/ap/user/monitoring/list|Mozilla/5.0 (Windows NT 6.1; Win64; x64) AppleWebKit/537.36 (KHTML, like Gecko) Chrome/55.0.2883.87 Safari/537.36|583
2017-02-03 17:27:20|POST|/jaha/apt/ap/user/monitoring/list-data|200||POST /jaha/apt/ap/user/monitoring/list-data HTTP/1.1|http://localhost:8888/jaha/apt/ap/user/monitoring/list|Mozilla/5.0 (Windows NT 6.1; Win64; x64) AppleWebKit/537.36 (KHTML, like Gecko) Chrome/55.0.2883.87 Safari/537.36|613
2017-02-03 18:01:09|GET|/jaha/apt/ap/user/monitoring/list|200||GET /jaha/apt/ap/user/monitoring/list HTTP/1.1|http://localhost:8888/admin/user/list|Mozilla/5.0 (Windows NT 6.1; Win64; x64) AppleWebKit/537.36 (KHTML, like Gecko) Chrome/55.0.2883.87 Safari/537.36|518
2017-02-03 18:01:10|GET|/favicon.ico|200||GET /favicon.ico HTTP/1.1|http://localhost:8888/jaha/apt/ap/user/monitoring/list|Mozilla/5.0 (Windows NT 6.1; Win64; x64) AppleWebKit/537.36 (KHTML, like Gecko) Chrome/55.0.2883.87 Safari/537.36|39
2017-02-03 18:01:10|POST|/jaha/apt/ap/user/monitoring/list-data|200||POST /jaha/apt/ap/user/monitoring/list-data HTTP/1.1|http://localhost:8888/jaha/apt/ap/user/monitoring/list|Mozilla/5.0 (Windows NT 6.1; Win64; x64) AppleWebKit/537.36 (KHTML, like Gecko) Chrome/55.0.2883.87 Safari/537.36|256
2017-02-03 18:01:16|GET|/jaha/apt/ap/user/monitoring/list|200||GET /jaha/apt/ap/user/monitoring/list HTTP/1.1|http://localhost:8888/admin/user/list|Mozilla/5.0 (Windows NT 6.1; Win64; x64) AppleWebKit/537.36 (KHTML, like Gecko) Chrome/55.0.2883.87 Safari/537.36|509
2017-02-03 18:01:17|POST|/jaha/apt/ap/user/monitoring/list-data|200||POST /jaha/apt/ap/user/monitoring/list-data HTTP/1.1|http://localhost:8888/jaha/apt/ap/user/monitoring/list|Mozilla/5.0 (Windows NT 6.1; Win64; x64) AppleWebKit/537.36 (KHTML, like Gecko) Chrome/55.0.2883.87 Safari/537.36|276
2017-02-03 18:01:18|GET|/jaha/apt/ap/user/monitoring/list|200||GET /jaha/apt/ap/user/monitoring/list HTTP/1.1|http://localhost:8888/admin/user/list|Mozilla/5.0 (Windows NT 6.1; Win64; x64) AppleWebKit/537.36 (KHTML, like Gecko) Chrome/55.0.2883.87 Safari/537.36|554
2017-02-03 18:01:19|POST|/jaha/apt/ap/user/monitoring/list-data|200||POST /jaha/apt/ap/user/monitoring/list-data HTTP/1.1|http://localhost:8888/jaha/apt/ap/user/monitoring/list|Mozilla/5.0 (Windows NT 6.1; Win64; x64) AppleWebKit/537.36 (KHTML, like Gecko) Chrome/55.0.2883.87 Safari/537.36|262
2017-02-03 18:01:35|GET|/jaha/apt/ap/user/monitoring/list|200||GET /jaha/apt/ap/user/monitoring/list HTTP/1.1|http://localhost:8888/admin/user/list|Mozilla/5.0 (Windows NT 6.1; Win64; x64) AppleWebKit/537.36 (KHTML, like Gecko) Chrome/55.0.2883.87 Safari/537.36|544
2017-02-03 18:01:36|POST|/jaha/apt/ap/user/monitoring/list-data|200||POST /jaha/apt/ap/user/monitoring/list-data HTTP/1.1|http://localhost:8888/jaha/apt/ap/user/monitoring/list|Mozilla/5.0 (Windows NT 6.1; Win64; x64) AppleWebKit/537.36 (KHTML, like Gecko) Chrome/55.0.2883.87 Safari/537.36|703
2017-02-03 18:01:57|GET|/jaha/apt/ap/user/monitoring/list|200||GET /jaha/apt/ap/user/monitoring/list HTTP/1.1|http://localhost:8888/admin/user/list|Mozilla/5.0 (Windows NT 6.1; Win64; x64) AppleWebKit/537.36 (KHTML, like Gecko) Chrome/55.0.2883.87 Safari/537.36|522
2017-02-03 18:02:20|GET|/admin/manual/form|200||GET /admin/manual/form HTTP/1.1|http://localhost:8888/jaha/apt/ap/user/monitoring/list|Mozilla/5.0 (Windows NT 6.1; Win64; x64) AppleWebKit/537.36 (KHTML, like Gecko) Chrome/55.0.2883.87 Safari/537.36|599
2017-02-03 18:02:20|GET|/jaha/apt/ap/user/monitoring/list|200||GET /jaha/apt/ap/user/monitoring/list HTTP/1.1|http://localhost:8888/admin/user/list|Mozilla/5.0 (Windows NT 6.1; Win64; x64) AppleWebKit/537.36 (KHTML, like Gecko) Chrome/55.0.2883.87 Safari/537.36|562
2017-02-03 18:02:22|GET|/jaha/apt/ap/user/monitoring/list|200||GET /jaha/apt/ap/user/monitoring/list HTTP/1.1|http://localhost:8888/admin/user/list|Mozilla/5.0 (Windows NT 6.1; Win64; x64) AppleWebKit/537.36 (KHTML, like Gecko) Chrome/55.0.2883.87 Safari/537.36|566
