2017-02-23 09:11:59|GET|/|200||GET / HTTP/1.1|-|Mozilla/5.0 (Windows NT 6.1; Win64; x64) AppleWebKit/537.36 (KHTML, like Gecko) Chrome/56.0.2924.87 Safari/537.36|372
2017-02-23 09:11:59|GET|/|200||GET / HTTP/1.1|-|Mozilla/5.0 (Windows NT 6.1; Win64; x64) AppleWebKit/537.36 (KHTML, like Gecko) Chrome/56.0.2924.87 Safari/537.36|129
2017-02-23 09:11:59|GET|/css/jquery.fullPage.css|304||GET /css/jquery.fullPage.css HTTP/1.1|http://localhost:8888/|Mozilla/5.0 (Windows NT 6.1; Win64; x64) AppleWebKit/537.36 (KHTML, like Gecko) Chrome/56.0.2924.87 Safari/537.36|29
2017-02-23 09:11:59|GET|/css/animate.min.css|304||GET /css/animate.min.css HTTP/1.1|http://localhost:8888/|Mozilla/5.0 (Windows NT 6.1; Win64; x64) AppleWebKit/537.36 (KHTML, like Gecko) Chrome/56.0.2924.87 Safari/537.36|38
2017-02-23 09:11:59|GET|/js/vendor/jquery.easings.min.js|304||GET /js/vendor/jquery.easings.min.js HTTP/1.1|http://localhost:8888/|Mozilla/5.0 (Windows NT 6.1; Win64; x64) AppleWebKit/537.36 (KHTML, like Gecko) Chrome/56.0.2924.87 Safari/537.36|12
2017-02-23 09:11:59|GET|/js/js.cookie.js|304||GET /js/js.cookie.js HTTP/1.1|http://localhost:8888/|Mozilla/5.0 (Windows NT 6.1; Win64; x64) AppleWebKit/537.36 (KHTML, like Gecko) Chrome/56.0.2924.87 Safari/537.36|8
2017-02-23 09:11:59|GET|/js/jquery.fullPage.min.js|304||GET /js/jquery.fullPage.min.js HTTP/1.1|http://localhost:8888/|Mozilla/5.0 (Windows NT 6.1; Win64; x64) AppleWebKit/537.36 (KHTML, like Gecko) Chrome/56.0.2924.87 Safari/537.36|14
2017-02-23 09:11:59|GET|/img/login_google.png|304||GET /img/login_google.png HTTP/1.1|http://localhost:8888/|Mozilla/5.0 (Windows NT 6.1; Win64; x64) AppleWebKit/537.36 (KHTML, like Gecko) Chrome/56.0.2924.87 Safari/537.36|21
2017-02-23 09:11:59|GET|/js/vendor/jquery.slimscroll.min.js|304||GET /js/vendor/jquery.slimscroll.min.js HTTP/1.1|http://localhost:8888/|Mozilla/5.0 (Windows NT 6.1; Win64; x64) AppleWebKit/537.36 (KHTML, like Gecko) Chrome/56.0.2924.87 Safari/537.36|35
2017-02-23 09:11:59|GET|/img/login_apple.png|304||GET /img/login_apple.png HTTP/1.1|http://localhost:8888/|Mozilla/5.0 (Windows NT 6.1; Win64; x64) AppleWebKit/537.36 (KHTML, like Gecko) Chrome/56.0.2924.87 Safari/537.36|32
2017-02-23 09:11:59|GET|/img/bg-login.jpg|304||GET /img/bg-login.jpg HTTP/1.1|http://localhost:8888/|Mozilla/5.0 (Windows NT 6.1; Win64; x64) AppleWebKit/537.36 (KHTML, like Gecko) Chrome/56.0.2924.87 Safari/537.36|29
2017-02-23 09:11:59|GET|/img/emaul-logo-w.png|304||GET /img/emaul-logo-w.png HTTP/1.1|http://localhost:8888/|Mozilla/5.0 (Windows NT 6.1; Win64; x64) AppleWebKit/537.36 (KHTML, like Gecko) Chrome/56.0.2924.87 Safari/537.36|15
2017-02-23 09:12:28|POST|/api/public/user/login|302||POST /api/public/user/login HTTP/1.1|http://localhost:8888/|Mozilla/5.0 (Windows NT 6.1; Win64; x64) AppleWebKit/537.36 (KHTML, like Gecko) Chrome/56.0.2924.87 Safari/537.36|506
2017-02-23 09:12:28|GET|/|302||GET / HTTP/1.1|http://localhost:8888/|Mozilla/5.0 (Windows NT 6.1; Win64; x64) AppleWebKit/537.36 (KHTML, like Gecko) Chrome/56.0.2924.87 Safari/537.36|778
2017-02-23 09:12:30|GET|/admin/user/list|200||GET /admin/user/list HTTP/1.1|http://localhost:8888/|Mozilla/5.0 (Windows NT 6.1; Win64; x64) AppleWebKit/537.36 (KHTML, like Gecko) Chrome/56.0.2924.87 Safari/537.36|2108
2017-02-23 09:12:30|GET|/img/sort_asc.png|304||GET /img/sort_asc.png HTTP/1.1|http://localhost:8888/admin/user/list|Mozilla/5.0 (Windows NT 6.1; Win64; x64) AppleWebKit/537.36 (KHTML, like Gecko) Chrome/56.0.2924.87 Safari/537.36|40
2017-02-23 09:12:30|GET|/img/sort_desc.png|304||GET /img/sort_desc.png HTTP/1.1|http://localhost:8888/admin/user/list|Mozilla/5.0 (Windows NT 6.1; Win64; x64) AppleWebKit/537.36 (KHTML, like Gecko) Chrome/56.0.2924.87 Safari/537.36|28
2017-02-23 09:12:31|GET|/img/adminHome/logout2.png|304||GET /img/adminHome/logout2.png HTTP/1.1|http://localhost:8888/admin/user/list|Mozilla/5.0 (Windows NT 6.1; Win64; x64) AppleWebKit/537.36 (KHTML, like Gecko) Chrome/56.0.2924.87 Safari/537.36|27
2017-02-23 09:12:31|GET|/admin/user/last-login-pop|200||GET /admin/user/last-login-pop HTTP/1.1|http://localhost:8888/admin/user/list|Mozilla/5.0 (Windows NT 6.1; Win64; x64) AppleWebKit/537.36 (KHTML, like Gecko) Chrome/56.0.2924.87 Safari/537.36|306
2017-02-23 09:12:33|GET|/img/adminHome/menu2.png|304||GET /img/adminHome/menu2.png HTTP/1.1|http://localhost:8888/admin/user/list|Mozilla/5.0 (Windows NT 6.1; Win64; x64) AppleWebKit/537.36 (KHTML, like Gecko) Chrome/56.0.2924.87 Safari/537.36|47
2017-02-23 09:13:57|GET|/jaha/user/list|200||GET /jaha/user/list HTTP/1.1|http://localhost:8888/admin/user/list|Mozilla/5.0 (Windows NT 6.1; Win64; x64) AppleWebKit/537.36 (KHTML, like Gecko) Chrome/56.0.2924.87 Safari/537.36|1606
2017-02-23 09:16:59|GET|/img/adminHome/home2.png|304||GET /img/adminHome/home2.png HTTP/1.1|http://localhost:8888/jaha/user/list|Mozilla/5.0 (Windows NT 6.1; Win64; x64) AppleWebKit/537.36 (KHTML, like Gecko) Chrome/56.0.2924.87 Safari/537.36|39
2017-02-23 09:17:04|GET|/jaha/user/app/download/list|200||GET /jaha/user/app/download/list HTTP/1.1|http://localhost:8888/jaha/user/list|Mozilla/5.0 (Windows NT 6.1; Win64; x64) AppleWebKit/537.36 (KHTML, like Gecko) Chrome/56.0.2924.87 Safari/537.36|661
2017-02-23 09:17:04|GET|/js/common.js|304||GET /js/common.js HTTP/1.1|http://localhost:8888/jaha/user/app/download/list|Mozilla/5.0 (Windows NT 6.1; Win64; x64) AppleWebKit/537.36 (KHTML, like Gecko) Chrome/56.0.2924.87 Safari/537.36|23
2017-02-23 09:17:05|GET|/jaha/user/app/download/list-data|200|?sDate=2017-02-17&eDate=2017-02-23&aptId=&pageSize=10&pageNum=1|GET /jaha/user/app/download/list-data?sDate=2017-02-17&eDate=2017-02-23&aptId=&pageSize=10&pageNum=1 HTTP/1.1|http://localhost:8888/jaha/user/app/download/list|Mozilla/5.0 (Windows NT 6.1; Win64; x64) AppleWebKit/537.36 (KHTML, like Gecko) Chrome/56.0.2924.87 Safari/537.36|1404
2017-02-23 09:17:08|GET|/jaha/apt/membership/list|200||GET /jaha/apt/membership/list HTTP/1.1|http://localhost:8888/jaha/user/app/download/list|Mozilla/5.0 (Windows NT 6.1; Win64; x64) AppleWebKit/537.36 (KHTML, like Gecko) Chrome/56.0.2924.87 Safari/537.36|840
2017-02-23 09:17:09|GET|/api/public/address/sido-names|200||GET /api/public/address/sido-names HTTP/1.1|http://localhost:8888/jaha/apt/membership/list|Mozilla/5.0 (Windows NT 6.1; Win64; x64) AppleWebKit/537.36 (KHTML, like Gecko) Chrome/56.0.2924.87 Safari/537.36|238
2017-02-23 09:17:10|GET|/jaha/apt/membership/list-data|200|?sidoNm=&sggNm=&sDate=2017-02-17&eDate=2017-02-23&pageSize=10&pageNum=1|GET /jaha/apt/membership/list-data?sidoNm=&sggNm=&sDate=2017-02-17&eDate=2017-02-23&pageSize=10&pageNum=1 HTTP/1.1|http://localhost:8888/jaha/apt/membership/list|Mozilla/5.0 (Windows NT 6.1; Win64; x64) AppleWebKit/537.36 (KHTML, like Gecko) Chrome/56.0.2924.87 Safari/537.36|1863
2017-02-23 09:17:11|GET|/jaha/apt/ap/user/edoorMember/list-data|200|?sidoNm=&sggNm=&sDate=2017-02-17&eDate=2017-02-23&pageSize=10&pageNum=1|GET /jaha/apt/ap/user/edoorMember/list-data?sidoNm=&sggNm=&sDate=2017-02-17&eDate=2017-02-23&pageSize=10&pageNum=1 HTTP/1.1|http://localhost:8888/jaha/apt/membership/list|Mozilla/5.0 (Windows NT 6.1; Win64; x64) AppleWebKit/537.36 (KHTML, like Gecko) Chrome/56.0.2924.87 Safari/537.36|2267
2017-02-23 09:17:13|GET|/jaha/apt/user/list/popup|200|?aptId=572|GET /jaha/apt/user/list/popup?aptId=572 HTTP/1.1|http://localhost:8888/jaha/apt/membership/list|Mozilla/5.0 (Windows NT 6.1; Win64; x64) AppleWebKit/537.36 (KHTML, like Gecko) Chrome/56.0.2924.87 Safari/537.36|751
2017-02-23 09:17:14|GET|/jaha/apt/user/list/popup-data|200|?pageNum=1&aptId=572&reg_date=&monitoringType=&user_type=|GET /jaha/apt/user/list/popup-data?pageNum=1&aptId=572&reg_date=&monitoringType=&user_type= HTTP/1.1|http://localhost:8888/jaha/apt/user/list/popup?aptId=572|Mozilla/5.0 (Windows NT 6.1; Win64; x64) AppleWebKit/537.36 (KHTML, like Gecko) Chrome/56.0.2924.87 Safari/537.36|572
2017-02-23 09:23:43|GET|/jaha/user/list|200||GET /jaha/user/list HTTP/1.1|http://localhost:8888/jaha/apt/membership/list|Mozilla/5.0 (Windows NT 6.1; Win64; x64) AppleWebKit/537.36 (KHTML, like Gecko) Chrome/56.0.2924.87 Safari/537.36|1494
2017-02-23 09:44:57|GET|/|200||GET / HTTP/1.1|-|Mozilla/5.0 (Windows NT 6.1; Win64; x64) AppleWebKit/537.36 (KHTML, like Gecko) Chrome/56.0.2924.87 Safari/537.36|321
2017-02-23 09:44:57|GET|/|200||GET / HTTP/1.1|-|Mozilla/5.0 (Windows NT 6.1; Win64; x64) AppleWebKit/537.36 (KHTML, like Gecko) Chrome/56.0.2924.87 Safari/537.36|27
2017-02-23 09:44:59|POST|/api/public/user/login|302||POST /api/public/user/login HTTP/1.1|http://localhost:8888/|Mozilla/5.0 (Windows NT 6.1; Win64; x64) AppleWebKit/537.36 (KHTML, like Gecko) Chrome/56.0.2924.87 Safari/537.36|390
2017-02-23 09:44:59|GET|/|302||GET / HTTP/1.1|http://localhost:8888/|Mozilla/5.0 (Windows NT 6.1; Win64; x64) AppleWebKit/537.36 (KHTML, like Gecko) Chrome/56.0.2924.87 Safari/537.36|307
2017-02-23 09:45:00|GET|/admin/user/list|200||GET /admin/user/list HTTP/1.1|http://localhost:8888/|Mozilla/5.0 (Windows NT 6.1; Win64; x64) AppleWebKit/537.36 (KHTML, like Gecko) Chrome/56.0.2924.87 Safari/537.36|847
2017-02-23 09:45:00|GET|/admin/user/last-login-pop|200||GET /admin/user/last-login-pop HTTP/1.1|http://localhost:8888/admin/user/list|Mozilla/5.0 (Windows NT 6.1; Win64; x64) AppleWebKit/537.36 (KHTML, like Gecko) Chrome/56.0.2924.87 Safari/537.36|175
2017-02-23 09:45:07|GET|/jaha/user/list|200||GET /jaha/user/list HTTP/1.1|http://localhost:8888/admin/user/list|Mozilla/5.0 (Windows NT 6.1; Win64; x64) AppleWebKit/537.36 (KHTML, like Gecko) Chrome/56.0.2924.87 Safari/537.36|723
2017-02-23 09:48:41|GET|/jaha/user/app/download/list|200||GET /jaha/user/app/download/list HTTP/1.1|http://localhost:8888/jaha/user/list|Mozilla/5.0 (Windows NT 6.1; Win64; x64) AppleWebKit/537.36 (KHTML, like Gecko) Chrome/56.0.2924.87 Safari/537.36|303
2017-02-23 09:48:42|GET|/jaha/user/app/download/list-data|200|?sDate=2017-02-17&eDate=2017-02-23&aptId=&pageSize=10&pageNum=1|GET /jaha/user/app/download/list-data?sDate=2017-02-17&eDate=2017-02-23&aptId=&pageSize=10&pageNum=1 HTTP/1.1|http://localhost:8888/jaha/user/app/download/list|Mozilla/5.0 (Windows NT 6.1; Win64; x64) AppleWebKit/537.36 (KHTML, like Gecko) Chrome/56.0.2924.87 Safari/537.36|684
2017-02-23 09:48:44|GET|/jaha/apt/membership/list|200||GET /jaha/apt/membership/list HTTP/1.1|http://localhost:8888/jaha/user/app/download/list|Mozilla/5.0 (Windows NT 6.1; Win64; x64) AppleWebKit/537.36 (KHTML, like Gecko) Chrome/56.0.2924.87 Safari/537.36|272
2017-02-23 09:48:45|GET|/api/public/address/sido-names|200||GET /api/public/address/sido-names HTTP/1.1|http://localhost:8888/jaha/apt/membership/list|Mozilla/5.0 (Windows NT 6.1; Win64; x64) AppleWebKit/537.36 (KHTML, like Gecko) Chrome/56.0.2924.87 Safari/537.36|98
2017-02-23 09:48:45|GET|/jaha/apt/membership/list-data|200|?sidoNm=&sggNm=&sDate=2017-02-17&eDate=2017-02-23&pageSize=10&pageNum=1|GET /jaha/apt/membership/list-data?sidoNm=&sggNm=&sDate=2017-02-17&eDate=2017-02-23&pageSize=10&pageNum=1 HTTP/1.1|http://localhost:8888/jaha/apt/membership/list|Mozilla/5.0 (Windows NT 6.1; Win64; x64) AppleWebKit/537.36 (KHTML, like Gecko) Chrome/56.0.2924.87 Safari/537.36|493
2017-02-23 09:48:45|GET|/jaha/apt/ap/user/edoorMember/list-data|200|?sidoNm=&sggNm=&sDate=2017-02-17&eDate=2017-02-23&pageSize=10&pageNum=1|GET /jaha/apt/ap/user/edoorMember/list-data?sidoNm=&sggNm=&sDate=2017-02-17&eDate=2017-02-23&pageSize=10&pageNum=1 HTTP/1.1|http://localhost:8888/jaha/apt/membership/list|Mozilla/5.0 (Windows NT 6.1; Win64; x64) AppleWebKit/537.36 (KHTML, like Gecko) Chrome/56.0.2924.87 Safari/537.36|901
2017-02-23 09:48:47|GET|/jaha/apt/user/list/popup|200|?aptId=38|GET /jaha/apt/user/list/popup?aptId=38 HTTP/1.1|http://localhost:8888/jaha/apt/membership/list|Mozilla/5.0 (Windows NT 6.1; Win64; x64) AppleWebKit/537.36 (KHTML, like Gecko) Chrome/56.0.2924.87 Safari/537.36|268
2017-02-23 09:48:47|GET|/jaha/apt/user/list/popup-data|200|?pageNum=1&aptId=38&reg_date=&monitoringType=&user_type=|GET /jaha/apt/user/list/popup-data?pageNum=1&aptId=38&reg_date=&monitoringType=&user_type= HTTP/1.1|http://localhost:8888/jaha/apt/user/list/popup?aptId=38|Mozilla/5.0 (Windows NT 6.1; Win64; x64) AppleWebKit/537.36 (KHTML, like Gecko) Chrome/56.0.2924.87 Safari/537.36|146
2017-02-23 09:48:52|GET|/jaha/apt/user/list/popup-data|200|?pageNum=2&aptId=38&reg_date=&monitoringType=&user_type=|GET /jaha/apt/user/list/popup-data?pageNum=2&aptId=38&reg_date=&monitoringType=&user_type= HTTP/1.1|http://localhost:8888/jaha/apt/user/list/popup?aptId=38|Mozilla/5.0 (Windows NT 6.1; Win64; x64) AppleWebKit/537.36 (KHTML, like Gecko) Chrome/56.0.2924.87 Safari/537.36|151
2017-02-23 09:56:45|GET|/jaha/apt/user/list/popup|200|?aptId=38|GET /jaha/apt/user/list/popup?aptId=38 HTTP/1.1|http://localhost:8888/jaha/apt/membership/list|Mozilla/5.0 (Windows NT 6.1; Win64; x64) AppleWebKit/537.36 (KHTML, like Gecko) Chrome/56.0.2924.87 Safari/537.36|780
2017-02-23 09:56:45|GET|/jaha/apt/user/list/popup-data|200|?pageNum=1&aptId=38&reg_date=&monitoringType=&user_type=|GET /jaha/apt/user/list/popup-data?pageNum=1&aptId=38&reg_date=&monitoringType=&user_type= HTTP/1.1|http://localhost:8888/jaha/apt/user/list/popup?aptId=38|Mozilla/5.0 (Windows NT 6.1; Win64; x64) AppleWebKit/537.36 (KHTML, like Gecko) Chrome/56.0.2924.87 Safari/537.36|317
2017-02-23 09:59:51|GET|/jaha/apt/user/list/popup|200|?aptId=38|GET /jaha/apt/user/list/popup?aptId=38 HTTP/1.1|http://localhost:8888/jaha/apt/membership/list|Mozilla/5.0 (Windows NT 6.1; Win64; x64) AppleWebKit/537.36 (KHTML, like Gecko) Chrome/56.0.2924.87 Safari/537.36|699
2017-02-23 09:59:51|GET|/jaha/apt/user/list/popup-data|200|?pageNum=1&aptId=38&reg_date=&monitoringType=&user_type=|GET /jaha/apt/user/list/popup-data?pageNum=1&aptId=38&reg_date=&monitoringType=&user_type= HTTP/1.1|http://localhost:8888/jaha/apt/user/list/popup?aptId=38|Mozilla/5.0 (Windows NT 6.1; Win64; x64) AppleWebKit/537.36 (KHTML, like Gecko) Chrome/56.0.2924.87 Safari/537.36|270
2017-02-23 10:03:43|GET|/jaha/user/list|200||GET /jaha/user/list HTTP/1.1|http://localhost:8888/jaha/apt/membership/list|Mozilla/5.0 (Windows NT 6.1; Win64; x64) AppleWebKit/537.36 (KHTML, like Gecko) Chrome/56.0.2924.87 Safari/537.36|737
2017-02-23 10:27:26|GET|/jaha/apt/user/list/popup|500|?aptId=38|GET /jaha/apt/user/list/popup?aptId=38 HTTP/1.1|http://localhost:8888/jaha/apt/membership/list|Mozilla/5.0 (Windows NT 6.1; Win64; x64) AppleWebKit/537.36 (KHTML, like Gecko) Chrome/56.0.2924.87 Safari/537.36|314
2017-02-23 10:27:26|GET|/favicon.ico|200||GET /favicon.ico HTTP/1.1|http://localhost:8888/jaha/apt/user/list/popup?aptId=38|Mozilla/5.0 (Windows NT 6.1; Win64; x64) AppleWebKit/537.36 (KHTML, like Gecko) Chrome/56.0.2924.87 Safari/537.36|52
2017-02-23 10:27:40|GET|/jaha/apt/user/list/popup|200|?aptId=38|GET /jaha/apt/user/list/popup?aptId=38 HTTP/1.1|http://localhost:8888/jaha/apt/membership/list|Mozilla/5.0 (Windows NT 6.1; Win64; x64) AppleWebKit/537.36 (KHTML, like Gecko) Chrome/56.0.2924.87 Safari/537.36|306
2017-02-23 10:27:41|GET|/favicon.ico|200||GET /favicon.ico HTTP/1.1|http://localhost:8888/jaha/apt/user/list/popup?aptId=38|Mozilla/5.0 (Windows NT 6.1; Win64; x64) AppleWebKit/537.36 (KHTML, like Gecko) Chrome/56.0.2924.87 Safari/537.36|42
2017-02-23 10:27:41|GET|/jaha/apt/user/list/popup-data|200|?pageNum=1&aptId=38&reg_date=&monitoringType=&user_type=|GET /jaha/apt/user/list/popup-data?pageNum=1&aptId=38&reg_date=&monitoringType=&user_type= HTTP/1.1|http://localhost:8888/jaha/apt/user/list/popup?aptId=38|Mozilla/5.0 (Windows NT 6.1; Win64; x64) AppleWebKit/537.36 (KHTML, like Gecko) Chrome/56.0.2924.87 Safari/537.36|166
2017-02-23 10:28:58|GET|/jaha/apt/user/list/popup|200|?aptId=38|GET /jaha/apt/user/list/popup?aptId=38 HTTP/1.1|http://localhost:8888/jaha/apt/membership/list|Mozilla/5.0 (Windows NT 6.1; Win64; x64) AppleWebKit/537.36 (KHTML, like Gecko) Chrome/56.0.2924.87 Safari/537.36|282
2017-02-23 10:28:58|GET|/favicon.ico|200||GET /favicon.ico HTTP/1.1|http://localhost:8888/jaha/apt/user/list/popup?aptId=38|Mozilla/5.0 (Windows NT 6.1; Win64; x64) AppleWebKit/537.36 (KHTML, like Gecko) Chrome/56.0.2924.87 Safari/537.36|37
2017-02-23 10:28:58|GET|/jaha/apt/user/list/popup-data|200|?pageNum=1&aptId=38&reg_date=&monitoringType=&user_type=|GET /jaha/apt/user/list/popup-data?pageNum=1&aptId=38&reg_date=&monitoringType=&user_type= HTTP/1.1|http://localhost:8888/jaha/apt/user/list/popup?aptId=38|Mozilla/5.0 (Windows NT 6.1; Win64; x64) AppleWebKit/537.36 (KHTML, like Gecko) Chrome/56.0.2924.87 Safari/537.36|137
2017-02-23 10:28:59|GET|/jaha/apt/user/list/popup|200|?aptId=38|GET /jaha/apt/user/list/popup?aptId=38 HTTP/1.1|http://localhost:8888/jaha/apt/membership/list|Mozilla/5.0 (Windows NT 6.1; Win64; x64) AppleWebKit/537.36 (KHTML, like Gecko) Chrome/56.0.2924.87 Safari/537.36|292
2017-02-23 10:29:00|GET|/favicon.ico|200||GET /favicon.ico HTTP/1.1|http://localhost:8888/jaha/apt/user/list/popup?aptId=38|Mozilla/5.0 (Windows NT 6.1; Win64; x64) AppleWebKit/537.36 (KHTML, like Gecko) Chrome/56.0.2924.87 Safari/537.36|35
2017-02-23 10:29:00|GET|/jaha/apt/user/list/popup-data|200|?pageNum=1&aptId=38&reg_date=&monitoringType=&user_type=|GET /jaha/apt/user/list/popup-data?pageNum=1&aptId=38&reg_date=&monitoringType=&user_type= HTTP/1.1|http://localhost:8888/jaha/apt/user/list/popup?aptId=38|Mozilla/5.0 (Windows NT 6.1; Win64; x64) AppleWebKit/537.36 (KHTML, like Gecko) Chrome/56.0.2924.87 Safari/537.36|140
2017-02-23 10:29:00|GET|/jaha/apt/user/list/popup|200|?aptId=38|GET /jaha/apt/user/list/popup?aptId=38 HTTP/1.1|http://localhost:8888/jaha/apt/membership/list|Mozilla/5.0 (Windows NT 6.1; Win64; x64) AppleWebKit/537.36 (KHTML, like Gecko) Chrome/56.0.2924.87 Safari/537.36|274
2017-02-23 10:29:00|GET|/favicon.ico|200||GET /favicon.ico HTTP/1.1|http://localhost:8888/jaha/apt/user/list/popup?aptId=38|Mozilla/5.0 (Windows NT 6.1; Win64; x64) AppleWebKit/537.36 (KHTML, like Gecko) Chrome/56.0.2924.87 Safari/537.36|35
2017-02-23 10:29:00|GET|/jaha/apt/user/list/popup-data|200|?pageNum=1&aptId=38&reg_date=&monitoringType=&user_type=|GET /jaha/apt/user/list/popup-data?pageNum=1&aptId=38&reg_date=&monitoringType=&user_type= HTTP/1.1|http://localhost:8888/jaha/apt/user/list/popup?aptId=38|Mozilla/5.0 (Windows NT 6.1; Win64; x64) AppleWebKit/537.36 (KHTML, like Gecko) Chrome/56.0.2924.87 Safari/537.36|133
2017-02-23 10:29:01|GET|/jaha/apt/user/list/popup|200|?aptId=38|GET /jaha/apt/user/list/popup?aptId=38 HTTP/1.1|http://localhost:8888/jaha/apt/membership/list|Mozilla/5.0 (Windows NT 6.1; Win64; x64) AppleWebKit/537.36 (KHTML, like Gecko) Chrome/56.0.2924.87 Safari/537.36|271
2017-02-23 10:29:01|GET|/favicon.ico|200||GET /favicon.ico HTTP/1.1|http://localhost:8888/jaha/apt/user/list/popup?aptId=38|Mozilla/5.0 (Windows NT 6.1; Win64; x64) AppleWebKit/537.36 (KHTML, like Gecko) Chrome/56.0.2924.87 Safari/537.36|38
2017-02-23 10:29:01|GET|/jaha/apt/user/list/popup-data|200|?pageNum=1&aptId=38&reg_date=&monitoringType=&user_type=|GET /jaha/apt/user/list/popup-data?pageNum=1&aptId=38&reg_date=&monitoringType=&user_type= HTTP/1.1|http://localhost:8888/jaha/apt/user/list/popup?aptId=38|Mozilla/5.0 (Windows NT 6.1; Win64; x64) AppleWebKit/537.36 (KHTML, like Gecko) Chrome/56.0.2924.87 Safari/537.36|148
2017-02-23 10:29:02|GET|/jaha/apt/user/list/popup|200|?aptId=38|GET /jaha/apt/user/list/popup?aptId=38 HTTP/1.1|http://localhost:8888/jaha/apt/membership/list|Mozilla/5.0 (Windows NT 6.1; Win64; x64) AppleWebKit/537.36 (KHTML, like Gecko) Chrome/56.0.2924.87 Safari/537.36|268
2017-02-23 10:29:02|GET|/favicon.ico|200||GET /favicon.ico HTTP/1.1|http://localhost:8888/jaha/apt/user/list/popup?aptId=38|Mozilla/5.0 (Windows NT 6.1; Win64; x64) AppleWebKit/537.36 (KHTML, like Gecko) Chrome/56.0.2924.87 Safari/537.36|33
2017-02-23 10:29:02|GET|/jaha/apt/user/list/popup-data|200|?pageNum=1&aptId=38&reg_date=&monitoringType=&user_type=|GET /jaha/apt/user/list/popup-data?pageNum=1&aptId=38&reg_date=&monitoringType=&user_type= HTTP/1.1|http://localhost:8888/jaha/apt/user/list/popup?aptId=38|Mozilla/5.0 (Windows NT 6.1; Win64; x64) AppleWebKit/537.36 (KHTML, like Gecko) Chrome/56.0.2924.87 Safari/537.36|133
2017-02-23 10:29:02|GET|/jaha/apt/user/list/popup|200|?aptId=38|GET /jaha/apt/user/list/popup?aptId=38 HTTP/1.1|http://localhost:8888/jaha/apt/membership/list|Mozilla/5.0 (Windows NT 6.1; Win64; x64) AppleWebKit/537.36 (KHTML, like Gecko) Chrome/56.0.2924.87 Safari/537.36|264
2017-02-23 10:29:03|GET|/favicon.ico|200||GET /favicon.ico HTTP/1.1|http://localhost:8888/jaha/apt/user/list/popup?aptId=38|Mozilla/5.0 (Windows NT 6.1; Win64; x64) AppleWebKit/537.36 (KHTML, like Gecko) Chrome/56.0.2924.87 Safari/537.36|45
2017-02-23 10:29:03|GET|/jaha/apt/user/list/popup-data|200|?pageNum=1&aptId=38&reg_date=&monitoringType=&user_type=|GET /jaha/apt/user/list/popup-data?pageNum=1&aptId=38&reg_date=&monitoringType=&user_type= HTTP/1.1|http://localhost:8888/jaha/apt/user/list/popup?aptId=38|Mozilla/5.0 (Windows NT 6.1; Win64; x64) AppleWebKit/537.36 (KHTML, like Gecko) Chrome/56.0.2924.87 Safari/537.36|150
2017-02-23 10:29:03|GET|/jaha/apt/user/list/popup|200|?aptId=38|GET /jaha/apt/user/list/popup?aptId=38 HTTP/1.1|http://localhost:8888/jaha/apt/membership/list|Mozilla/5.0 (Windows NT 6.1; Win64; x64) AppleWebKit/537.36 (KHTML, like Gecko) Chrome/56.0.2924.87 Safari/537.36|253
2017-02-23 10:29:03|GET|/favicon.ico|200||GET /favicon.ico HTTP/1.1|http://localhost:8888/jaha/apt/user/list/popup?aptId=38|Mozilla/5.0 (Windows NT 6.1; Win64; x64) AppleWebKit/537.36 (KHTML, like Gecko) Chrome/56.0.2924.87 Safari/537.36|36
2017-02-23 10:29:03|GET|/jaha/apt/user/list/popup-data|200|?pageNum=1&aptId=38&reg_date=&monitoringType=&user_type=|GET /jaha/apt/user/list/popup-data?pageNum=1&aptId=38&reg_date=&monitoringType=&user_type= HTTP/1.1|http://localhost:8888/jaha/apt/user/list/popup?aptId=38|Mozilla/5.0 (Windows NT 6.1; Win64; x64) AppleWebKit/537.36 (KHTML, like Gecko) Chrome/56.0.2924.87 Safari/537.36|132
2017-02-23 10:29:03|GET|/jaha/apt/user/list/popup|200|?aptId=38|GET /jaha/apt/user/list/popup?aptId=38 HTTP/1.1|http://localhost:8888/jaha/apt/membership/list|Mozilla/5.0 (Windows NT 6.1; Win64; x64) AppleWebKit/537.36 (KHTML, like Gecko) Chrome/56.0.2924.87 Safari/537.36|256
2017-02-23 10:29:03|GET|/jaha/apt/user/list/popup-data|200|?pageNum=1&aptId=38&reg_date=&monitoringType=&user_type=|GET /jaha/apt/user/list/popup-data?pageNum=1&aptId=38&reg_date=&monitoringType=&user_type= HTTP/1.1|http://localhost:8888/jaha/apt/user/list/popup?aptId=38|Mozilla/5.0 (Windows NT 6.1; Win64; x64) AppleWebKit/537.36 (KHTML, like Gecko) Chrome/56.0.2924.87 Safari/537.36|128
2017-02-23 10:29:09|GET|/jaha/apt/user/list/popup|200|?aptId=38|GET /jaha/apt/user/list/popup?aptId=38 HTTP/1.1|http://localhost:8888/jaha/apt/membership/list|Mozilla/5.0 (Windows NT 6.1; Win64; x64) AppleWebKit/537.36 (KHTML, like Gecko) Chrome/56.0.2924.87 Safari/537.36|294
2017-02-23 10:29:09|GET|/favicon.ico|200||GET /favicon.ico HTTP/1.1|http://localhost:8888/jaha/apt/user/list/popup?aptId=38|Mozilla/5.0 (Windows NT 6.1; Win64; x64) AppleWebKit/537.36 (KHTML, like Gecko) Chrome/56.0.2924.87 Safari/537.36|38
2017-02-23 10:29:09|GET|/jaha/apt/user/list/popup-data|200|?pageNum=1&aptId=38&reg_date=&monitoringType=&user_type=|GET /jaha/apt/user/list/popup-data?pageNum=1&aptId=38&reg_date=&monitoringType=&user_type= HTTP/1.1|http://localhost:8888/jaha/apt/user/list/popup?aptId=38|Mozilla/5.0 (Windows NT 6.1; Win64; x64) AppleWebKit/537.36 (KHTML, like Gecko) Chrome/56.0.2924.87 Safari/537.36|141
2017-02-23 10:29:39|GET|/jaha/apt/membership/list|200||GET /jaha/apt/membership/list HTTP/1.1|http://localhost:8888/jaha/user/list|Mozilla/5.0 (Windows NT 6.1; Win64; x64) AppleWebKit/537.36 (KHTML, like Gecko) Chrome/56.0.2924.87 Safari/537.36|242
2017-02-23 10:29:40|GET|/api/public/address/sido-names|200||GET /api/public/address/sido-names HTTP/1.1|http://localhost:8888/jaha/apt/membership/list|Mozilla/5.0 (Windows NT 6.1; Win64; x64) AppleWebKit/537.36 (KHTML, like Gecko) Chrome/56.0.2924.87 Safari/537.36|89
2017-02-23 10:29:40|GET|/jaha/apt/membership/list-data|200|?sidoNm=&sggNm=&sDate=2017-02-17&eDate=2017-02-23&pageSize=10&pageNum=1|GET /jaha/apt/membership/list-data?sidoNm=&sggNm=&sDate=2017-02-17&eDate=2017-02-23&pageSize=10&pageNum=1 HTTP/1.1|http://localhost:8888/jaha/apt/membership/list|Mozilla/5.0 (Windows NT 6.1; Win64; x64) AppleWebKit/537.36 (KHTML, like Gecko) Chrome/56.0.2924.87 Safari/537.36|456
2017-02-23 10:29:40|GET|/jaha/apt/ap/user/edoorMember/list-data|200|?sidoNm=&sggNm=&sDate=2017-02-17&eDate=2017-02-23&pageSize=10&pageNum=1|GET /jaha/apt/ap/user/edoorMember/list-data?sidoNm=&sggNm=&sDate=2017-02-17&eDate=2017-02-23&pageSize=10&pageNum=1 HTTP/1.1|http://localhost:8888/jaha/apt/membership/list|Mozilla/5.0 (Windows NT 6.1; Win64; x64) AppleWebKit/537.36 (KHTML, like Gecko) Chrome/56.0.2924.87 Safari/537.36|879
2017-02-23 10:30:50|GET|/jaha/apt/user/list/popup|500|?aptId=38|GET /jaha/apt/user/list/popup?aptId=38 HTTP/1.1|http://localhost:8888/jaha/apt/membership/list|Mozilla/5.0 (Windows NT 6.1; Win64; x64) AppleWebKit/537.36 (KHTML, like Gecko) Chrome/56.0.2924.87 Safari/537.36|267
2017-02-23 10:30:50|GET|/favicon.ico|200||GET /favicon.ico HTTP/1.1|http://localhost:8888/jaha/apt/user/list/popup?aptId=38|Mozilla/5.0 (Windows NT 6.1; Win64; x64) AppleWebKit/537.36 (KHTML, like Gecko) Chrome/56.0.2924.87 Safari/537.36|38
2017-02-23 10:31:12|GET|/jaha/apt/user/list/popup|500|?aptId=38|GET /jaha/apt/user/list/popup?aptId=38 HTTP/1.1|http://localhost:8888/jaha/apt/membership/list|Mozilla/5.0 (Windows NT 6.1; Win64; x64) AppleWebKit/537.36 (KHTML, like Gecko) Chrome/56.0.2924.87 Safari/537.36|241
2017-02-23 10:31:12|GET|/favicon.ico|200||GET /favicon.ico HTTP/1.1|http://localhost:8888/jaha/apt/user/list/popup?aptId=38|Mozilla/5.0 (Windows NT 6.1; Win64; x64) AppleWebKit/537.36 (KHTML, like Gecko) Chrome/56.0.2924.87 Safari/537.36|31
2017-02-23 10:31:13|GET|/jaha/apt/user/list/popup|500|?aptId=38|GET /jaha/apt/user/list/popup?aptId=38 HTTP/1.1|http://localhost:8888/jaha/apt/membership/list|Mozilla/5.0 (Windows NT 6.1; Win64; x64) AppleWebKit/537.36 (KHTML, like Gecko) Chrome/56.0.2924.87 Safari/537.36|280
2017-02-23 10:31:13|GET|/favicon.ico|200||GET /favicon.ico HTTP/1.1|http://localhost:8888/jaha/apt/user/list/popup?aptId=38|Mozilla/5.0 (Windows NT 6.1; Win64; x64) AppleWebKit/537.36 (KHTML, like Gecko) Chrome/56.0.2924.87 Safari/537.36|36
2017-02-23 10:31:16|GET|/jaha/apt/user/list/popup|500|?aptId=38|GET /jaha/apt/user/list/popup?aptId=38 HTTP/1.1|http://localhost:8888/jaha/apt/membership/list|Mozilla/5.0 (Windows NT 6.1; Win64; x64) AppleWebKit/537.36 (KHTML, like Gecko) Chrome/56.0.2924.87 Safari/537.36|246
2017-02-23 10:31:16|GET|/favicon.ico|200||GET /favicon.ico HTTP/1.1|http://localhost:8888/jaha/apt/user/list/popup?aptId=38|Mozilla/5.0 (Windows NT 6.1; Win64; x64) AppleWebKit/537.36 (KHTML, like Gecko) Chrome/56.0.2924.87 Safari/537.36|37
2017-02-23 10:31:34|GET|/jaha/apt/user/list/popup|500|?aptId=38|GET /jaha/apt/user/list/popup?aptId=38 HTTP/1.1|http://localhost:8888/jaha/apt/membership/list|Mozilla/5.0 (Windows NT 6.1; Win64; x64) AppleWebKit/537.36 (KHTML, like Gecko) Chrome/56.0.2924.87 Safari/537.36|264
2017-02-23 10:31:34|GET|/favicon.ico|200||GET /favicon.ico HTTP/1.1|http://localhost:8888/jaha/apt/user/list/popup?aptId=38|Mozilla/5.0 (Windows NT 6.1; Win64; x64) AppleWebKit/537.36 (KHTML, like Gecko) Chrome/56.0.2924.87 Safari/537.36|32
2017-02-23 10:31:36|GET|/jaha/apt/user/list/popup|500|?aptId=38|GET /jaha/apt/user/list/popup?aptId=38 HTTP/1.1|http://localhost:8888/jaha/apt/membership/list|Mozilla/5.0 (Windows NT 6.1; Win64; x64) AppleWebKit/537.36 (KHTML, like Gecko) Chrome/56.0.2924.87 Safari/537.36|248
2017-02-23 10:31:36|GET|/favicon.ico|200||GET /favicon.ico HTTP/1.1|http://localhost:8888/jaha/apt/user/list/popup?aptId=38|Mozilla/5.0 (Windows NT 6.1; Win64; x64) AppleWebKit/537.36 (KHTML, like Gecko) Chrome/56.0.2924.87 Safari/537.36|33
2017-02-23 10:31:38|GET|/jaha/apt/user/list/popup|500|?aptId=38|GET /jaha/apt/user/list/popup?aptId=38 HTTP/1.1|http://localhost:8888/jaha/apt/membership/list|Mozilla/5.0 (Windows NT 6.1; Win64; x64) AppleWebKit/537.36 (KHTML, like Gecko) Chrome/56.0.2924.87 Safari/537.36|266
2017-02-23 10:31:38|GET|/favicon.ico|200||GET /favicon.ico HTTP/1.1|http://localhost:8888/jaha/apt/user/list/popup?aptId=38|Mozilla/5.0 (Windows NT 6.1; Win64; x64) AppleWebKit/537.36 (KHTML, like Gecko) Chrome/56.0.2924.87 Safari/537.36|32
2017-02-23 10:32:00|GET|/jaha/apt/user/list/popup|500|?aptId=38|GET /jaha/apt/user/list/popup?aptId=38 HTTP/1.1|http://localhost:8888/jaha/apt/membership/list|Mozilla/5.0 (Windows NT 6.1; Win64; x64) AppleWebKit/537.36 (KHTML, like Gecko) Chrome/56.0.2924.87 Safari/537.36|248
2017-02-23 10:32:02|GET|/jaha/apt/user/list/popup|500|?aptId=38|GET /jaha/apt/user/list/popup?aptId=38 HTTP/1.1|http://localhost:8888/jaha/apt/membership/list|Mozilla/5.0 (Windows NT 6.1; Win64; x64) AppleWebKit/537.36 (KHTML, like Gecko) Chrome/56.0.2924.87 Safari/537.36|241
2017-02-23 10:32:02|GET|/jaha/apt/user/list/popup|500|?aptId=38|GET /jaha/apt/user/list/popup?aptId=38 HTTP/1.1|http://localhost:8888/jaha/apt/membership/list|Mozilla/5.0 (Windows NT 6.1; Win64; x64) AppleWebKit/537.36 (KHTML, like Gecko) Chrome/56.0.2924.87 Safari/537.36|241
2017-02-23 10:32:36|GET|/jaha/apt/user/list/popup|500|?aptId=38|GET /jaha/apt/user/list/popup?aptId=38 HTTP/1.1|http://localhost:8888/jaha/apt/membership/list|Mozilla/5.0 (Windows NT 6.1; Win64; x64) AppleWebKit/537.36 (KHTML, like Gecko) Chrome/56.0.2924.87 Safari/537.36|291
2017-02-23 10:33:21|GET|/jaha/apt/user/list/popup|500|?aptId=38|GET /jaha/apt/user/list/popup?aptId=38 HTTP/1.1|http://localhost:8888/jaha/apt/membership/list|Mozilla/5.0 (Windows NT 6.1; Win64; x64) AppleWebKit/537.36 (KHTML, like Gecko) Chrome/56.0.2924.87 Safari/537.36|274
2017-02-23 10:33:22|GET|/jaha/apt/user/list/popup|500|?aptId=38|GET /jaha/apt/user/list/popup?aptId=38 HTTP/1.1|http://localhost:8888/jaha/apt/membership/list|Mozilla/5.0 (Windows NT 6.1; Win64; x64) AppleWebKit/537.36 (KHTML, like Gecko) Chrome/56.0.2924.87 Safari/537.36|324
2017-02-23 10:33:27|GET|/jaha/apt/user/list/popup|500|?aptId=38|GET /jaha/apt/user/list/popup?aptId=38 HTTP/1.1|http://localhost:8888/jaha/apt/membership/list|Mozilla/5.0 (Windows NT 6.1; Win64; x64) AppleWebKit/537.36 (KHTML, like Gecko) Chrome/56.0.2924.87 Safari/537.36|264
2017-02-23 10:33:31|GET|/jaha/apt/user/list/popup|200|?aptId=38|GET /jaha/apt/user/list/popup?aptId=38 HTTP/1.1|http://localhost:8888/jaha/apt/membership/list|Mozilla/5.0 (Windows NT 6.1; Win64; x64) AppleWebKit/537.36 (KHTML, like Gecko) Chrome/56.0.2924.87 Safari/537.36|268
2017-02-23 10:33:31|GET|/jaha/apt/user/list/popup-data|200|?pageNum=1&aptId=38&reg_date=&monitoringType=&user_type=|GET /jaha/apt/user/list/popup-data?pageNum=1&aptId=38&reg_date=&monitoringType=&user_type= HTTP/1.1|http://localhost:8888/jaha/apt/user/list/popup?aptId=38|Mozilla/5.0 (Windows NT 6.1; Win64; x64) AppleWebKit/537.36 (KHTML, like Gecko) Chrome/56.0.2924.87 Safari/537.36|139
2017-02-23 10:33:46|GET|/jaha/apt/user/list/popup|200|?aptId=38|GET /jaha/apt/user/list/popup?aptId=38 HTTP/1.1|http://localhost:8888/jaha/apt/membership/list|Mozilla/5.0 (Windows NT 6.1; Win64; x64) AppleWebKit/537.36 (KHTML, like Gecko) Chrome/56.0.2924.87 Safari/537.36|252
2017-02-23 10:33:46|GET|/jaha/apt/user/list/popup-data|200|?pageNum=1&aptId=38&reg_date=&monitoringType=&user_type=|GET /jaha/apt/user/list/popup-data?pageNum=1&aptId=38&reg_date=&monitoringType=&user_type= HTTP/1.1|http://localhost:8888/jaha/apt/user/list/popup?aptId=38|Mozilla/5.0 (Windows NT 6.1; Win64; x64) AppleWebKit/537.36 (KHTML, like Gecko) Chrome/56.0.2924.87 Safari/537.36|127
2017-02-23 10:34:09|GET|/jaha/apt/user/list/popup|500|?aptId=38|GET /jaha/apt/user/list/popup?aptId=38 HTTP/1.1|http://localhost:8888/jaha/apt/membership/list|Mozilla/5.0 (Windows NT 6.1; Win64; x64) AppleWebKit/537.36 (KHTML, like Gecko) Chrome/56.0.2924.87 Safari/537.36|291
2017-02-23 10:34:21|GET|/jaha/apt/user/list/popup|500|?aptId=38|GET /jaha/apt/user/list/popup?aptId=38 HTTP/1.1|http://localhost:8888/jaha/apt/membership/list|Mozilla/5.0 (Windows NT 6.1; Win64; x64) AppleWebKit/537.36 (KHTML, like Gecko) Chrome/56.0.2924.87 Safari/537.36|284
2017-02-23 10:34:33|GET|/jaha/apt/user/list/popup|200|?aptId=38|GET /jaha/apt/user/list/popup?aptId=38 HTTP/1.1|http://localhost:8888/jaha/apt/membership/list|Mozilla/5.0 (Windows NT 6.1; Win64; x64) AppleWebKit/537.36 (KHTML, like Gecko) Chrome/56.0.2924.87 Safari/537.36|258
2017-02-23 10:34:33|GET|/jaha/apt/user/list/popup-data|200|?pageNum=1&aptId=38&reg_date=&monitoringType=&user_type=|GET /jaha/apt/user/list/popup-data?pageNum=1&aptId=38&reg_date=&monitoringType=&user_type= HTTP/1.1|http://localhost:8888/jaha/apt/user/list/popup?aptId=38|Mozilla/5.0 (Windows NT 6.1; Win64; x64) AppleWebKit/537.36 (KHTML, like Gecko) Chrome/56.0.2924.87 Safari/537.36|133
2017-02-23 10:34:50|GET|/jaha/apt/user/list/popup|200|?aptId=38|GET /jaha/apt/user/list/popup?aptId=38 HTTP/1.1|http://localhost:8888/jaha/apt/membership/list|Mozilla/5.0 (Windows NT 6.1; Win64; x64) AppleWebKit/537.36 (KHTML, like Gecko) Chrome/56.0.2924.87 Safari/537.36|261
2017-02-23 10:34:50|GET|/jaha/apt/user/list/popup-data|200|?pageNum=1&aptId=38&reg_date=&monitoringType=&user_type=|GET /jaha/apt/user/list/popup-data?pageNum=1&aptId=38&reg_date=&monitoringType=&user_type= HTTP/1.1|http://localhost:8888/jaha/apt/user/list/popup?aptId=38|Mozilla/5.0 (Windows NT 6.1; Win64; x64) AppleWebKit/537.36 (KHTML, like Gecko) Chrome/56.0.2924.87 Safari/537.36|121
2017-02-23 10:34:51|GET|/jaha/apt/user/list/popup|200|?aptId=38|GET /jaha/apt/user/list/popup?aptId=38 HTTP/1.1|http://localhost:8888/jaha/apt/membership/list|Mozilla/5.0 (Windows NT 6.1; Win64; x64) AppleWebKit/537.36 (KHTML, like Gecko) Chrome/56.0.2924.87 Safari/537.36|265
2017-02-23 10:34:51|GET|/jaha/apt/user/list/popup-data|200|?pageNum=1&aptId=38&reg_date=&monitoringType=&user_type=|GET /jaha/apt/user/list/popup-data?pageNum=1&aptId=38&reg_date=&monitoringType=&user_type= HTTP/1.1|http://localhost:8888/jaha/apt/user/list/popup?aptId=38|Mozilla/5.0 (Windows NT 6.1; Win64; x64) AppleWebKit/537.36 (KHTML, like Gecko) Chrome/56.0.2924.87 Safari/537.36|140
2017-02-23 10:34:52|GET|/jaha/apt/user/list/popup|200|?aptId=38|GET /jaha/apt/user/list/popup?aptId=38 HTTP/1.1|http://localhost:8888/jaha/apt/membership/list|Mozilla/5.0 (Windows NT 6.1; Win64; x64) AppleWebKit/537.36 (KHTML, like Gecko) Chrome/56.0.2924.87 Safari/537.36|242
2017-02-23 10:34:52|GET|/jaha/apt/user/list/popup-data|200|?pageNum=1&aptId=38&reg_date=&monitoringType=&user_type=|GET /jaha/apt/user/list/popup-data?pageNum=1&aptId=38&reg_date=&monitoringType=&user_type= HTTP/1.1|http://localhost:8888/jaha/apt/user/list/popup?aptId=38|Mozilla/5.0 (Windows NT 6.1; Win64; x64) AppleWebKit/537.36 (KHTML, like Gecko) Chrome/56.0.2924.87 Safari/537.36|129
2017-02-23 10:43:56|GET|/jaha/apt/user/list/popup|200|?aptId=38|GET /jaha/apt/user/list/popup?aptId=38 HTTP/1.1|http://localhost:8888/jaha/apt/membership/list|Mozilla/5.0 (Windows NT 6.1; Win64; x64) AppleWebKit/537.36 (KHTML, like Gecko) Chrome/56.0.2924.87 Safari/537.36|653
2017-02-23 10:43:56|GET|/jaha/apt/user/list/popup-data|200|?pageNum=1&aptId=38&reg_date=&monitoringType=&user_type=&searchAuth=&searchType=&searchKeyword=|GET /jaha/apt/user/list/popup-data?pageNum=1&aptId=38&reg_date=&monitoringType=&user_type=&searchAuth=&searchType=&searchKeyword= HTTP/1.1|http://localhost:8888/jaha/apt/user/list/popup?aptId=38|Mozilla/5.0 (Windows NT 6.1; Win64; x64) AppleWebKit/537.36 (KHTML, like Gecko) Chrome/56.0.2924.87 Safari/537.36|303
2017-02-23 10:44:20|GET|/jaha/apt/user/list/popup-data|200|?pageNum=1&aptId=38&reg_date=&monitoringType=&user_type=&searchAuth=user&searchType=&searchKeyword=|GET /jaha/apt/user/list/popup-data?pageNum=1&aptId=38&reg_date=&monitoringType=&user_type=&searchAuth=user&searchType=&searchKeyword= HTTP/1.1|http://localhost:8888/jaha/apt/user/list/popup?aptId=38|Mozilla/5.0 (Windows NT 6.1; Win64; x64) AppleWebKit/537.36 (KHTML, like Gecko) Chrome/56.0.2924.87 Safari/537.36|185
2017-02-23 10:47:03|GET|/jaha/user/list|200||GET /jaha/user/list HTTP/1.1|http://localhost:8888/jaha/apt/membership/list|Mozilla/5.0 (Windows NT 6.1; Win64; x64) AppleWebKit/537.36 (KHTML, like Gecko) Chrome/56.0.2924.87 Safari/537.36|722
2017-02-23 10:47:07|GET|/jaha/user/list|200|?page=0&size=10&sort=regDate,DESC|GET /jaha/user/list?page=0&size=10&sort=regDate,DESC HTTP/1.1|http://localhost:8888/jaha/user/list|Mozilla/5.0 (Windows NT 6.1; Win64; x64) AppleWebKit/537.36 (KHTML, like Gecko) Chrome/56.0.2924.87 Safari/537.36|622
2017-02-23 10:47:12|GET|/jaha/user/list|200|?page=0&size=10&sort=regDate,DESC&searchAuth=user|GET /jaha/user/list?page=0&size=10&sort=regDate,DESC&searchAuth=user HTTP/1.1|http://localhost:8888/jaha/user/list?page=0&size=10&sort=regDate,DESC|Mozilla/5.0 (Windows NT 6.1; Win64; x64) AppleWebKit/537.36 (KHTML, like Gecko) Chrome/56.0.2924.87 Safari/537.36|629
2017-02-23 10:51:08|GET|/jaha/apt/user/list/popup-data|200|?pageNum=1&aptId=38&reg_date=&monitoringType=&user_type=&searchAuth=user&searchType=&searchKeyword=|GET /jaha/apt/user/list/popup-data?pageNum=1&aptId=38&reg_date=&monitoringType=&user_type=&searchAuth=user&searchType=&searchKeyword= HTTP/1.1|http://localhost:8888/jaha/apt/user/list/popup?aptId=38|Mozilla/5.0 (Windows NT 6.1; Win64; x64) AppleWebKit/537.36 (KHTML, like Gecko) Chrome/56.0.2924.87 Safari/537.36|488
2017-02-23 10:51:26|GET|/jaha/apt/user/list/popup-data|200|?pageNum=1&aptId=38&reg_date=&monitoringType=&user_type=&searchAuth=houseHost&searchType=&searchKeyword=|GET /jaha/apt/user/list/popup-data?pageNum=1&aptId=38&reg_date=&monitoringType=&user_type=&searchAuth=houseHost&searchType=&searchKeyword= HTTP/1.1|http://localhost:8888/jaha/apt/user/list/popup?aptId=38|Mozilla/5.0 (Windows NT 6.1; Win64; x64) AppleWebKit/537.36 (KHTML, like Gecko) Chrome/56.0.2924.87 Safari/537.36|198
2017-02-23 10:52:33|GET|/jaha/apt/user/list/popup|200|?aptId=38|GET /jaha/apt/user/list/popup?aptId=38 HTTP/1.1|http://localhost:8888/jaha/apt/membership/list|Mozilla/5.0 (Windows NT 6.1; Win64; x64) AppleWebKit/537.36 (KHTML, like Gecko) Chrome/56.0.2924.87 Safari/537.36|565
2017-02-23 10:52:34|GET|/jaha/apt/user/list/popup-data|200|?pageNum=1&aptId=38&reg_date=&monitoringType=&user_type=&searchAuth=&searchType=&searchKeyword=|GET /jaha/apt/user/list/popup-data?pageNum=1&aptId=38&reg_date=&monitoringType=&user_type=&searchAuth=&searchType=&searchKeyword= HTTP/1.1|http://localhost:8888/jaha/apt/user/list/popup?aptId=38|Mozilla/5.0 (Windows NT 6.1; Win64; x64) AppleWebKit/537.36 (KHTML, like Gecko) Chrome/56.0.2924.87 Safari/537.36|181
2017-02-23 10:52:37|GET|/jaha/apt/user/list/popup-data|200|?pageNum=1&aptId=38&reg_date=&monitoringType=&user_type=&searchAuth=house_host&searchType=&searchKeyword=|GET /jaha/apt/user/list/popup-data?pageNum=1&aptId=38&reg_date=&monitoringType=&user_type=&searchAuth=house_host&searchType=&searchKeyword= HTTP/1.1|http://localhost:8888/jaha/apt/user/list/popup?aptId=38|Mozilla/5.0 (Windows NT 6.1; Win64; x64) AppleWebKit/537.36 (KHTML, like Gecko) Chrome/56.0.2924.87 Safari/537.36|181
2017-02-23 10:52:42|GET|/jaha/apt/user/list/popup-data|200|?pageNum=1&aptId=38&reg_date=&monitoringType=&user_type=&searchAuth=owner&searchType=&searchKeyword=|GET /jaha/apt/user/list/popup-data?pageNum=1&aptId=38&reg_date=&monitoringType=&user_type=&searchAuth=owner&searchType=&searchKeyword= HTTP/1.1|http://localhost:8888/jaha/apt/user/list/popup?aptId=38|Mozilla/5.0 (Windows NT 6.1; Win64; x64) AppleWebKit/537.36 (KHTML, like Gecko) Chrome/56.0.2924.87 Safari/537.36|172
2017-02-23 10:52:46|GET|/jaha/apt/user/list/popup-data|200|?pageNum=1&aptId=38&reg_date=&monitoringType=&user_type=&searchAuth=deactivated&searchType=&searchKeyword=|GET /jaha/apt/user/list/popup-data?pageNum=1&aptId=38&reg_date=&monitoringType=&user_type=&searchAuth=deactivated&searchType=&searchKeyword= HTTP/1.1|http://localhost:8888/jaha/apt/user/list/popup?aptId=38|Mozilla/5.0 (Windows NT 6.1; Win64; x64) AppleWebKit/537.36 (KHTML, like Gecko) Chrome/56.0.2924.87 Safari/537.36|154
2017-02-23 10:52:51|GET|/jaha/apt/user/list/popup-data|200|?pageNum=1&aptId=38&reg_date=&monitoringType=&user_type=&searchAuth=deactivated&searchType=&searchKeyword=%E3%85%87|GET /jaha/apt/user/list/popup-data?pageNum=1&aptId=38&reg_date=&monitoringType=&user_type=&searchAuth=deactivated&searchType=&searchKeyword=%E3%85%87 HTTP/1.1|http://localhost:8888/jaha/apt/user/list/popup?aptId=38|Mozilla/5.0 (Windows NT 6.1; Win64; x64) AppleWebKit/537.36 (KHTML, like Gecko) Chrome/56.0.2924.87 Safari/537.36|161
2017-02-23 10:53:00|GET|/jaha/apt/user/list/popup-data|200|?pageNum=1&aptId=38&reg_date=&monitoringType=&user_type=&searchAuth=deactivated&searchType=&searchKeyword=%E3%85%87|GET /jaha/apt/user/list/popup-data?pageNum=1&aptId=38&reg_date=&monitoringType=&user_type=&searchAuth=deactivated&searchType=&searchKeyword=%E3%85%87 HTTP/1.1|http://localhost:8888/jaha/apt/user/list/popup?aptId=38|Mozilla/5.0 (Windows NT 6.1; Win64; x64) AppleWebKit/537.36 (KHTML, like Gecko) Chrome/56.0.2924.87 Safari/537.36|144
2017-02-23 10:54:45|GET|/jaha/apt/user/list/popup-data|200|?pageNum=1&aptId=38&reg_date=&monitoringType=&user_type=&searchAuth=deactivated&searchType=&searchKeyword=%E3%85%87|GET /jaha/apt/user/list/popup-data?pageNum=1&aptId=38&reg_date=&monitoringType=&user_type=&searchAuth=deactivated&searchType=&searchKeyword=%E3%85%87 HTTP/1.1|http://localhost:8888/jaha/apt/user/list/popup?aptId=38|Mozilla/5.0 (Windows NT 6.1; Win64; x64) AppleWebKit/537.36 (KHTML, like Gecko) Chrome/56.0.2924.87 Safari/537.36|565
2017-02-23 10:54:46|GET|/jaha/apt/user/list/popup-data|200|?pageNum=1&aptId=38&reg_date=&monitoringType=&user_type=&searchAuth=deactivated&searchType=&searchKeyword=%E3%85%87|GET /jaha/apt/user/list/popup-data?pageNum=1&aptId=38&reg_date=&monitoringType=&user_type=&searchAuth=deactivated&searchType=&searchKeyword=%E3%85%87 HTTP/1.1|http://localhost:8888/jaha/apt/user/list/popup?aptId=38|Mozilla/5.0 (Windows NT 6.1; Win64; x64) AppleWebKit/537.36 (KHTML, like Gecko) Chrome/56.0.2924.87 Safari/537.36|149
2017-02-23 10:54:48|GET|/jaha/apt/user/list/popup-data|200|?pageNum=1&aptId=38&reg_date=&monitoringType=&user_type=&searchAuth=deactivated&searchType=&searchKeyword=%E3%85%87|GET /jaha/apt/user/list/popup-data?pageNum=1&aptId=38&reg_date=&monitoringType=&user_type=&searchAuth=deactivated&searchType=&searchKeyword=%E3%85%87 HTTP/1.1|http://localhost:8888/jaha/apt/user/list/popup?aptId=38|Mozilla/5.0 (Windows NT 6.1; Win64; x64) AppleWebKit/537.36 (KHTML, like Gecko) Chrome/56.0.2924.87 Safari/537.36|160
2017-02-23 10:54:52|GET|/jaha/apt/user/list/popup|200|?aptId=38|GET /jaha/apt/user/list/popup?aptId=38 HTTP/1.1|http://localhost:8888/jaha/apt/membership/list|Mozilla/5.0 (Windows NT 6.1; Win64; x64) AppleWebKit/537.36 (KHTML, like Gecko) Chrome/56.0.2924.87 Safari/537.36|516
2017-02-23 10:54:52|GET|/css/sb-admin-2.css|200||GET /css/sb-admin-2.css HTTP/1.1|http://localhost:8888/jaha/apt/user/list/popup?aptId=38|Mozilla/5.0 (Windows NT 6.1; Win64; x64) AppleWebKit/537.36 (KHTML, like Gecko) Chrome/56.0.2924.87 Safari/537.36|104
2017-02-23 10:54:52|GET|/font-awesome/css/font-awesome.css|200||GET /font-awesome/css/font-awesome.css HTTP/1.1|http://localhost:8888/jaha/apt/user/list/popup?aptId=38|Mozilla/5.0 (Windows NT 6.1; Win64; x64) AppleWebKit/537.36 (KHTML, like Gecko) Chrome/56.0.2924.87 Safari/537.36|112
2017-02-23 10:54:52|GET|/js/jquery-1.11.2.min.js|200||GET /js/jquery-1.11.2.min.js HTTP/1.1|http://localhost:8888/jaha/apt/user/list/popup?aptId=38|Mozilla/5.0 (Windows NT 6.1; Win64; x64) AppleWebKit/537.36 (KHTML, like Gecko) Chrome/56.0.2924.87 Safari/537.36|121
2017-02-23 10:54:52|GET|/js/bootstrap.min.js|200||GET /js/bootstrap.min.js HTTP/1.1|http://localhost:8888/jaha/apt/user/list/popup?aptId=38|Mozilla/5.0 (Windows NT 6.1; Win64; x64) AppleWebKit/537.36 (KHTML, like Gecko) Chrome/56.0.2924.87 Safari/537.36|85
2017-02-23 10:54:52|GET|/css/bootstrap.min.css|200||GET /css/bootstrap.min.css HTTP/1.1|http://localhost:8888/jaha/apt/user/list/popup?aptId=38|Mozilla/5.0 (Windows NT 6.1; Win64; x64) AppleWebKit/537.36 (KHTML, like Gecko) Chrome/56.0.2924.87 Safari/537.36|92
2017-02-23 10:54:52|GET|/js/moment-with-locales.js|200||GET /js/moment-with-locales.js HTTP/1.1|http://localhost:8888/jaha/apt/user/list/popup?aptId=38|Mozilla/5.0 (Windows NT 6.1; Win64; x64) AppleWebKit/537.36 (KHTML, like Gecko) Chrome/56.0.2924.87 Safari/537.36|159
2017-02-23 10:54:52|GET|/js/common.js|200||GET /js/common.js HTTP/1.1|http://localhost:8888/jaha/apt/user/list/popup?aptId=38|Mozilla/5.0 (Windows NT 6.1; Win64; x64) AppleWebKit/537.36 (KHTML, like Gecko) Chrome/56.0.2924.87 Safari/537.36|59
2017-02-23 10:54:52|GET|/jaha/apt/user/list/popup-data|200|?pageNum=1&aptId=38&reg_date=&monitoringType=&user_type=&searchAuth=&searchType=&searchWord=|GET /jaha/apt/user/list/popup-data?pageNum=1&aptId=38&reg_date=&monitoringType=&user_type=&searchAuth=&searchType=&searchWord= HTTP/1.1|http://localhost:8888/jaha/apt/user/list/popup?aptId=38|Mozilla/5.0 (Windows NT 6.1; Win64; x64) AppleWebKit/537.36 (KHTML, like Gecko) Chrome/56.0.2924.87 Safari/537.36|150
2017-02-23 10:54:59|GET|/jaha/apt/user/list/popup-data|200|?pageNum=1&aptId=38&reg_date=&monitoringType=&user_type=&searchAuth=house_host&searchType=&searchWord=|GET /jaha/apt/user/list/popup-data?pageNum=1&aptId=38&reg_date=&monitoringType=&user_type=&searchAuth=house_host&searchType=&searchWord= HTTP/1.1|http://localhost:8888/jaha/apt/user/list/popup?aptId=38|Mozilla/5.0 (Windows NT 6.1; Win64; x64) AppleWebKit/537.36 (KHTML, like Gecko) Chrome/56.0.2924.87 Safari/537.36|152
2017-02-23 10:55:06|GET|/jaha/apt/user/list/popup-data|200|?pageNum=1&aptId=38&reg_date=&monitoringType=&user_type=&searchAuth=admin&searchType=&searchWord=|GET /jaha/apt/user/list/popup-data?pageNum=1&aptId=38&reg_date=&monitoringType=&user_type=&searchAuth=admin&searchType=&searchWord= HTTP/1.1|http://localhost:8888/jaha/apt/user/list/popup?aptId=38|Mozilla/5.0 (Windows NT 6.1; Win64; x64) AppleWebKit/537.36 (KHTML, like Gecko) Chrome/56.0.2924.87 Safari/537.36|166
2017-02-23 10:55:10|GET|/jaha/apt/user/list/popup-data|200|?pageNum=1&aptId=38&reg_date=&monitoringType=&user_type=&searchAuth=admin&searchType=&searchWord=%E3%84%B4|GET /jaha/apt/user/list/popup-data?pageNum=1&aptId=38&reg_date=&monitoringType=&user_type=&searchAuth=admin&searchType=&searchWord=%E3%84%B4 HTTP/1.1|http://localhost:8888/jaha/apt/user/list/popup?aptId=38|Mozilla/5.0 (Windows NT 6.1; Win64; x64) AppleWebKit/537.36 (KHTML, like Gecko) Chrome/56.0.2924.87 Safari/537.36|163
2017-02-23 10:55:17|GET|/jaha/apt/user/list/popup-data|200|?pageNum=1&aptId=38&reg_date=&monitoringType=&user_type=&searchAuth=admin&searchType=fullName&searchWord=%E3%84%B4|GET /jaha/apt/user/list/popup-data?pageNum=1&aptId=38&reg_date=&monitoringType=&user_type=&searchAuth=admin&searchType=fullName&searchWord=%E3%84%B4 HTTP/1.1|http://localhost:8888/jaha/apt/user/list/popup?aptId=38|Mozilla/5.0 (Windows NT 6.1; Win64; x64) AppleWebKit/537.36 (KHTML, like Gecko) Chrome/56.0.2924.87 Safari/537.36|165
2017-02-23 10:55:20|GET|/jaha/apt/user/list/popup-data|200|?pageNum=1&aptId=38&reg_date=&monitoringType=&user_type=&searchAuth=admin&searchType=fullName&searchWord=%ED%9B%88|GET /jaha/apt/user/list/popup-data?pageNum=1&aptId=38&reg_date=&monitoringType=&user_type=&searchAuth=admin&searchType=fullName&searchWord=%ED%9B%88 HTTP/1.1|http://localhost:8888/jaha/apt/user/list/popup?aptId=38|Mozilla/5.0 (Windows NT 6.1; Win64; x64) AppleWebKit/537.36 (KHTML, like Gecko) Chrome/56.0.2924.87 Safari/537.36|149
2017-02-23 10:55:23|GET|/jaha/apt/user/list/popup|200|?searchAuth=admin&searchType=fullName&searchWord=%EC%84%B1%ED%9B%88|GET /jaha/apt/user/list/popup?searchAuth=admin&searchType=fullName&searchWord=%EC%84%B1%ED%9B%88 HTTP/1.1|http://localhost:8888/jaha/apt/user/list/popup?aptId=38|Mozilla/5.0 (Windows NT 6.1; Win64; x64) AppleWebKit/537.36 (KHTML, like Gecko) Chrome/56.0.2924.87 Safari/537.36|258
2017-02-23 10:55:29|GET|/jaha/apt/user/list/popup|200|?searchAuth=&searchType=&searchWord=%EA%B9%80%EC%84%B1%ED%9B%88|GET /jaha/apt/user/list/popup?searchAuth=&searchType=&searchWord=%EA%B9%80%EC%84%B1%ED%9B%88 HTTP/1.1|http://localhost:8888/jaha/apt/user/list/popup?searchAuth=admin&searchType=fullName&searchWord=%EC%84%B1%ED%9B%88|Mozilla/5.0 (Windows NT 6.1; Win64; x64) AppleWebKit/537.36 (KHTML, like Gecko) Chrome/56.0.2924.87 Safari/537.36|239
2017-02-23 10:55:35|GET|/jaha/apt/user/list/popup-data|200|?pageNum=1&aptId=&reg_date=&monitoringType=&user_type=&searchAuth=&searchType=&searchWord=|GET /jaha/apt/user/list/popup-data?pageNum=1&aptId=&reg_date=&monitoringType=&user_type=&searchAuth=&searchType=&searchWord= HTTP/1.1|http://localhost:8888/jaha/apt/user/list/popup?searchAuth=admin&searchType=fullName&searchWord=%EC%84%B1%ED%9B%88|Mozilla/5.0 (Windows NT 6.1; Win64; x64) AppleWebKit/537.36 (KHTML, like Gecko) Chrome/56.0.2924.87 Safari/537.36|12148
2017-02-23 10:55:46|GET|/jaha/apt/user/list/popup-data|200|?pageNum=1&aptId=&reg_date=&monitoringType=&user_type=&searchAuth=&searchType=&searchWord=|GET /jaha/apt/user/list/popup-data?pageNum=1&aptId=&reg_date=&monitoringType=&user_type=&searchAuth=&searchType=&searchWord= HTTP/1.1|http://localhost:8888/jaha/apt/user/list/popup?searchAuth=&searchType=&searchWord=%EA%B9%80%EC%84%B1%ED%9B%88|Mozilla/5.0 (Windows NT 6.1; Win64; x64) AppleWebKit/537.36 (KHTML, like Gecko) Chrome/56.0.2924.87 Safari/537.36|14764
2017-02-23 10:55:50|GET|/jaha/apt/user/list/popup-data|200|?pageNum=1&aptId=&reg_date=&monitoringType=&user_type=&searchAuth=&searchType=&searchWord=%EA%B9%80%EC%84%B1%ED%9B%88|GET /jaha/apt/user/list/popup-data?pageNum=1&aptId=&reg_date=&monitoringType=&user_type=&searchAuth=&searchType=&searchWord=%EA%B9%80%EC%84%B1%ED%9B%88 HTTP/1.1|http://localhost:8888/jaha/apt/user/list/popup?searchAuth=&searchType=&searchWord=%EA%B9%80%EC%84%B1%ED%9B%88|Mozilla/5.0 (Windows NT 6.1; Win64; x64) AppleWebKit/537.36 (KHTML, like Gecko) Chrome/56.0.2924.87 Safari/537.36|14812
2017-02-23 10:56:21|GET|/jaha/apt/user/list/popup-data|200|?pageNum=1&aptId=&reg_date=&monitoringType=&user_type=&searchAuth=&searchType=&searchWord=%EA%B9%80%EC%84%B1%ED%9B%88|GET /jaha/apt/user/list/popup-data?pageNum=1&aptId=&reg_date=&monitoringType=&user_type=&searchAuth=&searchType=&searchWord=%EA%B9%80%EC%84%B1%ED%9B%88 HTTP/1.1|http://localhost:8888/jaha/apt/user/list/popup?searchAuth=&searchType=&searchWord=%EA%B9%80%EC%84%B1%ED%9B%88|Mozilla/5.0 (Windows NT 6.1; Win64; x64) AppleWebKit/537.36 (KHTML, like Gecko) Chrome/56.0.2924.87 Safari/537.36|183
2017-02-23 10:58:37|GET|/jaha/apt/user/list/popup|200|?searchAuth=&searchType=&searchWord=%EA%B9%80%EC%84%B1%ED%9B%88|GET /jaha/apt/user/list/popup?searchAuth=&searchType=&searchWord=%EA%B9%80%EC%84%B1%ED%9B%88 HTTP/1.1|http://localhost:8888/jaha/apt/user/list/popup?searchAuth=admin&searchType=fullName&searchWord=%EC%84%B1%ED%9B%88|Mozilla/5.0 (Windows NT 6.1; Win64; x64) AppleWebKit/537.36 (KHTML, like Gecko) Chrome/56.0.2924.87 Safari/537.36|278
2017-02-23 10:58:37|GET|/jaha/apt/user/list/popup-data|200|?pageNum=1&aptId=&reg_date=&monitoringType=&user_type=|GET /jaha/apt/user/list/popup-data?pageNum=1&aptId=&reg_date=&monitoringType=&user_type= HTTP/1.1|http://localhost:8888/jaha/apt/user/list/popup?searchAuth=&searchType=&searchWord=%EA%B9%80%EC%84%B1%ED%9B%88|Mozilla/5.0 (Windows NT 6.1; Win64; x64) AppleWebKit/537.36 (KHTML, like Gecko) Chrome/56.0.2924.87 Safari/537.36|143
2017-02-23 10:59:30|GET|/jaha/apt/user/list/popup|200|?searchAuth=&searchType=&searchWord=%EA%B9%80%EC%84%B1%ED%9B%88|GET /jaha/apt/user/list/popup?searchAuth=&searchType=&searchWord=%EA%B9%80%EC%84%B1%ED%9B%88 HTTP/1.1|http://localhost:8888/jaha/apt/user/list/popup?searchAuth=admin&searchType=fullName&searchWord=%EC%84%B1%ED%9B%88|Mozilla/5.0 (Windows NT 6.1; Win64; x64) AppleWebKit/537.36 (KHTML, like Gecko) Chrome/56.0.2924.87 Safari/537.36|259
2017-02-23 10:59:30|GET|/jaha/apt/user/list/popup-data|200|?pageNum=1&aptId=&reg_date=&monitoringType=&user_type=|GET /jaha/apt/user/list/popup-data?pageNum=1&aptId=&reg_date=&monitoringType=&user_type= HTTP/1.1|http://localhost:8888/jaha/apt/user/list/popup?searchAuth=&searchType=&searchWord=%EA%B9%80%EC%84%B1%ED%9B%88|Mozilla/5.0 (Windows NT 6.1; Win64; x64) AppleWebKit/537.36 (KHTML, like Gecko) Chrome/56.0.2924.87 Safari/537.36|144
2017-02-23 10:59:51|GET|/jaha/apt/user/list/popup|200|?searchAuth=&searchType=&searchWord=%EA%B9%80%EC%84%B1%ED%9B%88|GET /jaha/apt/user/list/popup?searchAuth=&searchType=&searchWord=%EA%B9%80%EC%84%B1%ED%9B%88 HTTP/1.1|http://localhost:8888/jaha/apt/user/list/popup?searchAuth=admin&searchType=fullName&searchWord=%EC%84%B1%ED%9B%88|Mozilla/5.0 (Windows NT 6.1; Win64; x64) AppleWebKit/537.36 (KHTML, like Gecko) Chrome/56.0.2924.87 Safari/537.36|228
2017-02-23 10:59:51|GET|/css/sb-admin-2.css|200||GET /css/sb-admin-2.css HTTP/1.1|http://localhost:8888/jaha/apt/user/list/popup?searchAuth=&searchType=&searchWord=%EA%B9%80%EC%84%B1%ED%9B%88|Mozilla/5.0 (Windows NT 6.1; Win64; x64) AppleWebKit/537.36 (KHTML, like Gecko) Chrome/56.0.2924.87 Safari/537.36|54
2017-02-23 10:59:51|GET|/font-awesome/css/font-awesome.css|200||GET /font-awesome/css/font-awesome.css HTTP/1.1|http://localhost:8888/jaha/apt/user/list/popup?searchAuth=&searchType=&searchWord=%EA%B9%80%EC%84%B1%ED%9B%88|Mozilla/5.0 (Windows NT 6.1; Win64; x64) AppleWebKit/537.36 (KHTML, like Gecko) Chrome/56.0.2924.87 Safari/537.36|61
2017-02-23 10:59:51|GET|/js/bootstrap.min.js|200||GET /js/bootstrap.min.js HTTP/1.1|http://localhost:8888/jaha/apt/user/list/popup?searchAuth=&searchType=&searchWord=%EA%B9%80%EC%84%B1%ED%9B%88|Mozilla/5.0 (Windows NT 6.1; Win64; x64) AppleWebKit/537.36 (KHTML, like Gecko) Chrome/56.0.2924.87 Safari/537.36|78
2017-02-23 10:59:51|GET|/js/jquery-1.11.2.min.js|200||GET /js/jquery-1.11.2.min.js HTTP/1.1|http://localhost:8888/jaha/apt/user/list/popup?searchAuth=&searchType=&searchWord=%EA%B9%80%EC%84%B1%ED%9B%88|Mozilla/5.0 (Windows NT 6.1; Win64; x64) AppleWebKit/537.36 (KHTML, like Gecko) Chrome/56.0.2924.87 Safari/537.36|82
2017-02-23 10:59:51|GET|/css/bootstrap.min.css|200||GET /css/bootstrap.min.css HTTP/1.1|http://localhost:8888/jaha/apt/user/list/popup?searchAuth=&searchType=&searchWord=%EA%B9%80%EC%84%B1%ED%9B%88|Mozilla/5.0 (Windows NT 6.1; Win64; x64) AppleWebKit/537.36 (KHTML, like Gecko) Chrome/56.0.2924.87 Safari/537.36|90
2017-02-23 10:59:51|GET|/js/moment-with-locales.js|200||GET /js/moment-with-locales.js HTTP/1.1|http://localhost:8888/jaha/apt/user/list/popup?searchAuth=&searchType=&searchWord=%EA%B9%80%EC%84%B1%ED%9B%88|Mozilla/5.0 (Windows NT 6.1; Win64; x64) AppleWebKit/537.36 (KHTML, like Gecko) Chrome/56.0.2924.87 Safari/537.36|86
2017-02-23 10:59:51|GET|/js/common.js|200||GET /js/common.js HTTP/1.1|http://localhost:8888/jaha/apt/user/list/popup?searchAuth=&searchType=&searchWord=%EA%B9%80%EC%84%B1%ED%9B%88|Mozilla/5.0 (Windows NT 6.1; Win64; x64) AppleWebKit/537.36 (KHTML, like Gecko) Chrome/56.0.2924.87 Safari/537.36|50
2017-02-23 10:59:52|GET|/jaha/apt/user/list/popup-data|200|?pageNum=1&aptId=&reg_date=&monitoringType=&user_type=|GET /jaha/apt/user/list/popup-data?pageNum=1&aptId=&reg_date=&monitoringType=&user_type= HTTP/1.1|http://localhost:8888/jaha/apt/user/list/popup?searchAuth=&searchType=&searchWord=%EA%B9%80%EC%84%B1%ED%9B%88|Mozilla/5.0 (Windows NT 6.1; Win64; x64) AppleWebKit/537.36 (KHTML, like Gecko) Chrome/56.0.2924.87 Safari/537.36|133
2017-02-23 10:59:54|GET|/jaha/apt/user/list/popup-data|200|?pageNum=1&aptId=&reg_date=&monitoringType=&user_type=&searchAuth=&searchType=&searchWord=%E3%85%8E%E3%85%8E|GET /jaha/apt/user/list/popup-data?pageNum=1&aptId=&reg_date=&monitoringType=&user_type=&searchAuth=&searchType=&searchWord=%E3%85%8E%E3%85%8E HTTP/1.1|http://localhost:8888/jaha/apt/user/list/popup?searchAuth=&searchType=&searchWord=%EA%B9%80%EC%84%B1%ED%9B%88|Mozilla/5.0 (Windows NT 6.1; Win64; x64) AppleWebKit/537.36 (KHTML, like Gecko) Chrome/56.0.2924.87 Safari/537.36|145
2017-02-23 10:59:57|GET|/jaha/apt/user/list/popup-data|200|?pageNum=1&aptId=&reg_date=&monitoringType=&user_type=&searchAuth=&searchType=fullName&searchWord=%E3%85%8E%E3%85%8E|GET /jaha/apt/user/list/popup-data?pageNum=1&aptId=&reg_date=&monitoringType=&user_type=&searchAuth=&searchType=fullName&searchWord=%E3%85%8E%E3%85%8E HTTP/1.1|http://localhost:8888/jaha/apt/user/list/popup?searchAuth=&searchType=&searchWord=%EA%B9%80%EC%84%B1%ED%9B%88|Mozilla/5.0 (Windows NT 6.1; Win64; x64) AppleWebKit/537.36 (KHTML, like Gecko) Chrome/56.0.2924.87 Safari/537.36|183
2017-02-23 11:01:28|GET|/jaha/apt/user/list/popup-data|200|?pageNum=1&aptId=&reg_date=&monitoringType=&user_type=&searchAuth=&searchType=fullName&searchWord=|GET /jaha/apt/user/list/popup-data?pageNum=1&aptId=&reg_date=&monitoringType=&user_type=&searchAuth=&searchType=fullName&searchWord= HTTP/1.1|http://localhost:8888/jaha/apt/user/list/popup?searchAuth=&searchType=&searchWord=%EA%B9%80%EC%84%B1%ED%9B%88|Mozilla/5.0 (Windows NT 6.1; Win64; x64) AppleWebKit/537.36 (KHTML, like Gecko) Chrome/56.0.2924.87 Safari/537.36|147
2017-02-23 11:01:44|GET|/jaha/apt/user/list/popup-data|200|?pageNum=1&aptId=&reg_date=&monitoringType=&user_type=&searchAuth=user&searchType=&searchWord=|GET /jaha/apt/user/list/popup-data?pageNum=1&aptId=&reg_date=&monitoringType=&user_type=&searchAuth=user&searchType=&searchWord= HTTP/1.1|http://localhost:8888/jaha/apt/user/list/popup?searchAuth=&searchType=&searchWord=%EA%B9%80%EC%84%B1%ED%9B%88|Mozilla/5.0 (Windows NT 6.1; Win64; x64) AppleWebKit/537.36 (KHTML, like Gecko) Chrome/56.0.2924.87 Safari/537.36|11958
2017-02-23 11:03:33|GET|/jaha/apt/user/list/popup-data|200|?pageNum=1&aptId=&reg_date=&monitoringType=&user_type=&searchAuth=user&searchType=&searchWord=|GET /jaha/apt/user/list/popup-data?pageNum=1&aptId=&reg_date=&monitoringType=&user_type=&searchAuth=user&searchType=&searchWord= HTTP/1.1|http://localhost:8888/jaha/apt/user/list/popup?searchAuth=&searchType=&searchWord=%EA%B9%80%EC%84%B1%ED%9B%88|Mozilla/5.0 (Windows NT 6.1; Win64; x64) AppleWebKit/537.36 (KHTML, like Gecko) Chrome/56.0.2924.87 Safari/537.36|158
2017-02-23 11:03:50|GET|/jaha/apt/user/list/popup|200|?searchAuth=&searchType=&searchWord=%EA%B9%80%EC%84%B1%ED%9B%88|GET /jaha/apt/user/list/popup?searchAuth=&searchType=&searchWord=%EA%B9%80%EC%84%B1%ED%9B%88 HTTP/1.1|http://localhost:8888/jaha/apt/user/list/popup?searchAuth=admin&searchType=fullName&searchWord=%EC%84%B1%ED%9B%88|Mozilla/5.0 (Windows NT 6.1; Win64; x64) AppleWebKit/537.36 (KHTML, like Gecko) Chrome/56.0.2924.87 Safari/537.36|258
2017-02-23 11:03:50|GET|/jaha/apt/user/list/popup-data|200|?pageNum=1&aptId=&reg_date=&monitoringType=&user_type=|GET /jaha/apt/user/list/popup-data?pageNum=1&aptId=&reg_date=&monitoringType=&user_type= HTTP/1.1|http://localhost:8888/jaha/apt/user/list/popup?searchAuth=&searchType=&searchWord=%EA%B9%80%EC%84%B1%ED%9B%88|Mozilla/5.0 (Windows NT 6.1; Win64; x64) AppleWebKit/537.36 (KHTML, like Gecko) Chrome/56.0.2924.87 Safari/537.36|135
2017-02-23 11:04:04|GET|/jaha/apt/membership/list|200||GET /jaha/apt/membership/list HTTP/1.1|http://localhost:8888/jaha/user/list?page=0&size=10&sort=regDate,DESC|Mozilla/5.0 (Windows NT 6.1; Win64; x64) AppleWebKit/537.36 (KHTML, like Gecko) Chrome/56.0.2924.87 Safari/537.36|278
2017-02-23 11:04:04|GET|/api/public/address/sido-names|200||GET /api/public/address/sido-names HTTP/1.1|http://localhost:8888/jaha/apt/membership/list|Mozilla/5.0 (Windows NT 6.1; Win64; x64) AppleWebKit/537.36 (KHTML, like Gecko) Chrome/56.0.2924.87 Safari/537.36|82
2017-02-23 11:04:04|GET|/jaha/apt/membership/list-data|200|?sidoNm=&sggNm=&sDate=2017-02-17&eDate=2017-02-23&pageSize=10&pageNum=1|GET /jaha/apt/membership/list-data?sidoNm=&sggNm=&sDate=2017-02-17&eDate=2017-02-23&pageSize=10&pageNum=1 HTTP/1.1|http://localhost:8888/jaha/apt/membership/list|Mozilla/5.0 (Windows NT 6.1; Win64; x64) AppleWebKit/537.36 (KHTML, like Gecko) Chrome/56.0.2924.87 Safari/537.36|467
2017-02-23 11:04:05|GET|/jaha/apt/ap/user/edoorMember/list-data|200|?sidoNm=&sggNm=&sDate=2017-02-17&eDate=2017-02-23&pageSize=10&pageNum=1|GET /jaha/apt/ap/user/edoorMember/list-data?sidoNm=&sggNm=&sDate=2017-02-17&eDate=2017-02-23&pageSize=10&pageNum=1 HTTP/1.1|http://localhost:8888/jaha/apt/membership/list|Mozilla/5.0 (Windows NT 6.1; Win64; x64) AppleWebKit/537.36 (KHTML, like Gecko) Chrome/56.0.2924.87 Safari/537.36|877
2017-02-23 11:04:22|GET|/jaha/apt/user/list/popup|200|?aptId=38|GET /jaha/apt/user/list/popup?aptId=38 HTTP/1.1|http://localhost:8888/jaha/apt/membership/list|Mozilla/5.0 (Windows NT 6.1; Win64; x64) AppleWebKit/537.36 (KHTML, like Gecko) Chrome/56.0.2924.87 Safari/537.36|280
2017-02-23 11:04:22|GET|/jaha/apt/user/list/popup-data|200|?pageNum=1&aptId=38&reg_date=&monitoringType=&user_type=|GET /jaha/apt/user/list/popup-data?pageNum=1&aptId=38&reg_date=&monitoringType=&user_type= HTTP/1.1|http://localhost:8888/jaha/apt/user/list/popup?aptId=38|Mozilla/5.0 (Windows NT 6.1; Win64; x64) AppleWebKit/537.36 (KHTML, like Gecko) Chrome/56.0.2924.87 Safari/537.36|141
2017-02-23 11:04:42|GET|/jaha/apt/user/list/popup-data|200|?pageNum=1&aptId=38&reg_date=&monitoringType=&user_type=&searchAuth=user&searchType=&searchWord=|GET /jaha/apt/user/list/popup-data?pageNum=1&aptId=38&reg_date=&monitoringType=&user_type=&searchAuth=user&searchType=&searchWord= HTTP/1.1|http://localhost:8888/jaha/apt/user/list/popup?aptId=38|Mozilla/5.0 (Windows NT 6.1; Win64; x64) AppleWebKit/537.36 (KHTML, like Gecko) Chrome/56.0.2924.87 Safari/537.36|144
2017-02-23 11:04:53|GET|/jaha/apt/user/list/popup-data|200|?pageNum=1&aptId=38&reg_date=&monitoringType=&user_type=&searchAuth=user&searchType=&searchWord=%E3%85%8E%E3%85%8E|GET /jaha/apt/user/list/popup-data?pageNum=1&aptId=38&reg_date=&monitoringType=&user_type=&searchAuth=user&searchType=&searchWord=%E3%85%8E%E3%85%8E HTTP/1.1|http://localhost:8888/jaha/apt/user/list/popup?aptId=38|Mozilla/5.0 (Windows NT 6.1; Win64; x64) AppleWebKit/537.36 (KHTML, like Gecko) Chrome/56.0.2924.87 Safari/537.36|141
2017-02-23 11:04:59|GET|/jaha/apt/user/list/popup-data|200|?pageNum=1&aptId=38&reg_date=&monitoringType=&user_type=&searchAuth=user&searchType=fullName&searchWord=%EC%A0%95%EB%82%99%EC%9E%AC|GET /jaha/apt/user/list/popup-data?pageNum=1&aptId=38&reg_date=&monitoringType=&user_type=&searchAuth=user&searchType=fullName&searchWord=%EC%A0%95%EB%82%99%EC%9E%AC HTTP/1.1|http://localhost:8888/jaha/apt/user/list/popup?aptId=38|Mozilla/5.0 (Windows NT 6.1; Win64; x64) AppleWebKit/537.36 (KHTML, like Gecko) Chrome/56.0.2924.87 Safari/537.36|148
2017-02-23 11:07:58|GET|/jaha/apt/user/list/popup-data|200|?pageNum=1&aptId=38&reg_date=&monitoringType=&user_type=&searchAuth=user&searchType=fullName&searchWord=%EC%A0%95%EB%82%99%EC%9E%AC|GET /jaha/apt/user/list/popup-data?pageNum=1&aptId=38&reg_date=&monitoringType=&user_type=&searchAuth=user&searchType=fullName&searchWord=%EC%A0%95%EB%82%99%EC%9E%AC HTTP/1.1|http://localhost:8888/jaha/apt/user/list/popup?aptId=38|Mozilla/5.0 (Windows NT 6.1; Win64; x64) AppleWebKit/537.36 (KHTML, like Gecko) Chrome/56.0.2924.87 Safari/537.36|422
2017-02-23 11:08:09|GET|/jaha/apt/user/list/popup-data|200|?pageNum=1&aptId=38&reg_date=&monitoringType=&user_type=&searchAuth=anonymous&searchType=fullName&searchWord=%EC%A0%95%EB%82%99%EC%9E%AC|GET /jaha/apt/user/list/popup-data?pageNum=1&aptId=38&reg_date=&monitoringType=&user_type=&searchAuth=anonymous&searchType=fullName&searchWord=%EC%A0%95%EB%82%99%EC%9E%AC HTTP/1.1|http://localhost:8888/jaha/apt/user/list/popup?aptId=38|Mozilla/5.0 (Windows NT 6.1; Win64; x64) AppleWebKit/537.36 (KHTML, like Gecko) Chrome/56.0.2924.87 Safari/537.36|170
2017-02-23 11:08:11|GET|/jaha/apt/user/list/popup-data|200|?pageNum=1&aptId=38&reg_date=&monitoringType=&user_type=&searchAuth=&searchType=fullName&searchWord=%EC%A0%95%EB%82%99%EC%9E%AC|GET /jaha/apt/user/list/popup-data?pageNum=1&aptId=38&reg_date=&monitoringType=&user_type=&searchAuth=&searchType=fullName&searchWord=%EC%A0%95%EB%82%99%EC%9E%AC HTTP/1.1|http://localhost:8888/jaha/apt/user/list/popup?aptId=38|Mozilla/5.0 (Windows NT 6.1; Win64; x64) AppleWebKit/537.36 (KHTML, like Gecko) Chrome/56.0.2924.87 Safari/537.36|155
2017-02-23 11:09:28|GET|/jaha/apt/membership/list-data|200|?sidoNm=&sggNm=&sDate=2016-05-02&eDate=2016-05-31&pageSize=10&pageNum=1|GET /jaha/apt/membership/list-data?sidoNm=&sggNm=&sDate=2016-05-02&eDate=2016-05-31&pageSize=10&pageNum=1 HTTP/1.1|http://localhost:8888/jaha/apt/membership/list|Mozilla/5.0 (Windows NT 6.1; Win64; x64) AppleWebKit/537.36 (KHTML, like Gecko) Chrome/56.0.2924.87 Safari/537.36|525
2017-02-23 11:09:28|GET|/jaha/apt/ap/user/edoorMember/list-data|200|?sidoNm=&sggNm=&sDate=2016-05-02&eDate=2016-05-31&pageSize=10&pageNum=1|GET /jaha/apt/ap/user/edoorMember/list-data?sidoNm=&sggNm=&sDate=2016-05-02&eDate=2016-05-31&pageSize=10&pageNum=1 HTTP/1.1|http://localhost:8888/jaha/apt/membership/list|Mozilla/5.0 (Windows NT 6.1; Win64; x64) AppleWebKit/537.36 (KHTML, like Gecko) Chrome/56.0.2924.87 Safari/537.36|969
2017-02-23 11:09:33|GET|/jaha/apt/user/list/popup|200|?reg_date=2016-05-25&monitoringType=Edoor&user_type=newUser|GET /jaha/apt/user/list/popup?reg_date=2016-05-25&monitoringType=Edoor&user_type=newUser HTTP/1.1|http://localhost:8888/jaha/apt/membership/list|Mozilla/5.0 (Windows NT 6.1; Win64; x64) AppleWebKit/537.36 (KHTML, like Gecko) Chrome/56.0.2924.87 Safari/537.36|486
2017-02-23 11:09:33|GET|/jaha/apt/user/list/popup-data|200|?pageNum=1&aptId=&reg_date=2016-05-25&monitoringType=Edoor&user_type=newUser|GET /jaha/apt/user/list/popup-data?pageNum=1&aptId=&reg_date=2016-05-25&monitoringType=Edoor&user_type=newUser HTTP/1.1|http://localhost:8888/jaha/apt/user/list/popup?reg_date=2016-05-25&monitoringType=Edoor&user_type=newUser|Mozilla/5.0 (Windows NT 6.1; Win64; x64) AppleWebKit/537.36 (KHTML, like Gecko) Chrome/56.0.2924.87 Safari/537.36|154
2017-02-23 11:09:43|GET|/jaha/apt/user/list/popup-data|200|?pageNum=1&aptId=&reg_date=2016-05-25&monitoringType=Edoor&user_type=newUser&searchAuth=&searchType=fullName&searchWord=%EC%9C%A4%EA%B2%BD%ED%9A%A8|GET /jaha/apt/user/list/popup-data?pageNum=1&aptId=&reg_date=2016-05-25&monitoringType=Edoor&user_type=newUser&searchAuth=&searchType=fullName&searchWord=%EC%9C%A4%EA%B2%BD%ED%9A%A8 HTTP/1.1|http://localhost:8888/jaha/apt/user/list/popup?reg_date=2016-05-25&monitoringType=Edoor&user_type=newUser|Mozilla/5.0 (Windows NT 6.1; Win64; x64) AppleWebKit/537.36 (KHTML, like Gecko) Chrome/56.0.2924.87 Safari/537.36|150
2017-02-23 11:09:45|GET|/jaha/apt/user/list/popup-data|200|?pageNum=1&aptId=&reg_date=2016-05-25&monitoringType=Edoor&user_type=newUser&searchAuth=&searchType=fullName&searchWord=|GET /jaha/apt/user/list/popup-data?pageNum=1&aptId=&reg_date=2016-05-25&monitoringType=Edoor&user_type=newUser&searchAuth=&searchType=fullName&searchWord= HTTP/1.1|http://localhost:8888/jaha/apt/user/list/popup?reg_date=2016-05-25&monitoringType=Edoor&user_type=newUser|Mozilla/5.0 (Windows NT 6.1; Win64; x64) AppleWebKit/537.36 (KHTML, like Gecko) Chrome/56.0.2924.87 Safari/537.36|178
2017-02-23 11:09:51|GET|/jaha/apt/user/list/popup-data|200|?pageNum=1&aptId=&reg_date=2016-05-25&monitoringType=Edoor&user_type=newUser&searchAuth=&searchType=&searchWord=|GET /jaha/apt/user/list/popup-data?pageNum=1&aptId=&reg_date=2016-05-25&monitoringType=Edoor&user_type=newUser&searchAuth=&searchType=&searchWord= HTTP/1.1|http://localhost:8888/jaha/apt/user/list/popup?reg_date=2016-05-25&monitoringType=Edoor&user_type=newUser|Mozilla/5.0 (Windows NT 6.1; Win64; x64) AppleWebKit/537.36 (KHTML, like Gecko) Chrome/56.0.2924.87 Safari/537.36|150
2017-02-23 11:09:54|GET|/jaha/apt/user/list/popup-data|200|?pageNum=2&aptId=&reg_date=2016-05-25&monitoringType=Edoor&user_type=newUser&searchAuth=&searchType=&searchWord=|GET /jaha/apt/user/list/popup-data?pageNum=2&aptId=&reg_date=2016-05-25&monitoringType=Edoor&user_type=newUser&searchAuth=&searchType=&searchWord= HTTP/1.1|http://localhost:8888/jaha/apt/user/list/popup?reg_date=2016-05-25&monitoringType=Edoor&user_type=newUser|Mozilla/5.0 (Windows NT 6.1; Win64; x64) AppleWebKit/537.36 (KHTML, like Gecko) Chrome/56.0.2924.87 Safari/537.36|144
2017-02-23 11:09:55|GET|/jaha/apt/user/list/popup-data|200|?pageNum=3&aptId=&reg_date=2016-05-25&monitoringType=Edoor&user_type=newUser&searchAuth=&searchType=&searchWord=|GET /jaha/apt/user/list/popup-data?pageNum=3&aptId=&reg_date=2016-05-25&monitoringType=Edoor&user_type=newUser&searchAuth=&searchType=&searchWord= HTTP/1.1|http://localhost:8888/jaha/apt/user/list/popup?reg_date=2016-05-25&monitoringType=Edoor&user_type=newUser|Mozilla/5.0 (Windows NT 6.1; Win64; x64) AppleWebKit/537.36 (KHTML, like Gecko) Chrome/56.0.2924.87 Safari/537.36|151
2017-02-23 11:09:57|GET|/jaha/apt/user/list/popup-data|200|?pageNum=1&aptId=&reg_date=2016-05-25&monitoringType=Edoor&user_type=newUser&searchAuth=&searchType=&searchWord=|GET /jaha/apt/user/list/popup-data?pageNum=1&aptId=&reg_date=2016-05-25&monitoringType=Edoor&user_type=newUser&searchAuth=&searchType=&searchWord= HTTP/1.1|http://localhost:8888/jaha/apt/user/list/popup?reg_date=2016-05-25&monitoringType=Edoor&user_type=newUser|Mozilla/5.0 (Windows NT 6.1; Win64; x64) AppleWebKit/537.36 (KHTML, like Gecko) Chrome/56.0.2924.87 Safari/537.36|167
2017-02-23 11:10:00|GET|/jaha/apt/user/list/popup|200|?reg_date=2016-05-26&monitoringType=Edoor&user_type=newUser|GET /jaha/apt/user/list/popup?reg_date=2016-05-26&monitoringType=Edoor&user_type=newUser HTTP/1.1|http://localhost:8888/jaha/apt/membership/list|Mozilla/5.0 (Windows NT 6.1; Win64; x64) AppleWebKit/537.36 (KHTML, like Gecko) Chrome/56.0.2924.87 Safari/537.36|298
2017-02-23 11:10:00|GET|/jaha/apt/user/list/popup-data|200|?pageNum=1&aptId=&reg_date=2016-05-26&monitoringType=Edoor&user_type=newUser|GET /jaha/apt/user/list/popup-data?pageNum=1&aptId=&reg_date=2016-05-26&monitoringType=Edoor&user_type=newUser HTTP/1.1|http://localhost:8888/jaha/apt/user/list/popup?reg_date=2016-05-26&monitoringType=Edoor&user_type=newUser|Mozilla/5.0 (Windows NT 6.1; Win64; x64) AppleWebKit/537.36 (KHTML, like Gecko) Chrome/56.0.2924.87 Safari/537.36|162
2017-02-23 11:10:03|GET|/jaha/apt/user/list/popup|200|?reg_date=2016-05-22&monitoringType=Emaul&user_type=newUser|GET /jaha/apt/user/list/popup?reg_date=2016-05-22&monitoringType=Emaul&user_type=newUser HTTP/1.1|http://localhost:8888/jaha/apt/membership/list|Mozilla/5.0 (Windows NT 6.1; Win64; x64) AppleWebKit/537.36 (KHTML, like Gecko) Chrome/56.0.2924.87 Safari/537.36|261
2017-02-23 11:10:04|GET|/jaha/apt/user/list/popup-data|200|?pageNum=1&aptId=&reg_date=2016-05-22&monitoringType=Emaul&user_type=newUser|GET /jaha/apt/user/list/popup-data?pageNum=1&aptId=&reg_date=2016-05-22&monitoringType=Emaul&user_type=newUser HTTP/1.1|http://localhost:8888/jaha/apt/user/list/popup?reg_date=2016-05-22&monitoringType=Emaul&user_type=newUser|Mozilla/5.0 (Windows NT 6.1; Win64; x64) AppleWebKit/537.36 (KHTML, like Gecko) Chrome/56.0.2924.87 Safari/537.36|303
2017-02-23 11:10:05|GET|/jaha/apt/user/list/popup-data|200|?pageNum=4&aptId=&reg_date=2016-05-22&monitoringType=Emaul&user_type=newUser|GET /jaha/apt/user/list/popup-data?pageNum=4&aptId=&reg_date=2016-05-22&monitoringType=Emaul&user_type=newUser HTTP/1.1|http://localhost:8888/jaha/apt/user/list/popup?reg_date=2016-05-22&monitoringType=Emaul&user_type=newUser|Mozilla/5.0 (Windows NT 6.1; Win64; x64) AppleWebKit/537.36 (KHTML, like Gecko) Chrome/56.0.2924.87 Safari/537.36|247
2017-02-23 11:10:09|GET|/jaha/apt/user/list/popup-data|200|?pageNum=1&aptId=&reg_date=2016-05-22&monitoringType=Emaul&user_type=newUser&searchAuth=house_host&searchType=&searchWord=|GET /jaha/apt/user/list/popup-data?pageNum=1&aptId=&reg_date=2016-05-22&monitoringType=Emaul&user_type=newUser&searchAuth=house_host&searchType=&searchWord= HTTP/1.1|http://localhost:8888/jaha/apt/user/list/popup?reg_date=2016-05-22&monitoringType=Emaul&user_type=newUser|Mozilla/5.0 (Windows NT 6.1; Win64; x64) AppleWebKit/537.36 (KHTML, like Gecko) Chrome/56.0.2924.87 Safari/537.36|273
2017-02-23 11:10:12|GET|/jaha/apt/user/list/popup-data|200|?pageNum=1&aptId=&reg_date=2016-05-22&monitoringType=Emaul&user_type=newUser&searchAuth=&searchType=&searchWord=|GET /jaha/apt/user/list/popup-data?pageNum=1&aptId=&reg_date=2016-05-22&monitoringType=Emaul&user_type=newUser&searchAuth=&searchType=&searchWord= HTTP/1.1|http://localhost:8888/jaha/apt/user/list/popup?reg_date=2016-05-22&monitoringType=Emaul&user_type=newUser|Mozilla/5.0 (Windows NT 6.1; Win64; x64) AppleWebKit/537.36 (KHTML, like Gecko) Chrome/56.0.2924.87 Safari/537.36|152
2017-02-23 11:10:25|GET|/jaha/apt/user/list/popup-data|200|?pageNum=1&aptId=&reg_date=2016-05-22&monitoringType=Emaul&user_type=newUser&searchAuth=&searchType=email&searchWord=a01056264493%40gmail.com|GET /jaha/apt/user/list/popup-data?pageNum=1&aptId=&reg_date=2016-05-22&monitoringType=Emaul&user_type=newUser&searchAuth=&searchType=email&searchWord=a01056264493%40gmail.com HTTP/1.1|http://localhost:8888/jaha/apt/user/list/popup?reg_date=2016-05-22&monitoringType=Emaul&user_type=newUser|Mozilla/5.0 (Windows NT 6.1; Win64; x64) AppleWebKit/537.36 (KHTML, like Gecko) Chrome/56.0.2924.87 Safari/537.36|141
2017-02-23 11:10:35|GET|/jaha/apt/user/list/popup-data|200|?pageNum=1&aptId=&reg_date=2016-05-22&monitoringType=Emaul&user_type=newUser&searchAuth=&searchType=email&searchWord=a01056264493%40gmail.com|GET /jaha/apt/user/list/popup-data?pageNum=1&aptId=&reg_date=2016-05-22&monitoringType=Emaul&user_type=newUser&searchAuth=&searchType=email&searchWord=a01056264493%40gmail.com HTTP/1.1|http://localhost:8888/jaha/apt/user/list/popup?reg_date=2016-05-22&monitoringType=Emaul&user_type=newUser|Mozilla/5.0 (Windows NT 6.1; Win64; x64) AppleWebKit/537.36 (KHTML, like Gecko) Chrome/56.0.2924.87 Safari/537.36|316
2017-02-23 11:11:42|GET|/jaha/apt/user/list/popup-data|200|?pageNum=1&aptId=&reg_date=2016-05-22&monitoringType=Emaul&user_type=newUser&searchAuth=&searchType=email&searchWord=a01056264493%40gmail.com|GET /jaha/apt/user/list/popup-data?pageNum=1&aptId=&reg_date=2016-05-22&monitoringType=Emaul&user_type=newUser&searchAuth=&searchType=email&searchWord=a01056264493%40gmail.com HTTP/1.1|http://localhost:8888/jaha/apt/user/list/popup?reg_date=2016-05-22&monitoringType=Emaul&user_type=newUser|Mozilla/5.0 (Windows NT 6.1; Win64; x64) AppleWebKit/537.36 (KHTML, like Gecko) Chrome/56.0.2924.87 Safari/537.36|456
2017-02-23 11:12:19|GET|/jaha/apt/user/list/popup|200|?reg_date=2016-05-22&monitoringType=Emaul&user_type=newUser|GET /jaha/apt/user/list/popup?reg_date=2016-05-22&monitoringType=Emaul&user_type=newUser HTTP/1.1|http://localhost:8888/jaha/apt/membership/list|Mozilla/5.0 (Windows NT 6.1; Win64; x64) AppleWebKit/537.36 (KHTML, like Gecko) Chrome/56.0.2924.87 Safari/537.36|495
2017-02-23 11:12:19|GET|/css/sb-admin-2.css|200||GET /css/sb-admin-2.css HTTP/1.1|http://localhost:8888/jaha/apt/user/list/popup?reg_date=2016-05-22&monitoringType=Emaul&user_type=newUser|Mozilla/5.0 (Windows NT 6.1; Win64; x64) AppleWebKit/537.36 (KHTML, like Gecko) Chrome/56.0.2924.87 Safari/537.36|83
2017-02-23 11:12:19|GET|/font-awesome/css/font-awesome.css|200||GET /font-awesome/css/font-awesome.css HTTP/1.1|http://localhost:8888/jaha/apt/user/list/popup?reg_date=2016-05-22&monitoringType=Emaul&user_type=newUser|Mozilla/5.0 (Windows NT 6.1; Win64; x64) AppleWebKit/537.36 (KHTML, like Gecko) Chrome/56.0.2924.87 Safari/537.36|88
2017-02-23 11:12:19|GET|/js/moment-with-locales.js|200||GET /js/moment-with-locales.js HTTP/1.1|http://localhost:8888/jaha/apt/user/list/popup?reg_date=2016-05-22&monitoringType=Emaul&user_type=newUser|Mozilla/5.0 (Windows NT 6.1; Win64; x64) AppleWebKit/537.36 (KHTML, like Gecko) Chrome/56.0.2924.87 Safari/537.36|88
2017-02-23 11:12:19|GET|/js/bootstrap.min.js|200||GET /js/bootstrap.min.js HTTP/1.1|http://localhost:8888/jaha/apt/user/list/popup?reg_date=2016-05-22&monitoringType=Emaul&user_type=newUser|Mozilla/5.0 (Windows NT 6.1; Win64; x64) AppleWebKit/537.36 (KHTML, like Gecko) Chrome/56.0.2924.87 Safari/537.36|92
2017-02-23 11:12:19|GET|/js/jquery-1.11.2.min.js|200||GET /js/jquery-1.11.2.min.js HTTP/1.1|http://localhost:8888/jaha/apt/user/list/popup?reg_date=2016-05-22&monitoringType=Emaul&user_type=newUser|Mozilla/5.0 (Windows NT 6.1; Win64; x64) AppleWebKit/537.36 (KHTML, like Gecko) Chrome/56.0.2924.87 Safari/537.36|73
2017-02-23 11:12:19|GET|/css/bootstrap.min.css|200||GET /css/bootstrap.min.css HTTP/1.1|http://localhost:8888/jaha/apt/user/list/popup?reg_date=2016-05-22&monitoringType=Emaul&user_type=newUser|Mozilla/5.0 (Windows NT 6.1; Win64; x64) AppleWebKit/537.36 (KHTML, like Gecko) Chrome/56.0.2924.87 Safari/537.36|117
2017-02-23 11:12:19|GET|/js/common.js|200||GET /js/common.js HTTP/1.1|http://localhost:8888/jaha/apt/user/list/popup?reg_date=2016-05-22&monitoringType=Emaul&user_type=newUser|Mozilla/5.0 (Windows NT 6.1; Win64; x64) AppleWebKit/537.36 (KHTML, like Gecko) Chrome/56.0.2924.87 Safari/537.36|47
2017-02-23 11:12:19|GET|/favicon.ico|200||GET /favicon.ico HTTP/1.1|http://localhost:8888/jaha/apt/user/list/popup?reg_date=2016-05-22&monitoringType=Emaul&user_type=newUser|Mozilla/5.0 (Windows NT 6.1; Win64; x64) AppleWebKit/537.36 (KHTML, like Gecko) Chrome/56.0.2924.87 Safari/537.36|38
2017-02-23 11:12:19|GET|/jaha/apt/user/list/popup-data|200|?pageNum=1&aptId=&reg_date=2016-05-22&monitoringType=Emaul&user_type=newUser|GET /jaha/apt/user/list/popup-data?pageNum=1&aptId=&reg_date=2016-05-22&monitoringType=Emaul&user_type=newUser HTTP/1.1|http://localhost:8888/jaha/apt/user/list/popup?reg_date=2016-05-22&monitoringType=Emaul&user_type=newUser|Mozilla/5.0 (Windows NT 6.1; Win64; x64) AppleWebKit/537.36 (KHTML, like Gecko) Chrome/56.0.2924.87 Safari/537.36|150
2017-02-23 11:12:24|GET|/jaha/apt/user/list/popup-data|200|?pageNum=1&aptId=&reg_date=2016-05-22&monitoringType=Emaul&user_type=newUser&searchAuth=admin&searchType=&searchWord=|GET /jaha/apt/user/list/popup-data?pageNum=1&aptId=&reg_date=2016-05-22&monitoringType=Emaul&user_type=newUser&searchAuth=admin&searchType=&searchWord= HTTP/1.1|http://localhost:8888/jaha/apt/user/list/popup?reg_date=2016-05-22&monitoringType=Emaul&user_type=newUser|Mozilla/5.0 (Windows NT 6.1; Win64; x64) AppleWebKit/537.36 (KHTML, like Gecko) Chrome/56.0.2924.87 Safari/537.36|272
2017-02-23 11:13:56|GET|/jaha/apt/user/list/popup|200|?reg_date=2016-05-22&monitoringType=Emaul&user_type=newUser|GET /jaha/apt/user/list/popup?reg_date=2016-05-22&monitoringType=Emaul&user_type=newUser HTTP/1.1|http://localhost:8888/jaha/apt/membership/list|Mozilla/5.0 (Windows NT 6.1; Win64; x64) AppleWebKit/537.36 (KHTML, like Gecko) Chrome/56.0.2924.87 Safari/537.36|282
2017-02-23 11:13:56|GET|/favicon.ico|200||GET /favicon.ico HTTP/1.1|http://localhost:8888/jaha/apt/user/list/popup?reg_date=2016-05-22&monitoringType=Emaul&user_type=newUser|Mozilla/5.0 (Windows NT 6.1; Win64; x64) AppleWebKit/537.36 (KHTML, like Gecko) Chrome/56.0.2924.87 Safari/537.36|38
2017-02-23 11:13:56|GET|/jaha/apt/user/list/popup-data|200|?pageNum=1&aptId=&reg_date=2016-05-22&monitoringType=Emaul&user_type=newUser|GET /jaha/apt/user/list/popup-data?pageNum=1&aptId=&reg_date=2016-05-22&monitoringType=Emaul&user_type=newUser HTTP/1.1|http://localhost:8888/jaha/apt/user/list/popup?reg_date=2016-05-22&monitoringType=Emaul&user_type=newUser|Mozilla/5.0 (Windows NT 6.1; Win64; x64) AppleWebKit/537.36 (KHTML, like Gecko) Chrome/56.0.2924.87 Safari/537.36|145
2017-02-23 11:14:21|GET|/jaha/apt/user/list/popup-data|200|?pageNum=1&aptId=&reg_date=2016-05-22&monitoringType=Emaul&user_type=newUser&searchAuth=house_host&searchType=&searchWord=|GET /jaha/apt/user/list/popup-data?pageNum=1&aptId=&reg_date=2016-05-22&monitoringType=Emaul&user_type=newUser&searchAuth=house_host&searchType=&searchWord= HTTP/1.1|http://localhost:8888/jaha/apt/user/list/popup?reg_date=2016-05-22&monitoringType=Emaul&user_type=newUser|Mozilla/5.0 (Windows NT 6.1; Win64; x64) AppleWebKit/537.36 (KHTML, like Gecko) Chrome/56.0.2924.87 Safari/537.36|276
2017-02-23 11:35:50|GET|/jaha/apt/membership/list|200||GET /jaha/apt/membership/list HTTP/1.1|http://localhost:8888/jaha/user/list?page=0&size=10&sort=regDate,DESC|Mozilla/5.0 (Windows NT 6.1; Win64; x64) AppleWebKit/537.36 (KHTML, like Gecko) Chrome/56.0.2924.87 Safari/537.36|686
2017-02-23 11:35:50|GET|/api/public/address/sido-names|200||GET /api/public/address/sido-names HTTP/1.1|http://localhost:8888/jaha/apt/membership/list|Mozilla/5.0 (Windows NT 6.1; Win64; x64) AppleWebKit/537.36 (KHTML, like Gecko) Chrome/56.0.2924.87 Safari/537.36|137
2017-02-23 11:35:51|GET|/jaha/apt/membership/list-data|200|?sidoNm=&sggNm=&sDate=2017-02-17&eDate=2017-02-23&pageSize=10&pageNum=1|GET /jaha/apt/membership/list-data?sidoNm=&sggNm=&sDate=2017-02-17&eDate=2017-02-23&pageSize=10&pageNum=1 HTTP/1.1|http://localhost:8888/jaha/apt/membership/list|Mozilla/5.0 (Windows NT 6.1; Win64; x64) AppleWebKit/537.36 (KHTML, like Gecko) Chrome/56.0.2924.87 Safari/537.36|611
2017-02-23 11:35:51|GET|/jaha/apt/ap/user/edoorMember/list-data|200|?sidoNm=&sggNm=&sDate=2017-02-17&eDate=2017-02-23&pageSize=10&pageNum=1|GET /jaha/apt/ap/user/edoorMember/list-data?sidoNm=&sggNm=&sDate=2017-02-17&eDate=2017-02-23&pageSize=10&pageNum=1 HTTP/1.1|http://localhost:8888/jaha/apt/membership/list|Mozilla/5.0 (Windows NT 6.1; Win64; x64) AppleWebKit/537.36 (KHTML, like Gecko) Chrome/56.0.2924.87 Safari/537.36|988
2017-02-23 11:36:07|GET|/jaha/apt/ap/user/monitoring/list|200||GET /jaha/apt/ap/user/monitoring/list HTTP/1.1|http://localhost:8888/jaha/apt/membership/list|Mozilla/5.0 (Windows NT 6.1; Win64; x64) AppleWebKit/537.36 (KHTML, like Gecko) Chrome/56.0.2924.87 Safari/537.36|312
2017-02-23 11:36:07|POST|/jaha/apt/ap/user/monitoring/list-data|200||POST /jaha/apt/ap/user/monitoring/list-data HTTP/1.1|http://localhost:8888/jaha/apt/ap/user/monitoring/list|Mozilla/5.0 (Windows NT 6.1; Win64; x64) AppleWebKit/537.36 (KHTML, like Gecko) Chrome/56.0.2924.87 Safari/537.36|158
2017-02-23 11:36:13|GET|/jaha/apt/ap/user/monitoring/list|200||GET /jaha/apt/ap/user/monitoring/list HTTP/1.1|http://localhost:8888/jaha/apt/membership/list|Mozilla/5.0 (Windows NT 6.1; Win64; x64) AppleWebKit/537.36 (KHTML, like Gecko) Chrome/56.0.2924.87 Safari/537.36|279
2017-02-23 11:36:13|POST|/jaha/apt/ap/user/monitoring/list-data|200||POST /jaha/apt/ap/user/monitoring/list-data HTTP/1.1|http://localhost:8888/jaha/apt/ap/user/monitoring/list|Mozilla/5.0 (Windows NT 6.1; Win64; x64) AppleWebKit/537.36 (KHTML, like Gecko) Chrome/56.0.2924.87 Safari/537.36|145
2017-02-23 11:36:27|POST|/jaha/apt/ap/user/monitoring/list-data|200||POST /jaha/apt/ap/user/monitoring/list-data HTTP/1.1|http://localhost:8888/jaha/apt/ap/user/monitoring/list|Mozilla/5.0 (Windows NT 6.1; Win64; x64) AppleWebKit/537.36 (KHTML, like Gecko) Chrome/56.0.2924.87 Safari/537.36|147
2017-02-23 11:37:17|GET|/jaha/user/app/download/list|200||GET /jaha/user/app/download/list HTTP/1.1|http://localhost:8888/jaha/apt/ap/user/monitoring/list|Mozilla/5.0 (Windows NT 6.1; Win64; x64) AppleWebKit/537.36 (KHTML, like Gecko) Chrome/56.0.2924.87 Safari/537.36|270
2017-02-23 11:37:18|GET|/jaha/user/app/download/list-data|200|?sDate=2017-02-17&eDate=2017-02-23&aptId=&pageSize=10&pageNum=1|GET /jaha/user/app/download/list-data?sDate=2017-02-17&eDate=2017-02-23&aptId=&pageSize=10&pageNum=1 HTTP/1.1|http://localhost:8888/jaha/user/app/download/list|Mozilla/5.0 (Windows NT 6.1; Win64; x64) AppleWebKit/537.36 (KHTML, like Gecko) Chrome/56.0.2924.87 Safari/537.36|542
2017-02-23 11:37:21|GET|/jaha/user/app/download/list|200||GET /jaha/user/app/download/list HTTP/1.1|http://localhost:8888/jaha/apt/ap/user/monitoring/list|Mozilla/5.0 (Windows NT 6.1; Win64; x64) AppleWebKit/537.36 (KHTML, like Gecko) Chrome/56.0.2924.87 Safari/537.36|256
2017-02-23 11:37:21|GET|/jaha/user/app/download/list-data|200|?sDate=2017-02-17&eDate=2017-02-23&aptId=&pageSize=10&pageNum=1|GET /jaha/user/app/download/list-data?sDate=2017-02-17&eDate=2017-02-23&aptId=&pageSize=10&pageNum=1 HTTP/1.1|http://localhost:8888/jaha/user/app/download/list|Mozilla/5.0 (Windows NT 6.1; Win64; x64) AppleWebKit/537.36 (KHTML, like Gecko) Chrome/56.0.2924.87 Safari/537.36|552
