2017-02-13 09:33:49|GET|/jaha/apt/ap/user/edoorMember/list-data|200|?sDate=2016-06-01&eDate=2016-06-30|GET /jaha/apt/ap/user/edoorMember/list-data?sDate=2016-06-01&eDate=2016-06-30 HTTP/1.1|-|Mozilla/5.0 (Windows NT 6.1; Win64; x64) AppleWebKit/537.36 (KHTML, like Gecko) Chrome/56.0.2924.87 Safari/537.36|338
2017-02-13 09:33:49|GET|/css/bootstrap.min.css|304||GET /css/bootstrap.min.css HTTP/1.1|http://localhost:8888/jaha/apt/ap/user/edoorMember/list-data?sDate=2016-06-01&eDate=2016-06-30|Mozilla/5.0 (Windows NT 6.1; Win64; x64) AppleWebKit/537.36 (KHTML, like Gecko) Chrome/56.0.2924.87 Safari/537.36|65
2017-02-13 09:33:49|GET|/css/jquery.fullPage.css|304||GET /css/jquery.fullPage.css HTTP/1.1|http://localhost:8888/jaha/apt/ap/user/edoorMember/list-data?sDate=2016-06-01&eDate=2016-06-30|Mozilla/5.0 (Windows NT 6.1; Win64; x64) AppleWebKit/537.36 (KHTML, like Gecko) Chrome/56.0.2924.87 Safari/537.36|30
2017-02-13 09:33:49|GET|/css/animate.min.css|304||GET /css/animate.min.css HTTP/1.1|http://localhost:8888/jaha/apt/ap/user/edoorMember/list-data?sDate=2016-06-01&eDate=2016-06-30|Mozilla/5.0 (Windows NT 6.1; Win64; x64) AppleWebKit/537.36 (KHTML, like Gecko) Chrome/56.0.2924.87 Safari/537.36|31
2017-02-13 09:33:49|GET|/css/sb-admin-2.css|304||GET /css/sb-admin-2.css HTTP/1.1|http://localhost:8888/jaha/apt/ap/user/edoorMember/list-data?sDate=2016-06-01&eDate=2016-06-30|Mozilla/5.0 (Windows NT 6.1; Win64; x64) AppleWebKit/537.36 (KHTML, like Gecko) Chrome/56.0.2924.87 Safari/537.36|22
2017-02-13 09:33:49|GET|/font-awesome/css/font-awesome.css|304||GET /font-awesome/css/font-awesome.css HTTP/1.1|http://localhost:8888/jaha/apt/ap/user/edoorMember/list-data?sDate=2016-06-01&eDate=2016-06-30|Mozilla/5.0 (Windows NT 6.1; Win64; x64) AppleWebKit/537.36 (KHTML, like Gecko) Chrome/56.0.2924.87 Safari/537.36|22
2017-02-13 09:33:49|GET|/js/bootstrap.min.js|304||GET /js/bootstrap.min.js HTTP/1.1|http://localhost:8888/jaha/apt/ap/user/edoorMember/list-data?sDate=2016-06-01&eDate=2016-06-30|Mozilla/5.0 (Windows NT 6.1; Win64; x64) AppleWebKit/537.36 (KHTML, like Gecko) Chrome/56.0.2924.87 Safari/537.36|26
2017-02-13 09:33:49|GET|/js/js.cookie.js|304||GET /js/js.cookie.js HTTP/1.1|http://localhost:8888/jaha/apt/ap/user/edoorMember/list-data?sDate=2016-06-01&eDate=2016-06-30|Mozilla/5.0 (Windows NT 6.1; Win64; x64) AppleWebKit/537.36 (KHTML, like Gecko) Chrome/56.0.2924.87 Safari/537.36|20
2017-02-13 09:33:49|GET|/js/vendor/jquery.easings.min.js|304||GET /js/vendor/jquery.easings.min.js HTTP/1.1|http://localhost:8888/jaha/apt/ap/user/edoorMember/list-data?sDate=2016-06-01&eDate=2016-06-30|Mozilla/5.0 (Windows NT 6.1; Win64; x64) AppleWebKit/537.36 (KHTML, like Gecko) Chrome/56.0.2924.87 Safari/537.36|11
2017-02-13 09:33:49|GET|/js/jquery-1.11.2.min.js|304||GET /js/jquery-1.11.2.min.js HTTP/1.1|http://localhost:8888/jaha/apt/ap/user/edoorMember/list-data?sDate=2016-06-01&eDate=2016-06-30|Mozilla/5.0 (Windows NT 6.1; Win64; x64) AppleWebKit/537.36 (KHTML, like Gecko) Chrome/56.0.2924.87 Safari/537.36|32
2017-02-13 09:33:49|GET|/js/vendor/jquery.slimscroll.min.js|304||GET /js/vendor/jquery.slimscroll.min.js HTTP/1.1|http://localhost:8888/jaha/apt/ap/user/edoorMember/list-data?sDate=2016-06-01&eDate=2016-06-30|Mozilla/5.0 (Windows NT 6.1; Win64; x64) AppleWebKit/537.36 (KHTML, like Gecko) Chrome/56.0.2924.87 Safari/537.36|54
2017-02-13 09:33:49|GET|/img/login_apple.png|304||GET /img/login_apple.png HTTP/1.1|http://localhost:8888/jaha/apt/ap/user/edoorMember/list-data?sDate=2016-06-01&eDate=2016-06-30|Mozilla/5.0 (Windows NT 6.1; Win64; x64) AppleWebKit/537.36 (KHTML, like Gecko) Chrome/56.0.2924.87 Safari/537.36|26
2017-02-13 09:33:49|GET|/img/emaul-logo-w.png|304||GET /img/emaul-logo-w.png HTTP/1.1|http://localhost:8888/jaha/apt/ap/user/edoorMember/list-data?sDate=2016-06-01&eDate=2016-06-30|Mozilla/5.0 (Windows NT 6.1; Win64; x64) AppleWebKit/537.36 (KHTML, like Gecko) Chrome/56.0.2924.87 Safari/537.36|17
2017-02-13 09:33:49|GET|/img/bg-login.jpg|304||GET /img/bg-login.jpg HTTP/1.1|http://localhost:8888/jaha/apt/ap/user/edoorMember/list-data?sDate=2016-06-01&eDate=2016-06-30|Mozilla/5.0 (Windows NT 6.1; Win64; x64) AppleWebKit/537.36 (KHTML, like Gecko) Chrome/56.0.2924.87 Safari/537.36|8
2017-02-13 09:33:49|GET|/js/jquery.fullPage.min.js|304||GET /js/jquery.fullPage.min.js HTTP/1.1|http://localhost:8888/jaha/apt/ap/user/edoorMember/list-data?sDate=2016-06-01&eDate=2016-06-30|Mozilla/5.0 (Windows NT 6.1; Win64; x64) AppleWebKit/537.36 (KHTML, like Gecko) Chrome/56.0.2924.87 Safari/537.36|55
2017-02-13 09:33:49|GET|/img/login_google.png|304||GET /img/login_google.png HTTP/1.1|http://localhost:8888/jaha/apt/ap/user/edoorMember/list-data?sDate=2016-06-01&eDate=2016-06-30|Mozilla/5.0 (Windows NT 6.1; Win64; x64) AppleWebKit/537.36 (KHTML, like Gecko) Chrome/56.0.2924.87 Safari/537.36|35
2017-02-13 09:33:53|POST|/api/public/user/login|302||POST /api/public/user/login HTTP/1.1|http://localhost:8888/jaha/apt/ap/user/edoorMember/list-data?sDate=2016-06-01&eDate=2016-06-30|Mozilla/5.0 (Windows NT 6.1; Win64; x64) AppleWebKit/537.36 (KHTML, like Gecko) Chrome/56.0.2924.87 Safari/537.36|510
2017-02-13 09:33:54|GET|/|302||GET / HTTP/1.1|http://localhost:8888/jaha/apt/ap/user/edoorMember/list-data?sDate=2016-06-01&eDate=2016-06-30|Mozilla/5.0 (Windows NT 6.1; Win64; x64) AppleWebKit/537.36 (KHTML, like Gecko) Chrome/56.0.2924.87 Safari/537.36|770
2017-02-13 09:33:55|GET|/admin/user/list|200||GET /admin/user/list HTTP/1.1|http://localhost:8888/jaha/apt/ap/user/edoorMember/list-data?sDate=2016-06-01&eDate=2016-06-30|Mozilla/5.0 (Windows NT 6.1; Win64; x64) AppleWebKit/537.36 (KHTML, like Gecko) Chrome/56.0.2924.87 Safari/537.36|1639
2017-02-13 09:33:55|GET|/js/metisMenu/metisMenu.js|304||GET /js/metisMenu/metisMenu.js HTTP/1.1|http://localhost:8888/admin/user/list|Mozilla/5.0 (Windows NT 6.1; Win64; x64) AppleWebKit/537.36 (KHTML, like Gecko) Chrome/56.0.2924.87 Safari/537.36|51
2017-02-13 09:33:55|GET|/js/sb-admin-2.js|304||GET /js/sb-admin-2.js HTTP/1.1|http://localhost:8888/admin/user/list|Mozilla/5.0 (Windows NT 6.1; Win64; x64) AppleWebKit/537.36 (KHTML, like Gecko) Chrome/56.0.2924.87 Safari/537.36|48
2017-02-13 09:33:55|GET|/img/sort_asc.png|304||GET /img/sort_asc.png HTTP/1.1|http://localhost:8888/admin/user/list|Mozilla/5.0 (Windows NT 6.1; Win64; x64) AppleWebKit/537.36 (KHTML, like Gecko) Chrome/56.0.2924.87 Safari/537.36|51
2017-02-13 09:33:55|GET|/img/adminHome/logout.png|304||GET /img/adminHome/logout.png HTTP/1.1|http://localhost:8888/admin/user/list|Mozilla/5.0 (Windows NT 6.1; Win64; x64) AppleWebKit/537.36 (KHTML, like Gecko) Chrome/56.0.2924.87 Safari/537.36|53
2017-02-13 09:33:55|GET|/img/adminHome/home.png|304||GET /img/adminHome/home.png HTTP/1.1|http://localhost:8888/admin/user/list|Mozilla/5.0 (Windows NT 6.1; Win64; x64) AppleWebKit/537.36 (KHTML, like Gecko) Chrome/56.0.2924.87 Safari/537.36|54
2017-02-13 09:33:55|GET|/img/adminHome/menu.png|304||GET /img/adminHome/menu.png HTTP/1.1|http://localhost:8888/admin/user/list|Mozilla/5.0 (Windows NT 6.1; Win64; x64) AppleWebKit/537.36 (KHTML, like Gecko) Chrome/56.0.2924.87 Safari/537.36|58
2017-02-13 09:33:55|GET|/font-awesome/fonts/fontawesome-webfont.woff2|304|?v=4.3.0|GET /font-awesome/fonts/fontawesome-webfont.woff2?v=4.3.0 HTTP/1.1|http://localhost:8888/font-awesome/css/font-awesome.css|Mozilla/5.0 (Windows NT 6.1; Win64; x64) AppleWebKit/537.36 (KHTML, like Gecko) Chrome/56.0.2924.87 Safari/537.36|36
2017-02-13 09:33:55|GET|/img/sort_desc.png|304||GET /img/sort_desc.png HTTP/1.1|http://localhost:8888/admin/user/list|Mozilla/5.0 (Windows NT 6.1; Win64; x64) AppleWebKit/537.36 (KHTML, like Gecko) Chrome/56.0.2924.87 Safari/537.36|27
2017-02-13 09:33:56|GET|/admin/user/last-login-pop|200||GET /admin/user/last-login-pop HTTP/1.1|http://localhost:8888/admin/user/list|Mozilla/5.0 (Windows NT 6.1; Win64; x64) AppleWebKit/537.36 (KHTML, like Gecko) Chrome/56.0.2924.87 Safari/537.36|271
2017-02-13 09:33:59|GET|/admin/user/list|200||GET /admin/user/list HTTP/1.1|-|Mozilla/5.0 (Windows NT 6.1; Win64; x64) AppleWebKit/537.36 (KHTML, like Gecko) Chrome/56.0.2924.87 Safari/537.36|1684
2017-02-13 09:33:59|GET|/admin/user/last-login-pop|200||GET /admin/user/last-login-pop HTTP/1.1|http://localhost:8888/admin/user/list|Mozilla/5.0 (Windows NT 6.1; Win64; x64) AppleWebKit/537.36 (KHTML, like Gecko) Chrome/56.0.2924.87 Safari/537.36|252
2017-02-13 09:34:02|GET|/jaha/apt/ap/user/edoorMember/list-data|200|?sDate=2016-06-01&eDate=2016-06-30|GET /jaha/apt/ap/user/edoorMember/list-data?sDate=2016-06-01&eDate=2016-06-30 HTTP/1.1|-|Mozilla/5.0 (Windows NT 6.1; Win64; x64) AppleWebKit/537.36 (KHTML, like Gecko) Chrome/56.0.2924.87 Safari/537.36|2765
2017-02-13 09:34:27|GET|/jaha/apt/ap/user/edoorMember/list-data|200|?sDate=2016-06-01&eDate=2016-06-30&pageNum=2|GET /jaha/apt/ap/user/edoorMember/list-data?sDate=2016-06-01&eDate=2016-06-30&pageNum=2 HTTP/1.1|-|Mozilla/5.0 (Windows NT 6.1; Win64; x64) AppleWebKit/537.36 (KHTML, like Gecko) Chrome/56.0.2924.87 Safari/537.36|2629
2017-02-13 10:30:08|GET|/jaha/apt/ap/user/edoorMember/list-data|200|?sDate=2017-02-02&eDate=2017-02-09|GET /jaha/apt/ap/user/edoorMember/list-data?sDate=2017-02-02&eDate=2017-02-09 HTTP/1.1|-|Mozilla/5.0 (Windows NT 6.1; Win64; x64) AppleWebKit/537.36 (KHTML, like Gecko) Chrome/56.0.2924.87 Safari/537.36|19
2017-02-13 10:30:10|POST|/api/public/user/login|302||POST /api/public/user/login HTTP/1.1|http://localhost:8888/jaha/apt/ap/user/edoorMember/list-data?sDate=2017-02-02&eDate=2017-02-09|Mozilla/5.0 (Windows NT 6.1; Win64; x64) AppleWebKit/537.36 (KHTML, like Gecko) Chrome/56.0.2924.87 Safari/537.36|267
2017-02-13 10:30:11|GET|/|302||GET / HTTP/1.1|http://localhost:8888/jaha/apt/ap/user/edoorMember/list-data?sDate=2017-02-02&eDate=2017-02-09|Mozilla/5.0 (Windows NT 6.1; Win64; x64) AppleWebKit/537.36 (KHTML, like Gecko) Chrome/56.0.2924.87 Safari/537.36|602
2017-02-13 10:30:12|GET|/admin/user/list|200||GET /admin/user/list HTTP/1.1|http://localhost:8888/jaha/apt/ap/user/edoorMember/list-data?sDate=2017-02-02&eDate=2017-02-09|Mozilla/5.0 (Windows NT 6.1; Win64; x64) AppleWebKit/537.36 (KHTML, like Gecko) Chrome/56.0.2924.87 Safari/537.36|1424
2017-02-13 10:30:13|GET|/admin/user/last-login-pop|200||GET /admin/user/last-login-pop HTTP/1.1|http://localhost:8888/admin/user/list|Mozilla/5.0 (Windows NT 6.1; Win64; x64) AppleWebKit/537.36 (KHTML, like Gecko) Chrome/56.0.2924.87 Safari/537.36|265
2017-02-13 10:30:28|GET|/jaha/apt/ap/user/edoorMember/list-data|200|?sDate=2015-02-02&eDate=2015-02-30|GET /jaha/apt/ap/user/edoorMember/list-data?sDate=2015-02-02&eDate=2015-02-30 HTTP/1.1|-|Mozilla/5.0 (Windows NT 6.1; Win64; x64) AppleWebKit/537.36 (KHTML, like Gecko) Chrome/56.0.2924.87 Safari/537.36|910
2017-02-13 13:39:28|GET|/|200||GET / HTTP/1.1|-|Mozilla/5.0 (Windows NT 6.1; Win64; x64) AppleWebKit/537.36 (KHTML, like Gecko) Chrome/56.0.2924.87 Safari/537.36|62
2017-02-13 14:37:11|GET|/|200||GET / HTTP/1.1|-|Mozilla/5.0 (Windows NT 6.1; Win64; x64) AppleWebKit/537.36 (KHTML, like Gecko) Chrome/56.0.2924.87 Safari/537.36|353
2017-02-13 14:37:14|POST|/api/public/user/login|302||POST /api/public/user/login HTTP/1.1|http://localhost:8888/|Mozilla/5.0 (Windows NT 6.1; Win64; x64) AppleWebKit/537.36 (KHTML, like Gecko) Chrome/56.0.2924.87 Safari/537.36|437
2017-02-13 14:37:15|GET|/|302||GET / HTTP/1.1|http://localhost:8888/|Mozilla/5.0 (Windows NT 6.1; Win64; x64) AppleWebKit/537.36 (KHTML, like Gecko) Chrome/56.0.2924.87 Safari/537.36|598
2017-02-13 14:37:16|GET|/admin/user/list|200||GET /admin/user/list HTTP/1.1|http://localhost:8888/|Mozilla/5.0 (Windows NT 6.1; Win64; x64) AppleWebKit/537.36 (KHTML, like Gecko) Chrome/56.0.2924.87 Safari/537.36|1788
2017-02-13 14:37:17|GET|/admin/user/last-login-pop|200||GET /admin/user/last-login-pop HTTP/1.1|http://localhost:8888/admin/user/list|Mozilla/5.0 (Windows NT 6.1; Win64; x64) AppleWebKit/537.36 (KHTML, like Gecko) Chrome/56.0.2924.87 Safari/537.36|303
2017-02-13 14:37:56|GET|/img/adminHome/logout2.png|304||GET /img/adminHome/logout2.png HTTP/1.1|http://localhost:8888/admin/user/list|Mozilla/5.0 (Windows NT 6.1; Win64; x64) AppleWebKit/537.36 (KHTML, like Gecko) Chrome/56.0.2924.87 Safari/537.36|60
2017-02-13 14:37:56|GET|/img/adminHome/menu2.png|304||GET /img/adminHome/menu2.png HTTP/1.1|http://localhost:8888/admin/user/list|Mozilla/5.0 (Windows NT 6.1; Win64; x64) AppleWebKit/537.36 (KHTML, like Gecko) Chrome/56.0.2924.87 Safari/537.36|35
2017-02-13 14:37:59|GET|/jaha/apt/membership/list|200||GET /jaha/apt/membership/list HTTP/1.1|http://localhost:8888/admin/user/list|Mozilla/5.0 (Windows NT 6.1; Win64; x64) AppleWebKit/537.36 (KHTML, like Gecko) Chrome/56.0.2924.87 Safari/537.36|571
2017-02-13 14:37:59|GET|/js/jquery.blockUI.js|304||GET /js/jquery.blockUI.js HTTP/1.1|http://localhost:8888/jaha/apt/membership/list|Mozilla/5.0 (Windows NT 6.1; Win64; x64) AppleWebKit/537.36 (KHTML, like Gecko) Chrome/56.0.2924.87 Safari/537.36|34
2017-02-13 14:37:59|GET|/css/bootstrap-datetimepicker.css|304||GET /css/bootstrap-datetimepicker.css HTTP/1.1|http://localhost:8888/jaha/apt/membership/list|Mozilla/5.0 (Windows NT 6.1; Win64; x64) AppleWebKit/537.36 (KHTML, like Gecko) Chrome/56.0.2924.87 Safari/537.36|38
2017-02-13 14:37:59|GET|/js/bootstrap-datetimepicker.js|304||GET /js/bootstrap-datetimepicker.js HTTP/1.1|http://localhost:8888/jaha/apt/membership/list|Mozilla/5.0 (Windows NT 6.1; Win64; x64) AppleWebKit/537.36 (KHTML, like Gecko) Chrome/56.0.2924.87 Safari/537.36|35
2017-02-13 14:37:59|GET|/js/moment-with-locales.js|304||GET /js/moment-with-locales.js HTTP/1.1|http://localhost:8888/jaha/apt/membership/list|Mozilla/5.0 (Windows NT 6.1; Win64; x64) AppleWebKit/537.36 (KHTML, like Gecko) Chrome/56.0.2924.87 Safari/537.36|37
2017-02-13 14:37:59|GET|/js/common.js|304||GET /js/common.js HTTP/1.1|http://localhost:8888/jaha/apt/membership/list|Mozilla/5.0 (Windows NT 6.1; Win64; x64) AppleWebKit/537.36 (KHTML, like Gecko) Chrome/56.0.2924.87 Safari/537.36|51
2017-02-13 14:37:59|GET|/sbgrid/js/XRegExp.js|304||GET /sbgrid/js/XRegExp.js HTTP/1.1|http://localhost:8888/jaha/apt/membership/list|Mozilla/5.0 (Windows NT 6.1; Win64; x64) AppleWebKit/537.36 (KHTML, like Gecko) Chrome/56.0.2924.87 Safari/537.36|54
2017-02-13 14:37:59|GET|/fonts/glyphicons-halflings-regular.woff2|304||GET /fonts/glyphicons-halflings-regular.woff2 HTTP/1.1|http://localhost:8888/css/bootstrap.min.css|Mozilla/5.0 (Windows NT 6.1; Win64; x64) AppleWebKit/537.36 (KHTML, like Gecko) Chrome/56.0.2924.87 Safari/537.36|38
2017-02-13 14:37:59|GET|/api/public/address/sido-names|200||GET /api/public/address/sido-names HTTP/1.1|http://localhost:8888/jaha/apt/membership/list|Mozilla/5.0 (Windows NT 6.1; Win64; x64) AppleWebKit/537.36 (KHTML, like Gecko) Chrome/56.0.2924.87 Safari/537.36|148
2017-02-13 14:38:11|GET|/img/loading.gif|304||GET /img/loading.gif HTTP/1.1|http://localhost:8888/jaha/apt/membership/list|Mozilla/5.0 (Windows NT 6.1; Win64; x64) AppleWebKit/537.36 (KHTML, like Gecko) Chrome/56.0.2924.87 Safari/537.36|50
2017-02-13 14:38:13|GET|/jaha/apt/membership/list-data|200|?sidoNm=&sggNm=&aptNm=&sDate=2017-02-07&eDate=2017-02-13&pageSize=10&pageNum=1|GET /jaha/apt/membership/list-data?sidoNm=&sggNm=&aptNm=&sDate=2017-02-07&eDate=2017-02-13&pageSize=10&pageNum=1 HTTP/1.1|http://localhost:8888/jaha/apt/membership/list|Mozilla/5.0 (Windows NT 6.1; Win64; x64) AppleWebKit/537.36 (KHTML, like Gecko) Chrome/56.0.2924.87 Safari/537.36|1365
2017-02-13 14:39:00|GET|/jaha/apt/membership/list-data|200|?sidoNm=&sggNm=&aptNm=&sDate=2017-02-07&eDate=2017-02-13&pageSize=20&pageNum=1|GET /jaha/apt/membership/list-data?sidoNm=&sggNm=&aptNm=&sDate=2017-02-07&eDate=2017-02-13&pageSize=20&pageNum=1 HTTP/1.1|http://localhost:8888/jaha/apt/membership/list|Mozilla/5.0 (Windows NT 6.1; Win64; x64) AppleWebKit/537.36 (KHTML, like Gecko) Chrome/56.0.2924.87 Safari/537.36|1462
2017-02-13 14:47:35|GET|/jaha/apt/user/list/popup-data|200|?reg_date=2017-02-02&monitoringType=Edoor&user_type=newUser|GET /jaha/apt/user/list/popup-data?reg_date=2017-02-02&monitoringType=Edoor&user_type=newUser HTTP/1.1|-|Mozilla/5.0 (Windows NT 6.1; Win64; x64) AppleWebKit/537.36 (KHTML, like Gecko) Chrome/56.0.2924.87 Safari/537.36|481
2017-02-13 14:51:06|GET|/jaha/apt/user/list/popup-data|200|?reg_date=2017-02-02&monitoringType=Edoor&user_type=newUser|GET /jaha/apt/user/list/popup-data?reg_date=2017-02-02&monitoringType=Edoor&user_type=newUser HTTP/1.1|-|Mozilla/5.0 (Windows NT 6.1; Win64; x64) AppleWebKit/537.36 (KHTML, like Gecko) Chrome/56.0.2924.87 Safari/537.36|535
2017-02-13 14:52:23|GET|/jaha/apt/user/list/popup-data|200|?reg_date=2017-02-02&monitoringType=Edoor&user_type=newUser|GET /jaha/apt/user/list/popup-data?reg_date=2017-02-02&monitoringType=Edoor&user_type=newUser HTTP/1.1|-|Mozilla/5.0 (Windows NT 6.1; Win64; x64) AppleWebKit/537.36 (KHTML, like Gecko) Chrome/56.0.2924.87 Safari/537.36|506
2017-02-13 14:53:41|GET|/jaha/apt/user/list/popup-data|200|?reg_date=2017-02-02&monitoringType=Edoor&user_type=newUser|GET /jaha/apt/user/list/popup-data?reg_date=2017-02-02&monitoringType=Edoor&user_type=newUser HTTP/1.1|-|Mozilla/5.0 (Windows NT 6.1; Win64; x64) AppleWebKit/537.36 (KHTML, like Gecko) Chrome/56.0.2924.87 Safari/537.36|551
2017-02-13 14:57:22|GET|/jaha/apt/user/list/popup-data|200|?reg_date=2017-02-02&monitoringType=Edoor&user_type=newUser|GET /jaha/apt/user/list/popup-data?reg_date=2017-02-02&monitoringType=Edoor&user_type=newUser HTTP/1.1|-|Mozilla/5.0 (Windows NT 6.1; Win64; x64) AppleWebKit/537.36 (KHTML, like Gecko) Chrome/56.0.2924.87 Safari/537.36|565
2017-02-13 14:59:09|GET|/jaha/apt/user/list/popup-data|200|?reg_date=2017-02-02&monitoringType=Emaul&user_type=newUser|GET /jaha/apt/user/list/popup-data?reg_date=2017-02-02&monitoringType=Emaul&user_type=newUser HTTP/1.1|-|Mozilla/5.0 (Windows NT 6.1; Win64; x64) AppleWebKit/537.36 (KHTML, like Gecko) Chrome/56.0.2924.87 Safari/537.36|460
2017-02-13 14:59:23|GET|/jaha/apt/user/list/popup-data|200|?reg_date=2017-02-02&monitoringType=Edoor&user_type=newUser|GET /jaha/apt/user/list/popup-data?reg_date=2017-02-02&monitoringType=Edoor&user_type=newUser HTTP/1.1|-|Mozilla/5.0 (Windows NT 6.1; Win64; x64) AppleWebKit/537.36 (KHTML, like Gecko) Chrome/56.0.2924.87 Safari/537.36|305
2017-02-13 14:59:57|GET|/jaha/apt/user/list/popup-data|200|?reg_date=2017-02-02&monitoringType=Edoor&user_type=deactiveUser|GET /jaha/apt/user/list/popup-data?reg_date=2017-02-02&monitoringType=Edoor&user_type=deactiveUser HTTP/1.1|-|Mozilla/5.0 (Windows NT 6.1; Win64; x64) AppleWebKit/537.36 (KHTML, like Gecko) Chrome/56.0.2924.87 Safari/537.36|603
2017-02-13 15:05:32|GET|/jaha/apt/user/list/popup-data|200|?reg_date=2017-02-02|GET /jaha/apt/user/list/popup-data?reg_date=2017-02-02 HTTP/1.1|-|Mozilla/5.0 (Windows NT 6.1; Win64; x64) AppleWebKit/537.36 (KHTML, like Gecko) Chrome/56.0.2924.87 Safari/537.36|521
2017-02-13 15:05:44|GET|/|302||GET / HTTP/1.1|-|Mozilla/5.0 (Windows NT 6.1; Win64; x64) AppleWebKit/537.36 (KHTML, like Gecko) Chrome/56.0.2924.87 Safari/537.36|755
2017-02-13 15:05:44|GET|/|302||GET / HTTP/1.1|-|Mozilla/5.0 (Windows NT 6.1; Win64; x64) AppleWebKit/537.36 (KHTML, like Gecko) Chrome/56.0.2924.87 Safari/537.36|624
2017-02-13 15:05:46|GET|/admin/user/list|200||GET /admin/user/list HTTP/1.1|-|Mozilla/5.0 (Windows NT 6.1; Win64; x64) AppleWebKit/537.36 (KHTML, like Gecko) Chrome/56.0.2924.87 Safari/537.36|1730
2017-02-13 15:05:46|GET|/admin/user/last-login-pop|200||GET /admin/user/last-login-pop HTTP/1.1|http://localhost:8888/admin/user/list|Mozilla/5.0 (Windows NT 6.1; Win64; x64) AppleWebKit/537.36 (KHTML, like Gecko) Chrome/56.0.2924.87 Safari/537.36|285
2017-02-13 15:05:49|GET|/jaha/apt/membership/list|200||GET /jaha/apt/membership/list HTTP/1.1|http://localhost:8888/admin/user/list|Mozilla/5.0 (Windows NT 6.1; Win64; x64) AppleWebKit/537.36 (KHTML, like Gecko) Chrome/56.0.2924.87 Safari/537.36|596
2017-02-13 15:05:49|GET|/api/public/address/sido-names|200||GET /api/public/address/sido-names HTTP/1.1|http://localhost:8888/jaha/apt/membership/list|Mozilla/5.0 (Windows NT 6.1; Win64; x64) AppleWebKit/537.36 (KHTML, like Gecko) Chrome/56.0.2924.87 Safari/537.36|144
2017-02-13 15:05:51|GET|/jaha/apt/membership/list-data|200|?sidoNm=&sggNm=&aptNm=&sDate=2017-02-07&eDate=2017-02-13&pageSize=10&pageNum=1|GET /jaha/apt/membership/list-data?sidoNm=&sggNm=&aptNm=&sDate=2017-02-07&eDate=2017-02-13&pageSize=10&pageNum=1 HTTP/1.1|http://localhost:8888/jaha/apt/membership/list|Mozilla/5.0 (Windows NT 6.1; Win64; x64) AppleWebKit/537.36 (KHTML, like Gecko) Chrome/56.0.2924.87 Safari/537.36|1286
2017-02-13 15:06:10|GET|/jaha/apt/ap/user/edoorMember/list-data|200|?sidoNm=&sggNm=&aptNm=&sDate=2017-02-07&eDate=2017-02-13&pageSize=10&pageNum=1|GET /jaha/apt/ap/user/edoorMember/list-data?sidoNm=&sggNm=&aptNm=&sDate=2017-02-07&eDate=2017-02-13&pageSize=10&pageNum=1 HTTP/1.1|http://localhost:8888/jaha/apt/membership/list|Mozilla/5.0 (Windows NT 6.1; Win64; x64) AppleWebKit/537.36 (KHTML, like Gecko) Chrome/56.0.2924.87 Safari/537.36|2168
2017-02-13 15:07:02|GET|/jaha/apt/user/list/popup-data|200|?reg_date=2017-02-02|GET /jaha/apt/user/list/popup-data?reg_date=2017-02-02 HTTP/1.1|-|Mozilla/5.0 (Windows NT 6.1; Win64; x64) AppleWebKit/537.36 (KHTML, like Gecko) Chrome/56.0.2924.87 Safari/537.36|254
2017-02-13 15:09:00|GET|/img/adminHome/logout2.png|200||GET /img/adminHome/logout2.png HTTP/1.1|http://localhost:8888/jaha/apt/membership/list|Mozilla/5.0 (Windows NT 6.1; Win64; x64) AppleWebKit/537.36 (KHTML, like Gecko) Chrome/56.0.2924.87 Safari/537.36|144
2017-02-13 15:09:04|GET|/jaha/apt/membership/list-data|200|?sidoNm=&sggNm=&aptNm=&sDate=2017-02-07&eDate=2017-02-13&pageSize=10&pageNum=1|GET /jaha/apt/membership/list-data?sidoNm=&sggNm=&aptNm=&sDate=2017-02-07&eDate=2017-02-13&pageSize=10&pageNum=1 HTTP/1.1|http://localhost:8888/jaha/apt/membership/list|Mozilla/5.0 (Windows NT 6.1; Win64; x64) AppleWebKit/537.36 (KHTML, like Gecko) Chrome/56.0.2924.87 Safari/537.36|1016
2017-02-13 15:12:02|GET|/jaha/apt/user/list/popup-data|200|?reg_date=2017-02-02&monitoringType=Edoor&user_type=newUser|GET /jaha/apt/user/list/popup-data?reg_date=2017-02-02&monitoringType=Edoor&user_type=newUser HTTP/1.1|-|Mozilla/5.0 (Windows NT 6.1; Win64; x64) AppleWebKit/537.36 (KHTML, like Gecko) Chrome/56.0.2924.87 Safari/537.36|349
2017-02-13 15:45:25|GET|/img/adminHome/logout2.png|200||GET /img/adminHome/logout2.png HTTP/1.1|http://localhost:8888/jaha/apt/membership/list|Mozilla/5.0 (Windows NT 6.1; Win64; x64) AppleWebKit/537.36 (KHTML, like Gecko) Chrome/56.0.2924.87 Safari/537.36|58
2017-02-13 15:45:27|GET|/api/public/address/sigungu-names/%EA%B2%BD%EA%B8%B0%EB%8F%84|200||GET /api/public/address/sigungu-names/%EA%B2%BD%EA%B8%B0%EB%8F%84 HTTP/1.1|http://localhost:8888/jaha/apt/membership/list|Mozilla/5.0 (Windows NT 6.1; Win64; x64) AppleWebKit/537.36 (KHTML, like Gecko) Chrome/56.0.2924.87 Safari/537.36|176
2017-02-13 15:45:46|GET|/jaha/apt/ap/user/monitoring/list|200||GET /jaha/apt/ap/user/monitoring/list HTTP/1.1|http://localhost:8888/jaha/apt/membership/list|Mozilla/5.0 (Windows NT 6.1; Win64; x64) AppleWebKit/537.36 (KHTML, like Gecko) Chrome/56.0.2924.87 Safari/537.36|920
2017-02-13 15:45:47|POST|/jaha/apt/ap/user/monitoring/list-data|200||POST /jaha/apt/ap/user/monitoring/list-data HTTP/1.1|http://localhost:8888/jaha/apt/ap/user/monitoring/list|Mozilla/5.0 (Windows NT 6.1; Win64; x64) AppleWebKit/537.36 (KHTML, like Gecko) Chrome/56.0.2924.87 Safari/537.36|650
2017-02-13 15:45:54|GET|/jaha/apt/ap/user/monitoring/list|200||GET /jaha/apt/ap/user/monitoring/list HTTP/1.1|http://localhost:8888/jaha/apt/membership/list|Mozilla/5.0 (Windows NT 6.1; Win64; x64) AppleWebKit/537.36 (KHTML, like Gecko) Chrome/56.0.2924.87 Safari/537.36|606
2017-02-13 15:45:54|GET|/favicon.ico|200||GET /favicon.ico HTTP/1.1|http://localhost:8888/jaha/apt/ap/user/monitoring/list|Mozilla/5.0 (Windows NT 6.1; Win64; x64) AppleWebKit/537.36 (KHTML, like Gecko) Chrome/56.0.2924.87 Safari/537.36|46
2017-02-13 15:45:54|POST|/jaha/apt/ap/user/monitoring/list-data|200||POST /jaha/apt/ap/user/monitoring/list-data HTTP/1.1|http://localhost:8888/jaha/apt/ap/user/monitoring/list|Mozilla/5.0 (Windows NT 6.1; Win64; x64) AppleWebKit/537.36 (KHTML, like Gecko) Chrome/56.0.2924.87 Safari/537.36|616
2017-02-13 15:50:15|GET|/|200||GET / HTTP/1.1|-|Mozilla/5.0 (Windows NT 6.1; Win64; x64) AppleWebKit/537.36 (KHTML, like Gecko) Chrome/56.0.2924.87 Safari/537.36|295
2017-02-13 15:50:17|POST|/api/public/user/login|302||POST /api/public/user/login HTTP/1.1|http://localhost:8888/|Mozilla/5.0 (Windows NT 6.1; Win64; x64) AppleWebKit/537.36 (KHTML, like Gecko) Chrome/56.0.2924.87 Safari/537.36|461
2017-02-13 15:50:18|GET|/|302||GET / HTTP/1.1|http://localhost:8888/|Mozilla/5.0 (Windows NT 6.1; Win64; x64) AppleWebKit/537.36 (KHTML, like Gecko) Chrome/56.0.2924.87 Safari/537.36|620
2017-02-13 15:50:20|GET|/admin/user/list|200||GET /admin/user/list HTTP/1.1|http://localhost:8888/|Mozilla/5.0 (Windows NT 6.1; Win64; x64) AppleWebKit/537.36 (KHTML, like Gecko) Chrome/56.0.2924.87 Safari/537.36|1674
2017-02-13 15:50:20|GET|/admin/user/last-login-pop|200||GET /admin/user/last-login-pop HTTP/1.1|http://localhost:8888/admin/user/list|Mozilla/5.0 (Windows NT 6.1; Win64; x64) AppleWebKit/537.36 (KHTML, like Gecko) Chrome/56.0.2924.87 Safari/537.36|295
2017-02-13 15:50:23|GET|/jaha/apt/ap/user/monitoring/list|200||GET /jaha/apt/ap/user/monitoring/list HTTP/1.1|http://localhost:8888/admin/user/list|Mozilla/5.0 (Windows NT 6.1; Win64; x64) AppleWebKit/537.36 (KHTML, like Gecko) Chrome/56.0.2924.87 Safari/537.36|567
2017-02-13 15:50:24|POST|/jaha/apt/ap/user/monitoring/list-data|200||POST /jaha/apt/ap/user/monitoring/list-data HTTP/1.1|http://localhost:8888/jaha/apt/ap/user/monitoring/list|Mozilla/5.0 (Windows NT 6.1; Win64; x64) AppleWebKit/537.36 (KHTML, like Gecko) Chrome/56.0.2924.87 Safari/537.36|738
2017-02-13 15:50:31|POST|/jaha/apt/ap/user/monitoring/list-data|200||POST /jaha/apt/ap/user/monitoring/list-data HTTP/1.1|http://localhost:8888/jaha/apt/ap/user/monitoring/list|Mozilla/5.0 (Windows NT 6.1; Win64; x64) AppleWebKit/537.36 (KHTML, like Gecko) Chrome/56.0.2924.87 Safari/537.36|706
2017-02-13 15:52:29|GET|/|200||GET / HTTP/1.1|-|Mozilla/5.0 (Windows NT 6.1; Win64; x64) AppleWebKit/537.36 (KHTML, like Gecko) Chrome/56.0.2924.87 Safari/537.36|300
2017-02-13 15:52:31|POST|/api/public/user/login|302||POST /api/public/user/login HTTP/1.1|http://localhost:8888/|Mozilla/5.0 (Windows NT 6.1; Win64; x64) AppleWebKit/537.36 (KHTML, like Gecko) Chrome/56.0.2924.87 Safari/537.36|471
2017-02-13 15:52:32|GET|/|302||GET / HTTP/1.1|http://localhost:8888/|Mozilla/5.0 (Windows NT 6.1; Win64; x64) AppleWebKit/537.36 (KHTML, like Gecko) Chrome/56.0.2924.87 Safari/537.36|657
2017-02-13 15:52:33|GET|/admin/user/list|200||GET /admin/user/list HTTP/1.1|http://localhost:8888/|Mozilla/5.0 (Windows NT 6.1; Win64; x64) AppleWebKit/537.36 (KHTML, like Gecko) Chrome/56.0.2924.87 Safari/537.36|1617
2017-02-13 15:52:34|GET|/admin/user/last-login-pop|200||GET /admin/user/last-login-pop HTTP/1.1|http://localhost:8888/admin/user/list|Mozilla/5.0 (Windows NT 6.1; Win64; x64) AppleWebKit/537.36 (KHTML, like Gecko) Chrome/56.0.2924.87 Safari/537.36|273
2017-02-13 15:52:36|GET|/jaha/apt/ap/user/monitoring/list|200||GET /jaha/apt/ap/user/monitoring/list HTTP/1.1|http://localhost:8888/admin/user/list|Mozilla/5.0 (Windows NT 6.1; Win64; x64) AppleWebKit/537.36 (KHTML, like Gecko) Chrome/56.0.2924.87 Safari/537.36|548
2017-02-13 15:52:37|POST|/jaha/apt/ap/user/monitoring/list-data|200||POST /jaha/apt/ap/user/monitoring/list-data HTTP/1.1|http://localhost:8888/jaha/apt/ap/user/monitoring/list|Mozilla/5.0 (Windows NT 6.1; Win64; x64) AppleWebKit/537.36 (KHTML, like Gecko) Chrome/56.0.2924.87 Safari/537.36|1063
2017-02-13 15:52:53|POST|/jaha/apt/ap/user/monitoring/list-data|200||POST /jaha/apt/ap/user/monitoring/list-data HTTP/1.1|http://localhost:8888/jaha/apt/ap/user/monitoring/list|Mozilla/5.0 (Windows NT 6.1; Win64; x64) AppleWebKit/537.36 (KHTML, like Gecko) Chrome/56.0.2924.87 Safari/537.36|694
2017-02-13 16:07:54|GET|/|200||GET / HTTP/1.1|-|Mozilla/5.0 (Windows NT 6.1; Win64; x64) AppleWebKit/537.36 (KHTML, like Gecko) Chrome/56.0.2924.87 Safari/537.36|318
2017-02-13 16:07:56|POST|/api/public/user/login|302||POST /api/public/user/login HTTP/1.1|http://localhost:8888/|Mozilla/5.0 (Windows NT 6.1; Win64; x64) AppleWebKit/537.36 (KHTML, like Gecko) Chrome/56.0.2924.87 Safari/537.36|439
2017-02-13 16:07:56|GET|/|302||GET / HTTP/1.1|http://localhost:8888/|Mozilla/5.0 (Windows NT 6.1; Win64; x64) AppleWebKit/537.36 (KHTML, like Gecko) Chrome/56.0.2924.87 Safari/537.36|641
2017-02-13 16:07:58|GET|/admin/user/list|200||GET /admin/user/list HTTP/1.1|http://localhost:8888/|Mozilla/5.0 (Windows NT 6.1; Win64; x64) AppleWebKit/537.36 (KHTML, like Gecko) Chrome/56.0.2924.87 Safari/537.36|1590
2017-02-13 16:07:59|GET|/admin/user/last-login-pop|200||GET /admin/user/last-login-pop HTTP/1.1|http://localhost:8888/admin/user/list|Mozilla/5.0 (Windows NT 6.1; Win64; x64) AppleWebKit/537.36 (KHTML, like Gecko) Chrome/56.0.2924.87 Safari/537.36|296
2017-02-13 16:08:01|GET|/jaha/apt/membership/list|200||GET /jaha/apt/membership/list HTTP/1.1|http://localhost:8888/admin/user/list|Mozilla/5.0 (Windows NT 6.1; Win64; x64) AppleWebKit/537.36 (KHTML, like Gecko) Chrome/56.0.2924.87 Safari/537.36|552
2017-02-13 16:08:02|GET|/api/public/address/sido-names|200||GET /api/public/address/sido-names HTTP/1.1|http://localhost:8888/jaha/apt/membership/list|Mozilla/5.0 (Windows NT 6.1; Win64; x64) AppleWebKit/537.36 (KHTML, like Gecko) Chrome/56.0.2924.87 Safari/537.36|144
2017-02-13 16:08:03|GET|/img/adminHome/home2.png|200||GET /img/adminHome/home2.png HTTP/1.1|http://localhost:8888/jaha/apt/membership/list|Mozilla/5.0 (Windows NT 6.1; Win64; x64) AppleWebKit/537.36 (KHTML, like Gecko) Chrome/56.0.2924.87 Safari/537.36|75
2017-02-13 16:08:06|GET|/jaha/apt/membership/list-data|200|?sidoNm=&sggNm=&aptNm=&sDate=2017-02-07&eDate=2017-02-13&pageSize=10&pageNum=1|GET /jaha/apt/membership/list-data?sidoNm=&sggNm=&aptNm=&sDate=2017-02-07&eDate=2017-02-13&pageSize=10&pageNum=1 HTTP/1.1|http://localhost:8888/jaha/apt/membership/list|Mozilla/5.0 (Windows NT 6.1; Win64; x64) AppleWebKit/537.36 (KHTML, like Gecko) Chrome/56.0.2924.87 Safari/537.36|1441
2017-02-13 16:08:12|GET|/jaha/apt/user/list/popup|200|?aptId=726|GET /jaha/apt/user/list/popup?aptId=726 HTTP/1.1|http://localhost:8888/jaha/apt/membership/list|Mozilla/5.0 (Windows NT 6.1; Win64; x64) AppleWebKit/537.36 (KHTML, like Gecko) Chrome/56.0.2924.87 Safari/537.36|683
2017-02-13 16:08:12|GET|/jaha/apt/user/list/popup-data|200|?pageNum=1&aptId=726|GET /jaha/apt/user/list/popup-data?pageNum=1&aptId=726 HTTP/1.1|http://localhost:8888/jaha/apt/user/list/popup?aptId=726|Mozilla/5.0 (Windows NT 6.1; Win64; x64) AppleWebKit/537.36 (KHTML, like Gecko) Chrome/56.0.2924.87 Safari/537.36|277
2017-02-13 16:10:30|GET|/jaha/apt/user/list/popup|200|?aptId=726|GET /jaha/apt/user/list/popup?aptId=726 HTTP/1.1|http://localhost:8888/jaha/apt/membership/list|Mozilla/5.0 (Windows NT 6.1; Win64; x64) AppleWebKit/537.36 (KHTML, like Gecko) Chrome/56.0.2924.87 Safari/537.36|976
2017-02-13 16:10:30|GET|/jaha/apt/user/list/popup-data|200|?pageNum=1&aptId=726|GET /jaha/apt/user/list/popup-data?pageNum=1&aptId=726 HTTP/1.1|http://localhost:8888/jaha/apt/user/list/popup?aptId=726|Mozilla/5.0 (Windows NT 6.1; Win64; x64) AppleWebKit/537.36 (KHTML, like Gecko) Chrome/56.0.2924.87 Safari/537.36|315
2017-02-13 16:11:32|GET|/jaha/apt/user/list/popup|200|?aptId=726|GET /jaha/apt/user/list/popup?aptId=726 HTTP/1.1|http://localhost:8888/jaha/apt/membership/list|Mozilla/5.0 (Windows NT 6.1; Win64; x64) AppleWebKit/537.36 (KHTML, like Gecko) Chrome/56.0.2924.87 Safari/537.36|1107
2017-02-13 16:11:32|GET|/favicon.ico|200||GET /favicon.ico HTTP/1.1|http://localhost:8888/jaha/apt/user/list/popup?aptId=726|Mozilla/5.0 (Windows NT 6.1; Win64; x64) AppleWebKit/537.36 (KHTML, like Gecko) Chrome/56.0.2924.87 Safari/537.36|49
2017-02-13 16:11:33|GET|/jaha/apt/user/list/popup-data|200|?pageNum=1&aptId=726|GET /jaha/apt/user/list/popup-data?pageNum=1&aptId=726 HTTP/1.1|http://localhost:8888/jaha/apt/user/list/popup?aptId=726|Mozilla/5.0 (Windows NT 6.1; Win64; x64) AppleWebKit/537.36 (KHTML, like Gecko) Chrome/56.0.2924.87 Safari/537.36|340
2017-02-13 16:13:00|GET|/jaha/apt/membership/list|200||GET /jaha/apt/membership/list HTTP/1.1|http://localhost:8888/admin/user/list|Mozilla/5.0 (Windows NT 6.1; Win64; x64) AppleWebKit/537.36 (KHTML, like Gecko) Chrome/56.0.2924.87 Safari/537.36|1019
2017-02-13 16:13:00|GET|/favicon.ico|200||GET /favicon.ico HTTP/1.1|http://localhost:8888/jaha/apt/membership/list|Mozilla/5.0 (Windows NT 6.1; Win64; x64) AppleWebKit/537.36 (KHTML, like Gecko) Chrome/56.0.2924.87 Safari/537.36|54
2017-02-13 16:13:00|GET|/api/public/address/sido-names|200||GET /api/public/address/sido-names HTTP/1.1|http://localhost:8888/jaha/apt/membership/list|Mozilla/5.0 (Windows NT 6.1; Win64; x64) AppleWebKit/537.36 (KHTML, like Gecko) Chrome/56.0.2924.87 Safari/537.36|168
2017-02-13 16:13:05|GET|/jaha/apt/membership/list-data|200|?sidoNm=&sggNm=&aptNm=&sDate=2017-02-07&eDate=2017-02-13&pageSize=10&pageNum=1|GET /jaha/apt/membership/list-data?sidoNm=&sggNm=&aptNm=&sDate=2017-02-07&eDate=2017-02-13&pageSize=10&pageNum=1 HTTP/1.1|http://localhost:8888/jaha/apt/membership/list|Mozilla/5.0 (Windows NT 6.1; Win64; x64) AppleWebKit/537.36 (KHTML, like Gecko) Chrome/56.0.2924.87 Safari/537.36|1329
2017-02-13 16:13:07|GET|/jaha/apt/user/list/popup|200|?aptId=726|GET /jaha/apt/user/list/popup?aptId=726 HTTP/1.1|http://localhost:8888/jaha/apt/membership/list|Mozilla/5.0 (Windows NT 6.1; Win64; x64) AppleWebKit/537.36 (KHTML, like Gecko) Chrome/56.0.2924.87 Safari/537.36|701
2017-02-13 16:13:07|GET|/jaha/apt/user/list/popup-data|200|?pageNum=1&aptId=726|GET /jaha/apt/user/list/popup-data?pageNum=1&aptId=726 HTTP/1.1|http://localhost:8888/jaha/apt/user/list/popup?aptId=726|Mozilla/5.0 (Windows NT 6.1; Win64; x64) AppleWebKit/537.36 (KHTML, like Gecko) Chrome/56.0.2924.87 Safari/537.36|293
2017-02-13 16:14:51|GET|/jaha/apt/user/list/popup|200|?aptId=726|GET /jaha/apt/user/list/popup?aptId=726 HTTP/1.1|http://localhost:8888/jaha/apt/membership/list|Mozilla/5.0 (Windows NT 6.1; Win64; x64) AppleWebKit/537.36 (KHTML, like Gecko) Chrome/56.0.2924.87 Safari/537.36|1101
2017-02-13 16:14:51|GET|/favicon.ico|200||GET /favicon.ico HTTP/1.1|http://localhost:8888/jaha/apt/user/list/popup?aptId=726|Mozilla/5.0 (Windows NT 6.1; Win64; x64) AppleWebKit/537.36 (KHTML, like Gecko) Chrome/56.0.2924.87 Safari/537.36|43
2017-02-13 16:14:52|GET|/jaha/apt/user/list/popup-data|200|?pageNum=1&aptId=726|GET /jaha/apt/user/list/popup-data?pageNum=1&aptId=726 HTTP/1.1|http://localhost:8888/jaha/apt/user/list/popup?aptId=726|Mozilla/5.0 (Windows NT 6.1; Win64; x64) AppleWebKit/537.36 (KHTML, like Gecko) Chrome/56.0.2924.87 Safari/537.36|329
2017-02-13 16:16:15|GET|/jaha/apt/user/list/popup|200|?aptId=726|GET /jaha/apt/user/list/popup?aptId=726 HTTP/1.1|http://localhost:8888/jaha/apt/membership/list|Mozilla/5.0 (Windows NT 6.1; Win64; x64) AppleWebKit/537.36 (KHTML, like Gecko) Chrome/56.0.2924.87 Safari/537.36|1002
2017-02-13 16:16:15|GET|/favicon.ico|200||GET /favicon.ico HTTP/1.1|http://localhost:8888/jaha/apt/user/list/popup?aptId=726|Mozilla/5.0 (Windows NT 6.1; Win64; x64) AppleWebKit/537.36 (KHTML, like Gecko) Chrome/56.0.2924.87 Safari/537.36|39
2017-02-13 16:16:16|GET|/jaha/apt/user/list/popup-data|200|?pageNum=1&aptId=726|GET /jaha/apt/user/list/popup-data?pageNum=1&aptId=726 HTTP/1.1|http://localhost:8888/jaha/apt/user/list/popup?aptId=726|Mozilla/5.0 (Windows NT 6.1; Win64; x64) AppleWebKit/537.36 (KHTML, like Gecko) Chrome/56.0.2924.87 Safari/537.36|326
2017-02-13 16:17:35|GET|/jaha/apt/user/list/popup|200|?aptId=726|GET /jaha/apt/user/list/popup?aptId=726 HTTP/1.1|http://localhost:8888/jaha/apt/membership/list|Mozilla/5.0 (Windows NT 6.1; Win64; x64) AppleWebKit/537.36 (KHTML, like Gecko) Chrome/56.0.2924.87 Safari/537.36|1103
2017-02-13 16:17:35|GET|/favicon.ico|200||GET /favicon.ico HTTP/1.1|http://localhost:8888/jaha/apt/user/list/popup?aptId=726|Mozilla/5.0 (Windows NT 6.1; Win64; x64) AppleWebKit/537.36 (KHTML, like Gecko) Chrome/56.0.2924.87 Safari/537.36|46
2017-02-13 16:17:35|GET|/jaha/apt/user/list/popup-data|200|?pageNum=1&aptId=726|GET /jaha/apt/user/list/popup-data?pageNum=1&aptId=726 HTTP/1.1|http://localhost:8888/jaha/apt/user/list/popup?aptId=726|Mozilla/5.0 (Windows NT 6.1; Win64; x64) AppleWebKit/537.36 (KHTML, like Gecko) Chrome/56.0.2924.87 Safari/537.36|377
2017-02-13 16:18:42|GET|/jaha/apt/user/list/popup|200|?aptId=726|GET /jaha/apt/user/list/popup?aptId=726 HTTP/1.1|http://localhost:8888/jaha/apt/membership/list|Mozilla/5.0 (Windows NT 6.1; Win64; x64) AppleWebKit/537.36 (KHTML, like Gecko) Chrome/56.0.2924.87 Safari/537.36|976
2017-02-13 16:18:42|GET|/favicon.ico|200||GET /favicon.ico HTTP/1.1|http://localhost:8888/jaha/apt/user/list/popup?aptId=726|Mozilla/5.0 (Windows NT 6.1; Win64; x64) AppleWebKit/537.36 (KHTML, like Gecko) Chrome/56.0.2924.87 Safari/537.36|47
2017-02-13 16:18:42|GET|/jaha/apt/user/list/popup-data|200|?pageNum=1&aptId=726|GET /jaha/apt/user/list/popup-data?pageNum=1&aptId=726 HTTP/1.1|http://localhost:8888/jaha/apt/user/list/popup?aptId=726|Mozilla/5.0 (Windows NT 6.1; Win64; x64) AppleWebKit/537.36 (KHTML, like Gecko) Chrome/56.0.2924.87 Safari/537.36|316
2017-02-13 16:19:50|GET|/jaha/apt/user/list/popup|200|?aptId=726|GET /jaha/apt/user/list/popup?aptId=726 HTTP/1.1|http://localhost:8888/jaha/apt/membership/list|Mozilla/5.0 (Windows NT 6.1; Win64; x64) AppleWebKit/537.36 (KHTML, like Gecko) Chrome/56.0.2924.87 Safari/537.36|1101
2017-02-13 16:19:51|GET|/favicon.ico|200||GET /favicon.ico HTTP/1.1|http://localhost:8888/jaha/apt/user/list/popup?aptId=726|Mozilla/5.0 (Windows NT 6.1; Win64; x64) AppleWebKit/537.36 (KHTML, like Gecko) Chrome/56.0.2924.87 Safari/537.36|43
2017-02-13 16:19:51|GET|/jaha/apt/user/list/popup-data|200|?pageNum=1&aptId=726|GET /jaha/apt/user/list/popup-data?pageNum=1&aptId=726 HTTP/1.1|http://localhost:8888/jaha/apt/user/list/popup?aptId=726|Mozilla/5.0 (Windows NT 6.1; Win64; x64) AppleWebKit/537.36 (KHTML, like Gecko) Chrome/56.0.2924.87 Safari/537.36|412
2017-02-13 16:20:45|GET|/jaha/apt/user/list/popup|200|?aptId=726|GET /jaha/apt/user/list/popup?aptId=726 HTTP/1.1|http://localhost:8888/jaha/apt/membership/list|Mozilla/5.0 (Windows NT 6.1; Win64; x64) AppleWebKit/537.36 (KHTML, like Gecko) Chrome/56.0.2924.87 Safari/537.36|1075
2017-02-13 16:20:46|GET|/favicon.ico|200||GET /favicon.ico HTTP/1.1|http://localhost:8888/jaha/apt/user/list/popup?aptId=726|Mozilla/5.0 (Windows NT 6.1; Win64; x64) AppleWebKit/537.36 (KHTML, like Gecko) Chrome/56.0.2924.87 Safari/537.36|44
2017-02-13 16:20:46|GET|/jaha/apt/user/list/popup-data|200|?pageNum=1&aptId=726|GET /jaha/apt/user/list/popup-data?pageNum=1&aptId=726 HTTP/1.1|http://localhost:8888/jaha/apt/user/list/popup?aptId=726|Mozilla/5.0 (Windows NT 6.1; Win64; x64) AppleWebKit/537.36 (KHTML, like Gecko) Chrome/56.0.2924.87 Safari/537.36|439
2017-02-13 16:20:47|GET|/jaha/user/data|200|?id=23119|GET /jaha/user/data?id=23119 HTTP/1.1|http://localhost:8888/jaha/apt/user/list/popup?aptId=726|Mozilla/5.0 (Windows NT 6.1; Win64; x64) AppleWebKit/537.36 (KHTML, like Gecko) Chrome/56.0.2924.87 Safari/537.36|341
2017-02-13 16:25:33|GET|/jaha/apt/user/list/popup|200|?aptId=726|GET /jaha/apt/user/list/popup?aptId=726 HTTP/1.1|http://localhost:8888/jaha/apt/membership/list|Mozilla/5.0 (Windows NT 6.1; Win64; x64) AppleWebKit/537.36 (KHTML, like Gecko) Chrome/56.0.2924.87 Safari/537.36|1071
2017-02-13 16:25:33|GET|/favicon.ico|200||GET /favicon.ico HTTP/1.1|http://localhost:8888/jaha/apt/user/list/popup?aptId=726|Mozilla/5.0 (Windows NT 6.1; Win64; x64) AppleWebKit/537.36 (KHTML, like Gecko) Chrome/56.0.2924.87 Safari/537.36|45
2017-02-13 16:25:33|GET|/jaha/apt/user/list/popup-data|200|?pageNum=1&aptId=726|GET /jaha/apt/user/list/popup-data?pageNum=1&aptId=726 HTTP/1.1|http://localhost:8888/jaha/apt/user/list/popup?aptId=726|Mozilla/5.0 (Windows NT 6.1; Win64; x64) AppleWebKit/537.36 (KHTML, like Gecko) Chrome/56.0.2924.87 Safari/537.36|456
2017-02-13 16:25:42|GET|/jaha/user/data|200|?id=23119|GET /jaha/user/data?id=23119 HTTP/1.1|http://localhost:8888/jaha/apt/user/list/popup?aptId=726|Mozilla/5.0 (Windows NT 6.1; Win64; x64) AppleWebKit/537.36 (KHTML, like Gecko) Chrome/56.0.2924.87 Safari/537.36|307
2017-02-13 16:26:01|GET|/jaha/apt/user/list/popup-data|200|?reg_date=2017-02-02&monitoringType=Edoor&user_type=deactiveUser|GET /jaha/apt/user/list/popup-data?reg_date=2017-02-02&monitoringType=Edoor&user_type=deactiveUser HTTP/1.1|-|Mozilla/5.0 (Windows NT 6.1; Win64; x64) AppleWebKit/537.36 (KHTML, like Gecko) Chrome/56.0.2924.87 Safari/537.36|696
