2017-02-15 09:40:55|GET|/|200||GET / HTTP/1.1|-|Mozilla/5.0 (Windows NT 6.1; Win64; x64) AppleWebKit/537.36 (KHTML, like Gecko) Chrome/56.0.2924.87 Safari/537.36|414
2017-02-15 09:40:55|GET|/|200||GET / HTTP/1.1|-|Mozilla/5.0 (Windows NT 6.1; Win64; x64) AppleWebKit/537.36 (KHTML, like Gecko) Chrome/56.0.2924.87 Safari/537.36|34
2017-02-15 09:40:57|POST|/api/public/user/login|302||POST /api/public/user/login HTTP/1.1|http://localhost:8888/|Mozilla/5.0 (Windows NT 6.1; Win64; x64) AppleWebKit/537.36 (KHTML, like Gecko) Chrome/56.0.2924.87 Safari/537.36|475
2017-02-15 09:40:58|GET|/|302||GET / HTTP/1.1|http://localhost:8888/|Mozilla/5.0 (Windows NT 6.1; Win64; x64) AppleWebKit/537.36 (KHTML, like Gecko) Chrome/56.0.2924.87 Safari/537.36|662
2017-02-15 09:40:59|GET|/admin/user/list|200||GET /admin/user/list HTTP/1.1|http://localhost:8888/|Mozilla/5.0 (Windows NT 6.1; Win64; x64) AppleWebKit/537.36 (KHTML, like Gecko) Chrome/56.0.2924.87 Safari/537.36|1646
2017-02-15 09:41:00|GET|/admin/user/last-login-pop|200||GET /admin/user/last-login-pop HTTP/1.1|http://localhost:8888/admin/user/list|Mozilla/5.0 (Windows NT 6.1; Win64; x64) AppleWebKit/537.36 (KHTML, like Gecko) Chrome/56.0.2924.87 Safari/537.36|375
2017-02-15 09:41:04|GET|/jaha/apt/ap/user/monitoring/list|200||GET /jaha/apt/ap/user/monitoring/list HTTP/1.1|http://localhost:8888/admin/user/list|Mozilla/5.0 (Windows NT 6.1; Win64; x64) AppleWebKit/537.36 (KHTML, like Gecko) Chrome/56.0.2924.87 Safari/537.36|589
2017-02-15 09:41:04|GET|/js/common.js|304||GET /js/common.js HTTP/1.1|http://localhost:8888/jaha/apt/ap/user/monitoring/list|Mozilla/5.0 (Windows NT 6.1; Win64; x64) AppleWebKit/537.36 (KHTML, like Gecko) Chrome/56.0.2924.87 Safari/537.36|107
2017-02-15 09:41:05|POST|/jaha/apt/ap/user/membership/list-data|405||POST /jaha/apt/ap/user/membership/list-data HTTP/1.1|http://localhost:8888/jaha/apt/ap/user/monitoring/list|Mozilla/5.0 (Windows NT 6.1; Win64; x64) AppleWebKit/537.36 (KHTML, like Gecko) Chrome/56.0.2924.87 Safari/537.36|118
2017-02-15 09:41:08|POST|/jaha/apt/ap/user/membership/list-data|405||POST /jaha/apt/ap/user/membership/list-data HTTP/1.1|http://localhost:8888/jaha/apt/ap/user/monitoring/list|Mozilla/5.0 (Windows NT 6.1; Win64; x64) AppleWebKit/537.36 (KHTML, like Gecko) Chrome/56.0.2924.87 Safari/537.36|55
2017-02-15 09:41:16|GET|/jaha/apt/ap/user/monitoring/list|200||GET /jaha/apt/ap/user/monitoring/list HTTP/1.1|http://localhost:8888/admin/user/list|Mozilla/5.0 (Windows NT 6.1; Win64; x64) AppleWebKit/537.36 (KHTML, like Gecko) Chrome/56.0.2924.87 Safari/537.36|541
2017-02-15 09:41:17|POST|/jaha/apt/ap/user/membership/list-data|405||POST /jaha/apt/ap/user/membership/list-data HTTP/1.1|http://localhost:8888/jaha/apt/ap/user/monitoring/list|Mozilla/5.0 (Windows NT 6.1; Win64; x64) AppleWebKit/537.36 (KHTML, like Gecko) Chrome/56.0.2924.87 Safari/537.36|42
2017-02-15 09:41:18|GET|/favicon.ico|200||GET /favicon.ico HTTP/1.1|http://localhost:8888/jaha/apt/ap/user/monitoring/list|Mozilla/5.0 (Windows NT 6.1; Win64; x64) AppleWebKit/537.36 (KHTML, like Gecko) Chrome/56.0.2924.87 Safari/537.36|42
2017-02-15 09:41:45|GET|/jaha/apt/ap/user/monitoring/list|200||GET /jaha/apt/ap/user/monitoring/list HTTP/1.1|http://localhost:8888/admin/user/list|Mozilla/5.0 (Windows NT 6.1; Win64; x64) AppleWebKit/537.36 (KHTML, like Gecko) Chrome/56.0.2924.87 Safari/537.36|617
2017-02-15 09:41:46|GET|/favicon.ico|200||GET /favicon.ico HTTP/1.1|http://localhost:8888/jaha/apt/ap/user/monitoring/list|Mozilla/5.0 (Windows NT 6.1; Win64; x64) AppleWebKit/537.36 (KHTML, like Gecko) Chrome/56.0.2924.87 Safari/537.36|39
2017-02-15 09:41:47|POST|/jaha/apt/membership/list-data|200||POST /jaha/apt/membership/list-data HTTP/1.1|http://localhost:8888/jaha/apt/ap/user/monitoring/list|Mozilla/5.0 (Windows NT 6.1; Win64; x64) AppleWebKit/537.36 (KHTML, like Gecko) Chrome/56.0.2924.87 Safari/537.36|1414
2017-02-15 09:42:42|GET|/apt/search/popup|200|?mode=multi|GET /apt/search/popup?mode=multi HTTP/1.1|http://localhost:8888/jaha/apt/ap/user/monitoring/list|Mozilla/5.0 (Windows NT 6.1; Win64; x64) AppleWebKit/537.36 (KHTML, like Gecko) Chrome/56.0.2924.87 Safari/537.36|607
2017-02-15 09:42:49|POST|/apt/search/list-data|200||POST /apt/search/list-data HTTP/1.1|http://localhost:8888/apt/search/popup?mode=multi|Mozilla/5.0 (Windows NT 6.1; Win64; x64) AppleWebKit/537.36 (KHTML, like Gecko) Chrome/56.0.2924.87 Safari/537.36|338
2017-02-15 09:43:00|GET|/api/public/address/sigungu-names/%EC%84%9C%EC%9A%B8%ED%8A%B9%EB%B3%84%EC%8B%9C|200||GET /api/public/address/sigungu-names/%EC%84%9C%EC%9A%B8%ED%8A%B9%EB%B3%84%EC%8B%9C HTTP/1.1|http://localhost:8888/apt/search/popup?mode=multi|Mozilla/5.0 (Windows NT 6.1; Win64; x64) AppleWebKit/537.36 (KHTML, like Gecko) Chrome/56.0.2924.87 Safari/537.36|156
2017-02-15 09:43:05|POST|/apt/search/list-data|200||POST /apt/search/list-data HTTP/1.1|http://localhost:8888/apt/search/popup?mode=multi|Mozilla/5.0 (Windows NT 6.1; Win64; x64) AppleWebKit/537.36 (KHTML, like Gecko) Chrome/56.0.2924.87 Safari/537.36|261
2017-02-15 09:43:18|POST|/jaha/apt/membership/list-data|200||POST /jaha/apt/membership/list-data HTTP/1.1|http://localhost:8888/jaha/apt/ap/user/monitoring/list|Mozilla/5.0 (Windows NT 6.1; Win64; x64) AppleWebKit/537.36 (KHTML, like Gecko) Chrome/56.0.2924.87 Safari/537.36|257
2017-02-15 09:44:46|POST|/jaha/apt/membership/list-data|200||POST /jaha/apt/membership/list-data HTTP/1.1|http://localhost:8888/jaha/apt/ap/user/monitoring/list|Mozilla/5.0 (Windows NT 6.1; Win64; x64) AppleWebKit/537.36 (KHTML, like Gecko) Chrome/56.0.2924.87 Safari/537.36|458
2017-02-15 09:45:46|POST|/jaha/apt/membership/list-data|200||POST /jaha/apt/membership/list-data HTTP/1.1|http://localhost:8888/jaha/apt/ap/user/monitoring/list|Mozilla/5.0 (Windows NT 6.1; Win64; x64) AppleWebKit/537.36 (KHTML, like Gecko) Chrome/56.0.2924.87 Safari/537.36|1619
2017-02-15 09:50:33|GET|/apt/search/popup|200|?mode=multi|GET /apt/search/popup?mode=multi HTTP/1.1|http://localhost:8888/jaha/apt/ap/user/monitoring/list|Mozilla/5.0 (Windows NT 6.1; Win64; x64) AppleWebKit/537.36 (KHTML, like Gecko) Chrome/56.0.2924.87 Safari/537.36|967
2017-02-15 09:50:40|POST|/jaha/apt/membership/list-data|200||POST /jaha/apt/membership/list-data HTTP/1.1|http://localhost:8888/jaha/apt/ap/user/monitoring/list|Mozilla/5.0 (Windows NT 6.1; Win64; x64) AppleWebKit/537.36 (KHTML, like Gecko) Chrome/56.0.2924.87 Safari/537.36|869
2017-02-15 09:50:52|GET|/apt/search/popup|200|?mode=multi|GET /apt/search/popup?mode=multi HTTP/1.1|http://localhost:8888/jaha/apt/ap/user/monitoring/list|Mozilla/5.0 (Windows NT 6.1; Win64; x64) AppleWebKit/537.36 (KHTML, like Gecko) Chrome/56.0.2924.87 Safari/537.36|626
2017-02-15 09:50:59|POST|/apt/search/list-data|200||POST /apt/search/list-data HTTP/1.1|http://localhost:8888/apt/search/popup?mode=multi|Mozilla/5.0 (Windows NT 6.1; Win64; x64) AppleWebKit/537.36 (KHTML, like Gecko) Chrome/56.0.2924.87 Safari/537.36|359
2017-02-15 09:51:11|POST|/jaha/apt/membership/list-data|200||POST /jaha/apt/membership/list-data HTTP/1.1|http://localhost:8888/jaha/apt/ap/user/monitoring/list|Mozilla/5.0 (Windows NT 6.1; Win64; x64) AppleWebKit/537.36 (KHTML, like Gecko) Chrome/56.0.2924.87 Safari/537.36|710
2017-02-15 09:51:28|GET|/jaha/apt/ap/user/monitoring/list|200||GET /jaha/apt/ap/user/monitoring/list HTTP/1.1|http://localhost:8888/admin/user/list|Mozilla/5.0 (Windows NT 6.1; Win64; x64) AppleWebKit/537.36 (KHTML, like Gecko) Chrome/56.0.2924.87 Safari/537.36|592
2017-02-15 09:51:28|GET|/favicon.ico|200||GET /favicon.ico HTTP/1.1|http://localhost:8888/jaha/apt/ap/user/monitoring/list|Mozilla/5.0 (Windows NT 6.1; Win64; x64) AppleWebKit/537.36 (KHTML, like Gecko) Chrome/56.0.2924.87 Safari/537.36|44
2017-02-15 09:51:30|POST|/jaha/apt/ap/user/edoorMember/list-data|200||POST /jaha/apt/ap/user/edoorMember/list-data HTTP/1.1|http://localhost:8888/jaha/apt/ap/user/monitoring/list|Mozilla/5.0 (Windows NT 6.1; Win64; x64) AppleWebKit/537.36 (KHTML, like Gecko) Chrome/56.0.2924.87 Safari/537.36|2100
2017-02-15 09:51:35|GET|/jaha/apt/ap/user/monitoring/list|200||GET /jaha/apt/ap/user/monitoring/list HTTP/1.1|http://localhost:8888/admin/user/list|Mozilla/5.0 (Windows NT 6.1; Win64; x64) AppleWebKit/537.36 (KHTML, like Gecko) Chrome/56.0.2924.87 Safari/537.36|628
2017-02-15 09:51:35|GET|/favicon.ico|200||GET /favicon.ico HTTP/1.1|http://localhost:8888/jaha/apt/ap/user/monitoring/list|Mozilla/5.0 (Windows NT 6.1; Win64; x64) AppleWebKit/537.36 (KHTML, like Gecko) Chrome/56.0.2924.87 Safari/537.36|43
2017-02-15 09:51:37|POST|/jaha/apt/ap/user/edoorMember/list-data|200||POST /jaha/apt/ap/user/edoorMember/list-data HTTP/1.1|http://localhost:8888/jaha/apt/ap/user/monitoring/list|Mozilla/5.0 (Windows NT 6.1; Win64; x64) AppleWebKit/537.36 (KHTML, like Gecko) Chrome/56.0.2924.87 Safari/537.36|1971
2017-02-15 09:52:58|GET|/jaha/apt/ap/user/monitoring/list|200||GET /jaha/apt/ap/user/monitoring/list HTTP/1.1|http://localhost:8888/admin/user/list|Mozilla/5.0 (Windows NT 6.1; Win64; x64) AppleWebKit/537.36 (KHTML, like Gecko) Chrome/56.0.2924.87 Safari/537.36|1034
2017-02-15 09:52:58|GET|/favicon.ico|200||GET /favicon.ico HTTP/1.1|http://localhost:8888/jaha/apt/ap/user/monitoring/list|Mozilla/5.0 (Windows NT 6.1; Win64; x64) AppleWebKit/537.36 (KHTML, like Gecko) Chrome/56.0.2924.87 Safari/537.36|51
2017-02-15 09:53:00|POST|/jaha/apt/ap/user/edoorMember/list-data|200||POST /jaha/apt/ap/user/edoorMember/list-data HTTP/1.1|http://localhost:8888/jaha/apt/ap/user/monitoring/list|Mozilla/5.0 (Windows NT 6.1; Win64; x64) AppleWebKit/537.36 (KHTML, like Gecko) Chrome/56.0.2924.87 Safari/537.36|2286
2017-02-15 09:53:03|GET|/apt/search/popup|200|?mode=multi|GET /apt/search/popup?mode=multi HTTP/1.1|http://localhost:8888/jaha/apt/ap/user/monitoring/list|Mozilla/5.0 (Windows NT 6.1; Win64; x64) AppleWebKit/537.36 (KHTML, like Gecko) Chrome/56.0.2924.87 Safari/537.36|609
2017-02-15 09:53:04|POST|/apt/search/list-data|200||POST /apt/search/list-data HTTP/1.1|http://localhost:8888/apt/search/popup?mode=multi|Mozilla/5.0 (Windows NT 6.1; Win64; x64) AppleWebKit/537.36 (KHTML, like Gecko) Chrome/56.0.2924.87 Safari/537.36|315
2017-02-15 09:53:11|GET|/apt/search/popup|200|?mode=multi|GET /apt/search/popup?mode=multi HTTP/1.1|http://localhost:8888/jaha/apt/ap/user/monitoring/list|Mozilla/5.0 (Windows NT 6.1; Win64; x64) AppleWebKit/537.36 (KHTML, like Gecko) Chrome/56.0.2924.87 Safari/537.36|625
2017-02-15 09:53:16|POST|/jaha/apt/ap/user/edoorMember/list-data|200||POST /jaha/apt/ap/user/edoorMember/list-data HTTP/1.1|http://localhost:8888/jaha/apt/ap/user/monitoring/list|Mozilla/5.0 (Windows NT 6.1; Win64; x64) AppleWebKit/537.36 (KHTML, like Gecko) Chrome/56.0.2924.87 Safari/537.36|344
2017-02-15 10:54:00|GET|/jaha/apt/ap/user/monitoring/list|200||GET /jaha/apt/ap/user/monitoring/list HTTP/1.1|http://localhost:8888/admin/user/list|Mozilla/5.0 (Windows NT 6.1; Win64; x64) AppleWebKit/537.36 (KHTML, like Gecko) Chrome/56.0.2924.87 Safari/537.36|616
2017-02-15 10:54:00|GET|/favicon.ico|200||GET /favicon.ico HTTP/1.1|http://localhost:8888/jaha/apt/ap/user/monitoring/list|Mozilla/5.0 (Windows NT 6.1; Win64; x64) AppleWebKit/537.36 (KHTML, like Gecko) Chrome/56.0.2924.87 Safari/537.36|36
2017-02-15 10:54:00|POST|/jaha/apt/ap/user/monitoring/list-data|200||POST /jaha/apt/ap/user/monitoring/list-data HTTP/1.1|http://localhost:8888/jaha/apt/ap/user/monitoring/list|Mozilla/5.0 (Windows NT 6.1; Win64; x64) AppleWebKit/537.36 (KHTML, like Gecko) Chrome/56.0.2924.87 Safari/537.36|655
2017-02-15 10:54:03|GET|/jaha/apt/ap/user/monitoring/list|200||GET /jaha/apt/ap/user/monitoring/list HTTP/1.1|http://localhost:8888/admin/user/list|Mozilla/5.0 (Windows NT 6.1; Win64; x64) AppleWebKit/537.36 (KHTML, like Gecko) Chrome/56.0.2924.87 Safari/537.36|590
2017-02-15 10:54:03|GET|/favicon.ico|200||GET /favicon.ico HTTP/1.1|http://localhost:8888/jaha/apt/ap/user/monitoring/list|Mozilla/5.0 (Windows NT 6.1; Win64; x64) AppleWebKit/537.36 (KHTML, like Gecko) Chrome/56.0.2924.87 Safari/537.36|39
2017-02-15 10:54:03|POST|/jaha/apt/ap/user/monitoring/list-data|200||POST /jaha/apt/ap/user/monitoring/list-data HTTP/1.1|http://localhost:8888/jaha/apt/ap/user/monitoring/list|Mozilla/5.0 (Windows NT 6.1; Win64; x64) AppleWebKit/537.36 (KHTML, like Gecko) Chrome/56.0.2924.87 Safari/537.36|620
2017-02-15 10:54:15|GET|/jaha/apt/ap/user/monitoring/list|200||GET /jaha/apt/ap/user/monitoring/list HTTP/1.1|http://localhost:8888/admin/user/list|Mozilla/5.0 (Windows NT 6.1; Win64; x64) AppleWebKit/537.36 (KHTML, like Gecko) Chrome/56.0.2924.87 Safari/537.36|602
2017-02-15 10:54:15|GET|/css/bootstrap.min.css|200||GET /css/bootstrap.min.css HTTP/1.1|http://localhost:8888/jaha/apt/ap/user/monitoring/list|Mozilla/5.0 (Windows NT 6.1; Win64; x64) AppleWebKit/537.36 (KHTML, like Gecko) Chrome/56.0.2924.87 Safari/537.36|78
2017-02-15 10:54:15|GET|/js/jquery-1.11.2.min.js|200||GET /js/jquery-1.11.2.min.js HTTP/1.1|http://localhost:8888/jaha/apt/ap/user/monitoring/list|Mozilla/5.0 (Windows NT 6.1; Win64; x64) AppleWebKit/537.36 (KHTML, like Gecko) Chrome/56.0.2924.87 Safari/537.36|84
2017-02-15 10:54:15|GET|/font-awesome/css/font-awesome.css|200||GET /font-awesome/css/font-awesome.css HTTP/1.1|http://localhost:8888/jaha/apt/ap/user/monitoring/list|Mozilla/5.0 (Windows NT 6.1; Win64; x64) AppleWebKit/537.36 (KHTML, like Gecko) Chrome/56.0.2924.87 Safari/537.36|85
2017-02-15 10:54:15|GET|/css/bootstrap-datetimepicker.css|200||GET /css/bootstrap-datetimepicker.css HTTP/1.1|http://localhost:8888/jaha/apt/ap/user/monitoring/list|Mozilla/5.0 (Windows NT 6.1; Win64; x64) AppleWebKit/537.36 (KHTML, like Gecko) Chrome/56.0.2924.87 Safari/537.36|87
2017-02-15 10:54:15|GET|/css/sb-admin-2.css|200||GET /css/sb-admin-2.css HTTP/1.1|http://localhost:8888/jaha/apt/ap/user/monitoring/list|Mozilla/5.0 (Windows NT 6.1; Win64; x64) AppleWebKit/537.36 (KHTML, like Gecko) Chrome/56.0.2924.87 Safari/537.36|94
2017-02-15 10:54:15|GET|/js/sb-admin-2.js|200||GET /js/sb-admin-2.js HTTP/1.1|http://localhost:8888/jaha/apt/ap/user/monitoring/list|Mozilla/5.0 (Windows NT 6.1; Win64; x64) AppleWebKit/537.36 (KHTML, like Gecko) Chrome/56.0.2924.87 Safari/537.36|71
2017-02-15 10:54:15|GET|/js/bootstrap.min.js|200||GET /js/bootstrap.min.js HTTP/1.1|http://localhost:8888/jaha/apt/ap/user/monitoring/list|Mozilla/5.0 (Windows NT 6.1; Win64; x64) AppleWebKit/537.36 (KHTML, like Gecko) Chrome/56.0.2924.87 Safari/537.36|56
2017-02-15 10:54:15|GET|/js/jquery.blockUI.js|200||GET /js/jquery.blockUI.js HTTP/1.1|http://localhost:8888/jaha/apt/ap/user/monitoring/list|Mozilla/5.0 (Windows NT 6.1; Win64; x64) AppleWebKit/537.36 (KHTML, like Gecko) Chrome/56.0.2924.87 Safari/537.36|53
2017-02-15 10:54:15|GET|/js/moment-with-locales.js|200||GET /js/moment-with-locales.js HTTP/1.1|http://localhost:8888/jaha/apt/ap/user/monitoring/list|Mozilla/5.0 (Windows NT 6.1; Win64; x64) AppleWebKit/537.36 (KHTML, like Gecko) Chrome/56.0.2924.87 Safari/537.36|98
2017-02-15 10:54:15|GET|/js/bootstrap-datetimepicker.js|200||GET /js/bootstrap-datetimepicker.js HTTP/1.1|http://localhost:8888/jaha/apt/ap/user/monitoring/list|Mozilla/5.0 (Windows NT 6.1; Win64; x64) AppleWebKit/537.36 (KHTML, like Gecko) Chrome/56.0.2924.87 Safari/537.36|105
2017-02-15 10:54:15|GET|/js/metisMenu/metisMenu.js|200||GET /js/metisMenu/metisMenu.js HTTP/1.1|http://localhost:8888/jaha/apt/ap/user/monitoring/list|Mozilla/5.0 (Windows NT 6.1; Win64; x64) AppleWebKit/537.36 (KHTML, like Gecko) Chrome/56.0.2924.87 Safari/537.36|116
2017-02-15 10:54:15|GET|/img/adminHome/logout.png|200||GET /img/adminHome/logout.png HTTP/1.1|http://localhost:8888/jaha/apt/ap/user/monitoring/list|Mozilla/5.0 (Windows NT 6.1; Win64; x64) AppleWebKit/537.36 (KHTML, like Gecko) Chrome/56.0.2924.87 Safari/537.36|69
2017-02-15 10:54:15|GET|/img/adminHome/menu.png|200||GET /img/adminHome/menu.png HTTP/1.1|http://localhost:8888/jaha/apt/ap/user/monitoring/list|Mozilla/5.0 (Windows NT 6.1; Win64; x64) AppleWebKit/537.36 (KHTML, like Gecko) Chrome/56.0.2924.87 Safari/537.36|98
2017-02-15 10:54:15|GET|/font-awesome/fonts/fontawesome-webfont.woff2|200|?v=4.3.0|GET /font-awesome/fonts/fontawesome-webfont.woff2?v=4.3.0 HTTP/1.1|http://localhost:8888/font-awesome/css/font-awesome.css|Mozilla/5.0 (Windows NT 6.1; Win64; x64) AppleWebKit/537.36 (KHTML, like Gecko) Chrome/56.0.2924.87 Safari/537.36|102
2017-02-15 10:54:15|GET|/fonts/glyphicons-halflings-regular.woff2|200||GET /fonts/glyphicons-halflings-regular.woff2 HTTP/1.1|http://localhost:8888/css/bootstrap.min.css|Mozilla/5.0 (Windows NT 6.1; Win64; x64) AppleWebKit/537.36 (KHTML, like Gecko) Chrome/56.0.2924.87 Safari/537.36|71
2017-02-15 10:54:15|GET|/img/adminHome/home.png|200||GET /img/adminHome/home.png HTTP/1.1|http://localhost:8888/jaha/apt/ap/user/monitoring/list|Mozilla/5.0 (Windows NT 6.1; Win64; x64) AppleWebKit/537.36 (KHTML, like Gecko) Chrome/56.0.2924.87 Safari/537.36|100
2017-02-15 10:54:15|GET|/js/common.js|200||GET /js/common.js HTTP/1.1|http://localhost:8888/jaha/apt/ap/user/monitoring/list|Mozilla/5.0 (Windows NT 6.1; Win64; x64) AppleWebKit/537.36 (KHTML, like Gecko) Chrome/56.0.2924.87 Safari/537.36|75
2017-02-15 10:54:15|GET|/sbgrid/js/XRegExp.js|200||GET /sbgrid/js/XRegExp.js HTTP/1.1|http://localhost:8888/jaha/apt/ap/user/monitoring/list|Mozilla/5.0 (Windows NT 6.1; Win64; x64) AppleWebKit/537.36 (KHTML, like Gecko) Chrome/56.0.2924.87 Safari/537.36|50
2017-02-15 10:54:15|GET|/img/loading.gif|200||GET /img/loading.gif HTTP/1.1|http://localhost:8888/jaha/apt/ap/user/monitoring/list|Mozilla/5.0 (Windows NT 6.1; Win64; x64) AppleWebKit/537.36 (KHTML, like Gecko) Chrome/56.0.2924.87 Safari/537.36|60
2017-02-15 10:54:15|GET|/favicon.ico|200||GET /favicon.ico HTTP/1.1|http://localhost:8888/jaha/apt/ap/user/monitoring/list|Mozilla/5.0 (Windows NT 6.1; Win64; x64) AppleWebKit/537.36 (KHTML, like Gecko) Chrome/56.0.2924.87 Safari/537.36|41
2017-02-15 10:54:16|POST|/jaha/apt/ap/user/monitoring/list-data|200||POST /jaha/apt/ap/user/monitoring/list-data HTTP/1.1|http://localhost:8888/jaha/apt/ap/user/monitoring/list|Mozilla/5.0 (Windows NT 6.1; Win64; x64) AppleWebKit/537.36 (KHTML, like Gecko) Chrome/56.0.2924.87 Safari/537.36|629
2017-02-15 10:55:00|POST|/jaha/apt/ap/user/monitoring/list-data|200||POST /jaha/apt/ap/user/monitoring/list-data HTTP/1.1|http://localhost:8888/jaha/apt/ap/user/monitoring/list|Mozilla/5.0 (Windows NT 6.1; Win64; x64) AppleWebKit/537.36 (KHTML, like Gecko) Chrome/56.0.2924.87 Safari/537.36|650
2017-02-15 10:55:03|GET|/jaha/apt/ap/user/monitoring/list|200||GET /jaha/apt/ap/user/monitoring/list HTTP/1.1|http://localhost:8888/admin/user/list|Mozilla/5.0 (Windows NT 6.1; Win64; x64) AppleWebKit/537.36 (KHTML, like Gecko) Chrome/56.0.2924.87 Safari/537.36|617
2017-02-15 10:55:03|GET|/css/bootstrap-datetimepicker.css|200||GET /css/bootstrap-datetimepicker.css HTTP/1.1|http://localhost:8888/jaha/apt/ap/user/monitoring/list|Mozilla/5.0 (Windows NT 6.1; Win64; x64) AppleWebKit/537.36 (KHTML, like Gecko) Chrome/56.0.2924.87 Safari/537.36|55
2017-02-15 10:55:03|GET|/font-awesome/css/font-awesome.css|200||GET /font-awesome/css/font-awesome.css HTTP/1.1|http://localhost:8888/jaha/apt/ap/user/monitoring/list|Mozilla/5.0 (Windows NT 6.1; Win64; x64) AppleWebKit/537.36 (KHTML, like Gecko) Chrome/56.0.2924.87 Safari/537.36|66
2017-02-15 10:55:03|GET|/css/sb-admin-2.css|200||GET /css/sb-admin-2.css HTTP/1.1|http://localhost:8888/jaha/apt/ap/user/monitoring/list|Mozilla/5.0 (Windows NT 6.1; Win64; x64) AppleWebKit/537.36 (KHTML, like Gecko) Chrome/56.0.2924.87 Safari/537.36|74
2017-02-15 10:55:03|GET|/js/jquery-1.11.2.min.js|200||GET /js/jquery-1.11.2.min.js HTTP/1.1|http://localhost:8888/jaha/apt/ap/user/monitoring/list|Mozilla/5.0 (Windows NT 6.1; Win64; x64) AppleWebKit/537.36 (KHTML, like Gecko) Chrome/56.0.2924.87 Safari/537.36|101
2017-02-15 10:55:03|GET|/css/bootstrap.min.css|200||GET /css/bootstrap.min.css HTTP/1.1|http://localhost:8888/jaha/apt/ap/user/monitoring/list|Mozilla/5.0 (Windows NT 6.1; Win64; x64) AppleWebKit/537.36 (KHTML, like Gecko) Chrome/56.0.2924.87 Safari/537.36|98
2017-02-15 10:55:03|GET|/js/bootstrap-datetimepicker.js|200||GET /js/bootstrap-datetimepicker.js HTTP/1.1|http://localhost:8888/jaha/apt/ap/user/monitoring/list|Mozilla/5.0 (Windows NT 6.1; Win64; x64) AppleWebKit/537.36 (KHTML, like Gecko) Chrome/56.0.2924.87 Safari/537.36|59
2017-02-15 10:55:03|GET|/js/metisMenu/metisMenu.js|200||GET /js/metisMenu/metisMenu.js HTTP/1.1|http://localhost:8888/jaha/apt/ap/user/monitoring/list|Mozilla/5.0 (Windows NT 6.1; Win64; x64) AppleWebKit/537.36 (KHTML, like Gecko) Chrome/56.0.2924.87 Safari/537.36|49
2017-02-15 10:55:03|GET|/js/moment-with-locales.js|200||GET /js/moment-with-locales.js HTTP/1.1|http://localhost:8888/jaha/apt/ap/user/monitoring/list|Mozilla/5.0 (Windows NT 6.1; Win64; x64) AppleWebKit/537.36 (KHTML, like Gecko) Chrome/56.0.2924.87 Safari/537.36|83
2017-02-15 10:55:03|GET|/js/jquery.blockUI.js|200||GET /js/jquery.blockUI.js HTTP/1.1|http://localhost:8888/jaha/apt/ap/user/monitoring/list|Mozilla/5.0 (Windows NT 6.1; Win64; x64) AppleWebKit/537.36 (KHTML, like Gecko) Chrome/56.0.2924.87 Safari/537.36|51
2017-02-15 10:55:03|GET|/js/sb-admin-2.js|200||GET /js/sb-admin-2.js HTTP/1.1|http://localhost:8888/jaha/apt/ap/user/monitoring/list|Mozilla/5.0 (Windows NT 6.1; Win64; x64) AppleWebKit/537.36 (KHTML, like Gecko) Chrome/56.0.2924.87 Safari/537.36|74
2017-02-15 10:55:03|GET|/js/bootstrap.min.js|200||GET /js/bootstrap.min.js HTTP/1.1|http://localhost:8888/jaha/apt/ap/user/monitoring/list|Mozilla/5.0 (Windows NT 6.1; Win64; x64) AppleWebKit/537.36 (KHTML, like Gecko) Chrome/56.0.2924.87 Safari/537.36|70
2017-02-15 10:55:03|GET|/js/common.js|200||GET /js/common.js HTTP/1.1|http://localhost:8888/jaha/apt/ap/user/monitoring/list|Mozilla/5.0 (Windows NT 6.1; Win64; x64) AppleWebKit/537.36 (KHTML, like Gecko) Chrome/56.0.2924.87 Safari/537.36|68
2017-02-15 10:55:03|GET|/font-awesome/fonts/fontawesome-webfont.woff2|200|?v=4.3.0|GET /font-awesome/fonts/fontawesome-webfont.woff2?v=4.3.0 HTTP/1.1|http://localhost:8888/font-awesome/css/font-awesome.css|Mozilla/5.0 (Windows NT 6.1; Win64; x64) AppleWebKit/537.36 (KHTML, like Gecko) Chrome/56.0.2924.87 Safari/537.36|57
2017-02-15 10:55:03|GET|/fonts/glyphicons-halflings-regular.woff2|200||GET /fonts/glyphicons-halflings-regular.woff2 HTTP/1.1|http://localhost:8888/css/bootstrap.min.css|Mozilla/5.0 (Windows NT 6.1; Win64; x64) AppleWebKit/537.36 (KHTML, like Gecko) Chrome/56.0.2924.87 Safari/537.36|69
2017-02-15 10:55:03|GET|/img/adminHome/menu.png|200||GET /img/adminHome/menu.png HTTP/1.1|http://localhost:8888/jaha/apt/ap/user/monitoring/list|Mozilla/5.0 (Windows NT 6.1; Win64; x64) AppleWebKit/537.36 (KHTML, like Gecko) Chrome/56.0.2924.87 Safari/537.36|66
2017-02-15 10:55:03|GET|/img/adminHome/logout.png|200||GET /img/adminHome/logout.png HTTP/1.1|http://localhost:8888/jaha/apt/ap/user/monitoring/list|Mozilla/5.0 (Windows NT 6.1; Win64; x64) AppleWebKit/537.36 (KHTML, like Gecko) Chrome/56.0.2924.87 Safari/537.36|61
2017-02-15 10:55:03|GET|/img/adminHome/home.png|200||GET /img/adminHome/home.png HTTP/1.1|http://localhost:8888/jaha/apt/ap/user/monitoring/list|Mozilla/5.0 (Windows NT 6.1; Win64; x64) AppleWebKit/537.36 (KHTML, like Gecko) Chrome/56.0.2924.87 Safari/537.36|54
2017-02-15 10:55:03|GET|/sbgrid/js/XRegExp.js|200||GET /sbgrid/js/XRegExp.js HTTP/1.1|http://localhost:8888/jaha/apt/ap/user/monitoring/list|Mozilla/5.0 (Windows NT 6.1; Win64; x64) AppleWebKit/537.36 (KHTML, like Gecko) Chrome/56.0.2924.87 Safari/537.36|51
2017-02-15 10:55:03|GET|/img/loading.gif|200||GET /img/loading.gif HTTP/1.1|http://localhost:8888/jaha/apt/ap/user/monitoring/list|Mozilla/5.0 (Windows NT 6.1; Win64; x64) AppleWebKit/537.36 (KHTML, like Gecko) Chrome/56.0.2924.87 Safari/537.36|39
2017-02-15 10:55:03|GET|/favicon.ico|200||GET /favicon.ico HTTP/1.1|http://localhost:8888/jaha/apt/ap/user/monitoring/list|Mozilla/5.0 (Windows NT 6.1; Win64; x64) AppleWebKit/537.36 (KHTML, like Gecko) Chrome/56.0.2924.87 Safari/537.36|40
2017-02-15 10:55:03|POST|/jaha/apt/ap/user/monitoring/list-data|200||POST /jaha/apt/ap/user/monitoring/list-data HTTP/1.1|http://localhost:8888/jaha/apt/ap/user/monitoring/list|Mozilla/5.0 (Windows NT 6.1; Win64; x64) AppleWebKit/537.36 (KHTML, like Gecko) Chrome/56.0.2924.87 Safari/537.36|278
2017-02-15 10:55:39|GET|/jaha/apt/ap/user/monitoring/list|200||GET /jaha/apt/ap/user/monitoring/list HTTP/1.1|http://localhost:8888/admin/user/list|Mozilla/5.0 (Windows NT 6.1; Win64; x64) AppleWebKit/537.36 (KHTML, like Gecko) Chrome/56.0.2924.87 Safari/537.36|623
2017-02-15 10:55:40|POST|/jaha/apt/ap/user/monitoring/list-data|200||POST /jaha/apt/ap/user/monitoring/list-data HTTP/1.1|http://localhost:8888/jaha/apt/ap/user/monitoring/list|Mozilla/5.0 (Windows NT 6.1; Win64; x64) AppleWebKit/537.36 (KHTML, like Gecko) Chrome/56.0.2924.87 Safari/537.36|619
2017-02-15 10:55:42|GET|/jaha/apt/ap/user/monitoring/list|200||GET /jaha/apt/ap/user/monitoring/list HTTP/1.1|http://localhost:8888/admin/user/list|Mozilla/5.0 (Windows NT 6.1; Win64; x64) AppleWebKit/537.36 (KHTML, like Gecko) Chrome/56.0.2924.87 Safari/537.36|595
2017-02-15 10:55:43|POST|/jaha/apt/ap/user/monitoring/list-data|200||POST /jaha/apt/ap/user/monitoring/list-data HTTP/1.1|http://localhost:8888/jaha/apt/ap/user/monitoring/list|Mozilla/5.0 (Windows NT 6.1; Win64; x64) AppleWebKit/537.36 (KHTML, like Gecko) Chrome/56.0.2924.87 Safari/537.36|261
2017-02-15 10:55:46|GET|/jaha/apt/ap/user/monitoring/list|200||GET /jaha/apt/ap/user/monitoring/list HTTP/1.1|http://localhost:8888/admin/user/list|Mozilla/5.0 (Windows NT 6.1; Win64; x64) AppleWebKit/537.36 (KHTML, like Gecko) Chrome/56.0.2924.87 Safari/537.36|604
2017-02-15 10:55:46|POST|/jaha/apt/ap/user/monitoring/list-data|200||POST /jaha/apt/ap/user/monitoring/list-data HTTP/1.1|http://localhost:8888/jaha/apt/ap/user/monitoring/list|Mozilla/5.0 (Windows NT 6.1; Win64; x64) AppleWebKit/537.36 (KHTML, like Gecko) Chrome/56.0.2924.87 Safari/537.36|268
2017-02-15 10:55:56|GET|/jaha/apt/ap/user/monitoring/list|200||GET /jaha/apt/ap/user/monitoring/list HTTP/1.1|http://localhost:8888/admin/user/list|Mozilla/5.0 (Windows NT 6.1; Win64; x64) AppleWebKit/537.36 (KHTML, like Gecko) Chrome/56.0.2924.87 Safari/537.36|564
2017-02-15 10:55:57|POST|/jaha/apt/ap/user/monitoring/list-data|200||POST /jaha/apt/ap/user/monitoring/list-data HTTP/1.1|http://localhost:8888/jaha/apt/ap/user/monitoring/list|Mozilla/5.0 (Windows NT 6.1; Win64; x64) AppleWebKit/537.36 (KHTML, like Gecko) Chrome/56.0.2924.87 Safari/537.36|261
2017-02-15 10:56:04|POST|/jaha/apt/ap/user/monitoring/list-data|200||POST /jaha/apt/ap/user/monitoring/list-data HTTP/1.1|http://localhost:8888/jaha/apt/ap/user/monitoring/list|Mozilla/5.0 (Windows NT 6.1; Win64; x64) AppleWebKit/537.36 (KHTML, like Gecko) Chrome/56.0.2924.87 Safari/537.36|662
2017-02-15 10:56:12|POST|/jaha/apt/ap/user/monitoring/list-data|200||POST /jaha/apt/ap/user/monitoring/list-data HTTP/1.1|http://localhost:8888/jaha/apt/ap/user/monitoring/list|Mozilla/5.0 (Windows NT 6.1; Win64; x64) AppleWebKit/537.36 (KHTML, like Gecko) Chrome/56.0.2924.87 Safari/537.36|686
2017-02-15 10:56:20|POST|/jaha/apt/ap/user/monitoring/list-data|200||POST /jaha/apt/ap/user/monitoring/list-data HTTP/1.1|http://localhost:8888/jaha/apt/ap/user/monitoring/list|Mozilla/5.0 (Windows NT 6.1; Win64; x64) AppleWebKit/537.36 (KHTML, like Gecko) Chrome/56.0.2924.87 Safari/537.36|636
2017-02-15 10:59:42|GET|/jaha/user/app/download/list|200||GET /jaha/user/app/download/list HTTP/1.1|http://localhost:8888/jaha/apt/ap/user/monitoring/list|Mozilla/5.0 (Windows NT 6.1; Win64; x64) AppleWebKit/537.36 (KHTML, like Gecko) Chrome/56.0.2924.87 Safari/537.36|976
2017-02-15 10:59:45|GET|/jaha/apt/membership/list|200||GET /jaha/apt/membership/list HTTP/1.1|http://localhost:8888/jaha/user/app/download/list|Mozilla/5.0 (Windows NT 6.1; Win64; x64) AppleWebKit/537.36 (KHTML, like Gecko) Chrome/56.0.2924.87 Safari/537.36|603
2017-02-15 10:59:46|GET|/api/public/address/sido-names|200||GET /api/public/address/sido-names HTTP/1.1|http://localhost:8888/jaha/apt/membership/list|Mozilla/5.0 (Windows NT 6.1; Win64; x64) AppleWebKit/537.36 (KHTML, like Gecko) Chrome/56.0.2924.87 Safari/537.36|159
2017-02-15 11:00:12|GET|/jaha/apt/ap/user/edoorMember/list-data|200|?sidoNm=&sggNm=&aptNm=&sDate=2017-01-01&eDate=2017-01-31&pageSize=10&pageNum=1|GET /jaha/apt/ap/user/edoorMember/list-data?sidoNm=&sggNm=&aptNm=&sDate=2017-01-01&eDate=2017-01-31&pageSize=10&pageNum=1 HTTP/1.1|http://localhost:8888/jaha/apt/membership/list|Mozilla/5.0 (Windows NT 6.1; Win64; x64) AppleWebKit/537.36 (KHTML, like Gecko) Chrome/56.0.2924.87 Safari/537.36|3147
2017-02-15 11:00:37|GET|/jaha/apt/ap/user/edoorMember/list-data|200|?sidoNm=&sggNm=&aptNm=&sDate=2017-01-01&eDate=2017-01-31&pageSize=10&pageNum=2|GET /jaha/apt/ap/user/edoorMember/list-data?sidoNm=&sggNm=&aptNm=&sDate=2017-01-01&eDate=2017-01-31&pageSize=10&pageNum=2 HTTP/1.1|http://localhost:8888/jaha/apt/membership/list|Mozilla/5.0 (Windows NT 6.1; Win64; x64) AppleWebKit/537.36 (KHTML, like Gecko) Chrome/56.0.2924.87 Safari/537.36|2339
2017-02-15 11:00:51|GET|/jaha/apt/ap/user/edoorMember/list-data|200|?sidoNm=&sggNm=&aptNm=&sDate=2017-01-01&eDate=2017-01-31&pageSize=10&pageNum=3|GET /jaha/apt/ap/user/edoorMember/list-data?sidoNm=&sggNm=&aptNm=&sDate=2017-01-01&eDate=2017-01-31&pageSize=10&pageNum=3 HTTP/1.1|http://localhost:8888/jaha/apt/membership/list|Mozilla/5.0 (Windows NT 6.1; Win64; x64) AppleWebKit/537.36 (KHTML, like Gecko) Chrome/56.0.2924.87 Safari/537.36|2297
2017-02-15 11:01:00|GET|/jaha/apt/ap/user/edoorMember/list-data|200|?sidoNm=&sggNm=&aptNm=&sDate=2017-01-01&eDate=2017-01-31&pageSize=10&pageNum=4|GET /jaha/apt/ap/user/edoorMember/list-data?sidoNm=&sggNm=&aptNm=&sDate=2017-01-01&eDate=2017-01-31&pageSize=10&pageNum=4 HTTP/1.1|http://localhost:8888/jaha/apt/membership/list|Mozilla/5.0 (Windows NT 6.1; Win64; x64) AppleWebKit/537.36 (KHTML, like Gecko) Chrome/56.0.2924.87 Safari/537.36|2321
2017-02-15 11:08:59|GET|/jaha/apt/ap/user/edoorMember/list-data|200|?sidoNm=&sggNm=&aptNm=&sDate=2017-01-01&eDate=2017-01-31&pageSize=10&pageNum=1|GET /jaha/apt/ap/user/edoorMember/list-data?sidoNm=&sggNm=&aptNm=&sDate=2017-01-01&eDate=2017-01-31&pageSize=10&pageNum=1 HTTP/1.1|http://localhost:8888/jaha/apt/membership/list|Mozilla/5.0 (Windows NT 6.1; Win64; x64) AppleWebKit/537.36 (KHTML, like Gecko) Chrome/56.0.2924.87 Safari/537.36|2703
2017-02-15 11:09:04|GET|/jaha/apt/ap/user/edoorMember/list-data|200|?sidoNm=&sggNm=&aptNm=&sDate=2017-01-01&eDate=2017-01-31&pageSize=10&pageNum=2|GET /jaha/apt/ap/user/edoorMember/list-data?sidoNm=&sggNm=&aptNm=&sDate=2017-01-01&eDate=2017-01-31&pageSize=10&pageNum=2 HTTP/1.1|http://localhost:8888/jaha/apt/membership/list|Mozilla/5.0 (Windows NT 6.1; Win64; x64) AppleWebKit/537.36 (KHTML, like Gecko) Chrome/56.0.2924.87 Safari/537.36|2359
2017-02-15 11:09:19|GET|/jaha/apt/ap/user/edoorMember/list-data|200|?sidoNm=&sggNm=&aptNm=&sDate=2017-01-01&eDate=2017-01-31&pageSize=10&pageNum=3|GET /jaha/apt/ap/user/edoorMember/list-data?sidoNm=&sggNm=&aptNm=&sDate=2017-01-01&eDate=2017-01-31&pageSize=10&pageNum=3 HTTP/1.1|http://localhost:8888/jaha/apt/membership/list|Mozilla/5.0 (Windows NT 6.1; Win64; x64) AppleWebKit/537.36 (KHTML, like Gecko) Chrome/56.0.2924.87 Safari/537.36|2353
2017-02-15 11:09:24|GET|/jaha/apt/ap/user/edoorMember/list-data|200|?sidoNm=&sggNm=&aptNm=&sDate=2017-01-01&eDate=2017-01-31&pageSize=10&pageNum=4|GET /jaha/apt/ap/user/edoorMember/list-data?sidoNm=&sggNm=&aptNm=&sDate=2017-01-01&eDate=2017-01-31&pageSize=10&pageNum=4 HTTP/1.1|http://localhost:8888/jaha/apt/membership/list|Mozilla/5.0 (Windows NT 6.1; Win64; x64) AppleWebKit/537.36 (KHTML, like Gecko) Chrome/56.0.2924.87 Safari/537.36|2469
2017-02-15 11:09:37|GET|/jaha/apt/ap/user/edoorMember/list-data|200|?sidoNm=&sggNm=&aptNm=&sDate=2017-01-01&eDate=2017-01-31&pageSize=10&pageNum=3|GET /jaha/apt/ap/user/edoorMember/list-data?sidoNm=&sggNm=&aptNm=&sDate=2017-01-01&eDate=2017-01-31&pageSize=10&pageNum=3 HTTP/1.1|http://localhost:8888/jaha/apt/membership/list|Mozilla/5.0 (Windows NT 6.1; Win64; x64) AppleWebKit/537.36 (KHTML, like Gecko) Chrome/56.0.2924.87 Safari/537.36|2281
2017-02-15 11:09:41|GET|/jaha/apt/ap/user/edoorMember/list-data|200|?sidoNm=&sggNm=&aptNm=&sDate=2017-01-01&eDate=2017-01-31&pageSize=10&pageNum=4|GET /jaha/apt/ap/user/edoorMember/list-data?sidoNm=&sggNm=&aptNm=&sDate=2017-01-01&eDate=2017-01-31&pageSize=10&pageNum=4 HTTP/1.1|http://localhost:8888/jaha/apt/membership/list|Mozilla/5.0 (Windows NT 6.1; Win64; x64) AppleWebKit/537.36 (KHTML, like Gecko) Chrome/56.0.2924.87 Safari/537.36|2273
2017-02-15 11:10:32|GET|/jaha/apt/ap/user/edoorMember/list-data|200|?sidoNm=&sggNm=&aptNm=&sDate=2017-01-01&eDate=2017-01-31&pageSize=10&pageNum=1|GET /jaha/apt/ap/user/edoorMember/list-data?sidoNm=&sggNm=&aptNm=&sDate=2017-01-01&eDate=2017-01-31&pageSize=10&pageNum=1 HTTP/1.1|http://localhost:8888/jaha/apt/membership/list|Mozilla/5.0 (Windows NT 6.1; Win64; x64) AppleWebKit/537.36 (KHTML, like Gecko) Chrome/56.0.2924.87 Safari/537.36|2698
2017-02-15 11:10:36|GET|/jaha/apt/ap/user/edoorMember/list-data|200|?sidoNm=&sggNm=&aptNm=&sDate=2017-01-01&eDate=2017-01-31&pageSize=10&pageNum=4|GET /jaha/apt/ap/user/edoorMember/list-data?sidoNm=&sggNm=&aptNm=&sDate=2017-01-01&eDate=2017-01-31&pageSize=10&pageNum=4 HTTP/1.1|http://localhost:8888/jaha/apt/membership/list|Mozilla/5.0 (Windows NT 6.1; Win64; x64) AppleWebKit/537.36 (KHTML, like Gecko) Chrome/56.0.2924.87 Safari/537.36|2365
2017-02-15 11:11:33|GET|/jaha/apt/ap/user/edoorMember/list-data|200|?sidoNm=&sggNm=&aptNm=&sDate=2017-01-01&eDate=2017-01-31&pageSize=10&pageNum=1|GET /jaha/apt/ap/user/edoorMember/list-data?sidoNm=&sggNm=&aptNm=&sDate=2017-01-01&eDate=2017-01-31&pageSize=10&pageNum=1 HTTP/1.1|http://localhost:8888/jaha/apt/membership/list|Mozilla/5.0 (Windows NT 6.1; Win64; x64) AppleWebKit/537.36 (KHTML, like Gecko) Chrome/56.0.2924.87 Safari/537.36|2730
2017-02-15 11:11:37|GET|/jaha/apt/ap/user/edoorMember/list-data|200|?sidoNm=&sggNm=&aptNm=&sDate=2017-01-01&eDate=2017-01-31&pageSize=10&pageNum=4|GET /jaha/apt/ap/user/edoorMember/list-data?sidoNm=&sggNm=&aptNm=&sDate=2017-01-01&eDate=2017-01-31&pageSize=10&pageNum=4 HTTP/1.1|http://localhost:8888/jaha/apt/membership/list|Mozilla/5.0 (Windows NT 6.1; Win64; x64) AppleWebKit/537.36 (KHTML, like Gecko) Chrome/56.0.2924.87 Safari/537.36|2329
2017-02-15 11:17:47|GET|/jaha/apt/ap/user/edoorMember/list-data|200|?sidoNm=&sggNm=&aptNm=&sDate=2017-01-01&eDate=2017-01-31&pageSize=10&pageNum=3|GET /jaha/apt/ap/user/edoorMember/list-data?sidoNm=&sggNm=&aptNm=&sDate=2017-01-01&eDate=2017-01-31&pageSize=10&pageNum=3 HTTP/1.1|http://localhost:8888/jaha/apt/membership/list|Mozilla/5.0 (Windows NT 6.1; Win64; x64) AppleWebKit/537.36 (KHTML, like Gecko) Chrome/56.0.2924.87 Safari/537.36|2593
2017-02-15 11:17:51|GET|/jaha/apt/ap/user/edoorMember/list-data|200|?sidoNm=&sggNm=&aptNm=&sDate=2017-01-01&eDate=2017-01-31&pageSize=10&pageNum=4|GET /jaha/apt/ap/user/edoorMember/list-data?sidoNm=&sggNm=&aptNm=&sDate=2017-01-01&eDate=2017-01-31&pageSize=10&pageNum=4 HTTP/1.1|http://localhost:8888/jaha/apt/membership/list|Mozilla/5.0 (Windows NT 6.1; Win64; x64) AppleWebKit/537.36 (KHTML, like Gecko) Chrome/56.0.2924.87 Safari/537.36|2505
2017-02-15 11:19:33|GET|/jaha/apt/membership/list|200||GET /jaha/apt/membership/list HTTP/1.1|http://localhost:8888/jaha/user/app/download/list|Mozilla/5.0 (Windows NT 6.1; Win64; x64) AppleWebKit/537.36 (KHTML, like Gecko) Chrome/56.0.2924.87 Safari/537.36|1023
2017-02-15 11:19:33|GET|/api/public/address/sido-names|200||GET /api/public/address/sido-names HTTP/1.1|http://localhost:8888/jaha/apt/membership/list|Mozilla/5.0 (Windows NT 6.1; Win64; x64) AppleWebKit/537.36 (KHTML, like Gecko) Chrome/56.0.2924.87 Safari/537.36|167
2017-02-15 11:19:36|GET|/jaha/apt/membership/list-data|200|?sidoNm=&sggNm=&aptNm=&sDate=2017-02-09&eDate=2017-02-15&pageSize=10&pageNum=1|GET /jaha/apt/membership/list-data?sidoNm=&sggNm=&aptNm=&sDate=2017-02-09&eDate=2017-02-15&pageSize=10&pageNum=1 HTTP/1.1|http://localhost:8888/jaha/apt/membership/list|Mozilla/5.0 (Windows NT 6.1; Win64; x64) AppleWebKit/537.36 (KHTML, like Gecko) Chrome/56.0.2924.87 Safari/537.36|1342
2017-02-15 11:19:47|GET|/jaha/apt/ap/user/edoorMember/list-data|200|?sidoNm=&sggNm=&aptNm=&sDate=2017-02-09&eDate=2017-02-15&pageSize=10&pageNum=1|GET /jaha/apt/ap/user/edoorMember/list-data?sidoNm=&sggNm=&aptNm=&sDate=2017-02-09&eDate=2017-02-15&pageSize=10&pageNum=1 HTTP/1.1|http://localhost:8888/jaha/apt/membership/list|Mozilla/5.0 (Windows NT 6.1; Win64; x64) AppleWebKit/537.36 (KHTML, like Gecko) Chrome/56.0.2924.87 Safari/537.36|2324
2017-02-15 11:20:04|GET|/jaha/apt/ap/user/edoorMember/list-data|200|?sidoNm=&sggNm=&aptNm=&sDate=2017-01-01&eDate=2017-01-31&pageSize=10&pageNum=1|GET /jaha/apt/ap/user/edoorMember/list-data?sidoNm=&sggNm=&aptNm=&sDate=2017-01-01&eDate=2017-01-31&pageSize=10&pageNum=1 HTTP/1.1|http://localhost:8888/jaha/apt/membership/list|Mozilla/5.0 (Windows NT 6.1; Win64; x64) AppleWebKit/537.36 (KHTML, like Gecko) Chrome/56.0.2924.87 Safari/537.36|2359
2017-02-15 11:20:13|GET|/jaha/apt/ap/user/edoorMember/list-data|200|?sidoNm=&sggNm=&aptNm=&sDate=2017-01-01&eDate=2017-01-31&pageSize=10&pageNum=3|GET /jaha/apt/ap/user/edoorMember/list-data?sidoNm=&sggNm=&aptNm=&sDate=2017-01-01&eDate=2017-01-31&pageSize=10&pageNum=3 HTTP/1.1|http://localhost:8888/jaha/apt/membership/list|Mozilla/5.0 (Windows NT 6.1; Win64; x64) AppleWebKit/537.36 (KHTML, like Gecko) Chrome/56.0.2924.87 Safari/537.36|2361
2017-02-15 11:20:17|GET|/jaha/apt/ap/user/edoorMember/list-data|200|?sidoNm=&sggNm=&aptNm=&sDate=2017-01-01&eDate=2017-01-31&pageSize=10&pageNum=4|GET /jaha/apt/ap/user/edoorMember/list-data?sidoNm=&sggNm=&aptNm=&sDate=2017-01-01&eDate=2017-01-31&pageSize=10&pageNum=4 HTTP/1.1|http://localhost:8888/jaha/apt/membership/list|Mozilla/5.0 (Windows NT 6.1; Win64; x64) AppleWebKit/537.36 (KHTML, like Gecko) Chrome/56.0.2924.87 Safari/537.36|2330
2017-02-15 11:21:12|GET|/jaha/apt/ap/user/edoorMember/list-data|200|?sidoNm=&sggNm=&aptNm=&sDate=2017-01-01&eDate=2017-01-31&pageSize=20&pageNum=1|GET /jaha/apt/ap/user/edoorMember/list-data?sidoNm=&sggNm=&aptNm=&sDate=2017-01-01&eDate=2017-01-31&pageSize=20&pageNum=1 HTTP/1.1|http://localhost:8888/jaha/apt/membership/list|Mozilla/5.0 (Windows NT 6.1; Win64; x64) AppleWebKit/537.36 (KHTML, like Gecko) Chrome/56.0.2924.87 Safari/537.36|2332
2017-02-15 11:21:20|GET|/jaha/apt/ap/user/edoorMember/list-data|200|?sidoNm=&sggNm=&aptNm=&sDate=2017-01-01&eDate=2017-01-31&pageSize=20&pageNum=2|GET /jaha/apt/ap/user/edoorMember/list-data?sidoNm=&sggNm=&aptNm=&sDate=2017-01-01&eDate=2017-01-31&pageSize=20&pageNum=2 HTTP/1.1|http://localhost:8888/jaha/apt/membership/list|Mozilla/5.0 (Windows NT 6.1; Win64; x64) AppleWebKit/537.36 (KHTML, like Gecko) Chrome/56.0.2924.87 Safari/537.36|2458
2017-02-15 11:23:58|GET|/img/adminHome/home2.png|200||GET /img/adminHome/home2.png HTTP/1.1|http://localhost:8888/jaha/apt/membership/list|Mozilla/5.0 (Windows NT 6.1; Win64; x64) AppleWebKit/537.36 (KHTML, like Gecko) Chrome/56.0.2924.87 Safari/537.36|68
2017-02-15 11:25:00|GET|/jaha/apt/membership/list|200||GET /jaha/apt/membership/list HTTP/1.1|http://localhost:8888/jaha/user/app/download/list|Mozilla/5.0 (Windows NT 6.1; Win64; x64) AppleWebKit/537.36 (KHTML, like Gecko) Chrome/56.0.2924.87 Safari/537.36|996
2017-02-15 11:25:01|GET|/api/public/address/sido-names|200||GET /api/public/address/sido-names HTTP/1.1|http://localhost:8888/jaha/apt/membership/list|Mozilla/5.0 (Windows NT 6.1; Win64; x64) AppleWebKit/537.36 (KHTML, like Gecko) Chrome/56.0.2924.87 Safari/537.36|156
2017-02-15 11:25:11|GET|/jaha/apt/ap/user/edoorMember/list-data|200|?sidoNm=&sggNm=&aptNm=&sDate=2017-01-01&eDate=2017-02-15&pageSize=10&pageNum=1|GET /jaha/apt/ap/user/edoorMember/list-data?sidoNm=&sggNm=&aptNm=&sDate=2017-01-01&eDate=2017-02-15&pageSize=10&pageNum=1 HTTP/1.1|http://localhost:8888/jaha/apt/membership/list|Mozilla/5.0 (Windows NT 6.1; Win64; x64) AppleWebKit/537.36 (KHTML, like Gecko) Chrome/56.0.2924.87 Safari/537.36|2495
2017-02-15 11:25:18|GET|/jaha/apt/ap/user/edoorMember/list-data|200|?sidoNm=&sggNm=&aptNm=&sDate=2017-01-01&eDate=2017-02-15&pageSize=10&pageNum=5|GET /jaha/apt/ap/user/edoorMember/list-data?sidoNm=&sggNm=&aptNm=&sDate=2017-01-01&eDate=2017-02-15&pageSize=10&pageNum=5 HTTP/1.1|http://localhost:8888/jaha/apt/membership/list|Mozilla/5.0 (Windows NT 6.1; Win64; x64) AppleWebKit/537.36 (KHTML, like Gecko) Chrome/56.0.2924.87 Safari/537.36|2328
2017-02-15 11:26:49|GET|/jaha/apt/ap/user/edoorMember/list-data|200|?sidoNm=&sggNm=&aptNm=&sDate=2017-01-01&eDate=2017-02-15&pageSize=10&pageNum=4|GET /jaha/apt/ap/user/edoorMember/list-data?sidoNm=&sggNm=&aptNm=&sDate=2017-01-01&eDate=2017-02-15&pageSize=10&pageNum=4 HTTP/1.1|http://localhost:8888/jaha/apt/membership/list|Mozilla/5.0 (Windows NT 6.1; Win64; x64) AppleWebKit/537.36 (KHTML, like Gecko) Chrome/56.0.2924.87 Safari/537.36|2644
2017-02-15 11:26:54|GET|/jaha/apt/ap/user/edoorMember/list-data|200|?sidoNm=&sggNm=&aptNm=&sDate=2017-01-01&eDate=2017-02-15&pageSize=10&pageNum=5|GET /jaha/apt/ap/user/edoorMember/list-data?sidoNm=&sggNm=&aptNm=&sDate=2017-01-01&eDate=2017-02-15&pageSize=10&pageNum=5 HTTP/1.1|http://localhost:8888/jaha/apt/membership/list|Mozilla/5.0 (Windows NT 6.1; Win64; x64) AppleWebKit/537.36 (KHTML, like Gecko) Chrome/56.0.2924.87 Safari/537.36|2341
2017-02-15 11:27:14|GET|/jaha/apt/ap/user/edoorMember/list-data|200|?sidoNm=&sggNm=&aptNm=&sDate=2017-01-01&eDate=2017-02-15&pageSize=10&pageNum=3|GET /jaha/apt/ap/user/edoorMember/list-data?sidoNm=&sggNm=&aptNm=&sDate=2017-01-01&eDate=2017-02-15&pageSize=10&pageNum=3 HTTP/1.1|http://localhost:8888/jaha/apt/membership/list|Mozilla/5.0 (Windows NT 6.1; Win64; x64) AppleWebKit/537.36 (KHTML, like Gecko) Chrome/56.0.2924.87 Safari/537.36|2277
2017-02-15 11:31:05|GET|/jaha/apt/ap/user/edoorMember/list-data|200|?sidoNm=&sggNm=&aptNm=&sDate=2017-02-15&eDate=2017-02-28&pageSize=10&pageNum=1|GET /jaha/apt/ap/user/edoorMember/list-data?sidoNm=&sggNm=&aptNm=&sDate=2017-02-15&eDate=2017-02-28&pageSize=10&pageNum=1 HTTP/1.1|http://localhost:8888/jaha/apt/membership/list|Mozilla/5.0 (Windows NT 6.1; Win64; x64) AppleWebKit/537.36 (KHTML, like Gecko) Chrome/56.0.2924.87 Safari/537.36|1797
2017-02-15 11:36:06|GET|/jaha/apt/ap/user/edoorMember/list-data|200|?sidoNm=&sggNm=&aptNm=&sDate=2017-01-01&eDate=2017-01-31&pageSize=10&pageNum=1|GET /jaha/apt/ap/user/edoorMember/list-data?sidoNm=&sggNm=&aptNm=&sDate=2017-01-01&eDate=2017-01-31&pageSize=10&pageNum=1 HTTP/1.1|http://localhost:8888/jaha/apt/membership/list|Mozilla/5.0 (Windows NT 6.1; Win64; x64) AppleWebKit/537.36 (KHTML, like Gecko) Chrome/56.0.2924.87 Safari/537.36|3337
2017-02-15 11:36:15|GET|/jaha/apt/ap/user/edoorMember/list-data|200|?sidoNm=&sggNm=&aptNm=&sDate=2017-01-01&eDate=2017-01-31&pageSize=10&pageNum=2|GET /jaha/apt/ap/user/edoorMember/list-data?sidoNm=&sggNm=&aptNm=&sDate=2017-01-01&eDate=2017-01-31&pageSize=10&pageNum=2 HTTP/1.1|http://localhost:8888/jaha/apt/membership/list|Mozilla/5.0 (Windows NT 6.1; Win64; x64) AppleWebKit/537.36 (KHTML, like Gecko) Chrome/56.0.2924.87 Safari/537.36|3392
2017-02-15 11:36:25|GET|/jaha/apt/ap/user/edoorMember/list-data|200|?sidoNm=&sggNm=&aptNm=&sDate=2017-01-01&eDate=2017-01-31&pageSize=10&pageNum=3|GET /jaha/apt/ap/user/edoorMember/list-data?sidoNm=&sggNm=&aptNm=&sDate=2017-01-01&eDate=2017-01-31&pageSize=10&pageNum=3 HTTP/1.1|http://localhost:8888/jaha/apt/membership/list|Mozilla/5.0 (Windows NT 6.1; Win64; x64) AppleWebKit/537.36 (KHTML, like Gecko) Chrome/56.0.2924.87 Safari/537.36|2378
2017-02-15 11:37:10|GET|/jaha/apt/ap/user/edoorMember/list-data|200|?sidoNm=&sggNm=&aptNm=&sDate=2017-01-01&eDate=2017-01-31&pageSize=10&pageNum=4|GET /jaha/apt/ap/user/edoorMember/list-data?sidoNm=&sggNm=&aptNm=&sDate=2017-01-01&eDate=2017-01-31&pageSize=10&pageNum=4 HTTP/1.1|http://localhost:8888/jaha/apt/membership/list|Mozilla/5.0 (Windows NT 6.1; Win64; x64) AppleWebKit/537.36 (KHTML, like Gecko) Chrome/56.0.2924.87 Safari/537.36|2294
2017-02-15 13:50:17|GET|/|200||GET / HTTP/1.1|-|Mozilla/5.0 (Windows NT 6.1; Win64; x64) AppleWebKit/537.36 (KHTML, like Gecko) Chrome/56.0.2924.87 Safari/537.36|333
2017-02-15 13:50:18|POST|/api/public/user/login|302||POST /api/public/user/login HTTP/1.1|http://localhost:8888/|Mozilla/5.0 (Windows NT 6.1; Win64; x64) AppleWebKit/537.36 (KHTML, like Gecko) Chrome/56.0.2924.87 Safari/537.36|502
2017-02-15 13:50:19|GET|/|302||GET / HTTP/1.1|http://localhost:8888/|Mozilla/5.0 (Windows NT 6.1; Win64; x64) AppleWebKit/537.36 (KHTML, like Gecko) Chrome/56.0.2924.87 Safari/537.36|668
2017-02-15 13:50:21|GET|/admin/user/list|200||GET /admin/user/list HTTP/1.1|http://localhost:8888/|Mozilla/5.0 (Windows NT 6.1; Win64; x64) AppleWebKit/537.36 (KHTML, like Gecko) Chrome/56.0.2924.87 Safari/537.36|1640
2017-02-15 13:50:21|GET|/img/adminHome/home2.png|200||GET /img/adminHome/home2.png HTTP/1.1|http://localhost:8888/admin/user/list|Mozilla/5.0 (Windows NT 6.1; Win64; x64) AppleWebKit/537.36 (KHTML, like Gecko) Chrome/56.0.2924.87 Safari/537.36|73
2017-02-15 13:50:21|GET|/admin/user/last-login-pop|200||GET /admin/user/last-login-pop HTTP/1.1|http://localhost:8888/admin/user/list|Mozilla/5.0 (Windows NT 6.1; Win64; x64) AppleWebKit/537.36 (KHTML, like Gecko) Chrome/56.0.2924.87 Safari/537.36|283
2017-02-15 13:50:25|GET|/jaha/apt/membership/list|200||GET /jaha/apt/membership/list HTTP/1.1|http://localhost:8888/admin/user/list|Mozilla/5.0 (Windows NT 6.1; Win64; x64) AppleWebKit/537.36 (KHTML, like Gecko) Chrome/56.0.2924.87 Safari/537.36|576
2017-02-15 13:50:25|GET|/api/public/address/sido-names|200||GET /api/public/address/sido-names HTTP/1.1|http://localhost:8888/jaha/apt/membership/list|Mozilla/5.0 (Windows NT 6.1; Win64; x64) AppleWebKit/537.36 (KHTML, like Gecko) Chrome/56.0.2924.87 Safari/537.36|139
2017-02-15 13:50:35|GET|/jaha/apt/ap/user/edoorMember/list-data|200|?sidoNm=&sggNm=&aptNm=&sDate=2017-02-09&eDate=2017-02-17&pageSize=10&pageNum=1|GET /jaha/apt/ap/user/edoorMember/list-data?sidoNm=&sggNm=&aptNm=&sDate=2017-02-09&eDate=2017-02-17&pageSize=10&pageNum=1 HTTP/1.1|http://localhost:8888/jaha/apt/membership/list|Mozilla/5.0 (Windows NT 6.1; Win64; x64) AppleWebKit/537.36 (KHTML, like Gecko) Chrome/56.0.2924.87 Safari/537.36|2386
2017-02-15 13:51:07|GET|/jaha/apt/ap/user/edoorMember/list-data|200|?sidoNm=&sggNm=&aptNm=&sDate=2016-03-29&eDate=2016-04-07&pageSize=10&pageNum=1|GET /jaha/apt/ap/user/edoorMember/list-data?sidoNm=&sggNm=&aptNm=&sDate=2016-03-29&eDate=2016-04-07&pageSize=10&pageNum=1 HTTP/1.1|http://localhost:8888/jaha/apt/membership/list|Mozilla/5.0 (Windows NT 6.1; Win64; x64) AppleWebKit/537.36 (KHTML, like Gecko) Chrome/56.0.2924.87 Safari/537.36|1736
2017-02-15 13:51:22|GET|/jaha/apt/ap/user/edoorMember/list-data|200|?sidoNm=&sggNm=&aptNm=&sDate=2016-03-29&eDate=2016-04-15&pageSize=10&pageNum=1|GET /jaha/apt/ap/user/edoorMember/list-data?sidoNm=&sggNm=&aptNm=&sDate=2016-03-29&eDate=2016-04-15&pageSize=10&pageNum=1 HTTP/1.1|http://localhost:8888/jaha/apt/membership/list|Mozilla/5.0 (Windows NT 6.1; Win64; x64) AppleWebKit/537.36 (KHTML, like Gecko) Chrome/56.0.2924.87 Safari/537.36|1851
2017-02-15 13:51:29|GET|/jaha/apt/ap/user/edoorMember/list-data|200|?sidoNm=&sggNm=&aptNm=&sDate=2016-03-29&eDate=2016-04-15&pageSize=10&pageNum=2|GET /jaha/apt/ap/user/edoorMember/list-data?sidoNm=&sggNm=&aptNm=&sDate=2016-03-29&eDate=2016-04-15&pageSize=10&pageNum=2 HTTP/1.1|http://localhost:8888/jaha/apt/membership/list|Mozilla/5.0 (Windows NT 6.1; Win64; x64) AppleWebKit/537.36 (KHTML, like Gecko) Chrome/56.0.2924.87 Safari/537.36|1781
2017-02-15 13:51:33|GET|/jaha/apt/ap/user/edoorMember/list-data|200|?sidoNm=&sggNm=&aptNm=&sDate=2016-03-29&eDate=2016-04-15&pageSize=10&pageNum=1|GET /jaha/apt/ap/user/edoorMember/list-data?sidoNm=&sggNm=&aptNm=&sDate=2016-03-29&eDate=2016-04-15&pageSize=10&pageNum=1 HTTP/1.1|http://localhost:8888/jaha/apt/membership/list|Mozilla/5.0 (Windows NT 6.1; Win64; x64) AppleWebKit/537.36 (KHTML, like Gecko) Chrome/56.0.2924.87 Safari/537.36|2361
2017-02-15 13:52:53|GET|/jaha/apt/ap/user/edoorMember/list-data|200|?sidoNm=&sggNm=&aptNm=&sDate=2016-03-29&eDate=2016-04-15&pageSize=10&pageNum=2|GET /jaha/apt/ap/user/edoorMember/list-data?sidoNm=&sggNm=&aptNm=&sDate=2016-03-29&eDate=2016-04-15&pageSize=10&pageNum=2 HTTP/1.1|http://localhost:8888/jaha/apt/membership/list|Mozilla/5.0 (Windows NT 6.1; Win64; x64) AppleWebKit/537.36 (KHTML, like Gecko) Chrome/56.0.2924.87 Safari/537.36|1824
2017-02-15 13:53:18|GET|/jaha/apt/ap/user/edoorMember/list-data|200|?sidoNm=&sggNm=&aptNm=&sDate=2016-03-29&eDate=2016-04-15&pageSize=10&pageNum=1|GET /jaha/apt/ap/user/edoorMember/list-data?sidoNm=&sggNm=&aptNm=&sDate=2016-03-29&eDate=2016-04-15&pageSize=10&pageNum=1 HTTP/1.1|http://localhost:8888/jaha/apt/membership/list|Mozilla/5.0 (Windows NT 6.1; Win64; x64) AppleWebKit/537.36 (KHTML, like Gecko) Chrome/56.0.2924.87 Safari/537.36|1795
2017-02-15 13:54:02|GET|/jaha/apt/ap/user/edoorMember/list-data|200|?sidoNm=&sggNm=&aptNm=&sDate=2016-03-29&eDate=2016-04-15&pageSize=10&pageNum=2|GET /jaha/apt/ap/user/edoorMember/list-data?sidoNm=&sggNm=&aptNm=&sDate=2016-03-29&eDate=2016-04-15&pageSize=10&pageNum=2 HTTP/1.1|http://localhost:8888/jaha/apt/membership/list|Mozilla/5.0 (Windows NT 6.1; Win64; x64) AppleWebKit/537.36 (KHTML, like Gecko) Chrome/56.0.2924.87 Safari/537.36|1914
2017-02-15 13:55:33|GET|/jaha/apt/ap/user/edoorMember/list-data|200|?sidoNm=&sggNm=&aptNm=&sDate=2016-03-29&eDate=2016-04-15&pageSize=10&pageNum=1|GET /jaha/apt/ap/user/edoorMember/list-data?sidoNm=&sggNm=&aptNm=&sDate=2016-03-29&eDate=2016-04-15&pageSize=10&pageNum=1 HTTP/1.1|http://localhost:8888/jaha/apt/membership/list|Mozilla/5.0 (Windows NT 6.1; Win64; x64) AppleWebKit/537.36 (KHTML, like Gecko) Chrome/56.0.2924.87 Safari/537.36|2199
2017-02-15 13:55:37|GET|/jaha/apt/ap/user/edoorMember/list-data|200|?sidoNm=&sggNm=&aptNm=&sDate=2016-03-29&eDate=2016-04-15&pageSize=10&pageNum=2|GET /jaha/apt/ap/user/edoorMember/list-data?sidoNm=&sggNm=&aptNm=&sDate=2016-03-29&eDate=2016-04-15&pageSize=10&pageNum=2 HTTP/1.1|http://localhost:8888/jaha/apt/membership/list|Mozilla/5.0 (Windows NT 6.1; Win64; x64) AppleWebKit/537.36 (KHTML, like Gecko) Chrome/56.0.2924.87 Safari/537.36|1751
2017-02-15 13:57:28|GET|/jaha/apt/ap/user/edoorMember/list-data|200|?sidoNm=&sggNm=&aptNm=&sDate=2016-03-29&eDate=2016-04-15&pageSize=10&pageNum=1|GET /jaha/apt/ap/user/edoorMember/list-data?sidoNm=&sggNm=&aptNm=&sDate=2016-03-29&eDate=2016-04-15&pageSize=10&pageNum=1 HTTP/1.1|http://localhost:8888/jaha/apt/membership/list|Mozilla/5.0 (Windows NT 6.1; Win64; x64) AppleWebKit/537.36 (KHTML, like Gecko) Chrome/56.0.2924.87 Safari/537.36|2067
2017-02-15 13:57:38|GET|/jaha/apt/ap/user/edoorMember/list-data|200|?sidoNm=&sggNm=&aptNm=&sDate=2016-03-29&eDate=2016-04-15&pageSize=10&pageNum=2|GET /jaha/apt/ap/user/edoorMember/list-data?sidoNm=&sggNm=&aptNm=&sDate=2016-03-29&eDate=2016-04-15&pageSize=10&pageNum=2 HTTP/1.1|http://localhost:8888/jaha/apt/membership/list|Mozilla/5.0 (Windows NT 6.1; Win64; x64) AppleWebKit/537.36 (KHTML, like Gecko) Chrome/56.0.2924.87 Safari/537.36|1784
2017-02-15 14:00:36|GET|/jaha/apt/ap/user/edoorMember/list-data|200|?sidoNm=&sggNm=&aptNm=&sDate=2016-03-29&eDate=2016-04-15&pageSize=10&pageNum=1|GET /jaha/apt/ap/user/edoorMember/list-data?sidoNm=&sggNm=&aptNm=&sDate=2016-03-29&eDate=2016-04-15&pageSize=10&pageNum=1 HTTP/1.1|http://localhost:8888/jaha/apt/membership/list|Mozilla/5.0 (Windows NT 6.1; Win64; x64) AppleWebKit/537.36 (KHTML, like Gecko) Chrome/56.0.2924.87 Safari/537.36|2135
2017-02-15 14:01:04|GET|/jaha/apt/ap/user/edoorMember/list-data|200|?sidoNm=&sggNm=&aptNm=&sDate=2016-03-29&eDate=2016-04-15&pageSize=10&pageNum=2|GET /jaha/apt/ap/user/edoorMember/list-data?sidoNm=&sggNm=&aptNm=&sDate=2016-03-29&eDate=2016-04-15&pageSize=10&pageNum=2 HTTP/1.1|http://localhost:8888/jaha/apt/membership/list|Mozilla/5.0 (Windows NT 6.1; Win64; x64) AppleWebKit/537.36 (KHTML, like Gecko) Chrome/56.0.2924.87 Safari/537.36|1822
2017-02-15 17:29:50|GET|/jaha/apt/ap/user/edoorMember/list-data|200|?sidoNm=&sggNm=&aptNm=&sDate=2016-03-29&eDate=2016-04-15&pageSize=10&pageNum=1|GET /jaha/apt/ap/user/edoorMember/list-data?sidoNm=&sggNm=&aptNm=&sDate=2016-03-29&eDate=2016-04-15&pageSize=10&pageNum=1 HTTP/1.1|http://localhost:8888/jaha/apt/membership/list|Mozilla/5.0 (Windows NT 6.1; Win64; x64) AppleWebKit/537.36 (KHTML, like Gecko) Chrome/56.0.2924.87 Safari/537.36|401
2017-02-15 17:29:57|GET|/jaha/apt/ap/user/edoorMember/list-data|200|?sidoNm=&sggNm=&aptNm=&sDate=2016-03-29&eDate=2016-04-15&pageSize=10&pageNum=1|GET /jaha/apt/ap/user/edoorMember/list-data?sidoNm=&sggNm=&aptNm=&sDate=2016-03-29&eDate=2016-04-15&pageSize=10&pageNum=1 HTTP/1.1|http://localhost:8888/jaha/apt/membership/list|Mozilla/5.0 (Windows NT 6.1; Win64; x64) AppleWebKit/537.36 (KHTML, like Gecko) Chrome/56.0.2924.87 Safari/537.36|57
2017-02-15 17:29:59|GET|/jaha/apt/membership/list|200||GET /jaha/apt/membership/list HTTP/1.1|http://localhost:8888/admin/user/list|Mozilla/5.0 (Windows NT 6.1; Win64; x64) AppleWebKit/537.36 (KHTML, like Gecko) Chrome/56.0.2924.87 Safari/537.36|30
2017-02-15 17:29:59|GET|/favicon.ico|200||GET /favicon.ico HTTP/1.1|http://localhost:8888/jaha/apt/membership/list|Mozilla/5.0 (Windows NT 6.1; Win64; x64) AppleWebKit/537.36 (KHTML, like Gecko) Chrome/56.0.2924.87 Safari/537.36|11
2017-02-15 17:30:01|POST|/api/public/user/login|302||POST /api/public/user/login HTTP/1.1|http://localhost:8888/jaha/apt/membership/list|Mozilla/5.0 (Windows NT 6.1; Win64; x64) AppleWebKit/537.36 (KHTML, like Gecko) Chrome/56.0.2924.87 Safari/537.36|445
2017-02-15 17:30:01|GET|/|302||GET / HTTP/1.1|http://localhost:8888/jaha/apt/membership/list|Mozilla/5.0 (Windows NT 6.1; Win64; x64) AppleWebKit/537.36 (KHTML, like Gecko) Chrome/56.0.2924.87 Safari/537.36|650
2017-02-15 17:30:03|GET|/admin/user/list|200||GET /admin/user/list HTTP/1.1|http://localhost:8888/jaha/apt/membership/list|Mozilla/5.0 (Windows NT 6.1; Win64; x64) AppleWebKit/537.36 (KHTML, like Gecko) Chrome/56.0.2924.87 Safari/537.36|1673
2017-02-15 17:30:03|GET|/admin/user/last-login-pop|200||GET /admin/user/last-login-pop HTTP/1.1|http://localhost:8888/admin/user/list|Mozilla/5.0 (Windows NT 6.1; Win64; x64) AppleWebKit/537.36 (KHTML, like Gecko) Chrome/56.0.2924.87 Safari/537.36|283
2017-02-15 17:30:09|GET|/jaha/apt/membership/list|200||GET /jaha/apt/membership/list HTTP/1.1|http://localhost:8888/admin/user/list|Mozilla/5.0 (Windows NT 6.1; Win64; x64) AppleWebKit/537.36 (KHTML, like Gecko) Chrome/56.0.2924.87 Safari/537.36|575
2017-02-15 17:30:09|GET|/api/public/address/sido-names|200||GET /api/public/address/sido-names HTTP/1.1|http://localhost:8888/jaha/apt/membership/list|Mozilla/5.0 (Windows NT 6.1; Win64; x64) AppleWebKit/537.36 (KHTML, like Gecko) Chrome/56.0.2924.87 Safari/537.36|142
2017-02-15 17:30:32|GET|/jaha/apt/ap/user/edoorMember/list-data|200|?sidoNm=&sggNm=&aptNm=&sDate=2016-03-29&eDate=2016-04-15&pageSize=10&pageNum=1|GET /jaha/apt/ap/user/edoorMember/list-data?sidoNm=&sggNm=&aptNm=&sDate=2016-03-29&eDate=2016-04-15&pageSize=10&pageNum=1 HTTP/1.1|http://localhost:8888/jaha/apt/membership/list|Mozilla/5.0 (Windows NT 6.1; Win64; x64) AppleWebKit/537.36 (KHTML, like Gecko) Chrome/56.0.2924.87 Safari/537.36|1948
2017-02-15 17:30:41|GET|/jaha/apt/ap/user/edoorMember/list-data|200|?sidoNm=&sggNm=&aptNm=&sDate=2016-03-29&eDate=2016-04-15&pageSize=10&pageNum=2|GET /jaha/apt/ap/user/edoorMember/list-data?sidoNm=&sggNm=&aptNm=&sDate=2016-03-29&eDate=2016-04-15&pageSize=10&pageNum=2 HTTP/1.1|http://localhost:8888/jaha/apt/membership/list|Mozilla/5.0 (Windows NT 6.1; Win64; x64) AppleWebKit/537.36 (KHTML, like Gecko) Chrome/56.0.2924.87 Safari/537.36|1851
2017-02-15 17:32:02|GET|/jaha/apt/membership/list|200||GET /jaha/apt/membership/list HTTP/1.1|http://localhost:8888/admin/user/list|Mozilla/5.0 (Windows NT 6.1; Win64; x64) AppleWebKit/537.36 (KHTML, like Gecko) Chrome/56.0.2924.87 Safari/537.36|600
2017-02-15 17:32:02|GET|/api/public/address/sido-names|200||GET /api/public/address/sido-names HTTP/1.1|http://localhost:8888/jaha/apt/membership/list|Mozilla/5.0 (Windows NT 6.1; Win64; x64) AppleWebKit/537.36 (KHTML, like Gecko) Chrome/56.0.2924.87 Safari/537.36|119
2017-02-15 17:32:21|GET|/jaha/apt/membership/list-data|200|?sidoNm=&sggNm=&aptNm=&sDate=2016-03-15&eDate=2016-04-15&pageSize=10&pageNum=1|GET /jaha/apt/membership/list-data?sidoNm=&sggNm=&aptNm=&sDate=2016-03-15&eDate=2016-04-15&pageSize=10&pageNum=1 HTTP/1.1|http://localhost:8888/jaha/apt/membership/list|Mozilla/5.0 (Windows NT 6.1; Win64; x64) AppleWebKit/537.36 (KHTML, like Gecko) Chrome/56.0.2924.87 Safari/537.36|1272
2017-02-15 17:32:27|GET|/jaha/apt/ap/user/edoorMember/list-data|200|?sidoNm=&sggNm=&aptNm=&sDate=2016-03-15&eDate=2016-04-15&pageSize=10&pageNum=1|GET /jaha/apt/ap/user/edoorMember/list-data?sidoNm=&sggNm=&aptNm=&sDate=2016-03-15&eDate=2016-04-15&pageSize=10&pageNum=1 HTTP/1.1|http://localhost:8888/jaha/apt/membership/list|Mozilla/5.0 (Windows NT 6.1; Win64; x64) AppleWebKit/537.36 (KHTML, like Gecko) Chrome/56.0.2924.87 Safari/537.36|2525
2017-02-15 17:32:36|GET|/jaha/apt/ap/user/edoorMember/list-data|200|?sidoNm=&sggNm=&aptNm=&sDate=2016-03-29&eDate=2016-04-15&pageSize=10&pageNum=1|GET /jaha/apt/ap/user/edoorMember/list-data?sidoNm=&sggNm=&aptNm=&sDate=2016-03-29&eDate=2016-04-15&pageSize=10&pageNum=1 HTTP/1.1|http://localhost:8888/jaha/apt/membership/list|Mozilla/5.0 (Windows NT 6.1; Win64; x64) AppleWebKit/537.36 (KHTML, like Gecko) Chrome/56.0.2924.87 Safari/537.36|1819
2017-02-15 17:32:40|GET|/jaha/apt/ap/user/edoorMember/list-data|200|?sidoNm=&sggNm=&aptNm=&sDate=2016-03-29&eDate=2016-04-15&pageSize=10&pageNum=2|GET /jaha/apt/ap/user/edoorMember/list-data?sidoNm=&sggNm=&aptNm=&sDate=2016-03-29&eDate=2016-04-15&pageSize=10&pageNum=2 HTTP/1.1|http://localhost:8888/jaha/apt/membership/list|Mozilla/5.0 (Windows NT 6.1; Win64; x64) AppleWebKit/537.36 (KHTML, like Gecko) Chrome/56.0.2924.87 Safari/537.36|1874
2017-02-15 17:32:56|GET|/jaha/apt/ap/user/edoorMember/list-data|200|?sidoNm=&sggNm=&aptNm=&sDate=2016-03-29&eDate=2016-04-15&pageSize=10&pageNum=1|GET /jaha/apt/ap/user/edoorMember/list-data?sidoNm=&sggNm=&aptNm=&sDate=2016-03-29&eDate=2016-04-15&pageSize=10&pageNum=1 HTTP/1.1|http://localhost:8888/jaha/apt/membership/list|Mozilla/5.0 (Windows NT 6.1; Win64; x64) AppleWebKit/537.36 (KHTML, like Gecko) Chrome/56.0.2924.87 Safari/537.36|2017
2017-02-15 17:33:01|GET|/jaha/apt/ap/user/edoorMember/list-data|200|?sidoNm=&sggNm=&aptNm=&sDate=2016-03-29&eDate=2016-04-15&pageSize=10&pageNum=2|GET /jaha/apt/ap/user/edoorMember/list-data?sidoNm=&sggNm=&aptNm=&sDate=2016-03-29&eDate=2016-04-15&pageSize=10&pageNum=2 HTTP/1.1|http://localhost:8888/jaha/apt/membership/list|Mozilla/5.0 (Windows NT 6.1; Win64; x64) AppleWebKit/537.36 (KHTML, like Gecko) Chrome/56.0.2924.87 Safari/537.36|1806
2017-02-15 17:35:25|GET|/jaha/apt/ap/user/edoorMember/list-data|200|?sidoNm=&sggNm=&aptNm=&sDate=2016-03-29&eDate=2016-04-15&pageSize=10&pageNum=1|GET /jaha/apt/ap/user/edoorMember/list-data?sidoNm=&sggNm=&aptNm=&sDate=2016-03-29&eDate=2016-04-15&pageSize=10&pageNum=1 HTTP/1.1|http://localhost:8888/jaha/apt/membership/list|Mozilla/5.0 (Windows NT 6.1; Win64; x64) AppleWebKit/537.36 (KHTML, like Gecko) Chrome/56.0.2924.87 Safari/537.36|2425
2017-02-15 17:35:32|GET|/jaha/apt/ap/user/edoorMember/list-data|200|?sidoNm=&sggNm=&aptNm=&sDate=2016-03-29&eDate=2016-04-15&pageSize=10&pageNum=2|GET /jaha/apt/ap/user/edoorMember/list-data?sidoNm=&sggNm=&aptNm=&sDate=2016-03-29&eDate=2016-04-15&pageSize=10&pageNum=2 HTTP/1.1|http://localhost:8888/jaha/apt/membership/list|Mozilla/5.0 (Windows NT 6.1; Win64; x64) AppleWebKit/537.36 (KHTML, like Gecko) Chrome/56.0.2924.87 Safari/537.36|2219
2017-02-15 17:35:59|GET|/jaha/apt/ap/user/edoorMember/list-data|200|?sidoNm=&sggNm=&aptNm=&sDate=2016-03-29&eDate=2016-04-15&pageSize=10&pageNum=1|GET /jaha/apt/ap/user/edoorMember/list-data?sidoNm=&sggNm=&aptNm=&sDate=2016-03-29&eDate=2016-04-15&pageSize=10&pageNum=1 HTTP/1.1|http://localhost:8888/jaha/apt/membership/list|Mozilla/5.0 (Windows NT 6.1; Win64; x64) AppleWebKit/537.36 (KHTML, like Gecko) Chrome/56.0.2924.87 Safari/537.36|1956
2017-02-15 17:36:04|GET|/jaha/apt/ap/user/edoorMember/list-data|200|?sidoNm=&sggNm=&aptNm=&sDate=2016-03-29&eDate=2016-04-15&pageSize=10&pageNum=2|GET /jaha/apt/ap/user/edoorMember/list-data?sidoNm=&sggNm=&aptNm=&sDate=2016-03-29&eDate=2016-04-15&pageSize=10&pageNum=2 HTTP/1.1|http://localhost:8888/jaha/apt/membership/list|Mozilla/5.0 (Windows NT 6.1; Win64; x64) AppleWebKit/537.36 (KHTML, like Gecko) Chrome/56.0.2924.87 Safari/537.36|1961
2017-02-15 17:36:11|GET|/jaha/apt/ap/user/edoorMember/list-data|200|?sidoNm=&sggNm=&aptNm=&sDate=2016-03-29&eDate=2016-04-15&pageSize=10&pageNum=1|GET /jaha/apt/ap/user/edoorMember/list-data?sidoNm=&sggNm=&aptNm=&sDate=2016-03-29&eDate=2016-04-15&pageSize=10&pageNum=1 HTTP/1.1|http://localhost:8888/jaha/apt/membership/list|Mozilla/5.0 (Windows NT 6.1; Win64; x64) AppleWebKit/537.36 (KHTML, like Gecko) Chrome/56.0.2924.87 Safari/537.36|1804
2017-02-15 17:36:15|GET|/jaha/apt/ap/user/edoorMember/list-data|200|?sidoNm=&sggNm=&aptNm=&sDate=2016-03-29&eDate=2016-04-15&pageSize=10&pageNum=2|GET /jaha/apt/ap/user/edoorMember/list-data?sidoNm=&sggNm=&aptNm=&sDate=2016-03-29&eDate=2016-04-15&pageSize=10&pageNum=2 HTTP/1.1|http://localhost:8888/jaha/apt/membership/list|Mozilla/5.0 (Windows NT 6.1; Win64; x64) AppleWebKit/537.36 (KHTML, like Gecko) Chrome/56.0.2924.87 Safari/537.36|1847
2017-02-15 17:36:20|GET|/jaha/apt/ap/user/edoorMember/list-data|200|?sidoNm=&sggNm=&aptNm=&sDate=2016-03-29&eDate=2016-04-15&pageSize=10&pageNum=1|GET /jaha/apt/ap/user/edoorMember/list-data?sidoNm=&sggNm=&aptNm=&sDate=2016-03-29&eDate=2016-04-15&pageSize=10&pageNum=1 HTTP/1.1|http://localhost:8888/jaha/apt/membership/list|Mozilla/5.0 (Windows NT 6.1; Win64; x64) AppleWebKit/537.36 (KHTML, like Gecko) Chrome/56.0.2924.87 Safari/537.36|1753
2017-02-15 17:37:34|GET|/jaha/apt/ap/user/edoorMember/list-data|200|?sidoNm=&sggNm=&aptNm=&sDate=2016-03-29&eDate=2016-04-15&pageSize=10&pageNum=2|GET /jaha/apt/ap/user/edoorMember/list-data?sidoNm=&sggNm=&aptNm=&sDate=2016-03-29&eDate=2016-04-15&pageSize=10&pageNum=2 HTTP/1.1|http://localhost:8888/jaha/apt/membership/list|Mozilla/5.0 (Windows NT 6.1; Win64; x64) AppleWebKit/537.36 (KHTML, like Gecko) Chrome/56.0.2924.87 Safari/537.36|2466
2017-02-15 17:37:37|GET|/jaha/apt/ap/user/edoorMember/list-data|200|?sidoNm=&sggNm=&aptNm=&sDate=2016-03-29&eDate=2016-04-15&pageSize=10&pageNum=1|GET /jaha/apt/ap/user/edoorMember/list-data?sidoNm=&sggNm=&aptNm=&sDate=2016-03-29&eDate=2016-04-15&pageSize=10&pageNum=1 HTTP/1.1|http://localhost:8888/jaha/apt/membership/list|Mozilla/5.0 (Windows NT 6.1; Win64; x64) AppleWebKit/537.36 (KHTML, like Gecko) Chrome/56.0.2924.87 Safari/537.36|1798
2017-02-15 17:40:48|GET|/jaha/apt/ap/user/edoorMember/list-data|200|?sidoNm=&sggNm=&aptNm=&sDate=2016-03-29&eDate=2016-04-15&pageSize=10&pageNum=2|GET /jaha/apt/ap/user/edoorMember/list-data?sidoNm=&sggNm=&aptNm=&sDate=2016-03-29&eDate=2016-04-15&pageSize=10&pageNum=2 HTTP/1.1|http://localhost:8888/jaha/apt/membership/list|Mozilla/5.0 (Windows NT 6.1; Win64; x64) AppleWebKit/537.36 (KHTML, like Gecko) Chrome/56.0.2924.87 Safari/537.36|2221
2017-02-15 17:40:50|GET|/jaha/apt/ap/user/edoorMember/list-data|200|?sidoNm=&sggNm=&aptNm=&sDate=2016-03-29&eDate=2016-04-15&pageSize=10&pageNum=1|GET /jaha/apt/ap/user/edoorMember/list-data?sidoNm=&sggNm=&aptNm=&sDate=2016-03-29&eDate=2016-04-15&pageSize=10&pageNum=1 HTTP/1.1|http://localhost:8888/jaha/apt/membership/list|Mozilla/5.0 (Windows NT 6.1; Win64; x64) AppleWebKit/537.36 (KHTML, like Gecko) Chrome/56.0.2924.87 Safari/537.36|1872
2017-02-15 17:42:38|GET|/jaha/apt/ap/user/edoorMember/list-data|200|?sidoNm=&sggNm=&aptNm=&sDate=2016-03-29&eDate=2016-04-15&pageSize=10&pageNum=2|GET /jaha/apt/ap/user/edoorMember/list-data?sidoNm=&sggNm=&aptNm=&sDate=2016-03-29&eDate=2016-04-15&pageSize=10&pageNum=2 HTTP/1.1|http://localhost:8888/jaha/apt/membership/list|Mozilla/5.0 (Windows NT 6.1; Win64; x64) AppleWebKit/537.36 (KHTML, like Gecko) Chrome/56.0.2924.87 Safari/537.36|2278
2017-02-15 17:42:42|GET|/jaha/apt/ap/user/edoorMember/list-data|200|?sidoNm=&sggNm=&aptNm=&sDate=2016-03-29&eDate=2016-04-15&pageSize=10&pageNum=1|GET /jaha/apt/ap/user/edoorMember/list-data?sidoNm=&sggNm=&aptNm=&sDate=2016-03-29&eDate=2016-04-15&pageSize=10&pageNum=1 HTTP/1.1|http://localhost:8888/jaha/apt/membership/list|Mozilla/5.0 (Windows NT 6.1; Win64; x64) AppleWebKit/537.36 (KHTML, like Gecko) Chrome/56.0.2924.87 Safari/537.36|1895
2017-02-15 17:43:50|GET|/jaha/apt/ap/user/edoorMember/list-data|200|?sidoNm=&sggNm=&aptNm=&sDate=2016-03-29&eDate=2016-04-15&pageSize=10&pageNum=2|GET /jaha/apt/ap/user/edoorMember/list-data?sidoNm=&sggNm=&aptNm=&sDate=2016-03-29&eDate=2016-04-15&pageSize=10&pageNum=2 HTTP/1.1|http://localhost:8888/jaha/apt/membership/list|Mozilla/5.0 (Windows NT 6.1; Win64; x64) AppleWebKit/537.36 (KHTML, like Gecko) Chrome/56.0.2924.87 Safari/537.36|2104
2017-02-15 17:43:56|GET|/jaha/apt/ap/user/edoorMember/list-data|200|?sidoNm=&sggNm=&aptNm=&sDate=2016-03-29&eDate=2016-04-15&pageSize=10&pageNum=1|GET /jaha/apt/ap/user/edoorMember/list-data?sidoNm=&sggNm=&aptNm=&sDate=2016-03-29&eDate=2016-04-15&pageSize=10&pageNum=1 HTTP/1.1|http://localhost:8888/jaha/apt/membership/list|Mozilla/5.0 (Windows NT 6.1; Win64; x64) AppleWebKit/537.36 (KHTML, like Gecko) Chrome/56.0.2924.87 Safari/537.36|1851
2017-02-15 17:44:10|GET|/jaha/apt/ap/user/edoorMember/list-data|200|?sidoNm=&sggNm=&aptNm=&sDate=2016-03-29&eDate=2016-04-15&pageSize=10&pageNum=2|GET /jaha/apt/ap/user/edoorMember/list-data?sidoNm=&sggNm=&aptNm=&sDate=2016-03-29&eDate=2016-04-15&pageSize=10&pageNum=2 HTTP/1.1|http://localhost:8888/jaha/apt/membership/list|Mozilla/5.0 (Windows NT 6.1; Win64; x64) AppleWebKit/537.36 (KHTML, like Gecko) Chrome/56.0.2924.87 Safari/537.36|1865
2017-02-15 17:44:25|GET|/jaha/apt/ap/user/edoorMember/list-data|200|?sidoNm=&sggNm=&aptNm=&sDate=2016-03-29&eDate=2016-04-15&pageSize=10&pageNum=1|GET /jaha/apt/ap/user/edoorMember/list-data?sidoNm=&sggNm=&aptNm=&sDate=2016-03-29&eDate=2016-04-15&pageSize=10&pageNum=1 HTTP/1.1|http://localhost:8888/jaha/apt/membership/list|Mozilla/5.0 (Windows NT 6.1; Win64; x64) AppleWebKit/537.36 (KHTML, like Gecko) Chrome/56.0.2924.87 Safari/537.36|1927
2017-02-15 17:44:35|GET|/jaha/apt/ap/user/edoorMember/list-data|200|?sidoNm=&sggNm=&aptNm=&sDate=2016-03-29&eDate=2016-04-15&pageSize=10&pageNum=2|GET /jaha/apt/ap/user/edoorMember/list-data?sidoNm=&sggNm=&aptNm=&sDate=2016-03-29&eDate=2016-04-15&pageSize=10&pageNum=2 HTTP/1.1|http://localhost:8888/jaha/apt/membership/list|Mozilla/5.0 (Windows NT 6.1; Win64; x64) AppleWebKit/537.36 (KHTML, like Gecko) Chrome/56.0.2924.87 Safari/537.36|1815
2017-02-15 17:45:15|GET|/jaha/apt/ap/user/edoorMember/list-data|200|?sidoNm=&sggNm=&aptNm=&sDate=2016-03-29&eDate=2016-04-15&pageSize=10&pageNum=1|GET /jaha/apt/ap/user/edoorMember/list-data?sidoNm=&sggNm=&aptNm=&sDate=2016-03-29&eDate=2016-04-15&pageSize=10&pageNum=1 HTTP/1.1|http://localhost:8888/jaha/apt/membership/list|Mozilla/5.0 (Windows NT 6.1; Win64; x64) AppleWebKit/537.36 (KHTML, like Gecko) Chrome/56.0.2924.87 Safari/537.36|3182
2017-02-15 17:46:07|GET|/jaha/apt/ap/user/edoorMember/list-data|200|?sidoNm=&sggNm=&aptNm=&sDate=2016-03-29&eDate=2016-04-15&pageSize=10&pageNum=2|GET /jaha/apt/ap/user/edoorMember/list-data?sidoNm=&sggNm=&aptNm=&sDate=2016-03-29&eDate=2016-04-15&pageSize=10&pageNum=2 HTTP/1.1|http://localhost:8888/jaha/apt/membership/list|Mozilla/5.0 (Windows NT 6.1; Win64; x64) AppleWebKit/537.36 (KHTML, like Gecko) Chrome/56.0.2924.87 Safari/537.36|1950
2017-02-15 17:46:30|GET|/jaha/apt/ap/user/edoorMember/list-data|200|?sidoNm=&sggNm=&aptNm=&sDate=2016-03-29&eDate=2016-04-15&pageSize=10&pageNum=1|GET /jaha/apt/ap/user/edoorMember/list-data?sidoNm=&sggNm=&aptNm=&sDate=2016-03-29&eDate=2016-04-15&pageSize=10&pageNum=1 HTTP/1.1|http://localhost:8888/jaha/apt/membership/list|Mozilla/5.0 (Windows NT 6.1; Win64; x64) AppleWebKit/537.36 (KHTML, like Gecko) Chrome/56.0.2924.87 Safari/537.36|2218
2017-02-15 17:46:35|GET|/jaha/apt/ap/user/edoorMember/list-data|200|?sidoNm=&sggNm=&aptNm=&sDate=2016-03-29&eDate=2016-04-15&pageSize=10&pageNum=2|GET /jaha/apt/ap/user/edoorMember/list-data?sidoNm=&sggNm=&aptNm=&sDate=2016-03-29&eDate=2016-04-15&pageSize=10&pageNum=2 HTTP/1.1|http://localhost:8888/jaha/apt/membership/list|Mozilla/5.0 (Windows NT 6.1; Win64; x64) AppleWebKit/537.36 (KHTML, like Gecko) Chrome/56.0.2924.87 Safari/537.36|1960
2017-02-15 17:48:09|GET|/jaha/apt/ap/user/edoorMember/list-data|200|?sidoNm=&sggNm=&aptNm=&sDate=2016-03-29&eDate=2016-04-15&pageSize=10&pageNum=1|GET /jaha/apt/ap/user/edoorMember/list-data?sidoNm=&sggNm=&aptNm=&sDate=2016-03-29&eDate=2016-04-15&pageSize=10&pageNum=1 HTTP/1.1|http://localhost:8888/jaha/apt/membership/list|Mozilla/5.0 (Windows NT 6.1; Win64; x64) AppleWebKit/537.36 (KHTML, like Gecko) Chrome/56.0.2924.87 Safari/537.36|2207
2017-02-15 17:48:26|GET|/jaha/apt/ap/user/edoorMember/list-data|200|?sidoNm=&sggNm=&aptNm=&sDate=2016-03-29&eDate=2016-04-15&pageSize=10&pageNum=2|GET /jaha/apt/ap/user/edoorMember/list-data?sidoNm=&sggNm=&aptNm=&sDate=2016-03-29&eDate=2016-04-15&pageSize=10&pageNum=2 HTTP/1.1|http://localhost:8888/jaha/apt/membership/list|Mozilla/5.0 (Windows NT 6.1; Win64; x64) AppleWebKit/537.36 (KHTML, like Gecko) Chrome/56.0.2924.87 Safari/537.36|1819
2017-02-15 17:50:47|GET|/jaha/apt/ap/user/edoorMember/list-data|200|?sidoNm=&sggNm=&aptNm=&sDate=2016-03-29&eDate=2016-04-15&pageSize=10&pageNum=1|GET /jaha/apt/ap/user/edoorMember/list-data?sidoNm=&sggNm=&aptNm=&sDate=2016-03-29&eDate=2016-04-15&pageSize=10&pageNum=1 HTTP/1.1|http://localhost:8888/jaha/apt/membership/list|Mozilla/5.0 (Windows NT 6.1; Win64; x64) AppleWebKit/537.36 (KHTML, like Gecko) Chrome/56.0.2924.87 Safari/537.36|2007
2017-02-15 17:51:14|GET|/jaha/apt/ap/user/edoorMember/list-data|200|?sidoNm=&sggNm=&aptNm=&sDate=2016-03-29&eDate=2016-04-15&pageSize=10&pageNum=2|GET /jaha/apt/ap/user/edoorMember/list-data?sidoNm=&sggNm=&aptNm=&sDate=2016-03-29&eDate=2016-04-15&pageSize=10&pageNum=2 HTTP/1.1|http://localhost:8888/jaha/apt/membership/list|Mozilla/5.0 (Windows NT 6.1; Win64; x64) AppleWebKit/537.36 (KHTML, like Gecko) Chrome/56.0.2924.87 Safari/537.36|1781
2017-02-15 17:51:23|GET|/jaha/apt/ap/user/edoorMember/list-data|200|?sidoNm=&sggNm=&aptNm=&sDate=2016-03-29&eDate=2016-04-15&pageSize=10&pageNum=1|GET /jaha/apt/ap/user/edoorMember/list-data?sidoNm=&sggNm=&aptNm=&sDate=2016-03-29&eDate=2016-04-15&pageSize=10&pageNum=1 HTTP/1.1|http://localhost:8888/jaha/apt/membership/list|Mozilla/5.0 (Windows NT 6.1; Win64; x64) AppleWebKit/537.36 (KHTML, like Gecko) Chrome/56.0.2924.87 Safari/537.36|2224
2017-02-15 17:52:59|GET|/jaha/apt/ap/user/edoorMember/list-data|200|?sidoNm=&sggNm=&aptNm=&sDate=2016-03-29&eDate=2016-04-15&pageSize=10&pageNum=2|GET /jaha/apt/ap/user/edoorMember/list-data?sidoNm=&sggNm=&aptNm=&sDate=2016-03-29&eDate=2016-04-15&pageSize=10&pageNum=2 HTTP/1.1|http://localhost:8888/jaha/apt/membership/list|Mozilla/5.0 (Windows NT 6.1; Win64; x64) AppleWebKit/537.36 (KHTML, like Gecko) Chrome/56.0.2924.87 Safari/537.36|2108
2017-02-15 17:53:04|GET|/jaha/apt/ap/user/edoorMember/list-data|200|?sidoNm=&sggNm=&aptNm=&sDate=2016-03-29&eDate=2016-04-15&pageSize=10&pageNum=1|GET /jaha/apt/ap/user/edoorMember/list-data?sidoNm=&sggNm=&aptNm=&sDate=2016-03-29&eDate=2016-04-15&pageSize=10&pageNum=1 HTTP/1.1|http://localhost:8888/jaha/apt/membership/list|Mozilla/5.0 (Windows NT 6.1; Win64; x64) AppleWebKit/537.36 (KHTML, like Gecko) Chrome/56.0.2924.87 Safari/537.36|1881
2017-02-15 17:53:22|GET|/jaha/apt/ap/user/edoorMember/list-data|200|?sidoNm=&sggNm=&aptNm=&sDate=2016-03-29&eDate=2016-04-15&pageSize=10&pageNum=2|GET /jaha/apt/ap/user/edoorMember/list-data?sidoNm=&sggNm=&aptNm=&sDate=2016-03-29&eDate=2016-04-15&pageSize=10&pageNum=2 HTTP/1.1|http://localhost:8888/jaha/apt/membership/list|Mozilla/5.0 (Windows NT 6.1; Win64; x64) AppleWebKit/537.36 (KHTML, like Gecko) Chrome/56.0.2924.87 Safari/537.36|1911
2017-02-15 17:53:31|GET|/jaha/apt/ap/user/edoorMember/list-data|200|?sidoNm=&sggNm=&aptNm=&sDate=2016-03-29&eDate=2016-04-15&pageSize=10&pageNum=1|GET /jaha/apt/ap/user/edoorMember/list-data?sidoNm=&sggNm=&aptNm=&sDate=2016-03-29&eDate=2016-04-15&pageSize=10&pageNum=1 HTTP/1.1|http://localhost:8888/jaha/apt/membership/list|Mozilla/5.0 (Windows NT 6.1; Win64; x64) AppleWebKit/537.36 (KHTML, like Gecko) Chrome/56.0.2924.87 Safari/537.36|1936
2017-02-15 17:57:32|GET|/jaha/apt/ap/user/edoorMember/list-data|200|?sidoNm=&sggNm=&aptNm=&sDate=2016-03-29&eDate=2016-04-15&pageSize=10&pageNum=2|GET /jaha/apt/ap/user/edoorMember/list-data?sidoNm=&sggNm=&aptNm=&sDate=2016-03-29&eDate=2016-04-15&pageSize=10&pageNum=2 HTTP/1.1|http://localhost:8888/jaha/apt/membership/list|Mozilla/5.0 (Windows NT 6.1; Win64; x64) AppleWebKit/537.36 (KHTML, like Gecko) Chrome/56.0.2924.87 Safari/537.36|1973
2017-02-15 17:57:42|GET|/jaha/apt/ap/user/edoorMember/list-data|200|?sidoNm=&sggNm=&aptNm=&sDate=2016-03-29&eDate=2016-04-15&pageSize=10&pageNum=1|GET /jaha/apt/ap/user/edoorMember/list-data?sidoNm=&sggNm=&aptNm=&sDate=2016-03-29&eDate=2016-04-15&pageSize=10&pageNum=1 HTTP/1.1|http://localhost:8888/jaha/apt/membership/list|Mozilla/5.0 (Windows NT 6.1; Win64; x64) AppleWebKit/537.36 (KHTML, like Gecko) Chrome/56.0.2924.87 Safari/537.36|1962
