2017-02-01 09:04:44|GET|/|200||GET / HTTP/1.1|-|Mozilla/5.0 (Windows NT 6.1; Win64; x64) AppleWebKit/537.36 (KHTML, like Gecko) Chrome/55.0.2883.87 Safari/537.36|320
2017-02-01 09:04:47|POST|/api/public/user/login|302||POST /api/public/user/login HTTP/1.1|http://localhost:8888/|Mozilla/5.0 (Windows NT 6.1; Win64; x64) AppleWebKit/537.36 (KHTML, like Gecko) Chrome/55.0.2883.87 Safari/537.36|421
2017-02-01 09:04:47|GET|/|302||GET / HTTP/1.1|http://localhost:8888/|Mozilla/5.0 (Windows NT 6.1; Win64; x64) AppleWebKit/537.36 (KHTML, like Gecko) Chrome/55.0.2883.87 Safari/537.36|361
2017-02-01 09:04:48|GET|/admin/user/list|200||GET /admin/user/list HTTP/1.1|http://localhost:8888/|Mozilla/5.0 (Windows NT 6.1; Win64; x64) AppleWebKit/537.36 (KHTML, like Gecko) Chrome/55.0.2883.87 Safari/537.36|1065
2017-02-01 09:04:48|GET|/img/adminHome/menu.png.png|404||GET /img/adminHome/menu.png.png HTTP/1.1|http://localhost:8888/admin/user/list|Mozilla/5.0 (Windows NT 6.1; Win64; x64) AppleWebKit/537.36 (KHTML, like Gecko) Chrome/55.0.2883.87 Safari/537.36|105
2017-02-01 09:04:48|GET|/admin/user/last-login-pop|200||GET /admin/user/last-login-pop HTTP/1.1|http://localhost:8888/admin/user/list|Mozilla/5.0 (Windows NT 6.1; Win64; x64) AppleWebKit/537.36 (KHTML, like Gecko) Chrome/55.0.2883.87 Safari/537.36|178
2017-02-01 09:04:51|GET|/jaha/apt/ap/user/monitoring/list|200||GET /jaha/apt/ap/user/monitoring/list HTTP/1.1|http://localhost:8888/admin/user/list|Mozilla/5.0 (Windows NT 6.1; Win64; x64) AppleWebKit/537.36 (KHTML, like Gecko) Chrome/55.0.2883.87 Safari/537.36|352
2017-02-01 09:04:51|GET|/js/common.js|304||GET /js/common.js HTTP/1.1|http://localhost:8888/jaha/apt/ap/user/monitoring/list|Mozilla/5.0 (Windows NT 6.1; Win64; x64) AppleWebKit/537.36 (KHTML, like Gecko) Chrome/55.0.2883.87 Safari/537.36|41
2017-02-01 09:04:52|POST|/jaha/apt/ap/user/monitoring/list-data|200||POST /jaha/apt/ap/user/monitoring/list-data HTTP/1.1|http://localhost:8888/jaha/apt/ap/user/monitoring/list|Mozilla/5.0 (Windows NT 6.1; Win64; x64) AppleWebKit/537.36 (KHTML, like Gecko) Chrome/55.0.2883.87 Safari/537.36|291
2017-02-01 09:04:53|GET|/apt/search/popup|200||GET /apt/search/popup HTTP/1.1|http://localhost:8888/jaha/apt/ap/user/monitoring/list|Mozilla/5.0 (Windows NT 6.1; Win64; x64) AppleWebKit/537.36 (KHTML, like Gecko) Chrome/55.0.2883.87 Safari/537.36|259
2017-02-01 09:04:55|GET|/api/public/address/sigungu-names/%EA%B2%BD%EC%83%81%EB%82%A8%EB%8F%84|200||GET /api/public/address/sigungu-names/%EA%B2%BD%EC%83%81%EB%82%A8%EB%8F%84 HTTP/1.1|http://localhost:8888/apt/search/popup|Mozilla/5.0 (Windows NT 6.1; Win64; x64) AppleWebKit/537.36 (KHTML, like Gecko) Chrome/55.0.2883.87 Safari/537.36|102
2017-02-01 09:05:00|GET|/api/public/address/sigungu-names/%EC%9D%B8%EC%B2%9C%EA%B4%91%EC%97%AD%EC%8B%9C|200||GET /api/public/address/sigungu-names/%EC%9D%B8%EC%B2%9C%EA%B4%91%EC%97%AD%EC%8B%9C HTTP/1.1|http://localhost:8888/apt/search/popup|Mozilla/5.0 (Windows NT 6.1; Win64; x64) AppleWebKit/537.36 (KHTML, like Gecko) Chrome/55.0.2883.87 Safari/537.36|2700
2017-02-01 09:05:00|POST|/apt/search/list-data|200||POST /apt/search/list-data HTTP/1.1|http://localhost:8888/apt/search/popup|Mozilla/5.0 (Windows NT 6.1; Win64; x64) AppleWebKit/537.36 (KHTML, like Gecko) Chrome/55.0.2883.87 Safari/537.36|186
2017-02-01 09:05:00|POST|/apt/search/list-data|200||POST /apt/search/list-data HTTP/1.1|http://localhost:8888/apt/search/popup|Mozilla/5.0 (Windows NT 6.1; Win64; x64) AppleWebKit/537.36 (KHTML, like Gecko) Chrome/55.0.2883.87 Safari/537.36|134
2017-02-01 09:05:05|POST|/jaha/apt/ap/user/monitoring/list-data|200||POST /jaha/apt/ap/user/monitoring/list-data HTTP/1.1|http://localhost:8888/jaha/apt/ap/user/monitoring/list|Mozilla/5.0 (Windows NT 6.1; Win64; x64) AppleWebKit/537.36 (KHTML, like Gecko) Chrome/55.0.2883.87 Safari/537.36|153
2017-02-01 10:14:00|GET|/|200||GET / HTTP/1.1|-|Mozilla/5.0 (Windows NT 6.1; Win64; x64) AppleWebKit/537.36 (KHTML, like Gecko) Chrome/55.0.2883.87 Safari/537.36|320
2017-02-01 10:14:00|GET|/css/bootstrap.min.css|304||GET /css/bootstrap.min.css HTTP/1.1|http://localhost:8888/|Mozilla/5.0 (Windows NT 6.1; Win64; x64) AppleWebKit/537.36 (KHTML, like Gecko) Chrome/55.0.2883.87 Safari/537.36|20
2017-02-01 10:14:00|GET|/font-awesome/css/font-awesome.css|304||GET /font-awesome/css/font-awesome.css HTTP/1.1|http://localhost:8888/|Mozilla/5.0 (Windows NT 6.1; Win64; x64) AppleWebKit/537.36 (KHTML, like Gecko) Chrome/55.0.2883.87 Safari/537.36|14
2017-02-01 10:14:00|GET|/css/sb-admin-2.css|304||GET /css/sb-admin-2.css HTTP/1.1|http://localhost:8888/|Mozilla/5.0 (Windows NT 6.1; Win64; x64) AppleWebKit/537.36 (KHTML, like Gecko) Chrome/55.0.2883.87 Safari/537.36|26
2017-02-01 10:14:00|GET|/js/jquery-1.11.2.min.js|304||GET /js/jquery-1.11.2.min.js HTTP/1.1|http://localhost:8888/|Mozilla/5.0 (Windows NT 6.1; Win64; x64) AppleWebKit/537.36 (KHTML, like Gecko) Chrome/55.0.2883.87 Safari/537.36|16
2017-02-01 10:14:00|GET|/js/bootstrap.min.js|304||GET /js/bootstrap.min.js HTTP/1.1|http://localhost:8888/|Mozilla/5.0 (Windows NT 6.1; Win64; x64) AppleWebKit/537.36 (KHTML, like Gecko) Chrome/55.0.2883.87 Safari/537.36|7
2017-02-01 10:14:02|POST|/api/public/user/login|302||POST /api/public/user/login HTTP/1.1|http://localhost:8888/|Mozilla/5.0 (Windows NT 6.1; Win64; x64) AppleWebKit/537.36 (KHTML, like Gecko) Chrome/55.0.2883.87 Safari/537.36|456
2017-02-01 10:14:03|GET|/|302||GET / HTTP/1.1|http://localhost:8888/|Mozilla/5.0 (Windows NT 6.1; Win64; x64) AppleWebKit/537.36 (KHTML, like Gecko) Chrome/55.0.2883.87 Safari/537.36|668
2017-02-01 10:14:04|GET|/admin/user/list|200||GET /admin/user/list HTTP/1.1|http://localhost:8888/|Mozilla/5.0 (Windows NT 6.1; Win64; x64) AppleWebKit/537.36 (KHTML, like Gecko) Chrome/55.0.2883.87 Safari/537.36|1656
2017-02-01 10:14:04|GET|/js/metisMenu/metisMenu.js|304||GET /js/metisMenu/metisMenu.js HTTP/1.1|http://localhost:8888/admin/user/list|Mozilla/5.0 (Windows NT 6.1; Win64; x64) AppleWebKit/537.36 (KHTML, like Gecko) Chrome/55.0.2883.87 Safari/537.36|57
2017-02-01 10:14:04|GET|/img/adminHome/logout.png|304||GET /img/adminHome/logout.png HTTP/1.1|http://localhost:8888/admin/user/list|Mozilla/5.0 (Windows NT 6.1; Win64; x64) AppleWebKit/537.36 (KHTML, like Gecko) Chrome/55.0.2883.87 Safari/537.36|35
2017-02-01 10:14:04|GET|/img/adminHome/home.png|304||GET /img/adminHome/home.png HTTP/1.1|http://localhost:8888/admin/user/list|Mozilla/5.0 (Windows NT 6.1; Win64; x64) AppleWebKit/537.36 (KHTML, like Gecko) Chrome/55.0.2883.87 Safari/537.36|47
2017-02-01 10:14:04|GET|/img/adminHome/menu.png|304||GET /img/adminHome/menu.png HTTP/1.1|http://localhost:8888/admin/user/list|Mozilla/5.0 (Windows NT 6.1; Win64; x64) AppleWebKit/537.36 (KHTML, like Gecko) Chrome/55.0.2883.87 Safari/537.36|43
2017-02-01 10:14:04|GET|/js/sb-admin-2.js|304||GET /js/sb-admin-2.js HTTP/1.1|http://localhost:8888/admin/user/list|Mozilla/5.0 (Windows NT 6.1; Win64; x64) AppleWebKit/537.36 (KHTML, like Gecko) Chrome/55.0.2883.87 Safari/537.36|58
2017-02-01 10:14:04|GET|/font-awesome/fonts/fontawesome-webfont.woff2|304|?v=4.3.0|GET /font-awesome/fonts/fontawesome-webfont.woff2?v=4.3.0 HTTP/1.1|http://localhost:8888/font-awesome/css/font-awesome.css|Mozilla/5.0 (Windows NT 6.1; Win64; x64) AppleWebKit/537.36 (KHTML, like Gecko) Chrome/55.0.2883.87 Safari/537.36|54
2017-02-01 10:14:05|GET|/admin/user/last-login-pop|200||GET /admin/user/last-login-pop HTTP/1.1|http://localhost:8888/admin/user/list|Mozilla/5.0 (Windows NT 6.1; Win64; x64) AppleWebKit/537.36 (KHTML, like Gecko) Chrome/55.0.2883.87 Safari/537.36|262
2017-02-01 10:14:09|GET|/jaha/apt/ap/user/monitoring/list|200||GET /jaha/apt/ap/user/monitoring/list HTTP/1.1|http://localhost:8888/admin/user/list|Mozilla/5.0 (Windows NT 6.1; Win64; x64) AppleWebKit/537.36 (KHTML, like Gecko) Chrome/55.0.2883.87 Safari/537.36|614
2017-02-01 10:14:09|GET|/js/jquery.blockUI.js|304||GET /js/jquery.blockUI.js HTTP/1.1|http://localhost:8888/jaha/apt/ap/user/monitoring/list|Mozilla/5.0 (Windows NT 6.1; Win64; x64) AppleWebKit/537.36 (KHTML, like Gecko) Chrome/55.0.2883.87 Safari/537.36|32
2017-02-01 10:14:09|GET|/css/bootstrap-datetimepicker.css|304||GET /css/bootstrap-datetimepicker.css HTTP/1.1|http://localhost:8888/jaha/apt/ap/user/monitoring/list|Mozilla/5.0 (Windows NT 6.1; Win64; x64) AppleWebKit/537.36 (KHTML, like Gecko) Chrome/55.0.2883.87 Safari/537.36|45
2017-02-01 10:14:10|GET|/js/bootstrap-datetimepicker.js|304||GET /js/bootstrap-datetimepicker.js HTTP/1.1|http://localhost:8888/jaha/apt/ap/user/monitoring/list|Mozilla/5.0 (Windows NT 6.1; Win64; x64) AppleWebKit/537.36 (KHTML, like Gecko) Chrome/55.0.2883.87 Safari/537.36|27
2017-02-01 10:14:10|GET|/sbgrid/js/XRegExp.js|304||GET /sbgrid/js/XRegExp.js HTTP/1.1|http://localhost:8888/jaha/apt/ap/user/monitoring/list|Mozilla/5.0 (Windows NT 6.1; Win64; x64) AppleWebKit/537.36 (KHTML, like Gecko) Chrome/55.0.2883.87 Safari/537.36|32
2017-02-01 10:14:10|GET|/js/moment-with-locales.js|304||GET /js/moment-with-locales.js HTTP/1.1|http://localhost:8888/jaha/apt/ap/user/monitoring/list|Mozilla/5.0 (Windows NT 6.1; Win64; x64) AppleWebKit/537.36 (KHTML, like Gecko) Chrome/55.0.2883.87 Safari/537.36|86
2017-02-01 10:14:10|GET|/fonts/glyphicons-halflings-regular.woff2|304||GET /fonts/glyphicons-halflings-regular.woff2 HTTP/1.1|http://localhost:8888/css/bootstrap.min.css|Mozilla/5.0 (Windows NT 6.1; Win64; x64) AppleWebKit/537.36 (KHTML, like Gecko) Chrome/55.0.2883.87 Safari/537.36|39
2017-02-01 10:14:10|GET|/img/loading.gif|304||GET /img/loading.gif HTTP/1.1|http://localhost:8888/jaha/apt/ap/user/monitoring/list|Mozilla/5.0 (Windows NT 6.1; Win64; x64) AppleWebKit/537.36 (KHTML, like Gecko) Chrome/55.0.2883.87 Safari/537.36|29
2017-02-01 10:14:10|POST|/jaha/apt/ap/user/monitoring/list-data|200||POST /jaha/apt/ap/user/monitoring/list-data HTTP/1.1|http://localhost:8888/jaha/apt/ap/user/monitoring/list|Mozilla/5.0 (Windows NT 6.1; Win64; x64) AppleWebKit/537.36 (KHTML, like Gecko) Chrome/55.0.2883.87 Safari/537.36|373
2017-02-01 10:14:16|POST|/jaha/apt/ap/user/monitoring/list-data|200||POST /jaha/apt/ap/user/monitoring/list-data HTTP/1.1|http://localhost:8888/jaha/apt/ap/user/monitoring/list|Mozilla/5.0 (Windows NT 6.1; Win64; x64) AppleWebKit/537.36 (KHTML, like Gecko) Chrome/55.0.2883.87 Safari/537.36|265
2017-02-01 10:14:28|POST|/jaha/apt/ap/user/monitoring/list-data|200||POST /jaha/apt/ap/user/monitoring/list-data HTTP/1.1|http://localhost:8888/jaha/apt/ap/user/monitoring/list|Mozilla/5.0 (Windows NT 6.1; Win64; x64) AppleWebKit/537.36 (KHTML, like Gecko) Chrome/55.0.2883.87 Safari/537.36|266
2017-02-01 10:14:31|POST|/jaha/apt/ap/user/monitoring/list-data|200||POST /jaha/apt/ap/user/monitoring/list-data HTTP/1.1|http://localhost:8888/jaha/apt/ap/user/monitoring/list|Mozilla/5.0 (Windows NT 6.1; Win64; x64) AppleWebKit/537.36 (KHTML, like Gecko) Chrome/55.0.2883.87 Safari/537.36|257
2017-02-01 10:14:37|POST|/jaha/apt/ap/user/monitoring/list-data|200||POST /jaha/apt/ap/user/monitoring/list-data HTTP/1.1|http://localhost:8888/jaha/apt/ap/user/monitoring/list|Mozilla/5.0 (Windows NT 6.1; Win64; x64) AppleWebKit/537.36 (KHTML, like Gecko) Chrome/55.0.2883.87 Safari/537.36|251
2017-02-01 10:14:39|POST|/jaha/apt/ap/user/monitoring/list-data|200||POST /jaha/apt/ap/user/monitoring/list-data HTTP/1.1|http://localhost:8888/jaha/apt/ap/user/monitoring/list|Mozilla/5.0 (Windows NT 6.1; Win64; x64) AppleWebKit/537.36 (KHTML, like Gecko) Chrome/55.0.2883.87 Safari/537.36|251
2017-02-01 10:14:42|POST|/jaha/apt/ap/user/monitoring/list-data|200||POST /jaha/apt/ap/user/monitoring/list-data HTTP/1.1|http://localhost:8888/jaha/apt/ap/user/monitoring/list|Mozilla/5.0 (Windows NT 6.1; Win64; x64) AppleWebKit/537.36 (KHTML, like Gecko) Chrome/55.0.2883.87 Safari/537.36|258
2017-02-01 10:15:27|GET|/jaha/apt/ap/user/monitoring/list|200||GET /jaha/apt/ap/user/monitoring/list HTTP/1.1|http://localhost:8888/admin/user/list|Mozilla/5.0 (Windows NT 6.1; Win64; x64) AppleWebKit/537.36 (KHTML, like Gecko) Chrome/55.0.2883.87 Safari/537.36|537
2017-02-01 10:15:27|GET|/css/bootstrap.min.css|200||GET /css/bootstrap.min.css HTTP/1.1|http://localhost:8888/jaha/apt/ap/user/monitoring/list|Mozilla/5.0 (Windows NT 6.1; Win64; x64) AppleWebKit/537.36 (KHTML, like Gecko) Chrome/55.0.2883.87 Safari/537.36|37
2017-02-01 10:15:27|GET|/css/bootstrap-datetimepicker.css|200||GET /css/bootstrap-datetimepicker.css HTTP/1.1|http://localhost:8888/jaha/apt/ap/user/monitoring/list|Mozilla/5.0 (Windows NT 6.1; Win64; x64) AppleWebKit/537.36 (KHTML, like Gecko) Chrome/55.0.2883.87 Safari/537.36|39
2017-02-01 10:15:27|GET|/font-awesome/css/font-awesome.css|200||GET /font-awesome/css/font-awesome.css HTTP/1.1|http://localhost:8888/jaha/apt/ap/user/monitoring/list|Mozilla/5.0 (Windows NT 6.1; Win64; x64) AppleWebKit/537.36 (KHTML, like Gecko) Chrome/55.0.2883.87 Safari/537.36|43
2017-02-01 10:15:27|GET|/css/sb-admin-2.css|200||GET /css/sb-admin-2.css HTTP/1.1|http://localhost:8888/jaha/apt/ap/user/monitoring/list|Mozilla/5.0 (Windows NT 6.1; Win64; x64) AppleWebKit/537.36 (KHTML, like Gecko) Chrome/55.0.2883.87 Safari/537.36|50
2017-02-01 10:15:27|GET|/js/jquery-1.11.2.min.js|200||GET /js/jquery-1.11.2.min.js HTTP/1.1|http://localhost:8888/jaha/apt/ap/user/monitoring/list|Mozilla/5.0 (Windows NT 6.1; Win64; x64) AppleWebKit/537.36 (KHTML, like Gecko) Chrome/55.0.2883.87 Safari/537.36|50
2017-02-01 10:15:27|GET|/js/sb-admin-2.js|200||GET /js/sb-admin-2.js HTTP/1.1|http://localhost:8888/jaha/apt/ap/user/monitoring/list|Mozilla/5.0 (Windows NT 6.1; Win64; x64) AppleWebKit/537.36 (KHTML, like Gecko) Chrome/55.0.2883.87 Safari/537.36|42
2017-02-01 10:15:27|GET|/js/bootstrap.min.js|200||GET /js/bootstrap.min.js HTTP/1.1|http://localhost:8888/jaha/apt/ap/user/monitoring/list|Mozilla/5.0 (Windows NT 6.1; Win64; x64) AppleWebKit/537.36 (KHTML, like Gecko) Chrome/55.0.2883.87 Safari/537.36|46
2017-02-01 10:15:27|GET|/js/metisMenu/metisMenu.js|200||GET /js/metisMenu/metisMenu.js HTTP/1.1|http://localhost:8888/jaha/apt/ap/user/monitoring/list|Mozilla/5.0 (Windows NT 6.1; Win64; x64) AppleWebKit/537.36 (KHTML, like Gecko) Chrome/55.0.2883.87 Safari/537.36|52
2017-02-01 10:15:27|GET|/js/moment-with-locales.js|200||GET /js/moment-with-locales.js HTTP/1.1|http://localhost:8888/jaha/apt/ap/user/monitoring/list|Mozilla/5.0 (Windows NT 6.1; Win64; x64) AppleWebKit/537.36 (KHTML, like Gecko) Chrome/55.0.2883.87 Safari/537.36|57
2017-02-01 10:15:27|GET|/js/jquery.blockUI.js|200||GET /js/jquery.blockUI.js HTTP/1.1|http://localhost:8888/jaha/apt/ap/user/monitoring/list|Mozilla/5.0 (Windows NT 6.1; Win64; x64) AppleWebKit/537.36 (KHTML, like Gecko) Chrome/55.0.2883.87 Safari/537.36|49
2017-02-01 10:15:27|GET|/js/bootstrap-datetimepicker.js|200||GET /js/bootstrap-datetimepicker.js HTTP/1.1|http://localhost:8888/jaha/apt/ap/user/monitoring/list|Mozilla/5.0 (Windows NT 6.1; Win64; x64) AppleWebKit/537.36 (KHTML, like Gecko) Chrome/55.0.2883.87 Safari/537.36|60
2017-02-01 10:15:27|GET|/img/adminHome/menu.png|200||GET /img/adminHome/menu.png HTTP/1.1|http://localhost:8888/jaha/apt/ap/user/monitoring/list|Mozilla/5.0 (Windows NT 6.1; Win64; x64) AppleWebKit/537.36 (KHTML, like Gecko) Chrome/55.0.2883.87 Safari/537.36|37
2017-02-01 10:15:27|GET|/font-awesome/fonts/fontawesome-webfont.woff2|200|?v=4.3.0|GET /font-awesome/fonts/fontawesome-webfont.woff2?v=4.3.0 HTTP/1.1|http://localhost:8888/font-awesome/css/font-awesome.css|Mozilla/5.0 (Windows NT 6.1; Win64; x64) AppleWebKit/537.36 (KHTML, like Gecko) Chrome/55.0.2883.87 Safari/537.36|50
2017-02-01 10:15:27|GET|/fonts/glyphicons-halflings-regular.woff2|200||GET /fonts/glyphicons-halflings-regular.woff2 HTTP/1.1|http://localhost:8888/css/bootstrap.min.css|Mozilla/5.0 (Windows NT 6.1; Win64; x64) AppleWebKit/537.36 (KHTML, like Gecko) Chrome/55.0.2883.87 Safari/537.36|37
2017-02-01 10:15:27|GET|/img/adminHome/home.png|200||GET /img/adminHome/home.png HTTP/1.1|http://localhost:8888/jaha/apt/ap/user/monitoring/list|Mozilla/5.0 (Windows NT 6.1; Win64; x64) AppleWebKit/537.36 (KHTML, like Gecko) Chrome/55.0.2883.87 Safari/537.36|36
2017-02-01 10:15:27|GET|/img/adminHome/logout.png|200||GET /img/adminHome/logout.png HTTP/1.1|http://localhost:8888/jaha/apt/ap/user/monitoring/list|Mozilla/5.0 (Windows NT 6.1; Win64; x64) AppleWebKit/537.36 (KHTML, like Gecko) Chrome/55.0.2883.87 Safari/537.36|41
2017-02-01 10:15:27|GET|/js/common.js|200||GET /js/common.js HTTP/1.1|http://localhost:8888/jaha/apt/ap/user/monitoring/list|Mozilla/5.0 (Windows NT 6.1; Win64; x64) AppleWebKit/537.36 (KHTML, like Gecko) Chrome/55.0.2883.87 Safari/537.36|50
2017-02-01 10:15:27|GET|/sbgrid/js/XRegExp.js|200||GET /sbgrid/js/XRegExp.js HTTP/1.1|http://localhost:8888/jaha/apt/ap/user/monitoring/list|Mozilla/5.0 (Windows NT 6.1; Win64; x64) AppleWebKit/537.36 (KHTML, like Gecko) Chrome/55.0.2883.87 Safari/537.36|51
2017-02-01 10:15:27|GET|/img/loading.gif|200||GET /img/loading.gif HTTP/1.1|http://localhost:8888/jaha/apt/ap/user/monitoring/list|Mozilla/5.0 (Windows NT 6.1; Win64; x64) AppleWebKit/537.36 (KHTML, like Gecko) Chrome/55.0.2883.87 Safari/537.36|32
2017-02-01 10:15:28|GET|/favicon.ico|200||GET /favicon.ico HTTP/1.1|http://localhost:8888/jaha/apt/ap/user/monitoring/list|Mozilla/5.0 (Windows NT 6.1; Win64; x64) AppleWebKit/537.36 (KHTML, like Gecko) Chrome/55.0.2883.87 Safari/537.36|32
2017-02-01 10:15:28|POST|/jaha/apt/ap/user/monitoring/list-data|200||POST /jaha/apt/ap/user/monitoring/list-data HTTP/1.1|http://localhost:8888/jaha/apt/ap/user/monitoring/list|Mozilla/5.0 (Windows NT 6.1; Win64; x64) AppleWebKit/537.36 (KHTML, like Gecko) Chrome/55.0.2883.87 Safari/537.36|247
2017-02-01 10:15:33|POST|/jaha/apt/ap/user/monitoring/list-data|200||POST /jaha/apt/ap/user/monitoring/list-data HTTP/1.1|http://localhost:8888/jaha/apt/ap/user/monitoring/list|Mozilla/5.0 (Windows NT 6.1; Win64; x64) AppleWebKit/537.36 (KHTML, like Gecko) Chrome/55.0.2883.87 Safari/537.36|261
2017-02-01 10:15:38|POST|/jaha/apt/ap/user/monitoring/list-data|200||POST /jaha/apt/ap/user/monitoring/list-data HTTP/1.1|http://localhost:8888/jaha/apt/ap/user/monitoring/list|Mozilla/5.0 (Windows NT 6.1; Win64; x64) AppleWebKit/537.36 (KHTML, like Gecko) Chrome/55.0.2883.87 Safari/537.36|265
2017-02-01 10:16:48|GET|/jaha/apt/ap/user/monitoring/list|200||GET /jaha/apt/ap/user/monitoring/list HTTP/1.1|http://localhost:8888/admin/user/list|Mozilla/5.0 (Windows NT 6.1; Win64; x64) AppleWebKit/537.36 (KHTML, like Gecko) Chrome/55.0.2883.87 Safari/537.36|539
2017-02-01 10:16:48|GET|/css/bootstrap-datetimepicker.css|200||GET /css/bootstrap-datetimepicker.css HTTP/1.1|http://localhost:8888/jaha/apt/ap/user/monitoring/list|Mozilla/5.0 (Windows NT 6.1; Win64; x64) AppleWebKit/537.36 (KHTML, like Gecko) Chrome/55.0.2883.87 Safari/537.36|35
2017-02-01 10:16:48|GET|/font-awesome/css/font-awesome.css|200||GET /font-awesome/css/font-awesome.css HTTP/1.1|http://localhost:8888/jaha/apt/ap/user/monitoring/list|Mozilla/5.0 (Windows NT 6.1; Win64; x64) AppleWebKit/537.36 (KHTML, like Gecko) Chrome/55.0.2883.87 Safari/537.36|39
2017-02-01 10:16:48|GET|/css/sb-admin-2.css|200||GET /css/sb-admin-2.css HTTP/1.1|http://localhost:8888/jaha/apt/ap/user/monitoring/list|Mozilla/5.0 (Windows NT 6.1; Win64; x64) AppleWebKit/537.36 (KHTML, like Gecko) Chrome/55.0.2883.87 Safari/537.36|44
2017-02-01 10:16:48|GET|/css/bootstrap.min.css|200||GET /css/bootstrap.min.css HTTP/1.1|http://localhost:8888/jaha/apt/ap/user/monitoring/list|Mozilla/5.0 (Windows NT 6.1; Win64; x64) AppleWebKit/537.36 (KHTML, like Gecko) Chrome/55.0.2883.87 Safari/537.36|51
2017-02-01 10:16:48|GET|/js/jquery-1.11.2.min.js|200||GET /js/jquery-1.11.2.min.js HTTP/1.1|http://localhost:8888/jaha/apt/ap/user/monitoring/list|Mozilla/5.0 (Windows NT 6.1; Win64; x64) AppleWebKit/537.36 (KHTML, like Gecko) Chrome/55.0.2883.87 Safari/537.36|59
2017-02-01 10:16:48|GET|/js/sb-admin-2.js|200||GET /js/sb-admin-2.js HTTP/1.1|http://localhost:8888/jaha/apt/ap/user/monitoring/list|Mozilla/5.0 (Windows NT 6.1; Win64; x64) AppleWebKit/537.36 (KHTML, like Gecko) Chrome/55.0.2883.87 Safari/537.36|42
2017-02-01 10:16:48|GET|/js/metisMenu/metisMenu.js|200||GET /js/metisMenu/metisMenu.js HTTP/1.1|http://localhost:8888/jaha/apt/ap/user/monitoring/list|Mozilla/5.0 (Windows NT 6.1; Win64; x64) AppleWebKit/537.36 (KHTML, like Gecko) Chrome/55.0.2883.87 Safari/537.36|41
2017-02-01 10:16:48|GET|/js/moment-with-locales.js|200||GET /js/moment-with-locales.js HTTP/1.1|http://localhost:8888/jaha/apt/ap/user/monitoring/list|Mozilla/5.0 (Windows NT 6.1; Win64; x64) AppleWebKit/537.36 (KHTML, like Gecko) Chrome/55.0.2883.87 Safari/537.36|55
2017-02-01 10:16:48|GET|/js/bootstrap.min.js|200||GET /js/bootstrap.min.js HTTP/1.1|http://localhost:8888/jaha/apt/ap/user/monitoring/list|Mozilla/5.0 (Windows NT 6.1; Win64; x64) AppleWebKit/537.36 (KHTML, like Gecko) Chrome/55.0.2883.87 Safari/537.36|47
2017-02-01 10:16:48|GET|/js/jquery.blockUI.js|200||GET /js/jquery.blockUI.js HTTP/1.1|http://localhost:8888/jaha/apt/ap/user/monitoring/list|Mozilla/5.0 (Windows NT 6.1; Win64; x64) AppleWebKit/537.36 (KHTML, like Gecko) Chrome/55.0.2883.87 Safari/537.36|46
2017-02-01 10:16:48|GET|/img/adminHome/menu.png|200||GET /img/adminHome/menu.png HTTP/1.1|http://localhost:8888/jaha/apt/ap/user/monitoring/list|Mozilla/5.0 (Windows NT 6.1; Win64; x64) AppleWebKit/537.36 (KHTML, like Gecko) Chrome/55.0.2883.87 Safari/537.36|39
2017-02-01 10:16:48|GET|/font-awesome/fonts/fontawesome-webfont.woff2|200|?v=4.3.0|GET /font-awesome/fonts/fontawesome-webfont.woff2?v=4.3.0 HTTP/1.1|http://localhost:8888/font-awesome/css/font-awesome.css|Mozilla/5.0 (Windows NT 6.1; Win64; x64) AppleWebKit/537.36 (KHTML, like Gecko) Chrome/55.0.2883.87 Safari/537.36|47
2017-02-01 10:16:48|GET|/fonts/glyphicons-halflings-regular.woff2|200||GET /fonts/glyphicons-halflings-regular.woff2 HTTP/1.1|http://localhost:8888/css/bootstrap.min.css|Mozilla/5.0 (Windows NT 6.1; Win64; x64) AppleWebKit/537.36 (KHTML, like Gecko) Chrome/55.0.2883.87 Safari/537.36|47
2017-02-01 10:16:48|GET|/img/adminHome/home.png|200||GET /img/adminHome/home.png HTTP/1.1|http://localhost:8888/jaha/apt/ap/user/monitoring/list|Mozilla/5.0 (Windows NT 6.1; Win64; x64) AppleWebKit/537.36 (KHTML, like Gecko) Chrome/55.0.2883.87 Safari/537.36|38
2017-02-01 10:16:48|GET|/img/adminHome/logout.png|200||GET /img/adminHome/logout.png HTTP/1.1|http://localhost:8888/jaha/apt/ap/user/monitoring/list|Mozilla/5.0 (Windows NT 6.1; Win64; x64) AppleWebKit/537.36 (KHTML, like Gecko) Chrome/55.0.2883.87 Safari/537.36|40
2017-02-01 10:16:48|GET|/js/bootstrap-datetimepicker.js|200||GET /js/bootstrap-datetimepicker.js HTTP/1.1|http://localhost:8888/jaha/apt/ap/user/monitoring/list|Mozilla/5.0 (Windows NT 6.1; Win64; x64) AppleWebKit/537.36 (KHTML, like Gecko) Chrome/55.0.2883.87 Safari/537.36|43
2017-02-01 10:16:48|GET|/js/common.js|200||GET /js/common.js HTTP/1.1|http://localhost:8888/jaha/apt/ap/user/monitoring/list|Mozilla/5.0 (Windows NT 6.1; Win64; x64) AppleWebKit/537.36 (KHTML, like Gecko) Chrome/55.0.2883.87 Safari/537.36|32
2017-02-01 10:16:48|GET|/sbgrid/js/XRegExp.js|200||GET /sbgrid/js/XRegExp.js HTTP/1.1|http://localhost:8888/jaha/apt/ap/user/monitoring/list|Mozilla/5.0 (Windows NT 6.1; Win64; x64) AppleWebKit/537.36 (KHTML, like Gecko) Chrome/55.0.2883.87 Safari/537.36|31
2017-02-01 10:16:48|GET|/img/loading.gif|200||GET /img/loading.gif HTTP/1.1|http://localhost:8888/jaha/apt/ap/user/monitoring/list|Mozilla/5.0 (Windows NT 6.1; Win64; x64) AppleWebKit/537.36 (KHTML, like Gecko) Chrome/55.0.2883.87 Safari/537.36|34
2017-02-01 10:16:49|GET|/favicon.ico|200||GET /favicon.ico HTTP/1.1|http://localhost:8888/jaha/apt/ap/user/monitoring/list|Mozilla/5.0 (Windows NT 6.1; Win64; x64) AppleWebKit/537.36 (KHTML, like Gecko) Chrome/55.0.2883.87 Safari/537.36|33
2017-02-01 10:16:49|POST|/jaha/apt/ap/user/monitoring/list-data|200||POST /jaha/apt/ap/user/monitoring/list-data HTTP/1.1|http://localhost:8888/jaha/apt/ap/user/monitoring/list|Mozilla/5.0 (Windows NT 6.1; Win64; x64) AppleWebKit/537.36 (KHTML, like Gecko) Chrome/55.0.2883.87 Safari/537.36|257
2017-02-01 10:16:53|POST|/jaha/apt/ap/user/monitoring/list-data|200||POST /jaha/apt/ap/user/monitoring/list-data HTTP/1.1|http://localhost:8888/jaha/apt/ap/user/monitoring/list|Mozilla/5.0 (Windows NT 6.1; Win64; x64) AppleWebKit/537.36 (KHTML, like Gecko) Chrome/55.0.2883.87 Safari/537.36|249
2017-02-01 10:16:55|POST|/jaha/apt/ap/user/monitoring/list-data|200||POST /jaha/apt/ap/user/monitoring/list-data HTTP/1.1|http://localhost:8888/jaha/apt/ap/user/monitoring/list|Mozilla/5.0 (Windows NT 6.1; Win64; x64) AppleWebKit/537.36 (KHTML, like Gecko) Chrome/55.0.2883.87 Safari/537.36|229
2017-02-01 10:17:09|POST|/jaha/apt/ap/user/monitoring/list-data|200||POST /jaha/apt/ap/user/monitoring/list-data HTTP/1.1|http://localhost:8888/jaha/apt/ap/user/monitoring/list|Mozilla/5.0 (Windows NT 6.1; Win64; x64) AppleWebKit/537.36 (KHTML, like Gecko) Chrome/55.0.2883.87 Safari/537.36|246
2017-02-01 10:17:16|POST|/jaha/apt/ap/user/monitoring/list-data|200||POST /jaha/apt/ap/user/monitoring/list-data HTTP/1.1|http://localhost:8888/jaha/apt/ap/user/monitoring/list|Mozilla/5.0 (Windows NT 6.1; Win64; x64) AppleWebKit/537.36 (KHTML, like Gecko) Chrome/55.0.2883.87 Safari/537.36|266
2017-02-01 10:17:42|POST|/jaha/apt/ap/user/monitoring/list-data|200||POST /jaha/apt/ap/user/monitoring/list-data HTTP/1.1|http://localhost:8888/jaha/apt/ap/user/monitoring/list|Mozilla/5.0 (Windows NT 6.1; Win64; x64) AppleWebKit/537.36 (KHTML, like Gecko) Chrome/55.0.2883.87 Safari/537.36|274
2017-02-01 10:17:42|GET|/jaha/apt/ap/user/monitoring/list|200||GET /jaha/apt/ap/user/monitoring/list HTTP/1.1|http://localhost:8888/admin/user/list|Mozilla/5.0 (Windows NT 6.1; Win64; x64) AppleWebKit/537.36 (KHTML, like Gecko) Chrome/55.0.2883.87 Safari/537.36|536
2017-02-01 10:17:42|GET|/font-awesome/css/font-awesome.css|200||GET /font-awesome/css/font-awesome.css HTTP/1.1|http://localhost:8888/jaha/apt/ap/user/monitoring/list|Mozilla/5.0 (Windows NT 6.1; Win64; x64) AppleWebKit/537.36 (KHTML, like Gecko) Chrome/55.0.2883.87 Safari/537.36|38
2017-02-01 10:17:42|GET|/css/bootstrap-datetimepicker.css|200||GET /css/bootstrap-datetimepicker.css HTTP/1.1|http://localhost:8888/jaha/apt/ap/user/monitoring/list|Mozilla/5.0 (Windows NT 6.1; Win64; x64) AppleWebKit/537.36 (KHTML, like Gecko) Chrome/55.0.2883.87 Safari/537.36|41
2017-02-01 10:17:42|GET|/js/jquery-1.11.2.min.js|200||GET /js/jquery-1.11.2.min.js HTTP/1.1|http://localhost:8888/jaha/apt/ap/user/monitoring/list|Mozilla/5.0 (Windows NT 6.1; Win64; x64) AppleWebKit/537.36 (KHTML, like Gecko) Chrome/55.0.2883.87 Safari/537.36|48
2017-02-01 10:17:42|GET|/css/bootstrap.min.css|200||GET /css/bootstrap.min.css HTTP/1.1|http://localhost:8888/jaha/apt/ap/user/monitoring/list|Mozilla/5.0 (Windows NT 6.1; Win64; x64) AppleWebKit/537.36 (KHTML, like Gecko) Chrome/55.0.2883.87 Safari/537.36|68
2017-02-01 10:17:42|GET|/css/sb-admin-2.css|200||GET /css/sb-admin-2.css HTTP/1.1|http://localhost:8888/jaha/apt/ap/user/monitoring/list|Mozilla/5.0 (Windows NT 6.1; Win64; x64) AppleWebKit/537.36 (KHTML, like Gecko) Chrome/55.0.2883.87 Safari/537.36|60
2017-02-01 10:17:42|GET|/js/metisMenu/metisMenu.js|200||GET /js/metisMenu/metisMenu.js HTTP/1.1|http://localhost:8888/jaha/apt/ap/user/monitoring/list|Mozilla/5.0 (Windows NT 6.1; Win64; x64) AppleWebKit/537.36 (KHTML, like Gecko) Chrome/55.0.2883.87 Safari/537.36|37
2017-02-01 10:17:42|GET|/js/bootstrap-datetimepicker.js|200||GET /js/bootstrap-datetimepicker.js HTTP/1.1|http://localhost:8888/jaha/apt/ap/user/monitoring/list|Mozilla/5.0 (Windows NT 6.1; Win64; x64) AppleWebKit/537.36 (KHTML, like Gecko) Chrome/55.0.2883.87 Safari/537.36|56
2017-02-01 10:17:42|GET|/js/sb-admin-2.js|200||GET /js/sb-admin-2.js HTTP/1.1|http://localhost:8888/jaha/apt/ap/user/monitoring/list|Mozilla/5.0 (Windows NT 6.1; Win64; x64) AppleWebKit/537.36 (KHTML, like Gecko) Chrome/55.0.2883.87 Safari/537.36|44
2017-02-01 10:17:42|GET|/js/moment-with-locales.js|200||GET /js/moment-with-locales.js HTTP/1.1|http://localhost:8888/jaha/apt/ap/user/monitoring/list|Mozilla/5.0 (Windows NT 6.1; Win64; x64) AppleWebKit/537.36 (KHTML, like Gecko) Chrome/55.0.2883.87 Safari/537.36|66
2017-02-01 10:17:42|GET|/js/bootstrap.min.js|200||GET /js/bootstrap.min.js HTTP/1.1|http://localhost:8888/jaha/apt/ap/user/monitoring/list|Mozilla/5.0 (Windows NT 6.1; Win64; x64) AppleWebKit/537.36 (KHTML, like Gecko) Chrome/55.0.2883.87 Safari/537.36|42
2017-02-01 10:17:42|GET|/js/jquery.blockUI.js|200||GET /js/jquery.blockUI.js HTTP/1.1|http://localhost:8888/jaha/apt/ap/user/monitoring/list|Mozilla/5.0 (Windows NT 6.1; Win64; x64) AppleWebKit/537.36 (KHTML, like Gecko) Chrome/55.0.2883.87 Safari/537.36|60
2017-02-01 10:17:42|GET|/font-awesome/fonts/fontawesome-webfont.woff2|200|?v=4.3.0|GET /font-awesome/fonts/fontawesome-webfont.woff2?v=4.3.0 HTTP/1.1|http://localhost:8888/font-awesome/css/font-awesome.css|Mozilla/5.0 (Windows NT 6.1; Win64; x64) AppleWebKit/537.36 (KHTML, like Gecko) Chrome/55.0.2883.87 Safari/537.36|77
2017-02-01 10:17:42|GET|/sbgrid/js/XRegExp.js|200||GET /sbgrid/js/XRegExp.js HTTP/1.1|http://localhost:8888/jaha/apt/ap/user/monitoring/list|Mozilla/5.0 (Windows NT 6.1; Win64; x64) AppleWebKit/537.36 (KHTML, like Gecko) Chrome/55.0.2883.87 Safari/537.36|74
2017-02-01 10:17:42|GET|/img/adminHome/home.png|200||GET /img/adminHome/home.png HTTP/1.1|http://localhost:8888/jaha/apt/ap/user/monitoring/list|Mozilla/5.0 (Windows NT 6.1; Win64; x64) AppleWebKit/537.36 (KHTML, like Gecko) Chrome/55.0.2883.87 Safari/537.36|73
2017-02-01 10:17:42|GET|/fonts/glyphicons-halflings-regular.woff2|200||GET /fonts/glyphicons-halflings-regular.woff2 HTTP/1.1|http://localhost:8888/css/bootstrap.min.css|Mozilla/5.0 (Windows NT 6.1; Win64; x64) AppleWebKit/537.36 (KHTML, like Gecko) Chrome/55.0.2883.87 Safari/537.36|68
2017-02-01 10:17:42|GET|/js/common.js|200||GET /js/common.js HTTP/1.1|http://localhost:8888/jaha/apt/ap/user/monitoring/list|Mozilla/5.0 (Windows NT 6.1; Win64; x64) AppleWebKit/537.36 (KHTML, like Gecko) Chrome/55.0.2883.87 Safari/537.36|81
2017-02-01 10:17:42|GET|/img/adminHome/menu.png|200||GET /img/adminHome/menu.png HTTP/1.1|http://localhost:8888/jaha/apt/ap/user/monitoring/list|Mozilla/5.0 (Windows NT 6.1; Win64; x64) AppleWebKit/537.36 (KHTML, like Gecko) Chrome/55.0.2883.87 Safari/537.36|45
2017-02-01 10:17:42|GET|/img/adminHome/logout.png|200||GET /img/adminHome/logout.png HTTP/1.1|http://localhost:8888/jaha/apt/ap/user/monitoring/list|Mozilla/5.0 (Windows NT 6.1; Win64; x64) AppleWebKit/537.36 (KHTML, like Gecko) Chrome/55.0.2883.87 Safari/537.36|44
2017-02-01 10:17:42|GET|/img/loading.gif|200||GET /img/loading.gif HTTP/1.1|http://localhost:8888/jaha/apt/ap/user/monitoring/list|Mozilla/5.0 (Windows NT 6.1; Win64; x64) AppleWebKit/537.36 (KHTML, like Gecko) Chrome/55.0.2883.87 Safari/537.36|31
2017-02-01 10:17:43|GET|/favicon.ico|200||GET /favicon.ico HTTP/1.1|http://localhost:8888/jaha/apt/ap/user/monitoring/list|Mozilla/5.0 (Windows NT 6.1; Win64; x64) AppleWebKit/537.36 (KHTML, like Gecko) Chrome/55.0.2883.87 Safari/537.36|31
2017-02-01 10:17:43|POST|/jaha/apt/ap/user/monitoring/list-data|200||POST /jaha/apt/ap/user/monitoring/list-data HTTP/1.1|http://localhost:8888/jaha/apt/ap/user/monitoring/list|Mozilla/5.0 (Windows NT 6.1; Win64; x64) AppleWebKit/537.36 (KHTML, like Gecko) Chrome/55.0.2883.87 Safari/537.36|259
2017-02-01 10:17:45|POST|/jaha/apt/ap/user/monitoring/list-data|200||POST /jaha/apt/ap/user/monitoring/list-data HTTP/1.1|http://localhost:8888/jaha/apt/ap/user/monitoring/list|Mozilla/5.0 (Windows NT 6.1; Win64; x64) AppleWebKit/537.36 (KHTML, like Gecko) Chrome/55.0.2883.87 Safari/537.36|248
2017-02-01 10:17:54|GET|/jaha/apt/ap/user/monitoring/list|200||GET /jaha/apt/ap/user/monitoring/list HTTP/1.1|http://localhost:8888/admin/user/list|Mozilla/5.0 (Windows NT 6.1; Win64; x64) AppleWebKit/537.36 (KHTML, like Gecko) Chrome/55.0.2883.87 Safari/537.36|501
2017-02-01 10:17:54|GET|/favicon.ico|200||GET /favicon.ico HTTP/1.1|http://localhost:8888/jaha/apt/ap/user/monitoring/list|Mozilla/5.0 (Windows NT 6.1; Win64; x64) AppleWebKit/537.36 (KHTML, like Gecko) Chrome/55.0.2883.87 Safari/537.36|28
2017-02-01 10:17:54|POST|/jaha/apt/ap/user/monitoring/list-data|200||POST /jaha/apt/ap/user/monitoring/list-data HTTP/1.1|http://localhost:8888/jaha/apt/ap/user/monitoring/list|Mozilla/5.0 (Windows NT 6.1; Win64; x64) AppleWebKit/537.36 (KHTML, like Gecko) Chrome/55.0.2883.87 Safari/537.36|257
2017-02-01 10:17:55|GET|/jaha/apt/ap/user/monitoring/list|200||GET /jaha/apt/ap/user/monitoring/list HTTP/1.1|http://localhost:8888/admin/user/list|Mozilla/5.0 (Windows NT 6.1; Win64; x64) AppleWebKit/537.36 (KHTML, like Gecko) Chrome/55.0.2883.87 Safari/537.36|558
2017-02-01 10:17:55|GET|/css/bootstrap-datetimepicker.css|200||GET /css/bootstrap-datetimepicker.css HTTP/1.1|http://localhost:8888/jaha/apt/ap/user/monitoring/list|Mozilla/5.0 (Windows NT 6.1; Win64; x64) AppleWebKit/537.36 (KHTML, like Gecko) Chrome/55.0.2883.87 Safari/537.36|35
2017-02-01 10:17:55|GET|/css/sb-admin-2.css|200||GET /css/sb-admin-2.css HTTP/1.1|http://localhost:8888/jaha/apt/ap/user/monitoring/list|Mozilla/5.0 (Windows NT 6.1; Win64; x64) AppleWebKit/537.36 (KHTML, like Gecko) Chrome/55.0.2883.87 Safari/537.36|36
2017-02-01 10:17:55|GET|/font-awesome/css/font-awesome.css|200||GET /font-awesome/css/font-awesome.css HTTP/1.1|http://localhost:8888/jaha/apt/ap/user/monitoring/list|Mozilla/5.0 (Windows NT 6.1; Win64; x64) AppleWebKit/537.36 (KHTML, like Gecko) Chrome/55.0.2883.87 Safari/537.36|38
2017-02-01 10:17:55|GET|/css/bootstrap.min.css|200||GET /css/bootstrap.min.css HTTP/1.1|http://localhost:8888/jaha/apt/ap/user/monitoring/list|Mozilla/5.0 (Windows NT 6.1; Win64; x64) AppleWebKit/537.36 (KHTML, like Gecko) Chrome/55.0.2883.87 Safari/537.36|42
2017-02-01 10:17:55|GET|/js/jquery-1.11.2.min.js|200||GET /js/jquery-1.11.2.min.js HTTP/1.1|http://localhost:8888/jaha/apt/ap/user/monitoring/list|Mozilla/5.0 (Windows NT 6.1; Win64; x64) AppleWebKit/537.36 (KHTML, like Gecko) Chrome/55.0.2883.87 Safari/537.36|66
2017-02-01 10:17:55|GET|/js/bootstrap-datetimepicker.js|200||GET /js/bootstrap-datetimepicker.js HTTP/1.1|http://localhost:8888/jaha/apt/ap/user/monitoring/list|Mozilla/5.0 (Windows NT 6.1; Win64; x64) AppleWebKit/537.36 (KHTML, like Gecko) Chrome/55.0.2883.87 Safari/537.36|52
2017-02-01 10:17:55|GET|/js/bootstrap.min.js|200||GET /js/bootstrap.min.js HTTP/1.1|http://localhost:8888/jaha/apt/ap/user/monitoring/list|Mozilla/5.0 (Windows NT 6.1; Win64; x64) AppleWebKit/537.36 (KHTML, like Gecko) Chrome/55.0.2883.87 Safari/537.36|45
2017-02-01 10:17:55|GET|/js/sb-admin-2.js|200||GET /js/sb-admin-2.js HTTP/1.1|http://localhost:8888/jaha/apt/ap/user/monitoring/list|Mozilla/5.0 (Windows NT 6.1; Win64; x64) AppleWebKit/537.36 (KHTML, like Gecko) Chrome/55.0.2883.87 Safari/537.36|40
2017-02-01 10:17:55|GET|/js/metisMenu/metisMenu.js|200||GET /js/metisMenu/metisMenu.js HTTP/1.1|http://localhost:8888/jaha/apt/ap/user/monitoring/list|Mozilla/5.0 (Windows NT 6.1; Win64; x64) AppleWebKit/537.36 (KHTML, like Gecko) Chrome/55.0.2883.87 Safari/537.36|46
2017-02-01 10:17:55|GET|/js/jquery.blockUI.js|200||GET /js/jquery.blockUI.js HTTP/1.1|http://localhost:8888/jaha/apt/ap/user/monitoring/list|Mozilla/5.0 (Windows NT 6.1; Win64; x64) AppleWebKit/537.36 (KHTML, like Gecko) Chrome/55.0.2883.87 Safari/537.36|49
2017-02-01 10:17:55|GET|/font-awesome/fonts/fontawesome-webfont.woff2|200|?v=4.3.0|GET /font-awesome/fonts/fontawesome-webfont.woff2?v=4.3.0 HTTP/1.1|http://localhost:8888/font-awesome/css/font-awesome.css|Mozilla/5.0 (Windows NT 6.1; Win64; x64) AppleWebKit/537.36 (KHTML, like Gecko) Chrome/55.0.2883.87 Safari/537.36|40
2017-02-01 10:17:55|GET|/img/adminHome/menu.png|200||GET /img/adminHome/menu.png HTTP/1.1|http://localhost:8888/jaha/apt/ap/user/monitoring/list|Mozilla/5.0 (Windows NT 6.1; Win64; x64) AppleWebKit/537.36 (KHTML, like Gecko) Chrome/55.0.2883.87 Safari/537.36|46
2017-02-01 10:17:55|GET|/img/adminHome/logout.png|200||GET /img/adminHome/logout.png HTTP/1.1|http://localhost:8888/jaha/apt/ap/user/monitoring/list|Mozilla/5.0 (Windows NT 6.1; Win64; x64) AppleWebKit/537.36 (KHTML, like Gecko) Chrome/55.0.2883.87 Safari/537.36|37
2017-02-01 10:17:55|GET|/fonts/glyphicons-halflings-regular.woff2|200||GET /fonts/glyphicons-halflings-regular.woff2 HTTP/1.1|http://localhost:8888/css/bootstrap.min.css|Mozilla/5.0 (Windows NT 6.1; Win64; x64) AppleWebKit/537.36 (KHTML, like Gecko) Chrome/55.0.2883.87 Safari/537.36|77
2017-02-01 10:17:55|GET|/js/moment-with-locales.js|200||GET /js/moment-with-locales.js HTTP/1.1|http://localhost:8888/jaha/apt/ap/user/monitoring/list|Mozilla/5.0 (Windows NT 6.1; Win64; x64) AppleWebKit/537.36 (KHTML, like Gecko) Chrome/55.0.2883.87 Safari/537.36|117
2017-02-01 10:17:55|GET|/img/adminHome/home.png|200||GET /img/adminHome/home.png HTTP/1.1|http://localhost:8888/jaha/apt/ap/user/monitoring/list|Mozilla/5.0 (Windows NT 6.1; Win64; x64) AppleWebKit/537.36 (KHTML, like Gecko) Chrome/55.0.2883.87 Safari/537.36|46
2017-02-01 10:17:55|GET|/js/common.js|200||GET /js/common.js HTTP/1.1|http://localhost:8888/jaha/apt/ap/user/monitoring/list|Mozilla/5.0 (Windows NT 6.1; Win64; x64) AppleWebKit/537.36 (KHTML, like Gecko) Chrome/55.0.2883.87 Safari/537.36|45
2017-02-01 10:17:55|GET|/sbgrid/js/XRegExp.js|200||GET /sbgrid/js/XRegExp.js HTTP/1.1|http://localhost:8888/jaha/apt/ap/user/monitoring/list|Mozilla/5.0 (Windows NT 6.1; Win64; x64) AppleWebKit/537.36 (KHTML, like Gecko) Chrome/55.0.2883.87 Safari/537.36|49
2017-02-01 10:17:55|GET|/img/loading.gif|200||GET /img/loading.gif HTTP/1.1|http://localhost:8888/jaha/apt/ap/user/monitoring/list|Mozilla/5.0 (Windows NT 6.1; Win64; x64) AppleWebKit/537.36 (KHTML, like Gecko) Chrome/55.0.2883.87 Safari/537.36|40
2017-02-01 10:17:55|GET|/favicon.ico|200||GET /favicon.ico HTTP/1.1|http://localhost:8888/jaha/apt/ap/user/monitoring/list|Mozilla/5.0 (Windows NT 6.1; Win64; x64) AppleWebKit/537.36 (KHTML, like Gecko) Chrome/55.0.2883.87 Safari/537.36|33
2017-02-01 10:17:55|POST|/jaha/apt/ap/user/monitoring/list-data|200||POST /jaha/apt/ap/user/monitoring/list-data HTTP/1.1|http://localhost:8888/jaha/apt/ap/user/monitoring/list|Mozilla/5.0 (Windows NT 6.1; Win64; x64) AppleWebKit/537.36 (KHTML, like Gecko) Chrome/55.0.2883.87 Safari/537.36|255
2017-02-01 10:17:57|POST|/jaha/apt/ap/user/monitoring/list-data|200||POST /jaha/apt/ap/user/monitoring/list-data HTTP/1.1|http://localhost:8888/jaha/apt/ap/user/monitoring/list|Mozilla/5.0 (Windows NT 6.1; Win64; x64) AppleWebKit/537.36 (KHTML, like Gecko) Chrome/55.0.2883.87 Safari/537.36|248
2017-02-01 10:18:09|GET|/jaha/apt/ap/user/monitoring/list|200||GET /jaha/apt/ap/user/monitoring/list HTTP/1.1|http://localhost:8888/admin/user/list|Mozilla/5.0 (Windows NT 6.1; Win64; x64) AppleWebKit/537.36 (KHTML, like Gecko) Chrome/55.0.2883.87 Safari/537.36|584
2017-02-01 10:18:09|GET|/jaha/apt/ap/user/monitoring/list|200||GET /jaha/apt/ap/user/monitoring/list HTTP/1.1|http://localhost:8888/admin/user/list|Mozilla/5.0 (Windows NT 6.1; Win64; x64) AppleWebKit/537.36 (KHTML, like Gecko) Chrome/55.0.2883.87 Safari/537.36|546
2017-02-01 10:18:10|GET|/font-awesome/css/font-awesome.css|200||GET /font-awesome/css/font-awesome.css HTTP/1.1|http://localhost:8888/jaha/apt/ap/user/monitoring/list|Mozilla/5.0 (Windows NT 6.1; Win64; x64) AppleWebKit/537.36 (KHTML, like Gecko) Chrome/55.0.2883.87 Safari/537.36|40
2017-02-01 10:18:10|GET|/css/bootstrap-datetimepicker.css|200||GET /css/bootstrap-datetimepicker.css HTTP/1.1|http://localhost:8888/jaha/apt/ap/user/monitoring/list|Mozilla/5.0 (Windows NT 6.1; Win64; x64) AppleWebKit/537.36 (KHTML, like Gecko) Chrome/55.0.2883.87 Safari/537.36|47
2017-02-01 10:18:10|GET|/css/sb-admin-2.css|200||GET /css/sb-admin-2.css HTTP/1.1|http://localhost:8888/jaha/apt/ap/user/monitoring/list|Mozilla/5.0 (Windows NT 6.1; Win64; x64) AppleWebKit/537.36 (KHTML, like Gecko) Chrome/55.0.2883.87 Safari/537.36|46
2017-02-01 10:18:10|GET|/js/jquery-1.11.2.min.js|200||GET /js/jquery-1.11.2.min.js HTTP/1.1|http://localhost:8888/jaha/apt/ap/user/monitoring/list|Mozilla/5.0 (Windows NT 6.1; Win64; x64) AppleWebKit/537.36 (KHTML, like Gecko) Chrome/55.0.2883.87 Safari/537.36|53
2017-02-01 10:18:10|GET|/css/bootstrap.min.css|200||GET /css/bootstrap.min.css HTTP/1.1|http://localhost:8888/jaha/apt/ap/user/monitoring/list|Mozilla/5.0 (Windows NT 6.1; Win64; x64) AppleWebKit/537.36 (KHTML, like Gecko) Chrome/55.0.2883.87 Safari/537.36|71
2017-02-01 10:18:10|GET|/js/metisMenu/metisMenu.js|200||GET /js/metisMenu/metisMenu.js HTTP/1.1|http://localhost:8888/jaha/apt/ap/user/monitoring/list|Mozilla/5.0 (Windows NT 6.1; Win64; x64) AppleWebKit/537.36 (KHTML, like Gecko) Chrome/55.0.2883.87 Safari/537.36|54
2017-02-01 10:18:10|GET|/js/jquery.blockUI.js|200||GET /js/jquery.blockUI.js HTTP/1.1|http://localhost:8888/jaha/apt/ap/user/monitoring/list|Mozilla/5.0 (Windows NT 6.1; Win64; x64) AppleWebKit/537.36 (KHTML, like Gecko) Chrome/55.0.2883.87 Safari/537.36|46
2017-02-01 10:18:10|GET|/js/moment-with-locales.js|200||GET /js/moment-with-locales.js HTTP/1.1|http://localhost:8888/jaha/apt/ap/user/monitoring/list|Mozilla/5.0 (Windows NT 6.1; Win64; x64) AppleWebKit/537.36 (KHTML, like Gecko) Chrome/55.0.2883.87 Safari/537.36|64
2017-02-01 10:18:10|GET|/js/bootstrap-datetimepicker.js|200||GET /js/bootstrap-datetimepicker.js HTTP/1.1|http://localhost:8888/jaha/apt/ap/user/monitoring/list|Mozilla/5.0 (Windows NT 6.1; Win64; x64) AppleWebKit/537.36 (KHTML, like Gecko) Chrome/55.0.2883.87 Safari/537.36|69
2017-02-01 10:18:10|GET|/js/bootstrap.min.js|200||GET /js/bootstrap.min.js HTTP/1.1|http://localhost:8888/jaha/apt/ap/user/monitoring/list|Mozilla/5.0 (Windows NT 6.1; Win64; x64) AppleWebKit/537.36 (KHTML, like Gecko) Chrome/55.0.2883.87 Safari/537.36|48
2017-02-01 10:18:10|GET|/js/sb-admin-2.js|200||GET /js/sb-admin-2.js HTTP/1.1|http://localhost:8888/jaha/apt/ap/user/monitoring/list|Mozilla/5.0 (Windows NT 6.1; Win64; x64) AppleWebKit/537.36 (KHTML, like Gecko) Chrome/55.0.2883.87 Safari/537.36|58
2017-02-01 10:18:10|GET|/font-awesome/fonts/fontawesome-webfont.woff2|200|?v=4.3.0|GET /font-awesome/fonts/fontawesome-webfont.woff2?v=4.3.0 HTTP/1.1|http://localhost:8888/font-awesome/css/font-awesome.css|Mozilla/5.0 (Windows NT 6.1; Win64; x64) AppleWebKit/537.36 (KHTML, like Gecko) Chrome/55.0.2883.87 Safari/537.36|47
2017-02-01 10:18:10|GET|/fonts/glyphicons-halflings-regular.woff2|200||GET /fonts/glyphicons-halflings-regular.woff2 HTTP/1.1|http://localhost:8888/css/bootstrap.min.css|Mozilla/5.0 (Windows NT 6.1; Win64; x64) AppleWebKit/537.36 (KHTML, like Gecko) Chrome/55.0.2883.87 Safari/537.36|39
2017-02-01 10:18:10|GET|/img/adminHome/home.png|200||GET /img/adminHome/home.png HTTP/1.1|http://localhost:8888/jaha/apt/ap/user/monitoring/list|Mozilla/5.0 (Windows NT 6.1; Win64; x64) AppleWebKit/537.36 (KHTML, like Gecko) Chrome/55.0.2883.87 Safari/537.36|36
2017-02-01 10:18:10|GET|/img/adminHome/logout.png|200||GET /img/adminHome/logout.png HTTP/1.1|http://localhost:8888/jaha/apt/ap/user/monitoring/list|Mozilla/5.0 (Windows NT 6.1; Win64; x64) AppleWebKit/537.36 (KHTML, like Gecko) Chrome/55.0.2883.87 Safari/537.36|39
2017-02-01 10:18:10|GET|/img/adminHome/menu.png|200||GET /img/adminHome/menu.png HTTP/1.1|http://localhost:8888/jaha/apt/ap/user/monitoring/list|Mozilla/5.0 (Windows NT 6.1; Win64; x64) AppleWebKit/537.36 (KHTML, like Gecko) Chrome/55.0.2883.87 Safari/537.36|46
2017-02-01 10:18:10|GET|/js/common.js|200||GET /js/common.js HTTP/1.1|http://localhost:8888/jaha/apt/ap/user/monitoring/list|Mozilla/5.0 (Windows NT 6.1; Win64; x64) AppleWebKit/537.36 (KHTML, like Gecko) Chrome/55.0.2883.87 Safari/537.36|35
2017-02-01 10:18:10|GET|/sbgrid/js/XRegExp.js|200||GET /sbgrid/js/XRegExp.js HTTP/1.1|http://localhost:8888/jaha/apt/ap/user/monitoring/list|Mozilla/5.0 (Windows NT 6.1; Win64; x64) AppleWebKit/537.36 (KHTML, like Gecko) Chrome/55.0.2883.87 Safari/537.36|38
2017-02-01 10:18:10|GET|/img/loading.gif|200||GET /img/loading.gif HTTP/1.1|http://localhost:8888/jaha/apt/ap/user/monitoring/list|Mozilla/5.0 (Windows NT 6.1; Win64; x64) AppleWebKit/537.36 (KHTML, like Gecko) Chrome/55.0.2883.87 Safari/537.36|59
2017-02-01 10:18:10|GET|/favicon.ico|200||GET /favicon.ico HTTP/1.1|http://localhost:8888/jaha/apt/ap/user/monitoring/list|Mozilla/5.0 (Windows NT 6.1; Win64; x64) AppleWebKit/537.36 (KHTML, like Gecko) Chrome/55.0.2883.87 Safari/537.36|34
2017-02-01 10:18:10|POST|/jaha/apt/ap/user/monitoring/list-data|200||POST /jaha/apt/ap/user/monitoring/list-data HTTP/1.1|http://localhost:8888/jaha/apt/ap/user/monitoring/list|Mozilla/5.0 (Windows NT 6.1; Win64; x64) AppleWebKit/537.36 (KHTML, like Gecko) Chrome/55.0.2883.87 Safari/537.36|286
2017-02-01 10:18:13|GET|/jaha/apt/ap/user/monitoring/list|200||GET /jaha/apt/ap/user/monitoring/list HTTP/1.1|http://localhost:8888/admin/user/list|Mozilla/5.0 (Windows NT 6.1; Win64; x64) AppleWebKit/537.36 (KHTML, like Gecko) Chrome/55.0.2883.87 Safari/537.36|567
2017-02-01 10:18:14|GET|/favicon.ico|200||GET /favicon.ico HTTP/1.1|http://localhost:8888/jaha/apt/ap/user/monitoring/list|Mozilla/5.0 (Windows NT 6.1; Win64; x64) AppleWebKit/537.36 (KHTML, like Gecko) Chrome/55.0.2883.87 Safari/537.36|33
2017-02-01 10:18:14|POST|/jaha/apt/ap/user/monitoring/list-data|200||POST /jaha/apt/ap/user/monitoring/list-data HTTP/1.1|http://localhost:8888/jaha/apt/ap/user/monitoring/list|Mozilla/5.0 (Windows NT 6.1; Win64; x64) AppleWebKit/537.36 (KHTML, like Gecko) Chrome/55.0.2883.87 Safari/537.36|267
2017-02-01 10:18:15|POST|/jaha/apt/ap/user/monitoring/list-data|200||POST /jaha/apt/ap/user/monitoring/list-data HTTP/1.1|http://localhost:8888/jaha/apt/ap/user/monitoring/list|Mozilla/5.0 (Windows NT 6.1; Win64; x64) AppleWebKit/537.36 (KHTML, like Gecko) Chrome/55.0.2883.87 Safari/537.36|253
2017-02-01 10:18:17|POST|/jaha/apt/ap/user/monitoring/list-data|200||POST /jaha/apt/ap/user/monitoring/list-data HTTP/1.1|http://localhost:8888/jaha/apt/ap/user/monitoring/list|Mozilla/5.0 (Windows NT 6.1; Win64; x64) AppleWebKit/537.36 (KHTML, like Gecko) Chrome/55.0.2883.87 Safari/537.36|266
2017-02-01 10:18:19|POST|/jaha/apt/ap/user/monitoring/list-data|200||POST /jaha/apt/ap/user/monitoring/list-data HTTP/1.1|http://localhost:8888/jaha/apt/ap/user/monitoring/list|Mozilla/5.0 (Windows NT 6.1; Win64; x64) AppleWebKit/537.36 (KHTML, like Gecko) Chrome/55.0.2883.87 Safari/537.36|266
2017-02-01 10:18:20|GET|/jaha/apt/ap/user/monitoring/list|200||GET /jaha/apt/ap/user/monitoring/list HTTP/1.1|http://localhost:8888/admin/user/list|Mozilla/5.0 (Windows NT 6.1; Win64; x64) AppleWebKit/537.36 (KHTML, like Gecko) Chrome/55.0.2883.87 Safari/537.36|559
2017-02-01 10:18:20|GET|/css/bootstrap-datetimepicker.css|200||GET /css/bootstrap-datetimepicker.css HTTP/1.1|http://localhost:8888/jaha/apt/ap/user/monitoring/list|Mozilla/5.0 (Windows NT 6.1; Win64; x64) AppleWebKit/537.36 (KHTML, like Gecko) Chrome/55.0.2883.87 Safari/537.36|33
2017-02-01 10:18:20|GET|/css/bootstrap.min.css|200||GET /css/bootstrap.min.css HTTP/1.1|http://localhost:8888/jaha/apt/ap/user/monitoring/list|Mozilla/5.0 (Windows NT 6.1; Win64; x64) AppleWebKit/537.36 (KHTML, like Gecko) Chrome/55.0.2883.87 Safari/537.36|39
2017-02-01 10:18:20|GET|/css/sb-admin-2.css|200||GET /css/sb-admin-2.css HTTP/1.1|http://localhost:8888/jaha/apt/ap/user/monitoring/list|Mozilla/5.0 (Windows NT 6.1; Win64; x64) AppleWebKit/537.36 (KHTML, like Gecko) Chrome/55.0.2883.87 Safari/537.36|38
2017-02-01 10:18:20|GET|/font-awesome/css/font-awesome.css|200||GET /font-awesome/css/font-awesome.css HTTP/1.1|http://localhost:8888/jaha/apt/ap/user/monitoring/list|Mozilla/5.0 (Windows NT 6.1; Win64; x64) AppleWebKit/537.36 (KHTML, like Gecko) Chrome/55.0.2883.87 Safari/537.36|48
2017-02-01 10:18:20|GET|/js/jquery-1.11.2.min.js|200||GET /js/jquery-1.11.2.min.js HTTP/1.1|http://localhost:8888/jaha/apt/ap/user/monitoring/list|Mozilla/5.0 (Windows NT 6.1; Win64; x64) AppleWebKit/537.36 (KHTML, like Gecko) Chrome/55.0.2883.87 Safari/537.36|48
2017-02-01 10:18:20|GET|/js/sb-admin-2.js|200||GET /js/sb-admin-2.js HTTP/1.1|http://localhost:8888/jaha/apt/ap/user/monitoring/list|Mozilla/5.0 (Windows NT 6.1; Win64; x64) AppleWebKit/537.36 (KHTML, like Gecko) Chrome/55.0.2883.87 Safari/537.36|38
2017-02-01 10:18:20|GET|/js/bootstrap.min.js|200||GET /js/bootstrap.min.js HTTP/1.1|http://localhost:8888/jaha/apt/ap/user/monitoring/list|Mozilla/5.0 (Windows NT 6.1; Win64; x64) AppleWebKit/537.36 (KHTML, like Gecko) Chrome/55.0.2883.87 Safari/537.36|41
2017-02-01 10:18:20|GET|/js/moment-with-locales.js|200||GET /js/moment-with-locales.js HTTP/1.1|http://localhost:8888/jaha/apt/ap/user/monitoring/list|Mozilla/5.0 (Windows NT 6.1; Win64; x64) AppleWebKit/537.36 (KHTML, like Gecko) Chrome/55.0.2883.87 Safari/537.36|51
2017-02-01 10:18:20|GET|/js/metisMenu/metisMenu.js|200||GET /js/metisMenu/metisMenu.js HTTP/1.1|http://localhost:8888/jaha/apt/ap/user/monitoring/list|Mozilla/5.0 (Windows NT 6.1; Win64; x64) AppleWebKit/537.36 (KHTML, like Gecko) Chrome/55.0.2883.87 Safari/537.36|41
2017-02-01 10:18:20|GET|/js/jquery.blockUI.js|200||GET /js/jquery.blockUI.js HTTP/1.1|http://localhost:8888/jaha/apt/ap/user/monitoring/list|Mozilla/5.0 (Windows NT 6.1; Win64; x64) AppleWebKit/537.36 (KHTML, like Gecko) Chrome/55.0.2883.87 Safari/537.36|37
2017-02-01 10:18:20|GET|/js/bootstrap-datetimepicker.js|200||GET /js/bootstrap-datetimepicker.js HTTP/1.1|http://localhost:8888/jaha/apt/ap/user/monitoring/list|Mozilla/5.0 (Windows NT 6.1; Win64; x64) AppleWebKit/537.36 (KHTML, like Gecko) Chrome/55.0.2883.87 Safari/537.36|47
2017-02-01 10:18:20|GET|/fonts/glyphicons-halflings-regular.woff2|200||GET /fonts/glyphicons-halflings-regular.woff2 HTTP/1.1|http://localhost:8888/css/bootstrap.min.css|Mozilla/5.0 (Windows NT 6.1; Win64; x64) AppleWebKit/537.36 (KHTML, like Gecko) Chrome/55.0.2883.87 Safari/537.36|33
2017-02-01 10:18:20|GET|/font-awesome/fonts/fontawesome-webfont.woff2|200|?v=4.3.0|GET /font-awesome/fonts/fontawesome-webfont.woff2?v=4.3.0 HTTP/1.1|http://localhost:8888/font-awesome/css/font-awesome.css|Mozilla/5.0 (Windows NT 6.1; Win64; x64) AppleWebKit/537.36 (KHTML, like Gecko) Chrome/55.0.2883.87 Safari/537.36|41
2017-02-01 10:18:20|GET|/img/adminHome/logout.png|200||GET /img/adminHome/logout.png HTTP/1.1|http://localhost:8888/jaha/apt/ap/user/monitoring/list|Mozilla/5.0 (Windows NT 6.1; Win64; x64) AppleWebKit/537.36 (KHTML, like Gecko) Chrome/55.0.2883.87 Safari/537.36|37
2017-02-01 10:18:20|GET|/img/adminHome/menu.png|200||GET /img/adminHome/menu.png HTTP/1.1|http://localhost:8888/jaha/apt/ap/user/monitoring/list|Mozilla/5.0 (Windows NT 6.1; Win64; x64) AppleWebKit/537.36 (KHTML, like Gecko) Chrome/55.0.2883.87 Safari/537.36|39
2017-02-01 10:18:20|GET|/img/adminHome/home.png|200||GET /img/adminHome/home.png HTTP/1.1|http://localhost:8888/jaha/apt/ap/user/monitoring/list|Mozilla/5.0 (Windows NT 6.1; Win64; x64) AppleWebKit/537.36 (KHTML, like Gecko) Chrome/55.0.2883.87 Safari/537.36|35
2017-02-01 10:18:20|GET|/js/common.js|200||GET /js/common.js HTTP/1.1|http://localhost:8888/jaha/apt/ap/user/monitoring/list|Mozilla/5.0 (Windows NT 6.1; Win64; x64) AppleWebKit/537.36 (KHTML, like Gecko) Chrome/55.0.2883.87 Safari/537.36|41
2017-02-01 10:18:20|GET|/sbgrid/js/XRegExp.js|200||GET /sbgrid/js/XRegExp.js HTTP/1.1|http://localhost:8888/jaha/apt/ap/user/monitoring/list|Mozilla/5.0 (Windows NT 6.1; Win64; x64) AppleWebKit/537.36 (KHTML, like Gecko) Chrome/55.0.2883.87 Safari/537.36|42
2017-02-01 10:18:20|GET|/img/loading.gif|200||GET /img/loading.gif HTTP/1.1|http://localhost:8888/jaha/apt/ap/user/monitoring/list|Mozilla/5.0 (Windows NT 6.1; Win64; x64) AppleWebKit/537.36 (KHTML, like Gecko) Chrome/55.0.2883.87 Safari/537.36|36
2017-02-01 10:18:20|GET|/favicon.ico|200||GET /favicon.ico HTTP/1.1|http://localhost:8888/jaha/apt/ap/user/monitoring/list|Mozilla/5.0 (Windows NT 6.1; Win64; x64) AppleWebKit/537.36 (KHTML, like Gecko) Chrome/55.0.2883.87 Safari/537.36|36
2017-02-01 10:18:20|POST|/jaha/apt/ap/user/monitoring/list-data|200||POST /jaha/apt/ap/user/monitoring/list-data HTTP/1.1|http://localhost:8888/jaha/apt/ap/user/monitoring/list|Mozilla/5.0 (Windows NT 6.1; Win64; x64) AppleWebKit/537.36 (KHTML, like Gecko) Chrome/55.0.2883.87 Safari/537.36|246
2017-02-01 10:18:24|POST|/jaha/apt/ap/user/monitoring/list-data|200||POST /jaha/apt/ap/user/monitoring/list-data HTTP/1.1|http://localhost:8888/jaha/apt/ap/user/monitoring/list|Mozilla/5.0 (Windows NT 6.1; Win64; x64) AppleWebKit/537.36 (KHTML, like Gecko) Chrome/55.0.2883.87 Safari/537.36|250
2017-02-01 10:19:51|GET|/jaha/apt/ap/user/monitoring/list|200||GET /jaha/apt/ap/user/monitoring/list HTTP/1.1|http://localhost:8888/admin/user/list|Mozilla/5.0 (Windows NT 6.1; Win64; x64) AppleWebKit/537.36 (KHTML, like Gecko) Chrome/55.0.2883.87 Safari/537.36|964
2017-02-01 10:19:51|GET|/favicon.ico|200||GET /favicon.ico HTTP/1.1|http://localhost:8888/jaha/apt/ap/user/monitoring/list|Mozilla/5.0 (Windows NT 6.1; Win64; x64) AppleWebKit/537.36 (KHTML, like Gecko) Chrome/55.0.2883.87 Safari/537.36|59
2017-02-01 10:19:52|POST|/jaha/apt/ap/user/monitoring/list-data|200||POST /jaha/apt/ap/user/monitoring/list-data HTTP/1.1|http://localhost:8888/jaha/apt/ap/user/monitoring/list|Mozilla/5.0 (Windows NT 6.1; Win64; x64) AppleWebKit/537.36 (KHTML, like Gecko) Chrome/55.0.2883.87 Safari/537.36|389
2017-02-01 10:19:54|POST|/jaha/apt/ap/user/monitoring/list-data|200||POST /jaha/apt/ap/user/monitoring/list-data HTTP/1.1|http://localhost:8888/jaha/apt/ap/user/monitoring/list|Mozilla/5.0 (Windows NT 6.1; Win64; x64) AppleWebKit/537.36 (KHTML, like Gecko) Chrome/55.0.2883.87 Safari/537.36|288
2017-02-01 10:19:59|POST|/jaha/apt/ap/user/monitoring/list-data|200||POST /jaha/apt/ap/user/monitoring/list-data HTTP/1.1|http://localhost:8888/jaha/apt/ap/user/monitoring/list|Mozilla/5.0 (Windows NT 6.1; Win64; x64) AppleWebKit/537.36 (KHTML, like Gecko) Chrome/55.0.2883.87 Safari/537.36|278
2017-02-01 10:20:06|POST|/jaha/apt/ap/user/monitoring/list-data|200||POST /jaha/apt/ap/user/monitoring/list-data HTTP/1.1|http://localhost:8888/jaha/apt/ap/user/monitoring/list|Mozilla/5.0 (Windows NT 6.1; Win64; x64) AppleWebKit/537.36 (KHTML, like Gecko) Chrome/55.0.2883.87 Safari/537.36|279
2017-02-01 10:21:18|POST|/jaha/apt/ap/user/monitoring/list-data|200||POST /jaha/apt/ap/user/monitoring/list-data HTTP/1.1|http://localhost:8888/jaha/apt/ap/user/monitoring/list|Mozilla/5.0 (Windows NT 6.1; Win64; x64) AppleWebKit/537.36 (KHTML, like Gecko) Chrome/55.0.2883.87 Safari/537.36|281
2017-02-01 10:21:23|POST|/jaha/apt/ap/user/monitoring/list-data|200||POST /jaha/apt/ap/user/monitoring/list-data HTTP/1.1|http://localhost:8888/jaha/apt/ap/user/monitoring/list|Mozilla/5.0 (Windows NT 6.1; Win64; x64) AppleWebKit/537.36 (KHTML, like Gecko) Chrome/55.0.2883.87 Safari/537.36|281
2017-02-01 10:21:33|POST|/jaha/apt/ap/user/monitoring/list-data|200||POST /jaha/apt/ap/user/monitoring/list-data HTTP/1.1|http://localhost:8888/jaha/apt/ap/user/monitoring/list|Mozilla/5.0 (Windows NT 6.1; Win64; x64) AppleWebKit/537.36 (KHTML, like Gecko) Chrome/55.0.2883.87 Safari/537.36|291
2017-02-01 10:21:35|POST|/jaha/apt/ap/user/monitoring/list-data|200||POST /jaha/apt/ap/user/monitoring/list-data HTTP/1.1|http://localhost:8888/jaha/apt/ap/user/monitoring/list|Mozilla/5.0 (Windows NT 6.1; Win64; x64) AppleWebKit/537.36 (KHTML, like Gecko) Chrome/55.0.2883.87 Safari/537.36|277
2017-02-01 10:21:39|POST|/jaha/apt/ap/user/monitoring/list-data|200||POST /jaha/apt/ap/user/monitoring/list-data HTTP/1.1|http://localhost:8888/jaha/apt/ap/user/monitoring/list|Mozilla/5.0 (Windows NT 6.1; Win64; x64) AppleWebKit/537.36 (KHTML, like Gecko) Chrome/55.0.2883.87 Safari/537.36|274
2017-02-01 10:24:09|POST|/jaha/apt/ap/user/monitoring/list-data|200||POST /jaha/apt/ap/user/monitoring/list-data HTTP/1.1|http://localhost:8888/jaha/apt/ap/user/monitoring/list|Mozilla/5.0 (Windows NT 6.1; Win64; x64) AppleWebKit/537.36 (KHTML, like Gecko) Chrome/55.0.2883.87 Safari/537.36|306
2017-02-01 10:24:15|POST|/jaha/apt/ap/user/monitoring/list-data|200||POST /jaha/apt/ap/user/monitoring/list-data HTTP/1.1|http://localhost:8888/jaha/apt/ap/user/monitoring/list|Mozilla/5.0 (Windows NT 6.1; Win64; x64) AppleWebKit/537.36 (KHTML, like Gecko) Chrome/55.0.2883.87 Safari/537.36|274
2017-02-01 10:24:46|POST|/jaha/apt/ap/user/monitoring/list-data|200||POST /jaha/apt/ap/user/monitoring/list-data HTTP/1.1|http://localhost:8888/jaha/apt/ap/user/monitoring/list|Mozilla/5.0 (Windows NT 6.1; Win64; x64) AppleWebKit/537.36 (KHTML, like Gecko) Chrome/55.0.2883.87 Safari/537.36|301
2017-02-01 10:24:52|POST|/jaha/apt/ap/user/monitoring/list-data|200||POST /jaha/apt/ap/user/monitoring/list-data HTTP/1.1|http://localhost:8888/jaha/apt/ap/user/monitoring/list|Mozilla/5.0 (Windows NT 6.1; Win64; x64) AppleWebKit/537.36 (KHTML, like Gecko) Chrome/55.0.2883.87 Safari/537.36|278
2017-02-01 10:24:58|POST|/jaha/apt/ap/user/monitoring/list-data|200||POST /jaha/apt/ap/user/monitoring/list-data HTTP/1.1|http://localhost:8888/jaha/apt/ap/user/monitoring/list|Mozilla/5.0 (Windows NT 6.1; Win64; x64) AppleWebKit/537.36 (KHTML, like Gecko) Chrome/55.0.2883.87 Safari/537.36|278
2017-02-01 10:25:02|POST|/jaha/apt/ap/user/monitoring/list-data|200||POST /jaha/apt/ap/user/monitoring/list-data HTTP/1.1|http://localhost:8888/jaha/apt/ap/user/monitoring/list|Mozilla/5.0 (Windows NT 6.1; Win64; x64) AppleWebKit/537.36 (KHTML, like Gecko) Chrome/55.0.2883.87 Safari/537.36|286
2017-02-01 10:25:14|POST|/jaha/apt/ap/user/monitoring/list-data|200||POST /jaha/apt/ap/user/monitoring/list-data HTTP/1.1|http://localhost:8888/jaha/apt/ap/user/monitoring/list|Mozilla/5.0 (Windows NT 6.1; Win64; x64) AppleWebKit/537.36 (KHTML, like Gecko) Chrome/55.0.2883.87 Safari/537.36|256
2017-02-01 10:25:25|POST|/jaha/apt/ap/user/monitoring/list-data|200||POST /jaha/apt/ap/user/monitoring/list-data HTTP/1.1|http://localhost:8888/jaha/apt/ap/user/monitoring/list|Mozilla/5.0 (Windows NT 6.1; Win64; x64) AppleWebKit/537.36 (KHTML, like Gecko) Chrome/55.0.2883.87 Safari/537.36|267
2017-02-01 10:25:26|POST|/jaha/apt/ap/user/monitoring/list-data|200||POST /jaha/apt/ap/user/monitoring/list-data HTTP/1.1|http://localhost:8888/jaha/apt/ap/user/monitoring/list|Mozilla/5.0 (Windows NT 6.1; Win64; x64) AppleWebKit/537.36 (KHTML, like Gecko) Chrome/55.0.2883.87 Safari/537.36|236
2017-02-01 10:25:29|POST|/jaha/apt/ap/user/monitoring/list-data|200||POST /jaha/apt/ap/user/monitoring/list-data HTTP/1.1|http://localhost:8888/jaha/apt/ap/user/monitoring/list|Mozilla/5.0 (Windows NT 6.1; Win64; x64) AppleWebKit/537.36 (KHTML, like Gecko) Chrome/55.0.2883.87 Safari/537.36|297
2017-02-01 10:26:10|POST|/jaha/apt/ap/user/monitoring/list-data|200||POST /jaha/apt/ap/user/monitoring/list-data HTTP/1.1|http://localhost:8888/jaha/apt/ap/user/monitoring/list|Mozilla/5.0 (Windows NT 6.1; Win64; x64) AppleWebKit/537.36 (KHTML, like Gecko) Chrome/55.0.2883.87 Safari/537.36|281
2017-02-01 10:26:11|POST|/jaha/apt/ap/user/monitoring/list-data|200||POST /jaha/apt/ap/user/monitoring/list-data HTTP/1.1|http://localhost:8888/jaha/apt/ap/user/monitoring/list|Mozilla/5.0 (Windows NT 6.1; Win64; x64) AppleWebKit/537.36 (KHTML, like Gecko) Chrome/55.0.2883.87 Safari/537.36|252
2017-02-01 10:26:23|POST|/jaha/apt/ap/user/monitoring/list-data|200||POST /jaha/apt/ap/user/monitoring/list-data HTTP/1.1|http://localhost:8888/jaha/apt/ap/user/monitoring/list|Mozilla/5.0 (Windows NT 6.1; Win64; x64) AppleWebKit/537.36 (KHTML, like Gecko) Chrome/55.0.2883.87 Safari/537.36|280
2017-02-01 10:26:29|POST|/jaha/apt/ap/user/monitoring/list-data|200||POST /jaha/apt/ap/user/monitoring/list-data HTTP/1.1|http://localhost:8888/jaha/apt/ap/user/monitoring/list|Mozilla/5.0 (Windows NT 6.1; Win64; x64) AppleWebKit/537.36 (KHTML, like Gecko) Chrome/55.0.2883.87 Safari/537.36|270
2017-02-01 10:28:38|POST|/jaha/apt/ap/user/monitoring/list-data|200||POST /jaha/apt/ap/user/monitoring/list-data HTTP/1.1|http://localhost:8888/jaha/apt/ap/user/monitoring/list|Mozilla/5.0 (Windows NT 6.1; Win64; x64) AppleWebKit/537.36 (KHTML, like Gecko) Chrome/55.0.2883.87 Safari/537.36|270
2017-02-01 10:31:17|GET|/jaha/apt/ap/user/monitoring/list|200||GET /jaha/apt/ap/user/monitoring/list HTTP/1.1|http://localhost:8888/admin/user/list|Mozilla/5.0 (Windows NT 6.1; Win64; x64) AppleWebKit/537.36 (KHTML, like Gecko) Chrome/55.0.2883.87 Safari/537.36|566
2017-02-01 10:31:17|GET|/favicon.ico|200||GET /favicon.ico HTTP/1.1|http://localhost:8888/jaha/apt/ap/user/monitoring/list|Mozilla/5.0 (Windows NT 6.1; Win64; x64) AppleWebKit/537.36 (KHTML, like Gecko) Chrome/55.0.2883.87 Safari/537.36|58
2017-02-01 10:31:17|POST|/jaha/apt/ap/user/monitoring/list-data|200||POST /jaha/apt/ap/user/monitoring/list-data HTTP/1.1|http://localhost:8888/jaha/apt/ap/user/monitoring/list|Mozilla/5.0 (Windows NT 6.1; Win64; x64) AppleWebKit/537.36 (KHTML, like Gecko) Chrome/55.0.2883.87 Safari/537.36|258
2017-02-01 10:31:20|POST|/jaha/apt/ap/user/monitoring/list-data|200||POST /jaha/apt/ap/user/monitoring/list-data HTTP/1.1|http://localhost:8888/jaha/apt/ap/user/monitoring/list|Mozilla/5.0 (Windows NT 6.1; Win64; x64) AppleWebKit/537.36 (KHTML, like Gecko) Chrome/55.0.2883.87 Safari/537.36|246
2017-02-01 10:31:23|POST|/jaha/apt/ap/user/monitoring/list-data|200||POST /jaha/apt/ap/user/monitoring/list-data HTTP/1.1|http://localhost:8888/jaha/apt/ap/user/monitoring/list|Mozilla/5.0 (Windows NT 6.1; Win64; x64) AppleWebKit/537.36 (KHTML, like Gecko) Chrome/55.0.2883.87 Safari/537.36|275
2017-02-01 10:31:40|GET|/jaha/apt/ap/user/monitoring/list|200||GET /jaha/apt/ap/user/monitoring/list HTTP/1.1|http://localhost:8888/admin/user/list|Mozilla/5.0 (Windows NT 6.1; Win64; x64) AppleWebKit/537.36 (KHTML, like Gecko) Chrome/55.0.2883.87 Safari/537.36|544
2017-02-01 10:31:40|GET|/favicon.ico|200||GET /favicon.ico HTTP/1.1|http://localhost:8888/jaha/apt/ap/user/monitoring/list|Mozilla/5.0 (Windows NT 6.1; Win64; x64) AppleWebKit/537.36 (KHTML, like Gecko) Chrome/55.0.2883.87 Safari/537.36|48
2017-02-01 10:31:41|POST|/jaha/apt/ap/user/monitoring/list-data|200||POST /jaha/apt/ap/user/monitoring/list-data HTTP/1.1|http://localhost:8888/jaha/apt/ap/user/monitoring/list|Mozilla/5.0 (Windows NT 6.1; Win64; x64) AppleWebKit/537.36 (KHTML, like Gecko) Chrome/55.0.2883.87 Safari/537.36|282
2017-02-01 10:31:43|POST|/jaha/apt/ap/user/monitoring/list-data|200||POST /jaha/apt/ap/user/monitoring/list-data HTTP/1.1|http://localhost:8888/jaha/apt/ap/user/monitoring/list|Mozilla/5.0 (Windows NT 6.1; Win64; x64) AppleWebKit/537.36 (KHTML, like Gecko) Chrome/55.0.2883.87 Safari/537.36|245
2017-02-01 10:32:22|GET|/jaha/apt/ap/user/monitoring/list|200||GET /jaha/apt/ap/user/monitoring/list HTTP/1.1|http://localhost:8888/admin/user/list|Mozilla/5.0 (Windows NT 6.1; Win64; x64) AppleWebKit/537.36 (KHTML, like Gecko) Chrome/55.0.2883.87 Safari/537.36|652
2017-02-01 10:32:22|POST|/jaha/apt/ap/user/monitoring/list-data|200||POST /jaha/apt/ap/user/monitoring/list-data HTTP/1.1|http://localhost:8888/jaha/apt/ap/user/monitoring/list|Mozilla/5.0 (Windows NT 6.1; Win64; x64) AppleWebKit/537.36 (KHTML, like Gecko) Chrome/55.0.2883.87 Safari/537.36|262
2017-02-01 10:32:24|POST|/jaha/apt/ap/user/monitoring/list-data|200||POST /jaha/apt/ap/user/monitoring/list-data HTTP/1.1|http://localhost:8888/jaha/apt/ap/user/monitoring/list|Mozilla/5.0 (Windows NT 6.1; Win64; x64) AppleWebKit/537.36 (KHTML, like Gecko) Chrome/55.0.2883.87 Safari/537.36|250
2017-02-01 10:32:27|POST|/jaha/apt/ap/user/monitoring/list-data|200||POST /jaha/apt/ap/user/monitoring/list-data HTTP/1.1|http://localhost:8888/jaha/apt/ap/user/monitoring/list|Mozilla/5.0 (Windows NT 6.1; Win64; x64) AppleWebKit/537.36 (KHTML, like Gecko) Chrome/55.0.2883.87 Safari/537.36|252
2017-02-01 10:32:31|POST|/jaha/apt/ap/user/monitoring/list-data|200||POST /jaha/apt/ap/user/monitoring/list-data HTTP/1.1|http://localhost:8888/jaha/apt/ap/user/monitoring/list|Mozilla/5.0 (Windows NT 6.1; Win64; x64) AppleWebKit/537.36 (KHTML, like Gecko) Chrome/55.0.2883.87 Safari/537.36|270
2017-02-01 10:32:33|POST|/jaha/apt/ap/user/monitoring/list-data|200||POST /jaha/apt/ap/user/monitoring/list-data HTTP/1.1|http://localhost:8888/jaha/apt/ap/user/monitoring/list|Mozilla/5.0 (Windows NT 6.1; Win64; x64) AppleWebKit/537.36 (KHTML, like Gecko) Chrome/55.0.2883.87 Safari/537.36|259
2017-02-01 10:32:35|POST|/jaha/apt/ap/user/monitoring/list-data|200||POST /jaha/apt/ap/user/monitoring/list-data HTTP/1.1|http://localhost:8888/jaha/apt/ap/user/monitoring/list|Mozilla/5.0 (Windows NT 6.1; Win64; x64) AppleWebKit/537.36 (KHTML, like Gecko) Chrome/55.0.2883.87 Safari/537.36|258
2017-02-01 10:32:36|POST|/jaha/apt/ap/user/monitoring/list-data|200||POST /jaha/apt/ap/user/monitoring/list-data HTTP/1.1|http://localhost:8888/jaha/apt/ap/user/monitoring/list|Mozilla/5.0 (Windows NT 6.1; Win64; x64) AppleWebKit/537.36 (KHTML, like Gecko) Chrome/55.0.2883.87 Safari/537.36|255
2017-02-01 10:32:42|POST|/jaha/apt/ap/user/monitoring/list-data|200||POST /jaha/apt/ap/user/monitoring/list-data HTTP/1.1|http://localhost:8888/jaha/apt/ap/user/monitoring/list|Mozilla/5.0 (Windows NT 6.1; Win64; x64) AppleWebKit/537.36 (KHTML, like Gecko) Chrome/55.0.2883.87 Safari/537.36|263
2017-02-01 10:33:13|POST|/jaha/apt/ap/user/monitoring/list-data|200||POST /jaha/apt/ap/user/monitoring/list-data HTTP/1.1|http://localhost:8888/jaha/apt/ap/user/monitoring/list|Mozilla/5.0 (Windows NT 6.1; Win64; x64) AppleWebKit/537.36 (KHTML, like Gecko) Chrome/55.0.2883.87 Safari/537.36|285
2017-02-01 10:33:18|POST|/jaha/apt/ap/user/monitoring/list-data|200||POST /jaha/apt/ap/user/monitoring/list-data HTTP/1.1|http://localhost:8888/jaha/apt/ap/user/monitoring/list|Mozilla/5.0 (Windows NT 6.1; Win64; x64) AppleWebKit/537.36 (KHTML, like Gecko) Chrome/55.0.2883.87 Safari/537.36|266
2017-02-01 10:33:21|POST|/jaha/apt/ap/user/monitoring/list-data|200||POST /jaha/apt/ap/user/monitoring/list-data HTTP/1.1|http://localhost:8888/jaha/apt/ap/user/monitoring/list|Mozilla/5.0 (Windows NT 6.1; Win64; x64) AppleWebKit/537.36 (KHTML, like Gecko) Chrome/55.0.2883.87 Safari/537.36|245
2017-02-01 11:07:34|GET|/|200||GET / HTTP/1.1|-|Mozilla/5.0 (Windows NT 6.1; Win64; x64) AppleWebKit/537.36 (KHTML, like Gecko) Chrome/55.0.2883.87 Safari/537.36|285
2017-02-01 11:07:36|POST|/api/public/user/login|302||POST /api/public/user/login HTTP/1.1|http://localhost:8888/|Mozilla/5.0 (Windows NT 6.1; Win64; x64) AppleWebKit/537.36 (KHTML, like Gecko) Chrome/55.0.2883.87 Safari/537.36|358
2017-02-01 11:07:36|GET|/|302||GET / HTTP/1.1|http://localhost:8888/|Mozilla/5.0 (Windows NT 6.1; Win64; x64) AppleWebKit/537.36 (KHTML, like Gecko) Chrome/55.0.2883.87 Safari/537.36|328
2017-02-01 11:07:37|GET|/admin/user/list|200||GET /admin/user/list HTTP/1.1|http://localhost:8888/|Mozilla/5.0 (Windows NT 6.1; Win64; x64) AppleWebKit/537.36 (KHTML, like Gecko) Chrome/55.0.2883.87 Safari/537.36|836
2017-02-01 11:07:37|GET|/admin/user/last-login-pop|200||GET /admin/user/last-login-pop HTTP/1.1|http://localhost:8888/admin/user/list|Mozilla/5.0 (Windows NT 6.1; Win64; x64) AppleWebKit/537.36 (KHTML, like Gecko) Chrome/55.0.2883.87 Safari/537.36|161
2017-02-01 11:07:55|GET|/jaha/user/app/download/list-data|200||GET /jaha/user/app/download/list-data HTTP/1.1|-|Mozilla/5.0 (Windows NT 6.1; Win64; x64) AppleWebKit/537.36 (KHTML, like Gecko) Chrome/55.0.2883.87 Safari/537.36|190
2017-02-01 11:12:08|GET|/jaha/user/app/download/list-data|200||GET /jaha/user/app/download/list-data HTTP/1.1|-|Mozilla/5.0 (Windows NT 6.1; Win64; x64) AppleWebKit/537.36 (KHTML, like Gecko) Chrome/55.0.2883.87 Safari/537.36|307
2017-02-01 13:30:15|GET|/|200||GET / HTTP/1.1|-|Mozilla/5.0 (Windows NT 6.1; Win64; x64) AppleWebKit/537.36 (KHTML, like Gecko) Chrome/55.0.2883.87 Safari/537.36|324
2017-02-01 13:30:17|POST|/api/public/user/login|302||POST /api/public/user/login HTTP/1.1|http://localhost:8888/|Mozilla/5.0 (Windows NT 6.1; Win64; x64) AppleWebKit/537.36 (KHTML, like Gecko) Chrome/55.0.2883.87 Safari/537.36|407
2017-02-01 13:30:17|GET|/|302||GET / HTTP/1.1|http://localhost:8888/|Mozilla/5.0 (Windows NT 6.1; Win64; x64) AppleWebKit/537.36 (KHTML, like Gecko) Chrome/55.0.2883.87 Safari/537.36|309
2017-02-01 13:30:18|GET|/admin/user/list|200||GET /admin/user/list HTTP/1.1|http://localhost:8888/|Mozilla/5.0 (Windows NT 6.1; Win64; x64) AppleWebKit/537.36 (KHTML, like Gecko) Chrome/55.0.2883.87 Safari/537.36|765
2017-02-01 13:30:18|GET|/admin/user/last-login-pop|200||GET /admin/user/last-login-pop HTTP/1.1|http://localhost:8888/admin/user/list|Mozilla/5.0 (Windows NT 6.1; Win64; x64) AppleWebKit/537.36 (KHTML, like Gecko) Chrome/55.0.2883.87 Safari/537.36|142
2017-02-01 13:30:20|GET|/jaha/apt/ap/user/monitoring/list|200||GET /jaha/apt/ap/user/monitoring/list HTTP/1.1|http://localhost:8888/admin/user/list|Mozilla/5.0 (Windows NT 6.1; Win64; x64) AppleWebKit/537.36 (KHTML, like Gecko) Chrome/55.0.2883.87 Safari/537.36|297
2017-02-01 13:30:20|GET|/js/common.js|304||GET /js/common.js HTTP/1.1|http://localhost:8888/jaha/apt/ap/user/monitoring/list|Mozilla/5.0 (Windows NT 6.1; Win64; x64) AppleWebKit/537.36 (KHTML, like Gecko) Chrome/55.0.2883.87 Safari/537.36|38
2017-02-01 13:30:20|POST|/jaha/apt/ap/user/monitoring/list-data|200||POST /jaha/apt/ap/user/monitoring/list-data HTTP/1.1|http://localhost:8888/jaha/apt/ap/user/monitoring/list|Mozilla/5.0 (Windows NT 6.1; Win64; x64) AppleWebKit/537.36 (KHTML, like Gecko) Chrome/55.0.2883.87 Safari/537.36|264
2017-02-01 13:30:36|GET|/jaha/apt/ap/user/monitoring/list|200||GET /jaha/apt/ap/user/monitoring/list HTTP/1.1|http://localhost:8888/admin/user/list|Mozilla/5.0 (Windows NT 6.1; Win64; x64) AppleWebKit/537.36 (KHTML, like Gecko) Chrome/55.0.2883.87 Safari/537.36|286
2017-02-01 13:30:36|GET|/css/sb-admin-2.css|200||GET /css/sb-admin-2.css HTTP/1.1|http://localhost:8888/jaha/apt/ap/user/monitoring/list|Mozilla/5.0 (Windows NT 6.1; Win64; x64) AppleWebKit/537.36 (KHTML, like Gecko) Chrome/55.0.2883.87 Safari/537.36|61
2017-02-01 13:30:36|GET|/font-awesome/css/font-awesome.css|200||GET /font-awesome/css/font-awesome.css HTTP/1.1|http://localhost:8888/jaha/apt/ap/user/monitoring/list|Mozilla/5.0 (Windows NT 6.1; Win64; x64) AppleWebKit/537.36 (KHTML, like Gecko) Chrome/55.0.2883.87 Safari/537.36|65
2017-02-01 13:30:36|GET|/css/bootstrap.min.css|200||GET /css/bootstrap.min.css HTTP/1.1|http://localhost:8888/jaha/apt/ap/user/monitoring/list|Mozilla/5.0 (Windows NT 6.1; Win64; x64) AppleWebKit/537.36 (KHTML, like Gecko) Chrome/55.0.2883.87 Safari/537.36|81
2017-02-01 13:30:36|GET|/js/jquery-1.11.2.min.js|200||GET /js/jquery-1.11.2.min.js HTTP/1.1|http://localhost:8888/jaha/apt/ap/user/monitoring/list|Mozilla/5.0 (Windows NT 6.1; Win64; x64) AppleWebKit/537.36 (KHTML, like Gecko) Chrome/55.0.2883.87 Safari/537.36|92
2017-02-01 13:30:36|GET|/css/bootstrap-datetimepicker.css|200||GET /css/bootstrap-datetimepicker.css HTTP/1.1|http://localhost:8888/jaha/apt/ap/user/monitoring/list|Mozilla/5.0 (Windows NT 6.1; Win64; x64) AppleWebKit/537.36 (KHTML, like Gecko) Chrome/55.0.2883.87 Safari/537.36|95
2017-02-01 13:30:37|GET|/js/metisMenu/metisMenu.js|200||GET /js/metisMenu/metisMenu.js HTTP/1.1|http://localhost:8888/jaha/apt/ap/user/monitoring/list|Mozilla/5.0 (Windows NT 6.1; Win64; x64) AppleWebKit/537.36 (KHTML, like Gecko) Chrome/55.0.2883.87 Safari/537.36|55
2017-02-01 13:30:37|GET|/js/bootstrap.min.js|200||GET /js/bootstrap.min.js HTTP/1.1|http://localhost:8888/jaha/apt/ap/user/monitoring/list|Mozilla/5.0 (Windows NT 6.1; Win64; x64) AppleWebKit/537.36 (KHTML, like Gecko) Chrome/55.0.2883.87 Safari/537.36|63
2017-02-01 13:30:37|GET|/js/sb-admin-2.js|200||GET /js/sb-admin-2.js HTTP/1.1|http://localhost:8888/jaha/apt/ap/user/monitoring/list|Mozilla/5.0 (Windows NT 6.1; Win64; x64) AppleWebKit/537.36 (KHTML, like Gecko) Chrome/55.0.2883.87 Safari/537.36|81
2017-02-01 13:30:37|GET|/js/bootstrap-datetimepicker.js|200||GET /js/bootstrap-datetimepicker.js HTTP/1.1|http://localhost:8888/jaha/apt/ap/user/monitoring/list|Mozilla/5.0 (Windows NT 6.1; Win64; x64) AppleWebKit/537.36 (KHTML, like Gecko) Chrome/55.0.2883.87 Safari/537.36|85
2017-02-01 13:30:37|GET|/js/jquery.blockUI.js|200||GET /js/jquery.blockUI.js HTTP/1.1|http://localhost:8888/jaha/apt/ap/user/monitoring/list|Mozilla/5.0 (Windows NT 6.1; Win64; x64) AppleWebKit/537.36 (KHTML, like Gecko) Chrome/55.0.2883.87 Safari/537.36|79
2017-02-01 13:30:37|GET|/js/moment-with-locales.js|200||GET /js/moment-with-locales.js HTTP/1.1|http://localhost:8888/jaha/apt/ap/user/monitoring/list|Mozilla/5.0 (Windows NT 6.1; Win64; x64) AppleWebKit/537.36 (KHTML, like Gecko) Chrome/55.0.2883.87 Safari/537.36|110
2017-02-01 13:30:37|GET|/img/adminHome/logout.png|200||GET /img/adminHome/logout.png HTTP/1.1|http://localhost:8888/jaha/apt/ap/user/monitoring/list|Mozilla/5.0 (Windows NT 6.1; Win64; x64) AppleWebKit/537.36 (KHTML, like Gecko) Chrome/55.0.2883.87 Safari/537.36|58
2017-02-01 13:30:37|GET|/fonts/glyphicons-halflings-regular.woff2|200||GET /fonts/glyphicons-halflings-regular.woff2 HTTP/1.1|http://localhost:8888/css/bootstrap.min.css|Mozilla/5.0 (Windows NT 6.1; Win64; x64) AppleWebKit/537.36 (KHTML, like Gecko) Chrome/55.0.2883.87 Safari/537.36|63
2017-02-01 13:30:37|GET|/js/common.js|200||GET /js/common.js HTTP/1.1|http://localhost:8888/jaha/apt/ap/user/monitoring/list|Mozilla/5.0 (Windows NT 6.1; Win64; x64) AppleWebKit/537.36 (KHTML, like Gecko) Chrome/55.0.2883.87 Safari/537.36|47
2017-02-01 13:30:37|GET|/img/adminHome/menu.png|200||GET /img/adminHome/menu.png HTTP/1.1|http://localhost:8888/jaha/apt/ap/user/monitoring/list|Mozilla/5.0 (Windows NT 6.1; Win64; x64) AppleWebKit/537.36 (KHTML, like Gecko) Chrome/55.0.2883.87 Safari/537.36|78
2017-02-01 13:30:37|GET|/font-awesome/fonts/fontawesome-webfont.woff2|200|?v=4.3.0|GET /font-awesome/fonts/fontawesome-webfont.woff2?v=4.3.0 HTTP/1.1|http://localhost:8888/font-awesome/css/font-awesome.css|Mozilla/5.0 (Windows NT 6.1; Win64; x64) AppleWebKit/537.36 (KHTML, like Gecko) Chrome/55.0.2883.87 Safari/537.36|115
2017-02-01 13:30:37|GET|/img/adminHome/home.png|200||GET /img/adminHome/home.png HTTP/1.1|http://localhost:8888/jaha/apt/ap/user/monitoring/list|Mozilla/5.0 (Windows NT 6.1; Win64; x64) AppleWebKit/537.36 (KHTML, like Gecko) Chrome/55.0.2883.87 Safari/537.36|68
2017-02-01 13:30:37|GET|/sbgrid/js/XRegExp.js|200||GET /sbgrid/js/XRegExp.js HTTP/1.1|http://localhost:8888/jaha/apt/ap/user/monitoring/list|Mozilla/5.0 (Windows NT 6.1; Win64; x64) AppleWebKit/537.36 (KHTML, like Gecko) Chrome/55.0.2883.87 Safari/537.36|57
2017-02-01 13:30:37|GET|/img/loading.gif|200||GET /img/loading.gif HTTP/1.1|http://localhost:8888/jaha/apt/ap/user/monitoring/list|Mozilla/5.0 (Windows NT 6.1; Win64; x64) AppleWebKit/537.36 (KHTML, like Gecko) Chrome/55.0.2883.87 Safari/537.36|44
2017-02-01 13:30:37|GET|/favicon.ico|200||GET /favicon.ico HTTP/1.1|http://localhost:8888/jaha/apt/ap/user/monitoring/list|Mozilla/5.0 (Windows NT 6.1; Win64; x64) AppleWebKit/537.36 (KHTML, like Gecko) Chrome/55.0.2883.87 Safari/537.36|39
2017-02-01 13:30:37|POST|/jaha/apt/ap/user/monitoring/list-data|200||POST /jaha/apt/ap/user/monitoring/list-data HTTP/1.1|http://localhost:8888/jaha/apt/ap/user/monitoring/list|Mozilla/5.0 (Windows NT 6.1; Win64; x64) AppleWebKit/537.36 (KHTML, like Gecko) Chrome/55.0.2883.87 Safari/537.36|163
2017-02-01 13:35:52|GET|/jaha/user/app/download/list-data|200||GET /jaha/user/app/download/list-data HTTP/1.1|-|Mozilla/5.0 (Windows NT 6.1; Win64; x64) AppleWebKit/537.36 (KHTML, like Gecko) Chrome/55.0.2883.87 Safari/537.36|303
2017-02-01 13:45:02|GET|/|302||GET / HTTP/1.1|-|Mozilla/5.0 (Windows NT 6.1; Win64; x64) AppleWebKit/537.36 (KHTML, like Gecko) Chrome/55.0.2883.87 Safari/537.36|467
2017-02-01 13:45:02|GET|/|302||GET / HTTP/1.1|-|Mozilla/5.0 (Windows NT 6.1; Win64; x64) AppleWebKit/537.36 (KHTML, like Gecko) Chrome/55.0.2883.87 Safari/537.36|266
2017-02-01 13:45:03|GET|/admin/user/list|200||GET /admin/user/list HTTP/1.1|-|Mozilla/5.0 (Windows NT 6.1; Win64; x64) AppleWebKit/537.36 (KHTML, like Gecko) Chrome/55.0.2883.87 Safari/537.36|964
2017-02-01 13:45:03|GET|/admin/user/last-login-pop|200||GET /admin/user/last-login-pop HTTP/1.1|http://localhost:8888/admin/user/list|Mozilla/5.0 (Windows NT 6.1; Win64; x64) AppleWebKit/537.36 (KHTML, like Gecko) Chrome/55.0.2883.87 Safari/537.36|149
2017-02-01 13:45:06|GET|/jaha/apt/membership/list|200||GET /jaha/apt/membership/list HTTP/1.1|http://localhost:8888/admin/user/list|Mozilla/5.0 (Windows NT 6.1; Win64; x64) AppleWebKit/537.36 (KHTML, like Gecko) Chrome/55.0.2883.87 Safari/537.36|282
2017-02-01 13:45:07|GET|/img/adminHome/home2.png|200||GET /img/adminHome/home2.png HTTP/1.1|http://localhost:8888/jaha/apt/membership/list|Mozilla/5.0 (Windows NT 6.1; Win64; x64) AppleWebKit/537.36 (KHTML, like Gecko) Chrome/55.0.2883.87 Safari/537.36|57
2017-02-01 13:45:10|GET|/jaha/apt/membership/list-data|200||GET /jaha/apt/membership/list-data HTTP/1.1|-|Mozilla/5.0 (Windows NT 6.1; Win64; x64) AppleWebKit/537.36 (KHTML, like Gecko) Chrome/55.0.2883.87 Safari/537.36|585
