2017-03-09 09:21:26|GET|/|200||GET / HTTP/1.1|-|Mozilla/5.0 (Windows NT 6.1; Win64; x64) AppleWebKit/537.36 (KHTML, like Gecko) Chrome/56.0.2924.87 Safari/537.36|334
2017-03-09 09:21:28|POST|/api/public/user/login|302||POST /api/public/user/login HTTP/1.1|http://localhost:8888/|Mozilla/5.0 (Windows NT 6.1; Win64; x64) AppleWebKit/537.36 (KHTML, like Gecko) Chrome/56.0.2924.87 Safari/537.36|408
2017-03-09 09:21:29|GET|/|302||GET / HTTP/1.1|http://localhost:8888/|Mozilla/5.0 (Windows NT 6.1; Win64; x64) AppleWebKit/537.36 (KHTML, like Gecko) Chrome/56.0.2924.87 Safari/537.36|392
2017-03-09 09:21:29|GET|/admin/user/list|200||GET /admin/user/list HTTP/1.1|http://localhost:8888/|Mozilla/5.0 (Windows NT 6.1; Win64; x64) AppleWebKit/537.36 (KHTML, like Gecko) Chrome/56.0.2924.87 Safari/537.36|743
2017-03-09 09:21:30|GET|/admin/user/last-login-pop|200||GET /admin/user/last-login-pop HTTP/1.1|http://localhost:8888/admin/user/list|Mozilla/5.0 (Windows NT 6.1; Win64; x64) AppleWebKit/537.36 (KHTML, like Gecko) Chrome/56.0.2924.87 Safari/537.36|154
2017-03-09 09:21:32|GET|/jaha/apt/membership/list|200||GET /jaha/apt/membership/list HTTP/1.1|http://localhost:8888/admin/user/list|Mozilla/5.0 (Windows NT 6.1; Win64; x64) AppleWebKit/537.36 (KHTML, like Gecko) Chrome/56.0.2924.87 Safari/537.36|308
2017-03-09 09:21:32|GET|/api/public/address/sido-names|200||GET /api/public/address/sido-names HTTP/1.1|http://localhost:8888/jaha/apt/membership/list|Mozilla/5.0 (Windows NT 6.1; Win64; x64) AppleWebKit/537.36 (KHTML, like Gecko) Chrome/56.0.2924.87 Safari/537.36|134
2017-03-09 09:21:33|GET|/jaha/apt/ap/user/edoorMember/list-data|200|?sidoNm=&sggNm=&sDate=2017-03-03&eDate=2017-03-09&pageSize=10&pageNum=1|GET /jaha/apt/ap/user/edoorMember/list-data?sidoNm=&sggNm=&sDate=2017-03-03&eDate=2017-03-09&pageSize=10&pageNum=1 HTTP/1.1|http://localhost:8888/jaha/apt/membership/list|Mozilla/5.0 (Windows NT 6.1; Win64; x64) AppleWebKit/537.36 (KHTML, like Gecko) Chrome/56.0.2924.87 Safari/537.36|848
2017-03-09 09:21:33|GET|/jaha/apt/membership/list-data|200|?sidoNm=&sggNm=&sDate=2017-03-03&eDate=2017-03-09&pageSize=10&pageNum=1|GET /jaha/apt/membership/list-data?sidoNm=&sggNm=&sDate=2017-03-03&eDate=2017-03-09&pageSize=10&pageNum=1 HTTP/1.1|http://localhost:8888/jaha/apt/membership/list|Mozilla/5.0 (Windows NT 6.1; Win64; x64) AppleWebKit/537.36 (KHTML, like Gecko) Chrome/56.0.2924.87 Safari/537.36|965
2017-03-09 09:21:42|GET|/img/adminHome/logout2.png|200||GET /img/adminHome/logout2.png HTTP/1.1|http://localhost:8888/jaha/apt/membership/list|Mozilla/5.0 (Windows NT 6.1; Win64; x64) AppleWebKit/537.36 (KHTML, like Gecko) Chrome/56.0.2924.87 Safari/537.36|75
2017-03-09 09:21:50|GET|/apt/search/popup|200|?mode=multi|GET /apt/search/popup?mode=multi HTTP/1.1|http://localhost:8888/jaha/apt/membership/list|Mozilla/5.0 (Windows NT 6.1; Win64; x64) AppleWebKit/537.36 (KHTML, like Gecko) Chrome/56.0.2924.87 Safari/537.36|288
2017-03-09 09:22:07|GET|/img/adminHome/logout2.png|200||GET /img/adminHome/logout2.png HTTP/1.1|http://localhost:8888/jaha/apt/membership/list|Mozilla/5.0 (Windows NT 6.1; Win64; x64) AppleWebKit/537.36 (KHTML, like Gecko) Chrome/56.0.2924.87 Safari/537.36|58
2017-03-09 09:22:08|GET|/admin/logout|302||GET /admin/logout HTTP/1.1|http://localhost:8888/jaha/apt/membership/list|Mozilla/5.0 (Windows NT 6.1; Win64; x64) AppleWebKit/537.36 (KHTML, like Gecko) Chrome/56.0.2924.87 Safari/537.36|83
2017-03-09 09:22:08|GET|/|200||GET / HTTP/1.1|http://localhost:8888/jaha/apt/membership/list|Mozilla/5.0 (Windows NT 6.1; Win64; x64) AppleWebKit/537.36 (KHTML, like Gecko) Chrome/56.0.2924.87 Safari/537.36|22
2017-03-09 09:22:11|GET|/join/agreement|200||GET /join/agreement HTTP/1.1|http://localhost:8888/|Mozilla/5.0 (Windows NT 6.1; Win64; x64) AppleWebKit/537.36 (KHTML, like Gecko) Chrome/56.0.2924.87 Safari/537.36|26
2017-03-09 09:22:11|GET|/js/jquery.form.js|200||GET /js/jquery.form.js HTTP/1.1|http://localhost:8888/join/agreement|Mozilla/5.0 (Windows NT 6.1; Win64; x64) AppleWebKit/537.36 (KHTML, like Gecko) Chrome/56.0.2924.87 Safari/537.36|23
2017-03-09 09:22:11|GET|/provision/view-data|200|?id=2|GET /provision/view-data?id=2 HTTP/1.1|http://localhost:8888/join/agreement|Mozilla/5.0 (Windows NT 6.1; Win64; x64) AppleWebKit/537.36 (KHTML, like Gecko) Chrome/56.0.2924.87 Safari/537.36|82
2017-03-09 09:22:11|GET|/provision/view-data|200|?id=1|GET /provision/view-data?id=1 HTTP/1.1|http://localhost:8888/join/agreement|Mozilla/5.0 (Windows NT 6.1; Win64; x64) AppleWebKit/537.36 (KHTML, like Gecko) Chrome/56.0.2924.87 Safari/537.36|98
2017-03-09 09:22:15|GET|/join/submit|200||GET /join/submit HTTP/1.1|http://localhost:8888/join/agreement|Mozilla/5.0 (Windows NT 6.1; Win64; x64) AppleWebKit/537.36 (KHTML, like Gecko) Chrome/56.0.2924.87 Safari/537.36|40
2017-03-09 09:22:15|GET|/img/housing_non_apt.png|200||GET /img/housing_non_apt.png HTTP/1.1|http://localhost:8888/join/submit|Mozilla/5.0 (Windows NT 6.1; Win64; x64) AppleWebKit/537.36 (KHTML, like Gecko) Chrome/56.0.2924.87 Safari/537.36|30
2017-03-09 09:22:15|GET|/img/housing_apt.png|200||GET /img/housing_apt.png HTTP/1.1|http://localhost:8888/join/submit|Mozilla/5.0 (Windows NT 6.1; Win64; x64) AppleWebKit/537.36 (KHTML, like Gecko) Chrome/56.0.2924.87 Safari/537.36|29
2017-03-09 09:22:30|GET|/api/public/address/sigungu-names/%EC%84%9C%EC%9A%B8%ED%8A%B9%EB%B3%84%EC%8B%9C|200||GET /api/public/address/sigungu-names/%EC%84%9C%EC%9A%B8%ED%8A%B9%EB%B3%84%EC%8B%9C HTTP/1.1|http://localhost:8888/join/submit|Mozilla/5.0 (Windows NT 6.1; Win64; x64) AppleWebKit/537.36 (KHTML, like Gecko) Chrome/56.0.2924.87 Safari/537.36|27
2017-03-09 09:22:33|GET|/api/public/address/eupmyundong-names/%EC%84%9C%EC%9A%B8%ED%8A%B9%EB%B3%84%EC%8B%9C/%EA%B5%AC%EB%A1%9C%EA%B5%AC|200||GET /api/public/address/eupmyundong-names/%EC%84%9C%EC%9A%B8%ED%8A%B9%EB%B3%84%EC%8B%9C/%EA%B5%AC%EB%A1%9C%EA%B5%AC HTTP/1.1|http://localhost:8888/join/submit|Mozilla/5.0 (Windows NT 6.1; Win64; x64) AppleWebKit/537.36 (KHTML, like Gecko) Chrome/56.0.2924.87 Safari/537.36|33
2017-03-09 09:22:43|GET|/api/public/apt/search/all-list-data|200|?sidoNm=%EC%84%9C%EC%9A%B8%ED%8A%B9%EB%B3%84%EC%8B%9C&sggNm=%EA%B5%AC%EB%A1%9C%EA%B5%AC&emdNm=%EA%B5%AC%EB%A1%9C%EB%8F%99&aptNm=%EC%84%9C%EC%9A%B8|GET /api/public/apt/search/all-list-data?sidoNm=%EC%84%9C%EC%9A%B8%ED%8A%B9%EB%B3%84%EC%8B%9C&sggNm=%EA%B5%AC%EB%A1%9C%EA%B5%AC&emdNm=%EA%B5%AC%EB%A1%9C%EB%8F%99&aptNm=%EC%84%9C%EC%9A%B8 HTTP/1.1|http://localhost:8888/join/submit|Mozilla/5.0 (Windows NT 6.1; Win64; x64) AppleWebKit/537.36 (KHTML, like Gecko) Chrome/56.0.2924.87 Safari/537.36|2232
2017-03-09 09:22:43|GET|/api/public/apt/search/all-list-data|200|?sidoNm=%EC%84%9C%EC%9A%B8%ED%8A%B9%EB%B3%84%EC%8B%9C&sggNm=%EA%B5%AC%EB%A1%9C%EA%B5%AC&emdNm=%EA%B5%AC%EB%A1%9C%EB%8F%99&aptNm=%EC%84%9C%EC%9A%B8|GET /api/public/apt/search/all-list-data?sidoNm=%EC%84%9C%EC%9A%B8%ED%8A%B9%EB%B3%84%EC%8B%9C&sggNm=%EA%B5%AC%EB%A1%9C%EA%B5%AC&emdNm=%EA%B5%AC%EB%A1%9C%EB%8F%99&aptNm=%EC%84%9C%EC%9A%B8 HTTP/1.1|http://localhost:8888/join/submit|Mozilla/5.0 (Windows NT 6.1; Win64; x64) AppleWebKit/537.36 (KHTML, like Gecko) Chrome/56.0.2924.87 Safari/537.36|25
2017-03-09 09:32:19|GET|/api/public/apt/search/all-list-data|200|?sidoNm=%EC%84%9C%EC%9A%B8%ED%8A%B9%EB%B3%84%EC%8B%9C&sggNm=%EA%B5%AC%EB%A1%9C%EA%B5%AC&emdNm=%EA%B5%AC%EB%A1%9C%EB%8F%99&aptNm=2016%EA%B3%B5%EB%8F%99%EC%A3%BC%ED%83%9D%ED%95%9C%EB%A7%88%EB%8B%B9|GET /api/public/apt/search/all-list-data?sidoNm=%EC%84%9C%EC%9A%B8%ED%8A%B9%EB%B3%84%EC%8B%9C&sggNm=%EA%B5%AC%EB%A1%9C%EA%B5%AC&emdNm=%EA%B5%AC%EB%A1%9C%EB%8F%99&aptNm=2016%EA%B3%B5%EB%8F%99%EC%A3%BC%ED%83%9D%ED%95%9C%EB%A7%88%EB%8B%B9 HTTP/1.1|http://localhost:8888/join/submit|Mozilla/5.0 (Windows NT 6.1; Win64; x64) AppleWebKit/537.36 (KHTML, like Gecko) Chrome/56.0.2924.87 Safari/537.36|2170
2017-03-09 09:32:32|GET|/api/public/apt/search/all-list-data|200|?sidoNm=%EC%84%9C%EC%9A%B8%ED%8A%B9%EB%B3%84%EC%8B%9C&sggNm=%EA%B5%AC%EB%A1%9C%EA%B5%AC&emdNm=%EA%B5%AC%EB%A1%9C%EB%8F%99&aptNm=%EC%9E%90%ED%95%98|GET /api/public/apt/search/all-list-data?sidoNm=%EC%84%9C%EC%9A%B8%ED%8A%B9%EB%B3%84%EC%8B%9C&sggNm=%EA%B5%AC%EB%A1%9C%EA%B5%AC&emdNm=%EA%B5%AC%EB%A1%9C%EB%8F%99&aptNm=%EC%9E%90%ED%95%98 HTTP/1.1|http://localhost:8888/join/submit|Mozilla/5.0 (Windows NT 6.1; Win64; x64) AppleWebKit/537.36 (KHTML, like Gecko) Chrome/56.0.2924.87 Safari/537.36|2163
2017-03-09 09:32:32|GET|/api/public/apt/search/all-list-data|200|?sidoNm=%EC%84%9C%EC%9A%B8%ED%8A%B9%EB%B3%84%EC%8B%9C&sggNm=%EA%B5%AC%EB%A1%9C%EA%B5%AC&emdNm=%EA%B5%AC%EB%A1%9C%EB%8F%99&aptNm=%EC%9E%90%ED%95%98|GET /api/public/apt/search/all-list-data?sidoNm=%EC%84%9C%EC%9A%B8%ED%8A%B9%EB%B3%84%EC%8B%9C&sggNm=%EA%B5%AC%EB%A1%9C%EA%B5%AC&emdNm=%EA%B5%AC%EB%A1%9C%EB%8F%99&aptNm=%EC%9E%90%ED%95%98 HTTP/1.1|http://localhost:8888/join/submit|Mozilla/5.0 (Windows NT 6.1; Win64; x64) AppleWebKit/537.36 (KHTML, like Gecko) Chrome/56.0.2924.87 Safari/537.36|16
2017-03-09 09:32:45|GET|/api/public/apt/search/all-list-data|200|?sidoNm=%EC%84%9C%EC%9A%B8%ED%8A%B9%EB%B3%84%EC%8B%9C&sggNm=%EA%B5%AC%EB%A1%9C%EA%B5%AC&emdNm=%EA%B5%AC%EB%A1%9C%EB%8F%99&aptNm=%EC%82%AC%EC%9B%90|GET /api/public/apt/search/all-list-data?sidoNm=%EC%84%9C%EC%9A%B8%ED%8A%B9%EB%B3%84%EC%8B%9C&sggNm=%EA%B5%AC%EB%A1%9C%EA%B5%AC&emdNm=%EA%B5%AC%EB%A1%9C%EB%8F%99&aptNm=%EC%82%AC%EC%9B%90 HTTP/1.1|http://localhost:8888/join/submit|Mozilla/5.0 (Windows NT 6.1; Win64; x64) AppleWebKit/537.36 (KHTML, like Gecko) Chrome/56.0.2924.87 Safari/537.36|2153
2017-03-09 09:47:49|GET|/join/submit|200||GET /join/submit HTTP/1.1|http://localhost:8888/join/agreement|Mozilla/5.0 (Windows NT 6.1; Win64; x64) AppleWebKit/537.36 (KHTML, like Gecko) Chrome/56.0.2924.87 Safari/537.36|338
2017-03-09 09:47:51|GET|/join/submit|200||GET /join/submit HTTP/1.1|http://localhost:8888/join/agreement|Mozilla/5.0 (Windows NT 6.1; Win64; x64) AppleWebKit/537.36 (KHTML, like Gecko) Chrome/56.0.2924.87 Safari/537.36|50
2017-03-09 09:47:59|GET|/api/public/address/sigungu-names/%EC%84%9C%EC%9A%B8%ED%8A%B9%EB%B3%84%EC%8B%9C|200||GET /api/public/address/sigungu-names/%EC%84%9C%EC%9A%B8%ED%8A%B9%EB%B3%84%EC%8B%9C HTTP/1.1|http://localhost:8888/join/submit|Mozilla/5.0 (Windows NT 6.1; Win64; x64) AppleWebKit/537.36 (KHTML, like Gecko) Chrome/56.0.2924.87 Safari/537.36|100
2017-03-09 09:48:06|GET|/api/public/address/eupmyundong-names/%EC%84%9C%EC%9A%B8%ED%8A%B9%EB%B3%84%EC%8B%9C/%EA%B5%AC%EB%A1%9C%EA%B5%AC|200||GET /api/public/address/eupmyundong-names/%EC%84%9C%EC%9A%B8%ED%8A%B9%EB%B3%84%EC%8B%9C/%EA%B5%AC%EB%A1%9C%EA%B5%AC HTTP/1.1|http://localhost:8888/join/submit|Mozilla/5.0 (Windows NT 6.1; Win64; x64) AppleWebKit/537.36 (KHTML, like Gecko) Chrome/56.0.2924.87 Safari/537.36|35
2017-03-09 09:48:11|GET|/api/public/apt/search/all-list-data|200|?sidoNm=%EC%84%9C%EC%9A%B8%ED%8A%B9%EB%B3%84%EC%8B%9C&sggNm=%EA%B5%AC%EB%A1%9C%EA%B5%AC&emdNm=%EA%B5%AC%EB%A1%9C%EB%8F%99&aptNm=%EC%9E%90%ED%95%98|GET /api/public/apt/search/all-list-data?sidoNm=%EC%84%9C%EC%9A%B8%ED%8A%B9%EB%B3%84%EC%8B%9C&sggNm=%EA%B5%AC%EB%A1%9C%EA%B5%AC&emdNm=%EA%B5%AC%EB%A1%9C%EB%8F%99&aptNm=%EC%9E%90%ED%95%98 HTTP/1.1|http://localhost:8888/join/submit|Mozilla/5.0 (Windows NT 6.1; Win64; x64) AppleWebKit/537.36 (KHTML, like Gecko) Chrome/56.0.2924.87 Safari/537.36|155
2017-03-09 09:48:38|GET|/api/public/apt/search/all-list-data|200|?sidoNm=%EC%84%9C%EC%9A%B8%ED%8A%B9%EB%B3%84%EC%8B%9C&sggNm=%EA%B5%AC%EB%A1%9C%EA%B5%AC&emdNm=%EA%B5%AC%EB%A1%9C%EB%8F%99&aptNm=%EC%82%AC%EC%9B%90|GET /api/public/apt/search/all-list-data?sidoNm=%EC%84%9C%EC%9A%B8%ED%8A%B9%EB%B3%84%EC%8B%9C&sggNm=%EA%B5%AC%EB%A1%9C%EA%B5%AC&emdNm=%EA%B5%AC%EB%A1%9C%EB%8F%99&aptNm=%EC%82%AC%EC%9B%90 HTTP/1.1|http://localhost:8888/join/submit|Mozilla/5.0 (Windows NT 6.1; Win64; x64) AppleWebKit/537.36 (KHTML, like Gecko) Chrome/56.0.2924.87 Safari/537.36|45
2017-03-09 09:48:55|GET|/api/public/apt/search/all-list-data|200|?sidoNm=%EC%84%9C%EC%9A%B8%ED%8A%B9%EB%B3%84%EC%8B%9C&sggNm=%EA%B5%AC%EB%A1%9C%EA%B5%AC&emdNm=%EA%B5%AC%EB%A1%9C%EB%8F%99&aptNm=%EC%BD%94%EC%98%A4%EB%A1%B1|GET /api/public/apt/search/all-list-data?sidoNm=%EC%84%9C%EC%9A%B8%ED%8A%B9%EB%B3%84%EC%8B%9C&sggNm=%EA%B5%AC%EB%A1%9C%EA%B5%AC&emdNm=%EA%B5%AC%EB%A1%9C%EB%8F%99&aptNm=%EC%BD%94%EC%98%A4%EB%A1%B1 HTTP/1.1|http://localhost:8888/join/submit|Mozilla/5.0 (Windows NT 6.1; Win64; x64) AppleWebKit/537.36 (KHTML, like Gecko) Chrome/56.0.2924.87 Safari/537.36|41
2017-03-09 09:49:27|GET|/api/public/apt/search/all-list-data|200|?sidoNm=%EC%84%9C%EC%9A%B8%ED%8A%B9%EB%B3%84%EC%8B%9C&sggNm=%EA%B5%AC%EB%A1%9C%EA%B5%AC&emdNm=%EA%B5%AC%EB%A1%9C%EB%8F%99&aptNm=%EC%B0%BD%EC%97%85|GET /api/public/apt/search/all-list-data?sidoNm=%EC%84%9C%EC%9A%B8%ED%8A%B9%EB%B3%84%EC%8B%9C&sggNm=%EA%B5%AC%EB%A1%9C%EA%B5%AC&emdNm=%EA%B5%AC%EB%A1%9C%EB%8F%99&aptNm=%EC%B0%BD%EC%97%85 HTTP/1.1|http://localhost:8888/join/submit|Mozilla/5.0 (Windows NT 6.1; Win64; x64) AppleWebKit/537.36 (KHTML, like Gecko) Chrome/56.0.2924.87 Safari/537.36|45
2017-03-09 09:49:32|GET|/|200||GET / HTTP/1.1|http://localhost:8888/join/submit|Mozilla/5.0 (Windows NT 6.1; Win64; x64) AppleWebKit/537.36 (KHTML, like Gecko) Chrome/56.0.2924.87 Safari/537.36|35
2017-03-09 10:00:24|GET|/|200||GET / HTTP/1.1|-|Mozilla/5.0 (Windows NT 6.1; Win64; x64) AppleWebKit/537.36 (KHTML, like Gecko) Chrome/56.0.2924.87 Safari/537.36|325
2017-03-09 10:00:26|POST|/api/public/user/login|302||POST /api/public/user/login HTTP/1.1|http://localhost:8888/|Mozilla/5.0 (Windows NT 6.1; Win64; x64) AppleWebKit/537.36 (KHTML, like Gecko) Chrome/56.0.2924.87 Safari/537.36|316
2017-03-09 10:00:26|GET|/|302||GET / HTTP/1.1|http://localhost:8888/|Mozilla/5.0 (Windows NT 6.1; Win64; x64) AppleWebKit/537.36 (KHTML, like Gecko) Chrome/56.0.2924.87 Safari/537.36|294
2017-03-09 10:00:27|GET|/admin/user/list|200||GET /admin/user/list HTTP/1.1|http://localhost:8888/|Mozilla/5.0 (Windows NT 6.1; Win64; x64) AppleWebKit/537.36 (KHTML, like Gecko) Chrome/56.0.2924.87 Safari/537.36|751
2017-03-09 10:00:27|GET|/admin/user/last-login-pop|200||GET /admin/user/last-login-pop HTTP/1.1|http://localhost:8888/admin/user/list|Mozilla/5.0 (Windows NT 6.1; Win64; x64) AppleWebKit/537.36 (KHTML, like Gecko) Chrome/56.0.2924.87 Safari/537.36|137
2017-03-09 10:00:31|GET|/img/adminHome/home2.png|200||GET /img/adminHome/home2.png HTTP/1.1|http://localhost:8888/admin/user/list|Mozilla/5.0 (Windows NT 6.1; Win64; x64) AppleWebKit/537.36 (KHTML, like Gecko) Chrome/56.0.2924.87 Safari/537.36|68
2017-03-09 10:01:53|GET|/admin/user/list|200||GET /admin/user/list HTTP/1.1|http://localhost:8888/|Mozilla/5.0 (Windows NT 6.1; Win64; x64) AppleWebKit/537.36 (KHTML, like Gecko) Chrome/56.0.2924.87 Safari/537.36|813
2017-03-09 10:01:53|GET|/css/sb-admin-2.css|200||GET /css/sb-admin-2.css HTTP/1.1|http://localhost:8888/admin/user/list|Mozilla/5.0 (Windows NT 6.1; Win64; x64) AppleWebKit/537.36 (KHTML, like Gecko) Chrome/56.0.2924.87 Safari/537.36|58
2017-03-09 10:01:53|GET|/js/jquery-1.11.2.min.js|200||GET /js/jquery-1.11.2.min.js HTTP/1.1|http://localhost:8888/admin/user/list|Mozilla/5.0 (Windows NT 6.1; Win64; x64) AppleWebKit/537.36 (KHTML, like Gecko) Chrome/56.0.2924.87 Safari/537.36|99
2017-03-09 10:01:53|GET|/css/bootstrap.min.css|200||GET /css/bootstrap.min.css HTTP/1.1|http://localhost:8888/admin/user/list|Mozilla/5.0 (Windows NT 6.1; Win64; x64) AppleWebKit/537.36 (KHTML, like Gecko) Chrome/56.0.2924.87 Safari/537.36|120
2017-03-09 10:01:53|GET|/font-awesome/css/font-awesome.css|200||GET /font-awesome/css/font-awesome.css HTTP/1.1|http://localhost:8888/admin/user/list|Mozilla/5.0 (Windows NT 6.1; Win64; x64) AppleWebKit/537.36 (KHTML, like Gecko) Chrome/56.0.2924.87 Safari/537.36|169
2017-03-09 10:01:53|GET|/js/sb-admin-2.js|200||GET /js/sb-admin-2.js HTTP/1.1|http://localhost:8888/admin/user/list|Mozilla/5.0 (Windows NT 6.1; Win64; x64) AppleWebKit/537.36 (KHTML, like Gecko) Chrome/56.0.2924.87 Safari/537.36|49
2017-03-09 10:01:53|GET|/js/bootstrap.min.js|200||GET /js/bootstrap.min.js HTTP/1.1|http://localhost:8888/admin/user/list|Mozilla/5.0 (Windows NT 6.1; Win64; x64) AppleWebKit/537.36 (KHTML, like Gecko) Chrome/56.0.2924.87 Safari/537.36|77
2017-03-09 10:01:53|GET|/img/adminHome/logout.png|200||GET /img/adminHome/logout.png HTTP/1.1|http://localhost:8888/admin/user/list|Mozilla/5.0 (Windows NT 6.1; Win64; x64) AppleWebKit/537.36 (KHTML, like Gecko) Chrome/56.0.2924.87 Safari/537.36|68
2017-03-09 10:01:53|GET|/img/adminHome/menu.png|200||GET /img/adminHome/menu.png HTTP/1.1|http://localhost:8888/admin/user/list|Mozilla/5.0 (Windows NT 6.1; Win64; x64) AppleWebKit/537.36 (KHTML, like Gecko) Chrome/56.0.2924.87 Safari/537.36|128
2017-03-09 10:01:53|GET|/img/adminHome/home.png|200||GET /img/adminHome/home.png HTTP/1.1|http://localhost:8888/admin/user/list|Mozilla/5.0 (Windows NT 6.1; Win64; x64) AppleWebKit/537.36 (KHTML, like Gecko) Chrome/56.0.2924.87 Safari/537.36|147
2017-03-09 10:01:53|GET|/img/sort_desc.png|200||GET /img/sort_desc.png HTTP/1.1|http://localhost:8888/admin/user/list|Mozilla/5.0 (Windows NT 6.1; Win64; x64) AppleWebKit/537.36 (KHTML, like Gecko) Chrome/56.0.2924.87 Safari/537.36|78
2017-03-09 10:01:53|GET|/js/metisMenu/metisMenu.js|200||GET /js/metisMenu/metisMenu.js HTTP/1.1|http://localhost:8888/admin/user/list|Mozilla/5.0 (Windows NT 6.1; Win64; x64) AppleWebKit/537.36 (KHTML, like Gecko) Chrome/56.0.2924.87 Safari/537.36|145
2017-03-09 10:01:53|GET|/img/sort_asc.png|200||GET /img/sort_asc.png HTTP/1.1|http://localhost:8888/admin/user/list|Mozilla/5.0 (Windows NT 6.1; Win64; x64) AppleWebKit/537.36 (KHTML, like Gecko) Chrome/56.0.2924.87 Safari/537.36|89
2017-03-09 10:01:53|GET|/font-awesome/fonts/fontawesome-webfont.woff2|200|?v=4.3.0|GET /font-awesome/fonts/fontawesome-webfont.woff2?v=4.3.0 HTTP/1.1|http://localhost:8888/font-awesome/css/font-awesome.css|Mozilla/5.0 (Windows NT 6.1; Win64; x64) AppleWebKit/537.36 (KHTML, like Gecko) Chrome/56.0.2924.87 Safari/537.36|166
2017-03-09 10:01:53|GET|/favicon.ico|200||GET /favicon.ico HTTP/1.1|http://localhost:8888/admin/user/list|Mozilla/5.0 (Windows NT 6.1; Win64; x64) AppleWebKit/537.36 (KHTML, like Gecko) Chrome/56.0.2924.87 Safari/537.36|71
2017-03-09 10:01:53|GET|/admin/user/last-login-pop|200||GET /admin/user/last-login-pop HTTP/1.1|http://localhost:8888/admin/user/list|Mozilla/5.0 (Windows NT 6.1; Win64; x64) AppleWebKit/537.36 (KHTML, like Gecko) Chrome/56.0.2924.87 Safari/537.36|142
2017-03-09 10:01:55|GET|/admin/user/list|200||GET /admin/user/list HTTP/1.1|http://localhost:8888/|Mozilla/5.0 (Windows NT 6.1; Win64; x64) AppleWebKit/537.36 (KHTML, like Gecko) Chrome/56.0.2924.87 Safari/537.36|711
2017-03-09 10:01:55|GET|/font-awesome/css/font-awesome.css|200||GET /font-awesome/css/font-awesome.css HTTP/1.1|http://localhost:8888/admin/user/list|Mozilla/5.0 (Windows NT 6.1; Win64; x64) AppleWebKit/537.36 (KHTML, like Gecko) Chrome/56.0.2924.87 Safari/537.36|49
2017-03-09 10:01:55|GET|/css/sb-admin-2.css|200||GET /css/sb-admin-2.css HTTP/1.1|http://localhost:8888/admin/user/list|Mozilla/5.0 (Windows NT 6.1; Win64; x64) AppleWebKit/537.36 (KHTML, like Gecko) Chrome/56.0.2924.87 Safari/537.36|50
2017-03-09 10:01:55|GET|/js/jquery-1.11.2.min.js|200||GET /js/jquery-1.11.2.min.js HTTP/1.1|http://localhost:8888/admin/user/list|Mozilla/5.0 (Windows NT 6.1; Win64; x64) AppleWebKit/537.36 (KHTML, like Gecko) Chrome/56.0.2924.87 Safari/537.36|53
2017-03-09 10:01:55|GET|/css/bootstrap.min.css|200||GET /css/bootstrap.min.css HTTP/1.1|http://localhost:8888/admin/user/list|Mozilla/5.0 (Windows NT 6.1; Win64; x64) AppleWebKit/537.36 (KHTML, like Gecko) Chrome/56.0.2924.87 Safari/537.36|63
2017-03-09 10:01:55|GET|/js/bootstrap.min.js|200||GET /js/bootstrap.min.js HTTP/1.1|http://localhost:8888/admin/user/list|Mozilla/5.0 (Windows NT 6.1; Win64; x64) AppleWebKit/537.36 (KHTML, like Gecko) Chrome/56.0.2924.87 Safari/537.36|43
2017-03-09 10:01:56|GET|/js/sb-admin-2.js|200||GET /js/sb-admin-2.js HTTP/1.1|http://localhost:8888/admin/user/list|Mozilla/5.0 (Windows NT 6.1; Win64; x64) AppleWebKit/537.36 (KHTML, like Gecko) Chrome/56.0.2924.87 Safari/537.36|49
2017-03-09 10:01:56|GET|/js/metisMenu/metisMenu.js|200||GET /js/metisMenu/metisMenu.js HTTP/1.1|http://localhost:8888/admin/user/list|Mozilla/5.0 (Windows NT 6.1; Win64; x64) AppleWebKit/537.36 (KHTML, like Gecko) Chrome/56.0.2924.87 Safari/537.36|55
2017-03-09 10:01:56|GET|/img/adminHome/menu.png|200||GET /img/adminHome/menu.png HTTP/1.1|http://localhost:8888/admin/user/list|Mozilla/5.0 (Windows NT 6.1; Win64; x64) AppleWebKit/537.36 (KHTML, like Gecko) Chrome/56.0.2924.87 Safari/537.36|64
2017-03-09 10:01:56|GET|/img/adminHome/home.png|200||GET /img/adminHome/home.png HTTP/1.1|http://localhost:8888/admin/user/list|Mozilla/5.0 (Windows NT 6.1; Win64; x64) AppleWebKit/537.36 (KHTML, like Gecko) Chrome/56.0.2924.87 Safari/537.36|68
2017-03-09 10:01:56|GET|/img/adminHome/logout.png|200||GET /img/adminHome/logout.png HTTP/1.1|http://localhost:8888/admin/user/list|Mozilla/5.0 (Windows NT 6.1; Win64; x64) AppleWebKit/537.36 (KHTML, like Gecko) Chrome/56.0.2924.87 Safari/537.36|145
2017-03-09 10:01:56|GET|/font-awesome/fonts/fontawesome-webfont.woff2|200|?v=4.3.0|GET /font-awesome/fonts/fontawesome-webfont.woff2?v=4.3.0 HTTP/1.1|http://localhost:8888/font-awesome/css/font-awesome.css|Mozilla/5.0 (Windows NT 6.1; Win64; x64) AppleWebKit/537.36 (KHTML, like Gecko) Chrome/56.0.2924.87 Safari/537.36|103
2017-03-09 10:01:56|GET|/img/sort_asc.png|200||GET /img/sort_asc.png HTTP/1.1|http://localhost:8888/admin/user/list|Mozilla/5.0 (Windows NT 6.1; Win64; x64) AppleWebKit/537.36 (KHTML, like Gecko) Chrome/56.0.2924.87 Safari/537.36|125
2017-03-09 10:01:56|GET|/img/sort_desc.png|200||GET /img/sort_desc.png HTTP/1.1|http://localhost:8888/admin/user/list|Mozilla/5.0 (Windows NT 6.1; Win64; x64) AppleWebKit/537.36 (KHTML, like Gecko) Chrome/56.0.2924.87 Safari/537.36|47
2017-03-09 10:01:56|GET|/favicon.ico|200||GET /favicon.ico HTTP/1.1|http://localhost:8888/admin/user/list|Mozilla/5.0 (Windows NT 6.1; Win64; x64) AppleWebKit/537.36 (KHTML, like Gecko) Chrome/56.0.2924.87 Safari/537.36|33
2017-03-09 10:01:56|GET|/admin/user/last-login-pop|200||GET /admin/user/last-login-pop HTTP/1.1|http://localhost:8888/admin/user/list|Mozilla/5.0 (Windows NT 6.1; Win64; x64) AppleWebKit/537.36 (KHTML, like Gecko) Chrome/56.0.2924.87 Safari/537.36|135
2017-03-09 10:01:57|GET|/admin/user/list|200||GET /admin/user/list HTTP/1.1|http://localhost:8888/|Mozilla/5.0 (Windows NT 6.1; Win64; x64) AppleWebKit/537.36 (KHTML, like Gecko) Chrome/56.0.2924.87 Safari/537.36|656
2017-03-09 10:01:57|GET|/js/jquery-1.11.2.min.js|200||GET /js/jquery-1.11.2.min.js HTTP/1.1|http://localhost:8888/admin/user/list|Mozilla/5.0 (Windows NT 6.1; Win64; x64) AppleWebKit/537.36 (KHTML, like Gecko) Chrome/56.0.2924.87 Safari/537.36|39
2017-03-09 10:01:57|GET|/css/sb-admin-2.css|200||GET /css/sb-admin-2.css HTTP/1.1|http://localhost:8888/admin/user/list|Mozilla/5.0 (Windows NT 6.1; Win64; x64) AppleWebKit/537.36 (KHTML, like Gecko) Chrome/56.0.2924.87 Safari/537.36|42
2017-03-09 10:01:57|GET|/font-awesome/css/font-awesome.css|200||GET /font-awesome/css/font-awesome.css HTTP/1.1|http://localhost:8888/admin/user/list|Mozilla/5.0 (Windows NT 6.1; Win64; x64) AppleWebKit/537.36 (KHTML, like Gecko) Chrome/56.0.2924.87 Safari/537.36|44
2017-03-09 10:01:57|GET|/css/bootstrap.min.css|200||GET /css/bootstrap.min.css HTTP/1.1|http://localhost:8888/admin/user/list|Mozilla/5.0 (Windows NT 6.1; Win64; x64) AppleWebKit/537.36 (KHTML, like Gecko) Chrome/56.0.2924.87 Safari/537.36|55
2017-03-09 10:01:57|GET|/img/adminHome/home.png|200||GET /img/adminHome/home.png HTTP/1.1|http://localhost:8888/admin/user/list|Mozilla/5.0 (Windows NT 6.1; Win64; x64) AppleWebKit/537.36 (KHTML, like Gecko) Chrome/56.0.2924.87 Safari/537.36|37
2017-03-09 10:01:57|GET|/js/bootstrap.min.js|200||GET /js/bootstrap.min.js HTTP/1.1|http://localhost:8888/admin/user/list|Mozilla/5.0 (Windows NT 6.1; Win64; x64) AppleWebKit/537.36 (KHTML, like Gecko) Chrome/56.0.2924.87 Safari/537.36|109
2017-03-09 10:01:57|GET|/img/adminHome/menu.png|200||GET /img/adminHome/menu.png HTTP/1.1|http://localhost:8888/admin/user/list|Mozilla/5.0 (Windows NT 6.1; Win64; x64) AppleWebKit/537.36 (KHTML, like Gecko) Chrome/56.0.2924.87 Safari/537.36|56
2017-03-09 10:01:57|GET|/img/adminHome/logout.png|200||GET /img/adminHome/logout.png HTTP/1.1|http://localhost:8888/admin/user/list|Mozilla/5.0 (Windows NT 6.1; Win64; x64) AppleWebKit/537.36 (KHTML, like Gecko) Chrome/56.0.2924.87 Safari/537.36|60
2017-03-09 10:01:57|GET|/js/sb-admin-2.js|200||GET /js/sb-admin-2.js HTTP/1.1|http://localhost:8888/admin/user/list|Mozilla/5.0 (Windows NT 6.1; Win64; x64) AppleWebKit/537.36 (KHTML, like Gecko) Chrome/56.0.2924.87 Safari/537.36|97
2017-03-09 10:01:57|GET|/js/metisMenu/metisMenu.js|200||GET /js/metisMenu/metisMenu.js HTTP/1.1|http://localhost:8888/admin/user/list|Mozilla/5.0 (Windows NT 6.1; Win64; x64) AppleWebKit/537.36 (KHTML, like Gecko) Chrome/56.0.2924.87 Safari/537.36|108
2017-03-09 10:01:57|GET|/img/sort_desc.png|200||GET /img/sort_desc.png HTTP/1.1|http://localhost:8888/admin/user/list|Mozilla/5.0 (Windows NT 6.1; Win64; x64) AppleWebKit/537.36 (KHTML, like Gecko) Chrome/56.0.2924.87 Safari/537.36|53
2017-03-09 10:01:57|GET|/font-awesome/fonts/fontawesome-webfont.woff2|200|?v=4.3.0|GET /font-awesome/fonts/fontawesome-webfont.woff2?v=4.3.0 HTTP/1.1|http://localhost:8888/font-awesome/css/font-awesome.css|Mozilla/5.0 (Windows NT 6.1; Win64; x64) AppleWebKit/537.36 (KHTML, like Gecko) Chrome/56.0.2924.87 Safari/537.36|57
2017-03-09 10:01:57|GET|/img/sort_asc.png|200||GET /img/sort_asc.png HTTP/1.1|http://localhost:8888/admin/user/list|Mozilla/5.0 (Windows NT 6.1; Win64; x64) AppleWebKit/537.36 (KHTML, like Gecko) Chrome/56.0.2924.87 Safari/537.36|56
2017-03-09 10:01:57|GET|/favicon.ico|200||GET /favicon.ico HTTP/1.1|http://localhost:8888/admin/user/list|Mozilla/5.0 (Windows NT 6.1; Win64; x64) AppleWebKit/537.36 (KHTML, like Gecko) Chrome/56.0.2924.87 Safari/537.36|48
2017-03-09 10:01:57|GET|/admin/user/last-login-pop|200||GET /admin/user/last-login-pop HTTP/1.1|http://localhost:8888/admin/user/list|Mozilla/5.0 (Windows NT 6.1; Win64; x64) AppleWebKit/537.36 (KHTML, like Gecko) Chrome/56.0.2924.87 Safari/537.36|214
2017-03-09 10:02:00|GET|/img/adminHome/home2.png|200||GET /img/adminHome/home2.png HTTP/1.1|http://localhost:8888/admin/user/list|Mozilla/5.0 (Windows NT 6.1; Win64; x64) AppleWebKit/537.36 (KHTML, like Gecko) Chrome/56.0.2924.87 Safari/537.36|45
2017-03-09 10:04:47|GET|/admin/user/list|200||GET /admin/user/list HTTP/1.1|http://localhost:8888/|Mozilla/5.0 (Windows NT 6.1; Win64; x64) AppleWebKit/537.36 (KHTML, like Gecko) Chrome/56.0.2924.87 Safari/537.36|660
2017-03-09 10:04:48|GET|/css/sb-admin-2.css|200||GET /css/sb-admin-2.css HTTP/1.1|http://localhost:8888/admin/user/list|Mozilla/5.0 (Windows NT 6.1; Win64; x64) AppleWebKit/537.36 (KHTML, like Gecko) Chrome/56.0.2924.87 Safari/537.36|106
2017-03-09 10:04:48|GET|/font-awesome/css/font-awesome.css|200||GET /font-awesome/css/font-awesome.css HTTP/1.1|http://localhost:8888/admin/user/list|Mozilla/5.0 (Windows NT 6.1; Win64; x64) AppleWebKit/537.36 (KHTML, like Gecko) Chrome/56.0.2924.87 Safari/537.36|114
2017-03-09 10:04:48|GET|/css/bootstrap.min.css|200||GET /css/bootstrap.min.css HTTP/1.1|http://localhost:8888/admin/user/list|Mozilla/5.0 (Windows NT 6.1; Win64; x64) AppleWebKit/537.36 (KHTML, like Gecko) Chrome/56.0.2924.87 Safari/537.36|129
2017-03-09 10:04:48|GET|/js/jquery-1.11.2.min.js|200||GET /js/jquery-1.11.2.min.js HTTP/1.1|http://localhost:8888/admin/user/list|Mozilla/5.0 (Windows NT 6.1; Win64; x64) AppleWebKit/537.36 (KHTML, like Gecko) Chrome/56.0.2924.87 Safari/537.36|130
2017-03-09 10:04:48|GET|/js/bootstrap.min.js|200||GET /js/bootstrap.min.js HTTP/1.1|http://localhost:8888/admin/user/list|Mozilla/5.0 (Windows NT 6.1; Win64; x64) AppleWebKit/537.36 (KHTML, like Gecko) Chrome/56.0.2924.87 Safari/537.36|85
2017-03-09 10:04:48|GET|/js/sb-admin-2.js|200||GET /js/sb-admin-2.js HTTP/1.1|http://localhost:8888/admin/user/list|Mozilla/5.0 (Windows NT 6.1; Win64; x64) AppleWebKit/537.36 (KHTML, like Gecko) Chrome/56.0.2924.87 Safari/537.36|61
2017-03-09 10:04:48|GET|/js/metisMenu/metisMenu.js|200||GET /js/metisMenu/metisMenu.js HTTP/1.1|http://localhost:8888/admin/user/list|Mozilla/5.0 (Windows NT 6.1; Win64; x64) AppleWebKit/537.36 (KHTML, like Gecko) Chrome/56.0.2924.87 Safari/537.36|39
2017-03-09 10:04:48|GET|/img/adminHome/menu.png|200||GET /img/adminHome/menu.png HTTP/1.1|http://localhost:8888/admin/user/list|Mozilla/5.0 (Windows NT 6.1; Win64; x64) AppleWebKit/537.36 (KHTML, like Gecko) Chrome/56.0.2924.87 Safari/537.36|63
2017-03-09 10:04:48|GET|/img/adminHome/logout.png|200||GET /img/adminHome/logout.png HTTP/1.1|http://localhost:8888/admin/user/list|Mozilla/5.0 (Windows NT 6.1; Win64; x64) AppleWebKit/537.36 (KHTML, like Gecko) Chrome/56.0.2924.87 Safari/537.36|115
2017-03-09 10:04:48|GET|/img/adminHome/home.png|200||GET /img/adminHome/home.png HTTP/1.1|http://localhost:8888/admin/user/list|Mozilla/5.0 (Windows NT 6.1; Win64; x64) AppleWebKit/537.36 (KHTML, like Gecko) Chrome/56.0.2924.87 Safari/537.36|71
2017-03-09 10:04:48|GET|/img/sort_asc.png|200||GET /img/sort_asc.png HTTP/1.1|http://localhost:8888/admin/user/list|Mozilla/5.0 (Windows NT 6.1; Win64; x64) AppleWebKit/537.36 (KHTML, like Gecko) Chrome/56.0.2924.87 Safari/537.36|68
2017-03-09 10:04:48|GET|/font-awesome/fonts/fontawesome-webfont.woff2|200|?v=4.3.0|GET /font-awesome/fonts/fontawesome-webfont.woff2?v=4.3.0 HTTP/1.1|http://localhost:8888/font-awesome/css/font-awesome.css|Mozilla/5.0 (Windows NT 6.1; Win64; x64) AppleWebKit/537.36 (KHTML, like Gecko) Chrome/56.0.2924.87 Safari/537.36|39
2017-03-09 10:04:48|GET|/img/sort_desc.png|200||GET /img/sort_desc.png HTTP/1.1|http://localhost:8888/admin/user/list|Mozilla/5.0 (Windows NT 6.1; Win64; x64) AppleWebKit/537.36 (KHTML, like Gecko) Chrome/56.0.2924.87 Safari/537.36|38
2017-03-09 10:04:48|GET|/favicon.ico|200||GET /favicon.ico HTTP/1.1|http://localhost:8888/admin/user/list|Mozilla/5.0 (Windows NT 6.1; Win64; x64) AppleWebKit/537.36 (KHTML, like Gecko) Chrome/56.0.2924.87 Safari/537.36|35
2017-03-09 10:04:48|GET|/admin/user/last-login-pop|200||GET /admin/user/last-login-pop HTTP/1.1|http://localhost:8888/admin/user/list|Mozilla/5.0 (Windows NT 6.1; Win64; x64) AppleWebKit/537.36 (KHTML, like Gecko) Chrome/56.0.2924.87 Safari/537.36|128
2017-03-09 10:07:07|GET|/admin/user/list|200||GET /admin/user/list HTTP/1.1|http://localhost:8888/|Mozilla/5.0 (Windows NT 6.1; Win64; x64) AppleWebKit/537.36 (KHTML, like Gecko) Chrome/56.0.2924.87 Safari/537.36|621
2017-03-09 10:07:07|GET|/font-awesome/css/font-awesome.css|200||GET /font-awesome/css/font-awesome.css HTTP/1.1|http://localhost:8888/admin/user/list|Mozilla/5.0 (Windows NT 6.1; Win64; x64) AppleWebKit/537.36 (KHTML, like Gecko) Chrome/56.0.2924.87 Safari/537.36|38
2017-03-09 10:07:07|GET|/js/jquery-1.11.2.min.js|200||GET /js/jquery-1.11.2.min.js HTTP/1.1|http://localhost:8888/admin/user/list|Mozilla/5.0 (Windows NT 6.1; Win64; x64) AppleWebKit/537.36 (KHTML, like Gecko) Chrome/56.0.2924.87 Safari/537.36|48
2017-03-09 10:07:07|GET|/css/bootstrap.min.css|200||GET /css/bootstrap.min.css HTTP/1.1|http://localhost:8888/admin/user/list|Mozilla/5.0 (Windows NT 6.1; Win64; x64) AppleWebKit/537.36 (KHTML, like Gecko) Chrome/56.0.2924.87 Safari/537.36|47
2017-03-09 10:07:07|GET|/css/sb-admin-2.css|200||GET /css/sb-admin-2.css HTTP/1.1|http://localhost:8888/admin/user/list|Mozilla/5.0 (Windows NT 6.1; Win64; x64) AppleWebKit/537.36 (KHTML, like Gecko) Chrome/56.0.2924.87 Safari/537.36|56
2017-03-09 10:07:07|GET|/js/bootstrap.min.js|200||GET /js/bootstrap.min.js HTTP/1.1|http://localhost:8888/admin/user/list|Mozilla/5.0 (Windows NT 6.1; Win64; x64) AppleWebKit/537.36 (KHTML, like Gecko) Chrome/56.0.2924.87 Safari/537.36|39
2017-03-09 10:07:07|GET|/js/sb-admin-2.js|200||GET /js/sb-admin-2.js HTTP/1.1|http://localhost:8888/admin/user/list|Mozilla/5.0 (Windows NT 6.1; Win64; x64) AppleWebKit/537.36 (KHTML, like Gecko) Chrome/56.0.2924.87 Safari/537.36|40
2017-03-09 10:07:07|GET|/js/metisMenu/metisMenu.js|200||GET /js/metisMenu/metisMenu.js HTTP/1.1|http://localhost:8888/admin/user/list|Mozilla/5.0 (Windows NT 6.1; Win64; x64) AppleWebKit/537.36 (KHTML, like Gecko) Chrome/56.0.2924.87 Safari/537.36|39
2017-03-09 10:07:07|GET|/img/adminHome/home.png|200||GET /img/adminHome/home.png HTTP/1.1|http://localhost:8888/admin/user/list|Mozilla/5.0 (Windows NT 6.1; Win64; x64) AppleWebKit/537.36 (KHTML, like Gecko) Chrome/56.0.2924.87 Safari/537.36|39
2017-03-09 10:07:07|GET|/img/adminHome/logout.png|200||GET /img/adminHome/logout.png HTTP/1.1|http://localhost:8888/admin/user/list|Mozilla/5.0 (Windows NT 6.1; Win64; x64) AppleWebKit/537.36 (KHTML, like Gecko) Chrome/56.0.2924.87 Safari/537.36|44
2017-03-09 10:07:07|GET|/img/adminHome/menu.png|200||GET /img/adminHome/menu.png HTTP/1.1|http://localhost:8888/admin/user/list|Mozilla/5.0 (Windows NT 6.1; Win64; x64) AppleWebKit/537.36 (KHTML, like Gecko) Chrome/56.0.2924.87 Safari/537.36|48
2017-03-09 10:07:07|GET|/font-awesome/fonts/fontawesome-webfont.woff2|200|?v=4.3.0|GET /font-awesome/fonts/fontawesome-webfont.woff2?v=4.3.0 HTTP/1.1|http://localhost:8888/font-awesome/css/font-awesome.css|Mozilla/5.0 (Windows NT 6.1; Win64; x64) AppleWebKit/537.36 (KHTML, like Gecko) Chrome/56.0.2924.87 Safari/537.36|43
2017-03-09 10:07:07|GET|/img/sort_asc.png|200||GET /img/sort_asc.png HTTP/1.1|http://localhost:8888/admin/user/list|Mozilla/5.0 (Windows NT 6.1; Win64; x64) AppleWebKit/537.36 (KHTML, like Gecko) Chrome/56.0.2924.87 Safari/537.36|39
2017-03-09 10:07:07|GET|/img/sort_desc.png|200||GET /img/sort_desc.png HTTP/1.1|http://localhost:8888/admin/user/list|Mozilla/5.0 (Windows NT 6.1; Win64; x64) AppleWebKit/537.36 (KHTML, like Gecko) Chrome/56.0.2924.87 Safari/537.36|33
2017-03-09 10:07:07|GET|/favicon.ico|200||GET /favicon.ico HTTP/1.1|http://localhost:8888/admin/user/list|Mozilla/5.0 (Windows NT 6.1; Win64; x64) AppleWebKit/537.36 (KHTML, like Gecko) Chrome/56.0.2924.87 Safari/537.36|33
2017-03-09 10:07:07|GET|/admin/user/last-login-pop|200||GET /admin/user/last-login-pop HTTP/1.1|http://localhost:8888/admin/user/list|Mozilla/5.0 (Windows NT 6.1; Win64; x64) AppleWebKit/537.36 (KHTML, like Gecko) Chrome/56.0.2924.87 Safari/537.36|134
2017-03-09 10:11:14|GET|/admin/user/list|500||GET /admin/user/list HTTP/1.1|http://localhost:8888/|Mozilla/5.0 (Windows NT 6.1; Win64; x64) AppleWebKit/537.36 (KHTML, like Gecko) Chrome/56.0.2924.87 Safari/537.36|669
2017-03-09 10:11:14|GET|/favicon.ico|200||GET /favicon.ico HTTP/1.1|http://localhost:8888/admin/user/list|Mozilla/5.0 (Windows NT 6.1; Win64; x64) AppleWebKit/537.36 (KHTML, like Gecko) Chrome/56.0.2924.87 Safari/537.36|33
2017-03-09 10:11:20|GET|/admin/user/list|500||GET /admin/user/list HTTP/1.1|http://localhost:8888/|Mozilla/5.0 (Windows NT 6.1; Win64; x64) AppleWebKit/537.36 (KHTML, like Gecko) Chrome/56.0.2924.87 Safari/537.36|580
2017-03-09 10:11:20|GET|/favicon.ico|200||GET /favicon.ico HTTP/1.1|http://localhost:8888/admin/user/list|Mozilla/5.0 (Windows NT 6.1; Win64; x64) AppleWebKit/537.36 (KHTML, like Gecko) Chrome/56.0.2924.87 Safari/537.36|31
2017-03-09 10:11:51|GET|/admin/user/list|200||GET /admin/user/list HTTP/1.1|http://localhost:8888/|Mozilla/5.0 (Windows NT 6.1; Win64; x64) AppleWebKit/537.36 (KHTML, like Gecko) Chrome/56.0.2924.87 Safari/537.36|710
2017-03-09 10:11:52|GET|/css/bootstrap.min.css|200||GET /css/bootstrap.min.css HTTP/1.1|http://localhost:8888/admin/user/list|Mozilla/5.0 (Windows NT 6.1; Win64; x64) AppleWebKit/537.36 (KHTML, like Gecko) Chrome/56.0.2924.87 Safari/537.36|50
2017-03-09 10:11:52|GET|/css/sb-admin-2.css|200||GET /css/sb-admin-2.css HTTP/1.1|http://localhost:8888/admin/user/list|Mozilla/5.0 (Windows NT 6.1; Win64; x64) AppleWebKit/537.36 (KHTML, like Gecko) Chrome/56.0.2924.87 Safari/537.36|48
2017-03-09 10:11:52|GET|/font-awesome/css/font-awesome.css|200||GET /font-awesome/css/font-awesome.css HTTP/1.1|http://localhost:8888/admin/user/list|Mozilla/5.0 (Windows NT 6.1; Win64; x64) AppleWebKit/537.36 (KHTML, like Gecko) Chrome/56.0.2924.87 Safari/537.36|51
2017-03-09 10:11:52|GET|/js/jquery-1.11.2.min.js|200||GET /js/jquery-1.11.2.min.js HTTP/1.1|http://localhost:8888/admin/user/list|Mozilla/5.0 (Windows NT 6.1; Win64; x64) AppleWebKit/537.36 (KHTML, like Gecko) Chrome/56.0.2924.87 Safari/537.36|56
2017-03-09 10:11:52|GET|/js/bootstrap.min.js|200||GET /js/bootstrap.min.js HTTP/1.1|http://localhost:8888/admin/user/list|Mozilla/5.0 (Windows NT 6.1; Win64; x64) AppleWebKit/537.36 (KHTML, like Gecko) Chrome/56.0.2924.87 Safari/537.36|48
2017-03-09 10:11:52|GET|/js/sb-admin-2.js|200||GET /js/sb-admin-2.js HTTP/1.1|http://localhost:8888/admin/user/list|Mozilla/5.0 (Windows NT 6.1; Win64; x64) AppleWebKit/537.36 (KHTML, like Gecko) Chrome/56.0.2924.87 Safari/537.36|43
2017-03-09 10:11:52|GET|/img/adminHome/home.png|200||GET /img/adminHome/home.png HTTP/1.1|http://localhost:8888/admin/user/list|Mozilla/5.0 (Windows NT 6.1; Win64; x64) AppleWebKit/537.36 (KHTML, like Gecko) Chrome/56.0.2924.87 Safari/537.36|43
2017-03-09 10:11:52|GET|/js/metisMenu/metisMenu.js|200||GET /js/metisMenu/metisMenu.js HTTP/1.1|http://localhost:8888/admin/user/list|Mozilla/5.0 (Windows NT 6.1; Win64; x64) AppleWebKit/537.36 (KHTML, like Gecko) Chrome/56.0.2924.87 Safari/537.36|48
2017-03-09 10:11:52|GET|/img/adminHome/menu.png|200||GET /img/adminHome/menu.png HTTP/1.1|http://localhost:8888/admin/user/list|Mozilla/5.0 (Windows NT 6.1; Win64; x64) AppleWebKit/537.36 (KHTML, like Gecko) Chrome/56.0.2924.87 Safari/537.36|48
2017-03-09 10:11:52|GET|/img/adminHome/logout.png|200||GET /img/adminHome/logout.png HTTP/1.1|http://localhost:8888/admin/user/list|Mozilla/5.0 (Windows NT 6.1; Win64; x64) AppleWebKit/537.36 (KHTML, like Gecko) Chrome/56.0.2924.87 Safari/537.36|50
2017-03-09 10:11:52|GET|/font-awesome/fonts/fontawesome-webfont.woff2|200|?v=4.3.0|GET /font-awesome/fonts/fontawesome-webfont.woff2?v=4.3.0 HTTP/1.1|http://localhost:8888/font-awesome/css/font-awesome.css|Mozilla/5.0 (Windows NT 6.1; Win64; x64) AppleWebKit/537.36 (KHTML, like Gecko) Chrome/56.0.2924.87 Safari/537.36|38
2017-03-09 10:11:52|GET|/img/sort_desc.png|200||GET /img/sort_desc.png HTTP/1.1|http://localhost:8888/admin/user/list|Mozilla/5.0 (Windows NT 6.1; Win64; x64) AppleWebKit/537.36 (KHTML, like Gecko) Chrome/56.0.2924.87 Safari/537.36|38
2017-03-09 10:11:52|GET|/img/sort_asc.png|200||GET /img/sort_asc.png HTTP/1.1|http://localhost:8888/admin/user/list|Mozilla/5.0 (Windows NT 6.1; Win64; x64) AppleWebKit/537.36 (KHTML, like Gecko) Chrome/56.0.2924.87 Safari/537.36|38
2017-03-09 10:11:52|GET|/favicon.ico|200||GET /favicon.ico HTTP/1.1|http://localhost:8888/admin/user/list|Mozilla/5.0 (Windows NT 6.1; Win64; x64) AppleWebKit/537.36 (KHTML, like Gecko) Chrome/56.0.2924.87 Safari/537.36|36
2017-03-09 10:11:52|GET|/admin/user/last-login-pop|200||GET /admin/user/last-login-pop HTTP/1.1|http://localhost:8888/admin/user/list|Mozilla/5.0 (Windows NT 6.1; Win64; x64) AppleWebKit/537.36 (KHTML, like Gecko) Chrome/56.0.2924.87 Safari/537.36|133
2017-03-09 10:11:58|GET|/admin/user/list|200||GET /admin/user/list HTTP/1.1|http://localhost:8888/|Mozilla/5.0 (Windows NT 6.1; Win64; x64) AppleWebKit/537.36 (KHTML, like Gecko) Chrome/56.0.2924.87 Safari/537.36|648
2017-03-09 10:11:58|GET|/css/bootstrap.min.css|200||GET /css/bootstrap.min.css HTTP/1.1|http://localhost:8888/admin/user/list|Mozilla/5.0 (Windows NT 6.1; Win64; x64) AppleWebKit/537.36 (KHTML, like Gecko) Chrome/56.0.2924.87 Safari/537.36|37
2017-03-09 10:11:58|GET|/js/jquery-1.11.2.min.js|200||GET /js/jquery-1.11.2.min.js HTTP/1.1|http://localhost:8888/admin/user/list|Mozilla/5.0 (Windows NT 6.1; Win64; x64) AppleWebKit/537.36 (KHTML, like Gecko) Chrome/56.0.2924.87 Safari/537.36|40
2017-03-09 10:11:58|GET|/font-awesome/css/font-awesome.css|200||GET /font-awesome/css/font-awesome.css HTTP/1.1|http://localhost:8888/admin/user/list|Mozilla/5.0 (Windows NT 6.1; Win64; x64) AppleWebKit/537.36 (KHTML, like Gecko) Chrome/56.0.2924.87 Safari/537.36|46
2017-03-09 10:11:58|GET|/css/sb-admin-2.css|200||GET /css/sb-admin-2.css HTTP/1.1|http://localhost:8888/admin/user/list|Mozilla/5.0 (Windows NT 6.1; Win64; x64) AppleWebKit/537.36 (KHTML, like Gecko) Chrome/56.0.2924.87 Safari/537.36|44
2017-03-09 10:11:58|GET|/img/adminHome/home.png|200||GET /img/adminHome/home.png HTTP/1.1|http://localhost:8888/admin/user/list|Mozilla/5.0 (Windows NT 6.1; Win64; x64) AppleWebKit/537.36 (KHTML, like Gecko) Chrome/56.0.2924.87 Safari/537.36|37
2017-03-09 10:11:58|GET|/img/adminHome/menu.png|200||GET /img/adminHome/menu.png HTTP/1.1|http://localhost:8888/admin/user/list|Mozilla/5.0 (Windows NT 6.1; Win64; x64) AppleWebKit/537.36 (KHTML, like Gecko) Chrome/56.0.2924.87 Safari/537.36|66
2017-03-09 10:11:58|GET|/js/sb-admin-2.js|200||GET /js/sb-admin-2.js HTTP/1.1|http://localhost:8888/admin/user/list|Mozilla/5.0 (Windows NT 6.1; Win64; x64) AppleWebKit/537.36 (KHTML, like Gecko) Chrome/56.0.2924.87 Safari/537.36|77
2017-03-09 10:11:58|GET|/js/bootstrap.min.js|200||GET /js/bootstrap.min.js HTTP/1.1|http://localhost:8888/admin/user/list|Mozilla/5.0 (Windows NT 6.1; Win64; x64) AppleWebKit/537.36 (KHTML, like Gecko) Chrome/56.0.2924.87 Safari/537.36|97
2017-03-09 10:11:58|GET|/js/metisMenu/metisMenu.js|200||GET /js/metisMenu/metisMenu.js HTTP/1.1|http://localhost:8888/admin/user/list|Mozilla/5.0 (Windows NT 6.1; Win64; x64) AppleWebKit/537.36 (KHTML, like Gecko) Chrome/56.0.2924.87 Safari/537.36|80
2017-03-09 10:11:58|GET|/img/adminHome/logout.png|200||GET /img/adminHome/logout.png HTTP/1.1|http://localhost:8888/admin/user/list|Mozilla/5.0 (Windows NT 6.1; Win64; x64) AppleWebKit/537.36 (KHTML, like Gecko) Chrome/56.0.2924.87 Safari/537.36|88
2017-03-09 10:11:58|GET|/font-awesome/fonts/fontawesome-webfont.woff2|200|?v=4.3.0|GET /font-awesome/fonts/fontawesome-webfont.woff2?v=4.3.0 HTTP/1.1|http://localhost:8888/font-awesome/css/font-awesome.css|Mozilla/5.0 (Windows NT 6.1; Win64; x64) AppleWebKit/537.36 (KHTML, like Gecko) Chrome/56.0.2924.87 Safari/537.36|46
2017-03-09 10:11:58|GET|/img/sort_asc.png|200||GET /img/sort_asc.png HTTP/1.1|http://localhost:8888/admin/user/list|Mozilla/5.0 (Windows NT 6.1; Win64; x64) AppleWebKit/537.36 (KHTML, like Gecko) Chrome/56.0.2924.87 Safari/537.36|41
2017-03-09 10:11:58|GET|/img/sort_desc.png|200||GET /img/sort_desc.png HTTP/1.1|http://localhost:8888/admin/user/list|Mozilla/5.0 (Windows NT 6.1; Win64; x64) AppleWebKit/537.36 (KHTML, like Gecko) Chrome/56.0.2924.87 Safari/537.36|69
2017-03-09 10:11:58|GET|/favicon.ico|200||GET /favicon.ico HTTP/1.1|http://localhost:8888/admin/user/list|Mozilla/5.0 (Windows NT 6.1; Win64; x64) AppleWebKit/537.36 (KHTML, like Gecko) Chrome/56.0.2924.87 Safari/537.36|47
2017-03-09 10:11:58|GET|/admin/user/last-login-pop|200||GET /admin/user/last-login-pop HTTP/1.1|http://localhost:8888/admin/user/list|Mozilla/5.0 (Windows NT 6.1; Win64; x64) AppleWebKit/537.36 (KHTML, like Gecko) Chrome/56.0.2924.87 Safari/537.36|143
2017-03-09 10:12:08|GET|/admin/user/list|200||GET /admin/user/list HTTP/1.1|http://localhost:8888/|Mozilla/5.0 (Windows NT 6.1; Win64; x64) AppleWebKit/537.36 (KHTML, like Gecko) Chrome/56.0.2924.87 Safari/537.36|627
2017-03-09 10:12:08|GET|/css/bootstrap.min.css|200||GET /css/bootstrap.min.css HTTP/1.1|http://localhost:8888/admin/user/list|Mozilla/5.0 (Windows NT 6.1; Win64; x64) AppleWebKit/537.36 (KHTML, like Gecko) Chrome/56.0.2924.87 Safari/537.36|38
2017-03-09 10:12:08|GET|/font-awesome/css/font-awesome.css|200||GET /font-awesome/css/font-awesome.css HTTP/1.1|http://localhost:8888/admin/user/list|Mozilla/5.0 (Windows NT 6.1; Win64; x64) AppleWebKit/537.36 (KHTML, like Gecko) Chrome/56.0.2924.87 Safari/537.36|38
2017-03-09 10:12:08|GET|/css/sb-admin-2.css|200||GET /css/sb-admin-2.css HTTP/1.1|http://localhost:8888/admin/user/list|Mozilla/5.0 (Windows NT 6.1; Win64; x64) AppleWebKit/537.36 (KHTML, like Gecko) Chrome/56.0.2924.87 Safari/537.36|37
2017-03-09 10:12:08|GET|/js/jquery-1.11.2.min.js|200||GET /js/jquery-1.11.2.min.js HTTP/1.1|http://localhost:8888/admin/user/list|Mozilla/5.0 (Windows NT 6.1; Win64; x64) AppleWebKit/537.36 (KHTML, like Gecko) Chrome/56.0.2924.87 Safari/537.36|40
2017-03-09 10:12:08|GET|/js/bootstrap.min.js|200||GET /js/bootstrap.min.js HTTP/1.1|http://localhost:8888/admin/user/list|Mozilla/5.0 (Windows NT 6.1; Win64; x64) AppleWebKit/537.36 (KHTML, like Gecko) Chrome/56.0.2924.87 Safari/537.36|45
2017-03-09 10:12:08|GET|/img/adminHome/menu.png|200||GET /img/adminHome/menu.png HTTP/1.1|http://localhost:8888/admin/user/list|Mozilla/5.0 (Windows NT 6.1; Win64; x64) AppleWebKit/537.36 (KHTML, like Gecko) Chrome/56.0.2924.87 Safari/537.36|36
2017-03-09 10:12:08|GET|/img/adminHome/home.png|200||GET /img/adminHome/home.png HTTP/1.1|http://localhost:8888/admin/user/list|Mozilla/5.0 (Windows NT 6.1; Win64; x64) AppleWebKit/537.36 (KHTML, like Gecko) Chrome/56.0.2924.87 Safari/537.36|39
2017-03-09 10:12:08|GET|/js/sb-admin-2.js|200||GET /js/sb-admin-2.js HTTP/1.1|http://localhost:8888/admin/user/list|Mozilla/5.0 (Windows NT 6.1; Win64; x64) AppleWebKit/537.36 (KHTML, like Gecko) Chrome/56.0.2924.87 Safari/537.36|37
2017-03-09 10:12:08|GET|/img/adminHome/logout.png|200||GET /img/adminHome/logout.png HTTP/1.1|http://localhost:8888/admin/user/list|Mozilla/5.0 (Windows NT 6.1; Win64; x64) AppleWebKit/537.36 (KHTML, like Gecko) Chrome/56.0.2924.87 Safari/537.36|39
2017-03-09 10:12:08|GET|/js/metisMenu/metisMenu.js|200||GET /js/metisMenu/metisMenu.js HTTP/1.1|http://localhost:8888/admin/user/list|Mozilla/5.0 (Windows NT 6.1; Win64; x64) AppleWebKit/537.36 (KHTML, like Gecko) Chrome/56.0.2924.87 Safari/537.36|43
2017-03-09 10:12:08|GET|/font-awesome/fonts/fontawesome-webfont.woff2|200|?v=4.3.0|GET /font-awesome/fonts/fontawesome-webfont.woff2?v=4.3.0 HTTP/1.1|http://localhost:8888/font-awesome/css/font-awesome.css|Mozilla/5.0 (Windows NT 6.1; Win64; x64) AppleWebKit/537.36 (KHTML, like Gecko) Chrome/56.0.2924.87 Safari/537.36|40
2017-03-09 10:12:08|GET|/img/sort_asc.png|200||GET /img/sort_asc.png HTTP/1.1|http://localhost:8888/admin/user/list|Mozilla/5.0 (Windows NT 6.1; Win64; x64) AppleWebKit/537.36 (KHTML, like Gecko) Chrome/56.0.2924.87 Safari/537.36|35
2017-03-09 10:12:08|GET|/img/sort_desc.png|200||GET /img/sort_desc.png HTTP/1.1|http://localhost:8888/admin/user/list|Mozilla/5.0 (Windows NT 6.1; Win64; x64) AppleWebKit/537.36 (KHTML, like Gecko) Chrome/56.0.2924.87 Safari/537.36|34
2017-03-09 10:12:08|GET|/favicon.ico|200||GET /favicon.ico HTTP/1.1|http://localhost:8888/admin/user/list|Mozilla/5.0 (Windows NT 6.1; Win64; x64) AppleWebKit/537.36 (KHTML, like Gecko) Chrome/56.0.2924.87 Safari/537.36|30
2017-03-09 10:12:08|GET|/admin/user/last-login-pop|200||GET /admin/user/last-login-pop HTTP/1.1|http://localhost:8888/admin/user/list|Mozilla/5.0 (Windows NT 6.1; Win64; x64) AppleWebKit/537.36 (KHTML, like Gecko) Chrome/56.0.2924.87 Safari/537.36|136
2017-03-09 10:12:10|GET|/admin/user/list|200||GET /admin/user/list HTTP/1.1|http://localhost:8888/|Mozilla/5.0 (Windows NT 6.1; Win64; x64) AppleWebKit/537.36 (KHTML, like Gecko) Chrome/56.0.2924.87 Safari/537.36|572
2017-03-09 10:12:10|GET|/css/sb-admin-2.css|200||GET /css/sb-admin-2.css HTTP/1.1|http://localhost:8888/admin/user/list|Mozilla/5.0 (Windows NT 6.1; Win64; x64) AppleWebKit/537.36 (KHTML, like Gecko) Chrome/56.0.2924.87 Safari/537.36|45
2017-03-09 10:12:10|GET|/js/jquery-1.11.2.min.js|200||GET /js/jquery-1.11.2.min.js HTTP/1.1|http://localhost:8888/admin/user/list|Mozilla/5.0 (Windows NT 6.1; Win64; x64) AppleWebKit/537.36 (KHTML, like Gecko) Chrome/56.0.2924.87 Safari/537.36|46
2017-03-09 10:12:10|GET|/font-awesome/css/font-awesome.css|200||GET /font-awesome/css/font-awesome.css HTTP/1.1|http://localhost:8888/admin/user/list|Mozilla/5.0 (Windows NT 6.1; Win64; x64) AppleWebKit/537.36 (KHTML, like Gecko) Chrome/56.0.2924.87 Safari/537.36|46
2017-03-09 10:12:10|GET|/css/bootstrap.min.css|200||GET /css/bootstrap.min.css HTTP/1.1|http://localhost:8888/admin/user/list|Mozilla/5.0 (Windows NT 6.1; Win64; x64) AppleWebKit/537.36 (KHTML, like Gecko) Chrome/56.0.2924.87 Safari/537.36|63
2017-03-09 10:12:10|GET|/js/metisMenu/metisMenu.js|200||GET /js/metisMenu/metisMenu.js HTTP/1.1|http://localhost:8888/admin/user/list|Mozilla/5.0 (Windows NT 6.1; Win64; x64) AppleWebKit/537.36 (KHTML, like Gecko) Chrome/56.0.2924.87 Safari/537.36|35
2017-03-09 10:12:10|GET|/js/bootstrap.min.js|200||GET /js/bootstrap.min.js HTTP/1.1|http://localhost:8888/admin/user/list|Mozilla/5.0 (Windows NT 6.1; Win64; x64) AppleWebKit/537.36 (KHTML, like Gecko) Chrome/56.0.2924.87 Safari/537.36|39
2017-03-09 10:12:10|GET|/img/adminHome/menu.png|200||GET /img/adminHome/menu.png HTTP/1.1|http://localhost:8888/admin/user/list|Mozilla/5.0 (Windows NT 6.1; Win64; x64) AppleWebKit/537.36 (KHTML, like Gecko) Chrome/56.0.2924.87 Safari/537.36|40
2017-03-09 10:12:10|GET|/img/adminHome/home.png|200||GET /img/adminHome/home.png HTTP/1.1|http://localhost:8888/admin/user/list|Mozilla/5.0 (Windows NT 6.1; Win64; x64) AppleWebKit/537.36 (KHTML, like Gecko) Chrome/56.0.2924.87 Safari/537.36|43
2017-03-09 10:12:10|GET|/js/sb-admin-2.js|200||GET /js/sb-admin-2.js HTTP/1.1|http://localhost:8888/admin/user/list|Mozilla/5.0 (Windows NT 6.1; Win64; x64) AppleWebKit/537.36 (KHTML, like Gecko) Chrome/56.0.2924.87 Safari/537.36|47
2017-03-09 10:12:10|GET|/img/adminHome/logout.png|200||GET /img/adminHome/logout.png HTTP/1.1|http://localhost:8888/admin/user/list|Mozilla/5.0 (Windows NT 6.1; Win64; x64) AppleWebKit/537.36 (KHTML, like Gecko) Chrome/56.0.2924.87 Safari/537.36|48
2017-03-09 10:12:10|GET|/img/sort_desc.png|200||GET /img/sort_desc.png HTTP/1.1|http://localhost:8888/admin/user/list|Mozilla/5.0 (Windows NT 6.1; Win64; x64) AppleWebKit/537.36 (KHTML, like Gecko) Chrome/56.0.2924.87 Safari/537.36|37
2017-03-09 10:12:10|GET|/font-awesome/fonts/fontawesome-webfont.woff2|200|?v=4.3.0|GET /font-awesome/fonts/fontawesome-webfont.woff2?v=4.3.0 HTTP/1.1|http://localhost:8888/font-awesome/css/font-awesome.css|Mozilla/5.0 (Windows NT 6.1; Win64; x64) AppleWebKit/537.36 (KHTML, like Gecko) Chrome/56.0.2924.87 Safari/537.36|43
2017-03-09 10:12:10|GET|/img/sort_asc.png|200||GET /img/sort_asc.png HTTP/1.1|http://localhost:8888/admin/user/list|Mozilla/5.0 (Windows NT 6.1; Win64; x64) AppleWebKit/537.36 (KHTML, like Gecko) Chrome/56.0.2924.87 Safari/537.36|40
2017-03-09 10:12:10|GET|/favicon.ico|200||GET /favicon.ico HTTP/1.1|http://localhost:8888/admin/user/list|Mozilla/5.0 (Windows NT 6.1; Win64; x64) AppleWebKit/537.36 (KHTML, like Gecko) Chrome/56.0.2924.87 Safari/537.36|34
2017-03-09 10:12:10|GET|/admin/user/last-login-pop|200||GET /admin/user/last-login-pop HTTP/1.1|http://localhost:8888/admin/user/list|Mozilla/5.0 (Windows NT 6.1; Win64; x64) AppleWebKit/537.36 (KHTML, like Gecko) Chrome/56.0.2924.87 Safari/537.36|126
2017-03-09 10:12:11|GET|/admin/user/list|200||GET /admin/user/list HTTP/1.1|http://localhost:8888/|Mozilla/5.0 (Windows NT 6.1; Win64; x64) AppleWebKit/537.36 (KHTML, like Gecko) Chrome/56.0.2924.87 Safari/537.36|620
2017-03-09 10:12:11|GET|/font-awesome/css/font-awesome.css|200||GET /font-awesome/css/font-awesome.css HTTP/1.1|http://localhost:8888/admin/user/list|Mozilla/5.0 (Windows NT 6.1; Win64; x64) AppleWebKit/537.36 (KHTML, like Gecko) Chrome/56.0.2924.87 Safari/537.36|45
2017-03-09 10:12:11|GET|/js/jquery-1.11.2.min.js|200||GET /js/jquery-1.11.2.min.js HTTP/1.1|http://localhost:8888/admin/user/list|Mozilla/5.0 (Windows NT 6.1; Win64; x64) AppleWebKit/537.36 (KHTML, like Gecko) Chrome/56.0.2924.87 Safari/537.36|45
2017-03-09 10:12:11|GET|/css/bootstrap.min.css|200||GET /css/bootstrap.min.css HTTP/1.1|http://localhost:8888/admin/user/list|Mozilla/5.0 (Windows NT 6.1; Win64; x64) AppleWebKit/537.36 (KHTML, like Gecko) Chrome/56.0.2924.87 Safari/537.36|44
2017-03-09 10:12:11|GET|/css/sb-admin-2.css|200||GET /css/sb-admin-2.css HTTP/1.1|http://localhost:8888/admin/user/list|Mozilla/5.0 (Windows NT 6.1; Win64; x64) AppleWebKit/537.36 (KHTML, like Gecko) Chrome/56.0.2924.87 Safari/537.36|46
2017-03-09 10:12:11|GET|/js/bootstrap.min.js|200||GET /js/bootstrap.min.js HTTP/1.1|http://localhost:8888/admin/user/list|Mozilla/5.0 (Windows NT 6.1; Win64; x64) AppleWebKit/537.36 (KHTML, like Gecko) Chrome/56.0.2924.87 Safari/537.36|33
2017-03-09 10:12:11|GET|/img/adminHome/menu.png|200||GET /img/adminHome/menu.png HTTP/1.1|http://localhost:8888/admin/user/list|Mozilla/5.0 (Windows NT 6.1; Win64; x64) AppleWebKit/537.36 (KHTML, like Gecko) Chrome/56.0.2924.87 Safari/537.36|37
2017-03-09 10:12:11|GET|/img/adminHome/home.png|200||GET /img/adminHome/home.png HTTP/1.1|http://localhost:8888/admin/user/list|Mozilla/5.0 (Windows NT 6.1; Win64; x64) AppleWebKit/537.36 (KHTML, like Gecko) Chrome/56.0.2924.87 Safari/537.36|38
2017-03-09 10:12:11|GET|/js/metisMenu/metisMenu.js|200||GET /js/metisMenu/metisMenu.js HTTP/1.1|http://localhost:8888/admin/user/list|Mozilla/5.0 (Windows NT 6.1; Win64; x64) AppleWebKit/537.36 (KHTML, like Gecko) Chrome/56.0.2924.87 Safari/537.36|38
2017-03-09 10:12:11|GET|/js/sb-admin-2.js|200||GET /js/sb-admin-2.js HTTP/1.1|http://localhost:8888/admin/user/list|Mozilla/5.0 (Windows NT 6.1; Win64; x64) AppleWebKit/537.36 (KHTML, like Gecko) Chrome/56.0.2924.87 Safari/537.36|38
2017-03-09 10:12:11|GET|/img/adminHome/logout.png|200||GET /img/adminHome/logout.png HTTP/1.1|http://localhost:8888/admin/user/list|Mozilla/5.0 (Windows NT 6.1; Win64; x64) AppleWebKit/537.36 (KHTML, like Gecko) Chrome/56.0.2924.87 Safari/537.36|39
2017-03-09 10:12:11|GET|/font-awesome/fonts/fontawesome-webfont.woff2|200|?v=4.3.0|GET /font-awesome/fonts/fontawesome-webfont.woff2?v=4.3.0 HTTP/1.1|http://localhost:8888/font-awesome/css/font-awesome.css|Mozilla/5.0 (Windows NT 6.1; Win64; x64) AppleWebKit/537.36 (KHTML, like Gecko) Chrome/56.0.2924.87 Safari/537.36|41
2017-03-09 10:12:11|GET|/img/sort_asc.png|200||GET /img/sort_asc.png HTTP/1.1|http://localhost:8888/admin/user/list|Mozilla/5.0 (Windows NT 6.1; Win64; x64) AppleWebKit/537.36 (KHTML, like Gecko) Chrome/56.0.2924.87 Safari/537.36|28
2017-03-09 10:12:11|GET|/img/sort_desc.png|200||GET /img/sort_desc.png HTTP/1.1|http://localhost:8888/admin/user/list|Mozilla/5.0 (Windows NT 6.1; Win64; x64) AppleWebKit/537.36 (KHTML, like Gecko) Chrome/56.0.2924.87 Safari/537.36|30
2017-03-09 10:12:11|GET|/favicon.ico|200||GET /favicon.ico HTTP/1.1|http://localhost:8888/admin/user/list|Mozilla/5.0 (Windows NT 6.1; Win64; x64) AppleWebKit/537.36 (KHTML, like Gecko) Chrome/56.0.2924.87 Safari/537.36|30
2017-03-09 10:12:11|GET|/admin/user/last-login-pop|200||GET /admin/user/last-login-pop HTTP/1.1|http://localhost:8888/admin/user/list|Mozilla/5.0 (Windows NT 6.1; Win64; x64) AppleWebKit/537.36 (KHTML, like Gecko) Chrome/56.0.2924.87 Safari/537.36|115
2017-03-09 10:12:15|GET|/admin/user/list|200||GET /admin/user/list HTTP/1.1|http://localhost:8888/|Mozilla/5.0 (Windows NT 6.1; Win64; x64) AppleWebKit/537.36 (KHTML, like Gecko) Chrome/56.0.2924.87 Safari/537.36|575
2017-03-09 10:12:15|GET|/css/bootstrap.min.css|200||GET /css/bootstrap.min.css HTTP/1.1|http://localhost:8888/admin/user/list|Mozilla/5.0 (Windows NT 6.1; Win64; x64) AppleWebKit/537.36 (KHTML, like Gecko) Chrome/56.0.2924.87 Safari/537.36|32
2017-03-09 10:12:15|GET|/font-awesome/css/font-awesome.css|200||GET /font-awesome/css/font-awesome.css HTTP/1.1|http://localhost:8888/admin/user/list|Mozilla/5.0 (Windows NT 6.1; Win64; x64) AppleWebKit/537.36 (KHTML, like Gecko) Chrome/56.0.2924.87 Safari/537.36|36
2017-03-09 10:12:15|GET|/css/sb-admin-2.css|200||GET /css/sb-admin-2.css HTTP/1.1|http://localhost:8888/admin/user/list|Mozilla/5.0 (Windows NT 6.1; Win64; x64) AppleWebKit/537.36 (KHTML, like Gecko) Chrome/56.0.2924.87 Safari/537.36|41
2017-03-09 10:12:15|GET|/js/jquery-1.11.2.min.js|200||GET /js/jquery-1.11.2.min.js HTTP/1.1|http://localhost:8888/admin/user/list|Mozilla/5.0 (Windows NT 6.1; Win64; x64) AppleWebKit/537.36 (KHTML, like Gecko) Chrome/56.0.2924.87 Safari/537.36|46
2017-03-09 10:12:15|GET|/js/bootstrap.min.js|200||GET /js/bootstrap.min.js HTTP/1.1|http://localhost:8888/admin/user/list|Mozilla/5.0 (Windows NT 6.1; Win64; x64) AppleWebKit/537.36 (KHTML, like Gecko) Chrome/56.0.2924.87 Safari/537.36|40
2017-03-09 10:12:15|GET|/js/sb-admin-2.js|200||GET /js/sb-admin-2.js HTTP/1.1|http://localhost:8888/admin/user/list|Mozilla/5.0 (Windows NT 6.1; Win64; x64) AppleWebKit/537.36 (KHTML, like Gecko) Chrome/56.0.2924.87 Safari/537.36|34
2017-03-09 10:12:15|GET|/img/adminHome/home.png|200||GET /img/adminHome/home.png HTTP/1.1|http://localhost:8888/admin/user/list|Mozilla/5.0 (Windows NT 6.1; Win64; x64) AppleWebKit/537.36 (KHTML, like Gecko) Chrome/56.0.2924.87 Safari/537.36|40
2017-03-09 10:12:15|GET|/img/adminHome/logout.png|200||GET /img/adminHome/logout.png HTTP/1.1|http://localhost:8888/admin/user/list|Mozilla/5.0 (Windows NT 6.1; Win64; x64) AppleWebKit/537.36 (KHTML, like Gecko) Chrome/56.0.2924.87 Safari/537.36|41
2017-03-09 10:12:15|GET|/js/metisMenu/metisMenu.js|200||GET /js/metisMenu/metisMenu.js HTTP/1.1|http://localhost:8888/admin/user/list|Mozilla/5.0 (Windows NT 6.1; Win64; x64) AppleWebKit/537.36 (KHTML, like Gecko) Chrome/56.0.2924.87 Safari/537.36|44
2017-03-09 10:12:15|GET|/img/adminHome/menu.png|200||GET /img/adminHome/menu.png HTTP/1.1|http://localhost:8888/admin/user/list|Mozilla/5.0 (Windows NT 6.1; Win64; x64) AppleWebKit/537.36 (KHTML, like Gecko) Chrome/56.0.2924.87 Safari/537.36|60
2017-03-09 10:12:15|GET|/font-awesome/fonts/fontawesome-webfont.woff2|200|?v=4.3.0|GET /font-awesome/fonts/fontawesome-webfont.woff2?v=4.3.0 HTTP/1.1|http://localhost:8888/font-awesome/css/font-awesome.css|Mozilla/5.0 (Windows NT 6.1; Win64; x64) AppleWebKit/537.36 (KHTML, like Gecko) Chrome/56.0.2924.87 Safari/537.36|40
2017-03-09 10:12:15|GET|/img/sort_asc.png|200||GET /img/sort_asc.png HTTP/1.1|http://localhost:8888/admin/user/list|Mozilla/5.0 (Windows NT 6.1; Win64; x64) AppleWebKit/537.36 (KHTML, like Gecko) Chrome/56.0.2924.87 Safari/537.36|40
2017-03-09 10:12:15|GET|/img/sort_desc.png|200||GET /img/sort_desc.png HTTP/1.1|http://localhost:8888/admin/user/list|Mozilla/5.0 (Windows NT 6.1; Win64; x64) AppleWebKit/537.36 (KHTML, like Gecko) Chrome/56.0.2924.87 Safari/537.36|46
2017-03-09 10:12:15|GET|/favicon.ico|200||GET /favicon.ico HTTP/1.1|http://localhost:8888/admin/user/list|Mozilla/5.0 (Windows NT 6.1; Win64; x64) AppleWebKit/537.36 (KHTML, like Gecko) Chrome/56.0.2924.87 Safari/537.36|38
2017-03-09 10:12:15|GET|/admin/user/last-login-pop|200||GET /admin/user/last-login-pop HTTP/1.1|http://localhost:8888/admin/user/list|Mozilla/5.0 (Windows NT 6.1; Win64; x64) AppleWebKit/537.36 (KHTML, like Gecko) Chrome/56.0.2924.87 Safari/537.36|120
2017-03-09 10:12:19|GET|/admin/user/list|200|?page=1&size=10&sort=regDate,DESC|GET /admin/user/list?page=1&size=10&sort=regDate,DESC HTTP/1.1|http://localhost:8888/admin/user/list|Mozilla/5.0 (Windows NT 6.1; Win64; x64) AppleWebKit/537.36 (KHTML, like Gecko) Chrome/56.0.2924.87 Safari/537.36|425
2017-03-09 10:12:19|GET|/admin/user/last-login-pop|200||GET /admin/user/last-login-pop HTTP/1.1|http://localhost:8888/admin/user/list?page=1&size=10&sort=regDate,DESC|Mozilla/5.0 (Windows NT 6.1; Win64; x64) AppleWebKit/537.36 (KHTML, like Gecko) Chrome/56.0.2924.87 Safari/537.36|126
2017-03-09 10:12:21|GET|/admin/user/list|200|?page=0&size=10&sort=regDate,DESC|GET /admin/user/list?page=0&size=10&sort=regDate,DESC HTTP/1.1|http://localhost:8888/admin/user/list?page=1&size=10&sort=regDate,DESC|Mozilla/5.0 (Windows NT 6.1; Win64; x64) AppleWebKit/537.36 (KHTML, like Gecko) Chrome/56.0.2924.87 Safari/537.36|607
2017-03-09 10:12:22|GET|/admin/user/last-login-pop|200||GET /admin/user/last-login-pop HTTP/1.1|http://localhost:8888/admin/user/list?page=0&size=10&sort=regDate,DESC|Mozilla/5.0 (Windows NT 6.1; Win64; x64) AppleWebKit/537.36 (KHTML, like Gecko) Chrome/56.0.2924.87 Safari/537.36|117
2017-03-09 10:12:33|GET|/admin/user/list|200|?page=0&size=10&sort=regDate,DESC|GET /admin/user/list?page=0&size=10&sort=regDate,DESC HTTP/1.1|http://localhost:8888/admin/user/list?page=1&size=10&sort=regDate,DESC|Mozilla/5.0 (Windows NT 6.1; Win64; x64) AppleWebKit/537.36 (KHTML, like Gecko) Chrome/56.0.2924.87 Safari/537.36|618
2017-03-09 10:12:33|GET|/css/sb-admin-2.css|200||GET /css/sb-admin-2.css HTTP/1.1|http://localhost:8888/admin/user/list?page=0&size=10&sort=regDate,DESC|Mozilla/5.0 (Windows NT 6.1; Win64; x64) AppleWebKit/537.36 (KHTML, like Gecko) Chrome/56.0.2924.87 Safari/537.36|36
2017-03-09 10:12:33|GET|/font-awesome/css/font-awesome.css|200||GET /font-awesome/css/font-awesome.css HTTP/1.1|http://localhost:8888/admin/user/list?page=0&size=10&sort=regDate,DESC|Mozilla/5.0 (Windows NT 6.1; Win64; x64) AppleWebKit/537.36 (KHTML, like Gecko) Chrome/56.0.2924.87 Safari/537.36|40
2017-03-09 10:12:33|GET|/css/bootstrap.min.css|200||GET /css/bootstrap.min.css HTTP/1.1|http://localhost:8888/admin/user/list?page=0&size=10&sort=regDate,DESC|Mozilla/5.0 (Windows NT 6.1; Win64; x64) AppleWebKit/537.36 (KHTML, like Gecko) Chrome/56.0.2924.87 Safari/537.36|41
2017-03-09 10:12:33|GET|/js/jquery-1.11.2.min.js|200||GET /js/jquery-1.11.2.min.js HTTP/1.1|http://localhost:8888/admin/user/list?page=0&size=10&sort=regDate,DESC|Mozilla/5.0 (Windows NT 6.1; Win64; x64) AppleWebKit/537.36 (KHTML, like Gecko) Chrome/56.0.2924.87 Safari/537.36|41
2017-03-09 10:12:33|GET|/js/bootstrap.min.js|200||GET /js/bootstrap.min.js HTTP/1.1|http://localhost:8888/admin/user/list?page=0&size=10&sort=regDate,DESC|Mozilla/5.0 (Windows NT 6.1; Win64; x64) AppleWebKit/537.36 (KHTML, like Gecko) Chrome/56.0.2924.87 Safari/537.36|45
2017-03-09 10:12:33|GET|/js/sb-admin-2.js|200||GET /js/sb-admin-2.js HTTP/1.1|http://localhost:8888/admin/user/list?page=0&size=10&sort=regDate,DESC|Mozilla/5.0 (Windows NT 6.1; Win64; x64) AppleWebKit/537.36 (KHTML, like Gecko) Chrome/56.0.2924.87 Safari/537.36|42
2017-03-09 10:12:33|GET|/img/adminHome/logout.png|200||GET /img/adminHome/logout.png HTTP/1.1|http://localhost:8888/admin/user/list?page=0&size=10&sort=regDate,DESC|Mozilla/5.0 (Windows NT 6.1; Win64; x64) AppleWebKit/537.36 (KHTML, like Gecko) Chrome/56.0.2924.87 Safari/537.36|42
2017-03-09 10:12:33|GET|/img/adminHome/menu.png|200||GET /img/adminHome/menu.png HTTP/1.1|http://localhost:8888/admin/user/list?page=0&size=10&sort=regDate,DESC|Mozilla/5.0 (Windows NT 6.1; Win64; x64) AppleWebKit/537.36 (KHTML, like Gecko) Chrome/56.0.2924.87 Safari/537.36|41
2017-03-09 10:12:33|GET|/js/metisMenu/metisMenu.js|200||GET /js/metisMenu/metisMenu.js HTTP/1.1|http://localhost:8888/admin/user/list?page=0&size=10&sort=regDate,DESC|Mozilla/5.0 (Windows NT 6.1; Win64; x64) AppleWebKit/537.36 (KHTML, like Gecko) Chrome/56.0.2924.87 Safari/537.36|42
2017-03-09 10:12:33|GET|/img/adminHome/home.png|200||GET /img/adminHome/home.png HTTP/1.1|http://localhost:8888/admin/user/list?page=0&size=10&sort=regDate,DESC|Mozilla/5.0 (Windows NT 6.1; Win64; x64) AppleWebKit/537.36 (KHTML, like Gecko) Chrome/56.0.2924.87 Safari/537.36|50
2017-03-09 10:12:33|GET|/font-awesome/fonts/fontawesome-webfont.woff2|200|?v=4.3.0|GET /font-awesome/fonts/fontawesome-webfont.woff2?v=4.3.0 HTTP/1.1|http://localhost:8888/font-awesome/css/font-awesome.css|Mozilla/5.0 (Windows NT 6.1; Win64; x64) AppleWebKit/537.36 (KHTML, like Gecko) Chrome/56.0.2924.87 Safari/537.36|38
2017-03-09 10:12:33|GET|/img/sort_desc.png|200||GET /img/sort_desc.png HTTP/1.1|http://localhost:8888/admin/user/list?page=0&size=10&sort=regDate,DESC|Mozilla/5.0 (Windows NT 6.1; Win64; x64) AppleWebKit/537.36 (KHTML, like Gecko) Chrome/56.0.2924.87 Safari/537.36|38
2017-03-09 10:12:33|GET|/img/sort_asc.png|200||GET /img/sort_asc.png HTTP/1.1|http://localhost:8888/admin/user/list?page=0&size=10&sort=regDate,DESC|Mozilla/5.0 (Windows NT 6.1; Win64; x64) AppleWebKit/537.36 (KHTML, like Gecko) Chrome/56.0.2924.87 Safari/537.36|39
2017-03-09 10:12:33|GET|/favicon.ico|200||GET /favicon.ico HTTP/1.1|http://localhost:8888/admin/user/list?page=0&size=10&sort=regDate,DESC|Mozilla/5.0 (Windows NT 6.1; Win64; x64) AppleWebKit/537.36 (KHTML, like Gecko) Chrome/56.0.2924.87 Safari/537.36|37
2017-03-09 10:12:33|GET|/admin/user/last-login-pop|200||GET /admin/user/last-login-pop HTTP/1.1|http://localhost:8888/admin/user/list?page=0&size=10&sort=regDate,DESC|Mozilla/5.0 (Windows NT 6.1; Win64; x64) AppleWebKit/537.36 (KHTML, like Gecko) Chrome/56.0.2924.87 Safari/537.36|136
2017-03-09 10:12:35|GET|/admin/user/list|200|?page=1&size=10&sort=regDate,DESC|GET /admin/user/list?page=1&size=10&sort=regDate,DESC HTTP/1.1|http://localhost:8888/admin/user/list?page=0&size=10&sort=regDate,DESC|Mozilla/5.0 (Windows NT 6.1; Win64; x64) AppleWebKit/537.36 (KHTML, like Gecko) Chrome/56.0.2924.87 Safari/537.36|450
2017-03-09 10:12:35|GET|/admin/user/last-login-pop|200||GET /admin/user/last-login-pop HTTP/1.1|http://localhost:8888/admin/user/list?page=1&size=10&sort=regDate,DESC|Mozilla/5.0 (Windows NT 6.1; Win64; x64) AppleWebKit/537.36 (KHTML, like Gecko) Chrome/56.0.2924.87 Safari/537.36|137
2017-03-09 10:12:38|GET|/admin/user/list|200|?page=0&size=10&sort=regDate,DESC|GET /admin/user/list?page=0&size=10&sort=regDate,DESC HTTP/1.1|http://localhost:8888/admin/user/list?page=1&size=10&sort=regDate,DESC|Mozilla/5.0 (Windows NT 6.1; Win64; x64) AppleWebKit/537.36 (KHTML, like Gecko) Chrome/56.0.2924.87 Safari/537.36|640
2017-03-09 10:12:38|GET|/admin/user/last-login-pop|200||GET /admin/user/last-login-pop HTTP/1.1|http://localhost:8888/admin/user/list?page=0&size=10&sort=regDate,DESC|Mozilla/5.0 (Windows NT 6.1; Win64; x64) AppleWebKit/537.36 (KHTML, like Gecko) Chrome/56.0.2924.87 Safari/537.36|124
2017-03-09 10:12:45|GET|/admin/user/list|200|?page=1&size=10&sort=regDate,DESC|GET /admin/user/list?page=1&size=10&sort=regDate,DESC HTTP/1.1|http://localhost:8888/admin/user/list?page=0&size=10&sort=regDate,DESC|Mozilla/5.0 (Windows NT 6.1; Win64; x64) AppleWebKit/537.36 (KHTML, like Gecko) Chrome/56.0.2924.87 Safari/537.36|456
2017-03-09 10:12:46|GET|/admin/user/last-login-pop|200||GET /admin/user/last-login-pop HTTP/1.1|http://localhost:8888/admin/user/list?page=1&size=10&sort=regDate,DESC|Mozilla/5.0 (Windows NT 6.1; Win64; x64) AppleWebKit/537.36 (KHTML, like Gecko) Chrome/56.0.2924.87 Safari/537.36|135
2017-03-09 10:12:48|GET|/admin/user/list|200|?page=0&size=10&sort=regDate,DESC|GET /admin/user/list?page=0&size=10&sort=regDate,DESC HTTP/1.1|http://localhost:8888/admin/user/list?page=1&size=10&sort=regDate,DESC|Mozilla/5.0 (Windows NT 6.1; Win64; x64) AppleWebKit/537.36 (KHTML, like Gecko) Chrome/56.0.2924.87 Safari/537.36|625
2017-03-09 10:12:49|GET|/admin/user/last-login-pop|200||GET /admin/user/last-login-pop HTTP/1.1|http://localhost:8888/admin/user/list?page=0&size=10&sort=regDate,DESC|Mozilla/5.0 (Windows NT 6.1; Win64; x64) AppleWebKit/537.36 (KHTML, like Gecko) Chrome/56.0.2924.87 Safari/537.36|131
2017-03-09 10:13:00|GET|/admin/user/list|200|?page=0&size=10&sort=regDate,DESC|GET /admin/user/list?page=0&size=10&sort=regDate,DESC HTTP/1.1|http://localhost:8888/admin/user/list?page=1&size=10&sort=regDate,DESC|Mozilla/5.0 (Windows NT 6.1; Win64; x64) AppleWebKit/537.36 (KHTML, like Gecko) Chrome/56.0.2924.87 Safari/537.36|600
2017-03-09 10:13:00|GET|/css/sb-admin-2.css|200||GET /css/sb-admin-2.css HTTP/1.1|http://localhost:8888/admin/user/list?page=0&size=10&sort=regDate,DESC|Mozilla/5.0 (Windows NT 6.1; Win64; x64) AppleWebKit/537.36 (KHTML, like Gecko) Chrome/56.0.2924.87 Safari/537.36|30
2017-03-09 10:13:00|GET|/css/bootstrap.min.css|200||GET /css/bootstrap.min.css HTTP/1.1|http://localhost:8888/admin/user/list?page=0&size=10&sort=regDate,DESC|Mozilla/5.0 (Windows NT 6.1; Win64; x64) AppleWebKit/537.36 (KHTML, like Gecko) Chrome/56.0.2924.87 Safari/537.36|32
2017-03-09 10:13:00|GET|/font-awesome/css/font-awesome.css|200||GET /font-awesome/css/font-awesome.css HTTP/1.1|http://localhost:8888/admin/user/list?page=0&size=10&sort=regDate,DESC|Mozilla/5.0 (Windows NT 6.1; Win64; x64) AppleWebKit/537.36 (KHTML, like Gecko) Chrome/56.0.2924.87 Safari/537.36|32
2017-03-09 10:13:00|GET|/js/jquery-1.11.2.min.js|200||GET /js/jquery-1.11.2.min.js HTTP/1.1|http://localhost:8888/admin/user/list?page=0&size=10&sort=regDate,DESC|Mozilla/5.0 (Windows NT 6.1; Win64; x64) AppleWebKit/537.36 (KHTML, like Gecko) Chrome/56.0.2924.87 Safari/537.36|34
2017-03-09 10:13:00|GET|/js/bootstrap.min.js|200||GET /js/bootstrap.min.js HTTP/1.1|http://localhost:8888/admin/user/list?page=0&size=10&sort=regDate,DESC|Mozilla/5.0 (Windows NT 6.1; Win64; x64) AppleWebKit/537.36 (KHTML, like Gecko) Chrome/56.0.2924.87 Safari/537.36|39
2017-03-09 10:13:00|GET|/img/adminHome/logout.png|200||GET /img/adminHome/logout.png HTTP/1.1|http://localhost:8888/admin/user/list?page=0&size=10&sort=regDate,DESC|Mozilla/5.0 (Windows NT 6.1; Win64; x64) AppleWebKit/537.36 (KHTML, like Gecko) Chrome/56.0.2924.87 Safari/537.36|33
2017-03-09 10:13:00|GET|/img/adminHome/menu.png|200||GET /img/adminHome/menu.png HTTP/1.1|http://localhost:8888/admin/user/list?page=0&size=10&sort=regDate,DESC|Mozilla/5.0 (Windows NT 6.1; Win64; x64) AppleWebKit/537.36 (KHTML, like Gecko) Chrome/56.0.2924.87 Safari/537.36|33
2017-03-09 10:13:00|GET|/js/sb-admin-2.js|200||GET /js/sb-admin-2.js HTTP/1.1|http://localhost:8888/admin/user/list?page=0&size=10&sort=regDate,DESC|Mozilla/5.0 (Windows NT 6.1; Win64; x64) AppleWebKit/537.36 (KHTML, like Gecko) Chrome/56.0.2924.87 Safari/537.36|34
2017-03-09 10:13:00|GET|/img/adminHome/home.png|200||GET /img/adminHome/home.png HTTP/1.1|http://localhost:8888/admin/user/list?page=0&size=10&sort=regDate,DESC|Mozilla/5.0 (Windows NT 6.1; Win64; x64) AppleWebKit/537.36 (KHTML, like Gecko) Chrome/56.0.2924.87 Safari/537.36|33
2017-03-09 10:13:00|GET|/js/metisMenu/metisMenu.js|200||GET /js/metisMenu/metisMenu.js HTTP/1.1|http://localhost:8888/admin/user/list?page=0&size=10&sort=regDate,DESC|Mozilla/5.0 (Windows NT 6.1; Win64; x64) AppleWebKit/537.36 (KHTML, like Gecko) Chrome/56.0.2924.87 Safari/537.36|43
2017-03-09 10:13:00|GET|/font-awesome/fonts/fontawesome-webfont.woff2|200|?v=4.3.0|GET /font-awesome/fonts/fontawesome-webfont.woff2?v=4.3.0 HTTP/1.1|http://localhost:8888/font-awesome/css/font-awesome.css|Mozilla/5.0 (Windows NT 6.1; Win64; x64) AppleWebKit/537.36 (KHTML, like Gecko) Chrome/56.0.2924.87 Safari/537.36|41
2017-03-09 10:13:00|GET|/img/sort_desc.png|200||GET /img/sort_desc.png HTTP/1.1|http://localhost:8888/admin/user/list?page=0&size=10&sort=regDate,DESC|Mozilla/5.0 (Windows NT 6.1; Win64; x64) AppleWebKit/537.36 (KHTML, like Gecko) Chrome/56.0.2924.87 Safari/537.36|35
2017-03-09 10:13:00|GET|/img/sort_asc.png|200||GET /img/sort_asc.png HTTP/1.1|http://localhost:8888/admin/user/list?page=0&size=10&sort=regDate,DESC|Mozilla/5.0 (Windows NT 6.1; Win64; x64) AppleWebKit/537.36 (KHTML, like Gecko) Chrome/56.0.2924.87 Safari/537.36|33
2017-03-09 10:13:00|GET|/favicon.ico|200||GET /favicon.ico HTTP/1.1|http://localhost:8888/admin/user/list?page=0&size=10&sort=regDate,DESC|Mozilla/5.0 (Windows NT 6.1; Win64; x64) AppleWebKit/537.36 (KHTML, like Gecko) Chrome/56.0.2924.87 Safari/537.36|31
2017-03-09 10:13:00|GET|/admin/user/last-login-pop|200||GET /admin/user/last-login-pop HTTP/1.1|http://localhost:8888/admin/user/list?page=0&size=10&sort=regDate,DESC|Mozilla/5.0 (Windows NT 6.1; Win64; x64) AppleWebKit/537.36 (KHTML, like Gecko) Chrome/56.0.2924.87 Safari/537.36|119
2017-03-09 10:13:09|GET|/admin/user/list|200|?page=0&size=10&sort=regDate,DESC|GET /admin/user/list?page=0&size=10&sort=regDate,DESC HTTP/1.1|http://localhost:8888/admin/user/list?page=1&size=10&sort=regDate,DESC|Mozilla/5.0 (Windows NT 6.1; Win64; x64) AppleWebKit/537.36 (KHTML, like Gecko) Chrome/56.0.2924.87 Safari/537.36|551
2017-03-09 10:13:09|GET|/font-awesome/css/font-awesome.css|200||GET /font-awesome/css/font-awesome.css HTTP/1.1|http://localhost:8888/admin/user/list?page=0&size=10&sort=regDate,DESC|Mozilla/5.0 (Windows NT 6.1; Win64; x64) AppleWebKit/537.36 (KHTML, like Gecko) Chrome/56.0.2924.87 Safari/537.36|37
2017-03-09 10:13:09|GET|/css/sb-admin-2.css|200||GET /css/sb-admin-2.css HTTP/1.1|http://localhost:8888/admin/user/list?page=0&size=10&sort=regDate,DESC|Mozilla/5.0 (Windows NT 6.1; Win64; x64) AppleWebKit/537.36 (KHTML, like Gecko) Chrome/56.0.2924.87 Safari/537.36|38
2017-03-09 10:13:09|GET|/css/bootstrap.min.css|200||GET /css/bootstrap.min.css HTTP/1.1|http://localhost:8888/admin/user/list?page=0&size=10&sort=regDate,DESC|Mozilla/5.0 (Windows NT 6.1; Win64; x64) AppleWebKit/537.36 (KHTML, like Gecko) Chrome/56.0.2924.87 Safari/537.36|40
2017-03-09 10:13:10|GET|/js/jquery-1.11.2.min.js|200||GET /js/jquery-1.11.2.min.js HTTP/1.1|http://localhost:8888/admin/user/list?page=0&size=10&sort=regDate,DESC|Mozilla/5.0 (Windows NT 6.1; Win64; x64) AppleWebKit/537.36 (KHTML, like Gecko) Chrome/56.0.2924.87 Safari/537.36|44
2017-03-09 10:13:10|GET|/js/bootstrap.min.js|200||GET /js/bootstrap.min.js HTTP/1.1|http://localhost:8888/admin/user/list?page=0&size=10&sort=regDate,DESC|Mozilla/5.0 (Windows NT 6.1; Win64; x64) AppleWebKit/537.36 (KHTML, like Gecko) Chrome/56.0.2924.87 Safari/537.36|47
2017-03-09 10:13:10|GET|/img/adminHome/logout.png|200||GET /img/adminHome/logout.png HTTP/1.1|http://localhost:8888/admin/user/list?page=0&size=10&sort=regDate,DESC|Mozilla/5.0 (Windows NT 6.1; Win64; x64) AppleWebKit/537.36 (KHTML, like Gecko) Chrome/56.0.2924.87 Safari/537.36|37
2017-03-09 10:13:10|GET|/js/metisMenu/metisMenu.js|200||GET /js/metisMenu/metisMenu.js HTTP/1.1|http://localhost:8888/admin/user/list?page=0&size=10&sort=regDate,DESC|Mozilla/5.0 (Windows NT 6.1; Win64; x64) AppleWebKit/537.36 (KHTML, like Gecko) Chrome/56.0.2924.87 Safari/537.36|38
2017-03-09 10:13:10|GET|/img/adminHome/home.png|200||GET /img/adminHome/home.png HTTP/1.1|http://localhost:8888/admin/user/list?page=0&size=10&sort=regDate,DESC|Mozilla/5.0 (Windows NT 6.1; Win64; x64) AppleWebKit/537.36 (KHTML, like Gecko) Chrome/56.0.2924.87 Safari/537.36|38
2017-03-09 10:13:10|GET|/img/adminHome/menu.png|200||GET /img/adminHome/menu.png HTTP/1.1|http://localhost:8888/admin/user/list?page=0&size=10&sort=regDate,DESC|Mozilla/5.0 (Windows NT 6.1; Win64; x64) AppleWebKit/537.36 (KHTML, like Gecko) Chrome/56.0.2924.87 Safari/537.36|37
2017-03-09 10:13:10|GET|/js/sb-admin-2.js|200||GET /js/sb-admin-2.js HTTP/1.1|http://localhost:8888/admin/user/list?page=0&size=10&sort=regDate,DESC|Mozilla/5.0 (Windows NT 6.1; Win64; x64) AppleWebKit/537.36 (KHTML, like Gecko) Chrome/56.0.2924.87 Safari/537.36|41
2017-03-09 10:13:10|GET|/font-awesome/fonts/fontawesome-webfont.woff2|200|?v=4.3.0|GET /font-awesome/fonts/fontawesome-webfont.woff2?v=4.3.0 HTTP/1.1|http://localhost:8888/font-awesome/css/font-awesome.css|Mozilla/5.0 (Windows NT 6.1; Win64; x64) AppleWebKit/537.36 (KHTML, like Gecko) Chrome/56.0.2924.87 Safari/537.36|35
2017-03-09 10:13:10|GET|/img/sort_desc.png|200||GET /img/sort_desc.png HTTP/1.1|http://localhost:8888/admin/user/list?page=0&size=10&sort=regDate,DESC|Mozilla/5.0 (Windows NT 6.1; Win64; x64) AppleWebKit/537.36 (KHTML, like Gecko) Chrome/56.0.2924.87 Safari/537.36|39
2017-03-09 10:13:10|GET|/img/sort_asc.png|200||GET /img/sort_asc.png HTTP/1.1|http://localhost:8888/admin/user/list?page=0&size=10&sort=regDate,DESC|Mozilla/5.0 (Windows NT 6.1; Win64; x64) AppleWebKit/537.36 (KHTML, like Gecko) Chrome/56.0.2924.87 Safari/537.36|40
2017-03-09 10:13:10|GET|/favicon.ico|200||GET /favicon.ico HTTP/1.1|http://localhost:8888/admin/user/list?page=0&size=10&sort=regDate,DESC|Mozilla/5.0 (Windows NT 6.1; Win64; x64) AppleWebKit/537.36 (KHTML, like Gecko) Chrome/56.0.2924.87 Safari/537.36|36
2017-03-09 10:13:10|GET|/admin/user/last-login-pop|200||GET /admin/user/last-login-pop HTTP/1.1|http://localhost:8888/admin/user/list?page=0&size=10&sort=regDate,DESC|Mozilla/5.0 (Windows NT 6.1; Win64; x64) AppleWebKit/537.36 (KHTML, like Gecko) Chrome/56.0.2924.87 Safari/537.36|112
2017-03-09 10:13:11|GET|/admin/user/list|200|?page=0&size=10&sort=regDate,DESC|GET /admin/user/list?page=0&size=10&sort=regDate,DESC HTTP/1.1|http://localhost:8888/admin/user/list?page=1&size=10&sort=regDate,DESC|Mozilla/5.0 (Windows NT 6.1; Win64; x64) AppleWebKit/537.36 (KHTML, like Gecko) Chrome/56.0.2924.87 Safari/537.36|566
2017-03-09 10:13:11|GET|/font-awesome/css/font-awesome.css|200||GET /font-awesome/css/font-awesome.css HTTP/1.1|http://localhost:8888/admin/user/list?page=0&size=10&sort=regDate,DESC|Mozilla/5.0 (Windows NT 6.1; Win64; x64) AppleWebKit/537.36 (KHTML, like Gecko) Chrome/56.0.2924.87 Safari/537.36|37
2017-03-09 10:13:11|GET|/css/bootstrap.min.css|200||GET /css/bootstrap.min.css HTTP/1.1|http://localhost:8888/admin/user/list?page=0&size=10&sort=regDate,DESC|Mozilla/5.0 (Windows NT 6.1; Win64; x64) AppleWebKit/537.36 (KHTML, like Gecko) Chrome/56.0.2924.87 Safari/537.36|40
2017-03-09 10:13:11|GET|/js/jquery-1.11.2.min.js|200||GET /js/jquery-1.11.2.min.js HTTP/1.1|http://localhost:8888/admin/user/list?page=0&size=10&sort=regDate,DESC|Mozilla/5.0 (Windows NT 6.1; Win64; x64) AppleWebKit/537.36 (KHTML, like Gecko) Chrome/56.0.2924.87 Safari/537.36|42
2017-03-09 10:13:11|GET|/css/sb-admin-2.css|200||GET /css/sb-admin-2.css HTTP/1.1|http://localhost:8888/admin/user/list?page=0&size=10&sort=regDate,DESC|Mozilla/5.0 (Windows NT 6.1; Win64; x64) AppleWebKit/537.36 (KHTML, like Gecko) Chrome/56.0.2924.87 Safari/537.36|43
2017-03-09 10:13:11|GET|/js/bootstrap.min.js|200||GET /js/bootstrap.min.js HTTP/1.1|http://localhost:8888/admin/user/list?page=0&size=10&sort=regDate,DESC|Mozilla/5.0 (Windows NT 6.1; Win64; x64) AppleWebKit/537.36 (KHTML, like Gecko) Chrome/56.0.2924.87 Safari/537.36|50
2017-03-09 10:13:11|GET|/js/metisMenu/metisMenu.js|200||GET /js/metisMenu/metisMenu.js HTTP/1.1|http://localhost:8888/admin/user/list?page=0&size=10&sort=regDate,DESC|Mozilla/5.0 (Windows NT 6.1; Win64; x64) AppleWebKit/537.36 (KHTML, like Gecko) Chrome/56.0.2924.87 Safari/537.36|37
2017-03-09 10:13:11|GET|/img/adminHome/home.png|200||GET /img/adminHome/home.png HTTP/1.1|http://localhost:8888/admin/user/list?page=0&size=10&sort=regDate,DESC|Mozilla/5.0 (Windows NT 6.1; Win64; x64) AppleWebKit/537.36 (KHTML, like Gecko) Chrome/56.0.2924.87 Safari/537.36|35
2017-03-09 10:13:11|GET|/img/adminHome/menu.png|200||GET /img/adminHome/menu.png HTTP/1.1|http://localhost:8888/admin/user/list?page=0&size=10&sort=regDate,DESC|Mozilla/5.0 (Windows NT 6.1; Win64; x64) AppleWebKit/537.36 (KHTML, like Gecko) Chrome/56.0.2924.87 Safari/537.36|41
2017-03-09 10:13:11|GET|/img/adminHome/logout.png|200||GET /img/adminHome/logout.png HTTP/1.1|http://localhost:8888/admin/user/list?page=0&size=10&sort=regDate,DESC|Mozilla/5.0 (Windows NT 6.1; Win64; x64) AppleWebKit/537.36 (KHTML, like Gecko) Chrome/56.0.2924.87 Safari/537.36|46
2017-03-09 10:13:11|GET|/js/sb-admin-2.js|200||GET /js/sb-admin-2.js HTTP/1.1|http://localhost:8888/admin/user/list?page=0&size=10&sort=regDate,DESC|Mozilla/5.0 (Windows NT 6.1; Win64; x64) AppleWebKit/537.36 (KHTML, like Gecko) Chrome/56.0.2924.87 Safari/537.36|47
2017-03-09 10:13:11|GET|/font-awesome/fonts/fontawesome-webfont.woff2|200|?v=4.3.0|GET /font-awesome/fonts/fontawesome-webfont.woff2?v=4.3.0 HTTP/1.1|http://localhost:8888/font-awesome/css/font-awesome.css|Mozilla/5.0 (Windows NT 6.1; Win64; x64) AppleWebKit/537.36 (KHTML, like Gecko) Chrome/56.0.2924.87 Safari/537.36|35
2017-03-09 10:13:11|GET|/img/sort_asc.png|200||GET /img/sort_asc.png HTTP/1.1|http://localhost:8888/admin/user/list?page=0&size=10&sort=regDate,DESC|Mozilla/5.0 (Windows NT 6.1; Win64; x64) AppleWebKit/537.36 (KHTML, like Gecko) Chrome/56.0.2924.87 Safari/537.36|37
2017-03-09 10:13:11|GET|/img/sort_desc.png|200||GET /img/sort_desc.png HTTP/1.1|http://localhost:8888/admin/user/list?page=0&size=10&sort=regDate,DESC|Mozilla/5.0 (Windows NT 6.1; Win64; x64) AppleWebKit/537.36 (KHTML, like Gecko) Chrome/56.0.2924.87 Safari/537.36|37
2017-03-09 10:13:11|GET|/favicon.ico|200||GET /favicon.ico HTTP/1.1|http://localhost:8888/admin/user/list?page=0&size=10&sort=regDate,DESC|Mozilla/5.0 (Windows NT 6.1; Win64; x64) AppleWebKit/537.36 (KHTML, like Gecko) Chrome/56.0.2924.87 Safari/537.36|31
2017-03-09 10:13:11|GET|/admin/user/last-login-pop|200||GET /admin/user/last-login-pop HTTP/1.1|http://localhost:8888/admin/user/list?page=0&size=10&sort=regDate,DESC|Mozilla/5.0 (Windows NT 6.1; Win64; x64) AppleWebKit/537.36 (KHTML, like Gecko) Chrome/56.0.2924.87 Safari/537.36|112
2017-03-09 10:13:52|GET|/img/adminHome/home2.png|200||GET /img/adminHome/home2.png HTTP/1.1|http://localhost:8888/admin/user/list?page=0&size=10&sort=regDate,DESC|Mozilla/5.0 (Windows NT 6.1; Win64; x64) AppleWebKit/537.36 (KHTML, like Gecko) Chrome/56.0.2924.87 Safari/537.36|46
2017-03-09 10:13:55|GET|/jaha/apt/membership/list|200||GET /jaha/apt/membership/list HTTP/1.1|http://localhost:8888/admin/user/list?page=0&size=10&sort=regDate,DESC|Mozilla/5.0 (Windows NT 6.1; Win64; x64) AppleWebKit/537.36 (KHTML, like Gecko) Chrome/56.0.2924.87 Safari/537.36|243
2017-03-09 10:13:55|GET|/api/public/address/sido-names|200||GET /api/public/address/sido-names HTTP/1.1|http://localhost:8888/jaha/apt/membership/list|Mozilla/5.0 (Windows NT 6.1; Win64; x64) AppleWebKit/537.36 (KHTML, like Gecko) Chrome/56.0.2924.87 Safari/537.36|123
2017-03-09 10:13:56|GET|/jaha/apt/ap/user/edoorMember/list-data|200|?sidoNm=&sggNm=&sDate=2017-03-03&eDate=2017-03-09&pageSize=10&pageNum=1|GET /jaha/apt/ap/user/edoorMember/list-data?sidoNm=&sggNm=&sDate=2017-03-03&eDate=2017-03-09&pageSize=10&pageNum=1 HTTP/1.1|http://localhost:8888/jaha/apt/membership/list|Mozilla/5.0 (Windows NT 6.1; Win64; x64) AppleWebKit/537.36 (KHTML, like Gecko) Chrome/56.0.2924.87 Safari/537.36|840
2017-03-09 10:13:56|GET|/jaha/apt/membership/list-data|200|?sidoNm=&sggNm=&sDate=2017-03-03&eDate=2017-03-09&pageSize=10&pageNum=1|GET /jaha/apt/membership/list-data?sidoNm=&sggNm=&sDate=2017-03-03&eDate=2017-03-09&pageSize=10&pageNum=1 HTTP/1.1|http://localhost:8888/jaha/apt/membership/list|Mozilla/5.0 (Windows NT 6.1; Win64; x64) AppleWebKit/537.36 (KHTML, like Gecko) Chrome/56.0.2924.87 Safari/537.36|982
2017-03-09 10:14:10|GET|/jaha/apt/membership/list|200||GET /jaha/apt/membership/list HTTP/1.1|http://localhost:8888/admin/user/list?page=0&size=10&sort=regDate,DESC|Mozilla/5.0 (Windows NT 6.1; Win64; x64) AppleWebKit/537.36 (KHTML, like Gecko) Chrome/56.0.2924.87 Safari/537.36|242
2017-03-09 10:14:10|GET|/api/public/address/sido-names|200||GET /api/public/address/sido-names HTTP/1.1|http://localhost:8888/jaha/apt/membership/list|Mozilla/5.0 (Windows NT 6.1; Win64; x64) AppleWebKit/537.36 (KHTML, like Gecko) Chrome/56.0.2924.87 Safari/537.36|76
2017-03-09 10:14:10|GET|/favicon.ico|200||GET /favicon.ico HTTP/1.1|http://localhost:8888/jaha/apt/membership/list|Mozilla/5.0 (Windows NT 6.1; Win64; x64) AppleWebKit/537.36 (KHTML, like Gecko) Chrome/56.0.2924.87 Safari/537.36|41
2017-03-09 10:14:10|GET|/jaha/apt/membership/list-data|200|?sidoNm=&sggNm=&sDate=2017-03-03&eDate=2017-03-09&pageSize=10&pageNum=1|GET /jaha/apt/membership/list-data?sidoNm=&sggNm=&sDate=2017-03-03&eDate=2017-03-09&pageSize=10&pageNum=1 HTTP/1.1|http://localhost:8888/jaha/apt/membership/list|Mozilla/5.0 (Windows NT 6.1; Win64; x64) AppleWebKit/537.36 (KHTML, like Gecko) Chrome/56.0.2924.87 Safari/537.36|149
2017-03-09 10:14:11|GET|/jaha/apt/ap/user/edoorMember/list-data|200|?sidoNm=&sggNm=&sDate=2017-03-03&eDate=2017-03-09&pageSize=10&pageNum=1|GET /jaha/apt/ap/user/edoorMember/list-data?sidoNm=&sggNm=&sDate=2017-03-03&eDate=2017-03-09&pageSize=10&pageNum=1 HTTP/1.1|http://localhost:8888/jaha/apt/membership/list|Mozilla/5.0 (Windows NT 6.1; Win64; x64) AppleWebKit/537.36 (KHTML, like Gecko) Chrome/56.0.2924.87 Safari/537.36|600
2017-03-09 10:18:53|GET|/jaha/apt/membership/list|200||GET /jaha/apt/membership/list HTTP/1.1|http://localhost:8888/admin/user/list?page=0&size=10&sort=regDate,DESC|Mozilla/5.0 (Windows NT 6.1; Win64; x64) AppleWebKit/537.36 (KHTML, like Gecko) Chrome/56.0.2924.87 Safari/537.36|679
2017-03-09 10:18:53|GET|/api/public/address/sido-names|200||GET /api/public/address/sido-names HTTP/1.1|http://localhost:8888/jaha/apt/membership/list|Mozilla/5.0 (Windows NT 6.1; Win64; x64) AppleWebKit/537.36 (KHTML, like Gecko) Chrome/56.0.2924.87 Safari/537.36|108
2017-03-09 10:18:54|GET|/jaha/apt/membership/list-data|200|?sidoNm=&sggNm=&sDate=2017-03-03&eDate=2017-03-09&pageSize=10&pageNum=1|GET /jaha/apt/membership/list-data?sidoNm=&sggNm=&sDate=2017-03-03&eDate=2017-03-09&pageSize=10&pageNum=1 HTTP/1.1|http://localhost:8888/jaha/apt/membership/list|Mozilla/5.0 (Windows NT 6.1; Win64; x64) AppleWebKit/537.36 (KHTML, like Gecko) Chrome/56.0.2924.87 Safari/537.36|614
2017-03-09 10:18:54|GET|/jaha/apt/ap/user/edoorMember/list-data|200|?sidoNm=&sggNm=&sDate=2017-03-03&eDate=2017-03-09&pageSize=10&pageNum=1|GET /jaha/apt/ap/user/edoorMember/list-data?sidoNm=&sggNm=&sDate=2017-03-03&eDate=2017-03-09&pageSize=10&pageNum=1 HTTP/1.1|http://localhost:8888/jaha/apt/membership/list|Mozilla/5.0 (Windows NT 6.1; Win64; x64) AppleWebKit/537.36 (KHTML, like Gecko) Chrome/56.0.2924.87 Safari/537.36|815
2017-03-09 10:19:52|GET|/jaha/apt/membership/list|200||GET /jaha/apt/membership/list HTTP/1.1|-|Mozilla/5.0 (Windows NT 6.1; Win64; x64) AppleWebKit/537.36 (KHTML, like Gecko) Chrome/56.0.2924.87 Safari/537.36|672
2017-03-09 10:19:52|GET|/api/public/address/sido-names|200||GET /api/public/address/sido-names HTTP/1.1|http://localhost:8888/jaha/apt/membership/list|Mozilla/5.0 (Windows NT 6.1; Win64; x64) AppleWebKit/537.36 (KHTML, like Gecko) Chrome/56.0.2924.87 Safari/537.36|181
2017-03-09 10:47:03|GET|/|302||GET / HTTP/1.1|-|Mozilla/5.0 (Windows NT 6.1; Win64; x64) AppleWebKit/537.36 (KHTML, like Gecko) Chrome/56.0.2924.87 Safari/537.36|526
2017-03-09 10:47:03|GET|/|302||GET / HTTP/1.1|-|Mozilla/5.0 (Windows NT 6.1; Win64; x64) AppleWebKit/537.36 (KHTML, like Gecko) Chrome/56.0.2924.87 Safari/537.36|267
2017-03-09 10:47:04|GET|/admin/user/list|200||GET /admin/user/list HTTP/1.1|-|Mozilla/5.0 (Windows NT 6.1; Win64; x64) AppleWebKit/537.36 (KHTML, like Gecko) Chrome/56.0.2924.87 Safari/537.36|1014
2017-03-09 10:47:04|GET|/admin/user/last-login-pop|200||GET /admin/user/last-login-pop HTTP/1.1|http://localhost:8888/admin/user/list|Mozilla/5.0 (Windows NT 6.1; Win64; x64) AppleWebKit/537.36 (KHTML, like Gecko) Chrome/56.0.2924.87 Safari/537.36|158
2017-03-09 10:47:08|GET|/admin/user/list|200|?page=1&size=10&sort=regDate,DESC|GET /admin/user/list?page=1&size=10&sort=regDate,DESC HTTP/1.1|http://localhost:8888/admin/user/list|Mozilla/5.0 (Windows NT 6.1; Win64; x64) AppleWebKit/537.36 (KHTML, like Gecko) Chrome/56.0.2924.87 Safari/537.36|502
2017-03-09 10:47:08|GET|/admin/user/last-login-pop|200||GET /admin/user/last-login-pop HTTP/1.1|http://localhost:8888/admin/user/list?page=1&size=10&sort=regDate,DESC|Mozilla/5.0 (Windows NT 6.1; Win64; x64) AppleWebKit/537.36 (KHTML, like Gecko) Chrome/56.0.2924.87 Safari/537.36|140
2017-03-09 10:47:17|GET|/jaha/apt/membership/list|200||GET /jaha/apt/membership/list HTTP/1.1|http://localhost:8888/admin/user/list?page=1&size=10&sort=regDate,DESC|Mozilla/5.0 (Windows NT 6.1; Win64; x64) AppleWebKit/537.36 (KHTML, like Gecko) Chrome/56.0.2924.87 Safari/537.36|271
2017-03-09 10:47:17|GET|/api/public/address/sido-names|200||GET /api/public/address/sido-names HTTP/1.1|http://localhost:8888/jaha/apt/membership/list|Mozilla/5.0 (Windows NT 6.1; Win64; x64) AppleWebKit/537.36 (KHTML, like Gecko) Chrome/56.0.2924.87 Safari/537.36|112
2017-03-09 10:47:18|GET|/jaha/apt/ap/user/edoorMember/list-data|200|?sidoNm=&sggNm=&sDate=2017-03-03&eDate=2017-03-09&pageSize=10&pageNum=1|GET /jaha/apt/ap/user/edoorMember/list-data?sidoNm=&sggNm=&sDate=2017-03-03&eDate=2017-03-09&pageSize=10&pageNum=1 HTTP/1.1|http://localhost:8888/jaha/apt/membership/list|Mozilla/5.0 (Windows NT 6.1; Win64; x64) AppleWebKit/537.36 (KHTML, like Gecko) Chrome/56.0.2924.87 Safari/537.36|773
2017-03-09 10:47:18|GET|/jaha/apt/membership/list-data|200|?sidoNm=&sggNm=&sDate=2017-03-03&eDate=2017-03-09&pageSize=10&pageNum=1|GET /jaha/apt/membership/list-data?sidoNm=&sggNm=&sDate=2017-03-03&eDate=2017-03-09&pageSize=10&pageNum=1 HTTP/1.1|http://localhost:8888/jaha/apt/membership/list|Mozilla/5.0 (Windows NT 6.1; Win64; x64) AppleWebKit/537.36 (KHTML, like Gecko) Chrome/56.0.2924.87 Safari/537.36|914
2017-03-09 10:47:21|GET|/jaha/apt/membership/list-data|200|?sidoNm=&sggNm=&sDate=2017-03-03&eDate=2017-03-09&pageSize=10&pageNum=5|GET /jaha/apt/membership/list-data?sidoNm=&sggNm=&sDate=2017-03-03&eDate=2017-03-09&pageSize=10&pageNum=5 HTTP/1.1|http://localhost:8888/jaha/apt/membership/list|Mozilla/5.0 (Windows NT 6.1; Win64; x64) AppleWebKit/537.36 (KHTML, like Gecko) Chrome/56.0.2924.87 Safari/537.36|501
2017-03-09 10:47:22|GET|/jaha/apt/membership/list-data|200|?sidoNm=&sggNm=&sDate=2017-03-03&eDate=2017-03-09&pageSize=10&pageNum=8|GET /jaha/apt/membership/list-data?sidoNm=&sggNm=&sDate=2017-03-03&eDate=2017-03-09&pageSize=10&pageNum=8 HTTP/1.1|http://localhost:8888/jaha/apt/membership/list|Mozilla/5.0 (Windows NT 6.1; Win64; x64) AppleWebKit/537.36 (KHTML, like Gecko) Chrome/56.0.2924.87 Safari/537.36|500
2017-03-09 10:47:24|GET|/apt/search/popup|200|?mode=multi|GET /apt/search/popup?mode=multi HTTP/1.1|http://localhost:8888/jaha/apt/membership/list|Mozilla/5.0 (Windows NT 6.1; Win64; x64) AppleWebKit/537.36 (KHTML, like Gecko) Chrome/56.0.2924.87 Safari/537.36|238
2017-03-09 10:47:33|POST|/apt/search/list-data|200||POST /apt/search/list-data HTTP/1.1|http://localhost:8888/apt/search/popup?mode=multi|Mozilla/5.0 (Windows NT 6.1; Win64; x64) AppleWebKit/537.36 (KHTML, like Gecko) Chrome/56.0.2924.87 Safari/537.36|155
2017-03-09 10:47:36|POST|/apt/search/list-data|200||POST /apt/search/list-data HTTP/1.1|http://localhost:8888/apt/search/popup?mode=multi|Mozilla/5.0 (Windows NT 6.1; Win64; x64) AppleWebKit/537.36 (KHTML, like Gecko) Chrome/56.0.2924.87 Safari/537.36|150
2017-03-09 10:47:40|GET|/jaha/apt/ap/user/edoorMember/list-data|200|?sidoNm=&sggNm=&sDate=2017-03-03&eDate=2017-03-09&pageSize=10&aptList=576&pageNum=1|GET /jaha/apt/ap/user/edoorMember/list-data?sidoNm=&sggNm=&sDate=2017-03-03&eDate=2017-03-09&pageSize=10&aptList=576&pageNum=1 HTTP/1.1|http://localhost:8888/jaha/apt/membership/list|Mozilla/5.0 (Windows NT 6.1; Win64; x64) AppleWebKit/537.36 (KHTML, like Gecko) Chrome/56.0.2924.87 Safari/537.36|187
2017-03-09 10:47:40|GET|/jaha/apt/membership/list-data|200|?sidoNm=&sggNm=&sDate=2017-03-03&eDate=2017-03-09&pageSize=10&aptList=576&pageNum=1|GET /jaha/apt/membership/list-data?sidoNm=&sggNm=&sDate=2017-03-03&eDate=2017-03-09&pageSize=10&aptList=576&pageNum=1 HTTP/1.1|http://localhost:8888/jaha/apt/membership/list|Mozilla/5.0 (Windows NT 6.1; Win64; x64) AppleWebKit/537.36 (KHTML, like Gecko) Chrome/56.0.2924.87 Safari/537.36|796
2017-03-09 10:47:47|GET|/img/adminHome/home2.png|200||GET /img/adminHome/home2.png HTTP/1.1|http://localhost:8888/jaha/apt/membership/list|Mozilla/5.0 (Windows NT 6.1; Win64; x64) AppleWebKit/537.36 (KHTML, like Gecko) Chrome/56.0.2924.87 Safari/537.36|76
2017-03-09 10:47:49|GET|/jaha/user/app/download/list|200||GET /jaha/user/app/download/list HTTP/1.1|http://localhost:8888/jaha/apt/membership/list|Mozilla/5.0 (Windows NT 6.1; Win64; x64) AppleWebKit/537.36 (KHTML, like Gecko) Chrome/56.0.2924.87 Safari/537.36|288
2017-03-09 10:47:50|GET|/jaha/user/app/download/list-data|200|?sDate=2017-03-03&eDate=2017-03-09&aptId=&pageSize=10&pageNum=1|GET /jaha/user/app/download/list-data?sDate=2017-03-03&eDate=2017-03-09&aptId=&pageSize=10&pageNum=1 HTTP/1.1|http://localhost:8888/jaha/user/app/download/list|Mozilla/5.0 (Windows NT 6.1; Win64; x64) AppleWebKit/537.36 (KHTML, like Gecko) Chrome/56.0.2924.87 Safari/537.36|468
2017-03-09 14:24:53|GET|/|200||GET / HTTP/1.1|-|Mozilla/5.0 (Windows NT 6.1; Win64; x64) AppleWebKit/537.36 (KHTML, like Gecko) Chrome/56.0.2924.87 Safari/537.36|360
2017-03-09 14:24:55|POST|/api/public/user/login|302||POST /api/public/user/login HTTP/1.1|http://localhost:8888/|Mozilla/5.0 (Windows NT 6.1; Win64; x64) AppleWebKit/537.36 (KHTML, like Gecko) Chrome/56.0.2924.87 Safari/537.36|356
2017-03-09 14:24:55|GET|/|302||GET / HTTP/1.1|http://localhost:8888/|Mozilla/5.0 (Windows NT 6.1; Win64; x64) AppleWebKit/537.36 (KHTML, like Gecko) Chrome/56.0.2924.87 Safari/537.36|324
2017-03-09 14:24:56|GET|/admin/user/list|200||GET /admin/user/list HTTP/1.1|http://localhost:8888/|Mozilla/5.0 (Windows NT 6.1; Win64; x64) AppleWebKit/537.36 (KHTML, like Gecko) Chrome/56.0.2924.87 Safari/537.36|904
2017-03-09 14:24:58|GET|/admin/user/list|200||GET /admin/user/list HTTP/1.1|-|Mozilla/5.0 (Windows NT 6.1; Win64; x64) AppleWebKit/537.36 (KHTML, like Gecko) Chrome/56.0.2924.87 Safari/537.36|765
2017-03-09 14:24:58|GET|/admin/user/last-login-pop|200||GET /admin/user/last-login-pop HTTP/1.1|http://localhost:8888/admin/user/list|Mozilla/5.0 (Windows NT 6.1; Win64; x64) AppleWebKit/537.36 (KHTML, like Gecko) Chrome/56.0.2924.87 Safari/537.36|145
2017-03-09 14:25:00|GET|/admin/logout|302||GET /admin/logout HTTP/1.1|http://localhost:8888/admin/user/list|Mozilla/5.0 (Windows NT 6.1; Win64; x64) AppleWebKit/537.36 (KHTML, like Gecko) Chrome/56.0.2924.87 Safari/537.36|81
2017-03-09 14:25:00|GET|/|200||GET / HTTP/1.1|http://localhost:8888/admin/user/list|Mozilla/5.0 (Windows NT 6.1; Win64; x64) AppleWebKit/537.36 (KHTML, like Gecko) Chrome/56.0.2924.87 Safari/537.36|17
2017-03-09 14:25:01|GET|/join/agreement|200||GET /join/agreement HTTP/1.1|http://localhost:8888/|Mozilla/5.0 (Windows NT 6.1; Win64; x64) AppleWebKit/537.36 (KHTML, like Gecko) Chrome/56.0.2924.87 Safari/537.36|23
2017-03-09 14:25:01|GET|/provision/view-data|200|?id=2|GET /provision/view-data?id=2 HTTP/1.1|http://localhost:8888/join/agreement|Mozilla/5.0 (Windows NT 6.1; Win64; x64) AppleWebKit/537.36 (KHTML, like Gecko) Chrome/56.0.2924.87 Safari/537.36|127
2017-03-09 14:25:01|GET|/provision/view-data|200|?id=1|GET /provision/view-data?id=1 HTTP/1.1|http://localhost:8888/join/agreement|Mozilla/5.0 (Windows NT 6.1; Win64; x64) AppleWebKit/537.36 (KHTML, like Gecko) Chrome/56.0.2924.87 Safari/537.36|132
2017-03-09 14:25:04|GET|/join/submit|200||GET /join/submit HTTP/1.1|http://localhost:8888/join/agreement|Mozilla/5.0 (Windows NT 6.1; Win64; x64) AppleWebKit/537.36 (KHTML, like Gecko) Chrome/56.0.2924.87 Safari/537.36|47
2017-03-09 14:25:10|GET|/api/public/address/sigungu-names/%EC%84%9C%EC%9A%B8%ED%8A%B9%EB%B3%84%EC%8B%9C|200||GET /api/public/address/sigungu-names/%EC%84%9C%EC%9A%B8%ED%8A%B9%EB%B3%84%EC%8B%9C HTTP/1.1|http://localhost:8888/join/submit|Mozilla/5.0 (Windows NT 6.1; Win64; x64) AppleWebKit/537.36 (KHTML, like Gecko) Chrome/56.0.2924.87 Safari/537.36|58
2017-03-09 14:25:15|GET|/api/public/address/eupmyundong-names/%EC%84%9C%EC%9A%B8%ED%8A%B9%EB%B3%84%EC%8B%9C/%EA%B5%AC%EB%A1%9C%EA%B5%AC|200||GET /api/public/address/eupmyundong-names/%EC%84%9C%EC%9A%B8%ED%8A%B9%EB%B3%84%EC%8B%9C/%EA%B5%AC%EB%A1%9C%EA%B5%AC HTTP/1.1|http://localhost:8888/join/submit|Mozilla/5.0 (Windows NT 6.1; Win64; x64) AppleWebKit/537.36 (KHTML, like Gecko) Chrome/56.0.2924.87 Safari/537.36|41
2017-03-09 14:25:21|GET|/api/public/apt/search/all-list-data|200|?sidoNm=%EC%84%9C%EC%9A%B8%ED%8A%B9%EB%B3%84%EC%8B%9C&sggNm=%EA%B5%AC%EB%A1%9C%EA%B5%AC&emdNm=%EA%B5%AC%EB%A1%9C%EB%8F%99&aptNm=%EC%82%AC%EC%9B%90%EC%A0%84%EC%9A%A9|GET /api/public/apt/search/all-list-data?sidoNm=%EC%84%9C%EC%9A%B8%ED%8A%B9%EB%B3%84%EC%8B%9C&sggNm=%EA%B5%AC%EB%A1%9C%EA%B5%AC&emdNm=%EA%B5%AC%EB%A1%9C%EB%8F%99&aptNm=%EC%82%AC%EC%9B%90%EC%A0%84%EC%9A%A9 HTTP/1.1|http://localhost:8888/join/submit|Mozilla/5.0 (Windows NT 6.1; Win64; x64) AppleWebKit/537.36 (KHTML, like Gecko) Chrome/56.0.2924.87 Safari/537.36|117
2017-03-09 16:58:46|GET|/|200||GET / HTTP/1.1|http://localhost:8888/join/submit|Mozilla/5.0 (Windows NT 6.1; Win64; x64) AppleWebKit/537.36 (KHTML, like Gecko) Chrome/56.0.2924.87 Safari/537.36|37
