2017-03-07 18:13:12|GET|/|200||GET / HTTP/1.1|-|Mozilla/5.0 (Windows NT 6.1; Win64; x64) AppleWebKit/537.36 (KHTML, like Gecko) Chrome/56.0.2924.87 Safari/537.36|293
2017-03-07 18:13:12|GET|/css/bootstrap.min.css|200||GET /css/bootstrap.min.css HTTP/1.1|http://localhost:8888/|Mozilla/5.0 (Windows NT 6.1; Win64; x64) AppleWebKit/537.36 (KHTML, like Gecko) Chrome/56.0.2924.87 Safari/537.36|42
2017-03-07 18:13:12|GET|/css/jquery.fullPage.css|200||GET /css/jquery.fullPage.css HTTP/1.1|http://localhost:8888/|Mozilla/5.0 (Windows NT 6.1; Win64; x64) AppleWebKit/537.36 (KHTML, like Gecko) Chrome/56.0.2924.87 Safari/537.36|61
2017-03-07 18:13:12|GET|/css/animate.min.css|200||GET /css/animate.min.css HTTP/1.1|http://localhost:8888/|Mozilla/5.0 (Windows NT 6.1; Win64; x64) AppleWebKit/537.36 (KHTML, like Gecko) Chrome/56.0.2924.87 Safari/537.36|77
2017-03-07 18:13:12|GET|/font-awesome/css/font-awesome.css|200||GET /font-awesome/css/font-awesome.css HTTP/1.1|http://localhost:8888/|Mozilla/5.0 (Windows NT 6.1; Win64; x64) AppleWebKit/537.36 (KHTML, like Gecko) Chrome/56.0.2924.87 Safari/537.36|42
2017-03-07 18:13:12|GET|/css/sb-admin-2.css|200||GET /css/sb-admin-2.css HTTP/1.1|http://localhost:8888/|Mozilla/5.0 (Windows NT 6.1; Win64; x64) AppleWebKit/537.36 (KHTML, like Gecko) Chrome/56.0.2924.87 Safari/537.36|54
2017-03-07 18:13:12|GET|/js/jquery-1.11.2.min.js|200||GET /js/jquery-1.11.2.min.js HTTP/1.1|http://localhost:8888/|Mozilla/5.0 (Windows NT 6.1; Win64; x64) AppleWebKit/537.36 (KHTML, like Gecko) Chrome/56.0.2924.87 Safari/537.36|22
2017-03-07 18:13:12|GET|/js/vendor/jquery.slimscroll.min.js|200||GET /js/vendor/jquery.slimscroll.min.js HTTP/1.1|http://localhost:8888/|Mozilla/5.0 (Windows NT 6.1; Win64; x64) AppleWebKit/537.36 (KHTML, like Gecko) Chrome/56.0.2924.87 Safari/537.36|12
2017-03-07 18:13:12|GET|/js/vendor/jquery.easings.min.js|200||GET /js/vendor/jquery.easings.min.js HTTP/1.1|http://localhost:8888/|Mozilla/5.0 (Windows NT 6.1; Win64; x64) AppleWebKit/537.36 (KHTML, like Gecko) Chrome/56.0.2924.87 Safari/537.36|28
2017-03-07 18:13:12|GET|/img/emaul-logo-w.png|200||GET /img/emaul-logo-w.png HTTP/1.1|http://localhost:8888/|Mozilla/5.0 (Windows NT 6.1; Win64; x64) AppleWebKit/537.36 (KHTML, like Gecko) Chrome/56.0.2924.87 Safari/537.36|25
2017-03-07 18:13:12|GET|/js/jquery.fullPage.min.js|200||GET /js/jquery.fullPage.min.js HTTP/1.1|http://localhost:8888/|Mozilla/5.0 (Windows NT 6.1; Win64; x64) AppleWebKit/537.36 (KHTML, like Gecko) Chrome/56.0.2924.87 Safari/537.36|55
2017-03-07 18:13:12|GET|/js/bootstrap.min.js|200||GET /js/bootstrap.min.js HTTP/1.1|http://localhost:8888/|Mozilla/5.0 (Windows NT 6.1; Win64; x64) AppleWebKit/537.36 (KHTML, like Gecko) Chrome/56.0.2924.87 Safari/537.36|23
2017-03-07 18:13:12|GET|/js/js.cookie.js|200||GET /js/js.cookie.js HTTP/1.1|http://localhost:8888/|Mozilla/5.0 (Windows NT 6.1; Win64; x64) AppleWebKit/537.36 (KHTML, like Gecko) Chrome/56.0.2924.87 Safari/537.36|61
2017-03-07 18:13:12|GET|/img/login_apple.png|200||GET /img/login_apple.png HTTP/1.1|http://localhost:8888/|Mozilla/5.0 (Windows NT 6.1; Win64; x64) AppleWebKit/537.36 (KHTML, like Gecko) Chrome/56.0.2924.87 Safari/537.36|8
2017-03-07 18:13:12|GET|/img/login_google.png|200||GET /img/login_google.png HTTP/1.1|http://localhost:8888/|Mozilla/5.0 (Windows NT 6.1; Win64; x64) AppleWebKit/537.36 (KHTML, like Gecko) Chrome/56.0.2924.87 Safari/537.36|19
2017-03-07 18:13:12|GET|/img/bg-login.jpg|200||GET /img/bg-login.jpg HTTP/1.1|http://localhost:8888/|Mozilla/5.0 (Windows NT 6.1; Win64; x64) AppleWebKit/537.36 (KHTML, like Gecko) Chrome/56.0.2924.87 Safari/537.36|86
2017-03-07 18:13:12|GET|/favicon.ico|200||GET /favicon.ico HTTP/1.1|http://localhost:8888/|Mozilla/5.0 (Windows NT 6.1; Win64; x64) AppleWebKit/537.36 (KHTML, like Gecko) Chrome/56.0.2924.87 Safari/537.36|8
2017-03-07 18:13:14|POST|/api/public/user/login|302||POST /api/public/user/login HTTP/1.1|http://localhost:8888/|Mozilla/5.0 (Windows NT 6.1; Win64; x64) AppleWebKit/537.36 (KHTML, like Gecko) Chrome/56.0.2924.87 Safari/537.36|430
2017-03-07 18:13:15|GET|/|302||GET / HTTP/1.1|http://localhost:8888/|Mozilla/5.0 (Windows NT 6.1; Win64; x64) AppleWebKit/537.36 (KHTML, like Gecko) Chrome/56.0.2924.87 Safari/537.36|602
2017-03-07 18:13:16|GET|/admin/user/list|200||GET /admin/user/list HTTP/1.1|http://localhost:8888/|Mozilla/5.0 (Windows NT 6.1; Win64; x64) AppleWebKit/537.36 (KHTML, like Gecko) Chrome/56.0.2924.87 Safari/537.36|1669
2017-03-07 18:13:16|GET|/img/adminHome/home.png|200||GET /img/adminHome/home.png HTTP/1.1|http://localhost:8888/admin/user/list|Mozilla/5.0 (Windows NT 6.1; Win64; x64) AppleWebKit/537.36 (KHTML, like Gecko) Chrome/56.0.2924.87 Safari/537.36|72
2017-03-07 18:13:16|GET|/js/metisMenu/metisMenu.js|200||GET /js/metisMenu/metisMenu.js HTTP/1.1|http://localhost:8888/admin/user/list|Mozilla/5.0 (Windows NT 6.1; Win64; x64) AppleWebKit/537.36 (KHTML, like Gecko) Chrome/56.0.2924.87 Safari/537.36|122
2017-03-07 18:13:16|GET|/img/adminHome/menu.png|200||GET /img/adminHome/menu.png HTTP/1.1|http://localhost:8888/admin/user/list|Mozilla/5.0 (Windows NT 6.1; Win64; x64) AppleWebKit/537.36 (KHTML, like Gecko) Chrome/56.0.2924.87 Safari/537.36|81
2017-03-07 18:13:16|GET|/js/sb-admin-2.js|200||GET /js/sb-admin-2.js HTTP/1.1|http://localhost:8888/admin/user/list|Mozilla/5.0 (Windows NT 6.1; Win64; x64) AppleWebKit/537.36 (KHTML, like Gecko) Chrome/56.0.2924.87 Safari/537.36|100
2017-03-07 18:13:16|GET|/img/adminHome/logout.png|200||GET /img/adminHome/logout.png HTTP/1.1|http://localhost:8888/admin/user/list|Mozilla/5.0 (Windows NT 6.1; Win64; x64) AppleWebKit/537.36 (KHTML, like Gecko) Chrome/56.0.2924.87 Safari/537.36|130
2017-03-07 18:13:16|GET|/img/sort_desc.png|200||GET /img/sort_desc.png HTTP/1.1|http://localhost:8888/admin/user/list|Mozilla/5.0 (Windows NT 6.1; Win64; x64) AppleWebKit/537.36 (KHTML, like Gecko) Chrome/56.0.2924.87 Safari/537.36|74
2017-03-07 18:13:16|GET|/img/sort_asc.png|200||GET /img/sort_asc.png HTTP/1.1|http://localhost:8888/admin/user/list|Mozilla/5.0 (Windows NT 6.1; Win64; x64) AppleWebKit/537.36 (KHTML, like Gecko) Chrome/56.0.2924.87 Safari/537.36|136
2017-03-07 18:13:17|GET|/font-awesome/fonts/fontawesome-webfont.woff2|200|?v=4.3.0|GET /font-awesome/fonts/fontawesome-webfont.woff2?v=4.3.0 HTTP/1.1|http://localhost:8888/font-awesome/css/font-awesome.css|Mozilla/5.0 (Windows NT 6.1; Win64; x64) AppleWebKit/537.36 (KHTML, like Gecko) Chrome/56.0.2924.87 Safari/537.36|102
2017-03-07 18:13:17|GET|/admin/user/last-login-pop|200||GET /admin/user/last-login-pop HTTP/1.1|http://localhost:8888/admin/user/list|Mozilla/5.0 (Windows NT 6.1; Win64; x64) AppleWebKit/537.36 (KHTML, like Gecko) Chrome/56.0.2924.87 Safari/537.36|298
2017-03-07 18:13:18|GET|/img/adminHome/menu2.png|200||GET /img/adminHome/menu2.png HTTP/1.1|http://localhost:8888/admin/user/list|Mozilla/5.0 (Windows NT 6.1; Win64; x64) AppleWebKit/537.36 (KHTML, like Gecko) Chrome/56.0.2924.87 Safari/537.36|53
2017-03-07 18:13:20|GET|/jaha/apt/membership/list|200||GET /jaha/apt/membership/list HTTP/1.1|http://localhost:8888/admin/user/list|Mozilla/5.0 (Windows NT 6.1; Win64; x64) AppleWebKit/537.36 (KHTML, like Gecko) Chrome/56.0.2924.87 Safari/537.36|565
2017-03-07 18:13:20|GET|/css/bootstrap-datetimepicker.css|200||GET /css/bootstrap-datetimepicker.css HTTP/1.1|http://localhost:8888/jaha/apt/membership/list|Mozilla/5.0 (Windows NT 6.1; Win64; x64) AppleWebKit/537.36 (KHTML, like Gecko) Chrome/56.0.2924.87 Safari/537.36|43
2017-03-07 18:13:20|GET|/js/jquery.blockUI.js|200||GET /js/jquery.blockUI.js HTTP/1.1|http://localhost:8888/jaha/apt/membership/list|Mozilla/5.0 (Windows NT 6.1; Win64; x64) AppleWebKit/537.36 (KHTML, like Gecko) Chrome/56.0.2924.87 Safari/537.36|53
2017-03-07 18:13:20|GET|/sbgrid/js/XRegExp.js|200||GET /sbgrid/js/XRegExp.js HTTP/1.1|http://localhost:8888/jaha/apt/membership/list|Mozilla/5.0 (Windows NT 6.1; Win64; x64) AppleWebKit/537.36 (KHTML, like Gecko) Chrome/56.0.2924.87 Safari/537.36|49
2017-03-07 18:13:20|GET|/js/common.js|200||GET /js/common.js HTTP/1.1|http://localhost:8888/jaha/apt/membership/list|Mozilla/5.0 (Windows NT 6.1; Win64; x64) AppleWebKit/537.36 (KHTML, like Gecko) Chrome/56.0.2924.87 Safari/537.36|53
2017-03-07 18:13:20|GET|/js/moment-with-locales.js|200||GET /js/moment-with-locales.js HTTP/1.1|http://localhost:8888/jaha/apt/membership/list|Mozilla/5.0 (Windows NT 6.1; Win64; x64) AppleWebKit/537.36 (KHTML, like Gecko) Chrome/56.0.2924.87 Safari/537.36|49
2017-03-07 18:13:20|GET|/js/bootstrap-datetimepicker.js|200||GET /js/bootstrap-datetimepicker.js HTTP/1.1|http://localhost:8888/jaha/apt/membership/list|Mozilla/5.0 (Windows NT 6.1; Win64; x64) AppleWebKit/537.36 (KHTML, like Gecko) Chrome/56.0.2924.87 Safari/537.36|66
2017-03-07 18:13:20|GET|/fonts/glyphicons-halflings-regular.woff2|200||GET /fonts/glyphicons-halflings-regular.woff2 HTTP/1.1|http://localhost:8888/css/bootstrap.min.css|Mozilla/5.0 (Windows NT 6.1; Win64; x64) AppleWebKit/537.36 (KHTML, like Gecko) Chrome/56.0.2924.87 Safari/537.36|45
2017-03-07 18:13:20|GET|/img/loading.gif|200||GET /img/loading.gif HTTP/1.1|http://localhost:8888/jaha/apt/membership/list|Mozilla/5.0 (Windows NT 6.1; Win64; x64) AppleWebKit/537.36 (KHTML, like Gecko) Chrome/56.0.2924.87 Safari/537.36|45
2017-03-07 18:13:20|GET|/api/public/address/sido-names|200||GET /api/public/address/sido-names HTTP/1.1|http://localhost:8888/jaha/apt/membership/list|Mozilla/5.0 (Windows NT 6.1; Win64; x64) AppleWebKit/537.36 (KHTML, like Gecko) Chrome/56.0.2924.87 Safari/537.36|176
2017-03-07 18:13:22|GET|/jaha/apt/membership/list-data|200|?sidoNm=&sggNm=&sDate=2017-03-01&eDate=2017-03-07&pageSize=10&pageNum=1|GET /jaha/apt/membership/list-data?sidoNm=&sggNm=&sDate=2017-03-01&eDate=2017-03-07&pageSize=10&pageNum=1 HTTP/1.1|http://localhost:8888/jaha/apt/membership/list|Mozilla/5.0 (Windows NT 6.1; Win64; x64) AppleWebKit/537.36 (KHTML, like Gecko) Chrome/56.0.2924.87 Safari/537.36|1732
2017-03-07 18:13:23|GET|/jaha/apt/ap/user/edoorMember/list-data|200|?sidoNm=&sggNm=&sDate=2017-03-01&eDate=2017-03-07&pageSize=10&pageNum=1|GET /jaha/apt/ap/user/edoorMember/list-data?sidoNm=&sggNm=&sDate=2017-03-01&eDate=2017-03-07&pageSize=10&pageNum=1 HTTP/1.1|http://localhost:8888/jaha/apt/membership/list|Mozilla/5.0 (Windows NT 6.1; Win64; x64) AppleWebKit/537.36 (KHTML, like Gecko) Chrome/56.0.2924.87 Safari/537.36|2295
2017-03-07 18:13:29|POST|/jaha/apt/membership/list/excel-download|200||POST /jaha/apt/membership/list/excel-download HTTP/1.1|http://localhost:8888/jaha/apt/membership/list|Mozilla/5.0 (Windows NT 6.1; Win64; x64) AppleWebKit/537.36 (KHTML, like Gecko) Chrome/56.0.2924.87 Safari/537.36|2661
2017-03-07 18:15:30|GET|/jaha/apt/membership/list|200||GET /jaha/apt/membership/list HTTP/1.1|http://localhost:8888/admin/user/list|Mozilla/5.0 (Windows NT 6.1; Win64; x64) AppleWebKit/537.36 (KHTML, like Gecko) Chrome/56.0.2924.87 Safari/537.36|978
2017-03-07 18:15:31|GET|/favicon.ico|200||GET /favicon.ico HTTP/1.1|http://localhost:8888/jaha/apt/membership/list|Mozilla/5.0 (Windows NT 6.1; Win64; x64) AppleWebKit/537.36 (KHTML, like Gecko) Chrome/56.0.2924.87 Safari/537.36|65
2017-03-07 18:15:31|GET|/api/public/address/sido-names|200||GET /api/public/address/sido-names HTTP/1.1|http://localhost:8888/jaha/apt/membership/list|Mozilla/5.0 (Windows NT 6.1; Win64; x64) AppleWebKit/537.36 (KHTML, like Gecko) Chrome/56.0.2924.87 Safari/537.36|173
2017-03-07 18:15:34|GET|/jaha/apt/membership/list-data|200|?sidoNm=&sggNm=&sDate=2017-03-01&eDate=2017-03-07&pageSize=10&pageNum=1|GET /jaha/apt/membership/list-data?sidoNm=&sggNm=&sDate=2017-03-01&eDate=2017-03-07&pageSize=10&pageNum=1 HTTP/1.1|http://localhost:8888/jaha/apt/membership/list|Mozilla/5.0 (Windows NT 6.1; Win64; x64) AppleWebKit/537.36 (KHTML, like Gecko) Chrome/56.0.2924.87 Safari/537.36|3198
2017-03-07 18:15:35|GET|/jaha/apt/ap/user/edoorMember/list-data|200|?sidoNm=&sggNm=&sDate=2017-03-01&eDate=2017-03-07&pageSize=10&pageNum=1|GET /jaha/apt/ap/user/edoorMember/list-data?sidoNm=&sggNm=&sDate=2017-03-01&eDate=2017-03-07&pageSize=10&pageNum=1 HTTP/1.1|http://localhost:8888/jaha/apt/membership/list|Mozilla/5.0 (Windows NT 6.1; Win64; x64) AppleWebKit/537.36 (KHTML, like Gecko) Chrome/56.0.2924.87 Safari/537.36|4877
2017-03-07 18:15:39|POST|/jaha/apt/membership/list/excel-download|200||POST /jaha/apt/membership/list/excel-download HTTP/1.1|http://localhost:8888/jaha/apt/membership/list|Mozilla/5.0 (Windows NT 6.1; Win64; x64) AppleWebKit/537.36 (KHTML, like Gecko) Chrome/56.0.2924.87 Safari/537.36|2835
