2017-01-25 15:01:52|GET|/|200||GET / HTTP/1.1|-|Mozilla/5.0 (Windows NT 6.1; Win64; x64) AppleWebKit/537.36 (KHTML, like Gecko) Chrome/55.0.2883.87 Safari/537.36|360
2017-01-25 15:01:52|GET|/|200||GET / HTTP/1.1|-|Mozilla/5.0 (Windows NT 6.1; Win64; x64) AppleWebKit/537.36 (KHTML, like Gecko) Chrome/55.0.2883.87 Safari/537.36|75
2017-01-25 15:01:52|GET|/font-awesome/css/font-awesome.css|304||GET /font-awesome/css/font-awesome.css HTTP/1.1|http://localhost:8888/|Mozilla/5.0 (Windows NT 6.1; Win64; x64) AppleWebKit/537.36 (KHTML, like Gecko) Chrome/55.0.2883.87 Safari/537.36|29
2017-01-25 15:01:52|GET|/css/sb-admin-2.css|304||GET /css/sb-admin-2.css HTTP/1.1|http://localhost:8888/|Mozilla/5.0 (Windows NT 6.1; Win64; x64) AppleWebKit/537.36 (KHTML, like Gecko) Chrome/55.0.2883.87 Safari/537.36|58
2017-01-25 15:01:52|GET|/css/bootstrap.min.css|304||GET /css/bootstrap.min.css HTTP/1.1|http://localhost:8888/|Mozilla/5.0 (Windows NT 6.1; Win64; x64) AppleWebKit/537.36 (KHTML, like Gecko) Chrome/55.0.2883.87 Safari/537.36|20
2017-01-25 15:01:52|GET|/js/jquery-1.11.2.min.js|304||GET /js/jquery-1.11.2.min.js HTTP/1.1|http://localhost:8888/|Mozilla/5.0 (Windows NT 6.1; Win64; x64) AppleWebKit/537.36 (KHTML, like Gecko) Chrome/55.0.2883.87 Safari/537.36|70
2017-01-25 15:01:52|GET|/js/bootstrap.min.js|304||GET /js/bootstrap.min.js HTTP/1.1|http://localhost:8888/|Mozilla/5.0 (Windows NT 6.1; Win64; x64) AppleWebKit/537.36 (KHTML, like Gecko) Chrome/55.0.2883.87 Safari/537.36|32
2017-01-25 15:01:55|POST|/api/public/user/login|302||POST /api/public/user/login HTTP/1.1|http://localhost:8888/|Mozilla/5.0 (Windows NT 6.1; Win64; x64) AppleWebKit/537.36 (KHTML, like Gecko) Chrome/55.0.2883.87 Safari/537.36|373
2017-01-25 15:01:56|GET|/|302||GET / HTTP/1.1|http://localhost:8888/|Mozilla/5.0 (Windows NT 6.1; Win64; x64) AppleWebKit/537.36 (KHTML, like Gecko) Chrome/55.0.2883.87 Safari/537.36|335
2017-01-25 15:01:57|GET|/admin/user/list|200||GET /admin/user/list HTTP/1.1|http://localhost:8888/|Mozilla/5.0 (Windows NT 6.1; Win64; x64) AppleWebKit/537.36 (KHTML, like Gecko) Chrome/55.0.2883.87 Safari/537.36|810
2017-01-25 15:01:57|GET|/js/metisMenu/metisMenu.js|304||GET /js/metisMenu/metisMenu.js HTTP/1.1|http://localhost:8888/admin/user/list|Mozilla/5.0 (Windows NT 6.1; Win64; x64) AppleWebKit/537.36 (KHTML, like Gecko) Chrome/55.0.2883.87 Safari/537.36|36
2017-01-25 15:01:57|GET|/js/sb-admin-2.js|304||GET /js/sb-admin-2.js HTTP/1.1|http://localhost:8888/admin/user/list|Mozilla/5.0 (Windows NT 6.1; Win64; x64) AppleWebKit/537.36 (KHTML, like Gecko) Chrome/55.0.2883.87 Safari/537.36|51
2017-01-25 15:01:57|GET|/img/adminHome/home.png|200||GET /img/adminHome/home.png HTTP/1.1|http://localhost:8888/admin/user/list|Mozilla/5.0 (Windows NT 6.1; Win64; x64) AppleWebKit/537.36 (KHTML, like Gecko) Chrome/55.0.2883.87 Safari/537.36|81
2017-01-25 15:01:57|GET|/img/adminHome/menu.png|200||GET /img/adminHome/menu.png HTTP/1.1|http://localhost:8888/admin/user/list|Mozilla/5.0 (Windows NT 6.1; Win64; x64) AppleWebKit/537.36 (KHTML, like Gecko) Chrome/55.0.2883.87 Safari/537.36|70
2017-01-25 15:01:57|GET|/img/adminHome/logout.png|200||GET /img/adminHome/logout.png HTTP/1.1|http://localhost:8888/admin/user/list|Mozilla/5.0 (Windows NT 6.1; Win64; x64) AppleWebKit/537.36 (KHTML, like Gecko) Chrome/55.0.2883.87 Safari/537.36|73
2017-01-25 15:01:57|GET|/font-awesome/fonts/fontawesome-webfont.woff2|200|?v=4.3.0|GET /font-awesome/fonts/fontawesome-webfont.woff2?v=4.3.0 HTTP/1.1|http://localhost:8888/font-awesome/css/font-awesome.css|Mozilla/5.0 (Windows NT 6.1; Win64; x64) AppleWebKit/537.36 (KHTML, like Gecko) Chrome/55.0.2883.87 Safari/537.36|55
2017-01-25 15:01:57|GET|/admin/user/last-login-pop|200||GET /admin/user/last-login-pop HTTP/1.1|http://localhost:8888/admin/user/list|Mozilla/5.0 (Windows NT 6.1; Win64; x64) AppleWebKit/537.36 (KHTML, like Gecko) Chrome/55.0.2883.87 Safari/537.36|153
2017-01-25 15:02:03|GET|/jaha/apt/ap/user/monitoring/list|200||GET /jaha/apt/ap/user/monitoring/list HTTP/1.1|http://localhost:8888/admin/user/list|Mozilla/5.0 (Windows NT 6.1; Win64; x64) AppleWebKit/537.36 (KHTML, like Gecko) Chrome/55.0.2883.87 Safari/537.36|301
2017-01-25 15:02:03|GET|/css/bootstrap-datetimepicker.css|304||GET /css/bootstrap-datetimepicker.css HTTP/1.1|http://localhost:8888/jaha/apt/ap/user/monitoring/list|Mozilla/5.0 (Windows NT 6.1; Win64; x64) AppleWebKit/537.36 (KHTML, like Gecko) Chrome/55.0.2883.87 Safari/537.36|32
2017-01-25 15:02:03|GET|/js/jquery.blockUI.js|304||GET /js/jquery.blockUI.js HTTP/1.1|http://localhost:8888/jaha/apt/ap/user/monitoring/list|Mozilla/5.0 (Windows NT 6.1; Win64; x64) AppleWebKit/537.36 (KHTML, like Gecko) Chrome/55.0.2883.87 Safari/537.36|29
2017-01-25 15:02:03|GET|/js/bootstrap-datetimepicker.js|304||GET /js/bootstrap-datetimepicker.js HTTP/1.1|http://localhost:8888/jaha/apt/ap/user/monitoring/list|Mozilla/5.0 (Windows NT 6.1; Win64; x64) AppleWebKit/537.36 (KHTML, like Gecko) Chrome/55.0.2883.87 Safari/537.36|48
2017-01-25 15:02:03|GET|/sbgrid/js/XRegExp.js|304||GET /sbgrid/js/XRegExp.js HTTP/1.1|http://localhost:8888/jaha/apt/ap/user/monitoring/list|Mozilla/5.0 (Windows NT 6.1; Win64; x64) AppleWebKit/537.36 (KHTML, like Gecko) Chrome/55.0.2883.87 Safari/537.36|71
2017-01-25 15:02:03|GET|/js/common.js|304||GET /js/common.js HTTP/1.1|http://localhost:8888/jaha/apt/ap/user/monitoring/list|Mozilla/5.0 (Windows NT 6.1; Win64; x64) AppleWebKit/537.36 (KHTML, like Gecko) Chrome/55.0.2883.87 Safari/537.36|82
2017-01-25 15:02:03|GET|/js/moment-with-locales.js|304||GET /js/moment-with-locales.js HTTP/1.1|http://localhost:8888/jaha/apt/ap/user/monitoring/list|Mozilla/5.0 (Windows NT 6.1; Win64; x64) AppleWebKit/537.36 (KHTML, like Gecko) Chrome/55.0.2883.87 Safari/537.36|105
2017-01-25 15:02:04|GET|/fonts/glyphicons-halflings-regular.woff2|200||GET /fonts/glyphicons-halflings-regular.woff2 HTTP/1.1|http://localhost:8888/css/bootstrap.min.css|Mozilla/5.0 (Windows NT 6.1; Win64; x64) AppleWebKit/537.36 (KHTML, like Gecko) Chrome/55.0.2883.87 Safari/537.36|169
2017-01-25 15:11:37|GET|/jaha/apt/ap/monitoring/health/check/list|200||GET /jaha/apt/ap/monitoring/health/check/list HTTP/1.1|http://localhost:8888/jaha/apt/ap/user/monitoring/list|Mozilla/5.0 (Windows NT 6.1; Win64; x64) AppleWebKit/537.36 (KHTML, like Gecko) Chrome/55.0.2883.87 Safari/537.36|342
2017-01-25 15:11:37|GET|/img/loading.gif|304||GET /img/loading.gif HTTP/1.1|http://localhost:8888/jaha/apt/ap/monitoring/health/check/list|Mozilla/5.0 (Windows NT 6.1; Win64; x64) AppleWebKit/537.36 (KHTML, like Gecko) Chrome/55.0.2883.87 Safari/537.36|28
2017-01-25 15:11:37|POST|/jaha/apt/ap/monitoring/health/check/list-data|200||POST /jaha/apt/ap/monitoring/health/check/list-data HTTP/1.1|http://localhost:8888/jaha/apt/ap/monitoring/health/check/list|Mozilla/5.0 (Windows NT 6.1; Win64; x64) AppleWebKit/537.36 (KHTML, like Gecko) Chrome/55.0.2883.87 Safari/537.36|328
2017-01-25 15:11:39|GET|/jaha/apt/ap/user/monitoring/list|200||GET /jaha/apt/ap/user/monitoring/list HTTP/1.1|http://localhost:8888/jaha/apt/ap/monitoring/health/check/list|Mozilla/5.0 (Windows NT 6.1; Win64; x64) AppleWebKit/537.36 (KHTML, like Gecko) Chrome/55.0.2883.87 Safari/537.36|281
2017-01-25 15:11:39|GET|/img/adminHome/home2.png|200||GET /img/adminHome/home2.png HTTP/1.1|http://localhost:8888/jaha/apt/ap/user/monitoring/list|Mozilla/5.0 (Windows NT 6.1; Win64; x64) AppleWebKit/537.36 (KHTML, like Gecko) Chrome/55.0.2883.87 Safari/537.36|49
2017-01-25 15:11:45|GET|/jaha/sms|200||GET /jaha/sms HTTP/1.1|http://localhost:8888/jaha/apt/ap/user/monitoring/list|Mozilla/5.0 (Windows NT 6.1; Win64; x64) AppleWebKit/537.36 (KHTML, like Gecko) Chrome/55.0.2883.87 Safari/537.36|298
2017-01-25 15:11:48|GET|/v2/jaha/board-mgr/post/list|200||GET /v2/jaha/board-mgr/post/list HTTP/1.1|http://localhost:8888/jaha/sms|Mozilla/5.0 (Windows NT 6.1; Win64; x64) AppleWebKit/537.36 (KHTML, like Gecko) Chrome/55.0.2883.87 Safari/537.36|527
2017-01-25 15:11:48|GET|/css/monitoring.css|304||GET /css/monitoring.css HTTP/1.1|http://localhost:8888/v2/jaha/board-mgr/post/list|Mozilla/5.0 (Windows NT 6.1; Win64; x64) AppleWebKit/537.36 (KHTML, like Gecko) Chrome/55.0.2883.87 Safari/537.36|34
2017-01-25 15:11:49|POST|/v2/jaha/board-mgr/post/select-list|200||POST /v2/jaha/board-mgr/post/select-list HTTP/1.1|http://localhost:8888/v2/jaha/board-mgr/post/list|Mozilla/5.0 (Windows NT 6.1; Win64; x64) AppleWebKit/537.36 (KHTML, like Gecko) Chrome/55.0.2883.87 Safari/537.36|806
2017-01-25 15:11:51|GET|/v2/jaha/code/group-list|200||GET /v2/jaha/code/group-list HTTP/1.1|http://localhost:8888/v2/jaha/board-mgr/post/list|Mozilla/5.0 (Windows NT 6.1; Win64; x64) AppleWebKit/537.36 (KHTML, like Gecko) Chrome/55.0.2883.87 Safari/537.36|325
2017-01-25 15:11:59|GET|/admin/apt/ap/access/device/list|200||GET /admin/apt/ap/access/device/list HTTP/1.1|http://localhost:8888/v2/jaha/code/group-list|Mozilla/5.0 (Windows NT 6.1; Win64; x64) AppleWebKit/537.36 (KHTML, like Gecko) Chrome/55.0.2883.87 Safari/537.36|295
2017-01-25 15:11:59|GET|/sbgrid/sbGrid/js/kr/co/softbowl/js/Library/json-minified.js|304||GET /sbgrid/sbGrid/js/kr/co/softbowl/js/Library/json-minified.js HTTP/1.1|http://localhost:8888/admin/apt/ap/access/device/list|Mozilla/5.0 (Windows NT 6.1; Win64; x64) AppleWebKit/537.36 (KHTML, like Gecko) Chrome/55.0.2883.87 Safari/537.36|26
2017-01-25 15:11:59|GET|/sbgrid/sbGrid/js/kr/co/softbowl/css/Sbgrid_default.css|304||GET /sbgrid/sbGrid/js/kr/co/softbowl/css/Sbgrid_default.css HTTP/1.1|http://localhost:8888/admin/apt/ap/access/device/list|Mozilla/5.0 (Windows NT 6.1; Win64; x64) AppleWebKit/537.36 (KHTML, like Gecko) Chrome/55.0.2883.87 Safari/537.36|30
2017-01-25 15:11:59|GET|/sbgrid/sbGrid/js/kr/co/softbowl/SBGrid.js|304||GET /sbgrid/sbGrid/js/kr/co/softbowl/SBGrid.js HTTP/1.1|http://localhost:8888/admin/apt/ap/access/device/list|Mozilla/5.0 (Windows NT 6.1; Win64; x64) AppleWebKit/537.36 (KHTML, like Gecko) Chrome/55.0.2883.87 Safari/537.36|28
2017-01-25 15:11:59|GET|/sbgrid/sbGrid/js/kr/co/softbowl/js/Library/json2.js|304||GET /sbgrid/sbGrid/js/kr/co/softbowl/js/Library/json2.js HTTP/1.1|http://localhost:8888/admin/apt/ap/access/device/list|Mozilla/5.0 (Windows NT 6.1; Win64; x64) AppleWebKit/537.36 (KHTML, like Gecko) Chrome/55.0.2883.87 Safari/537.36|26
2017-01-25 15:11:59|GET|/sbgrid/sbGrid/js/common/sbGrid_common.js|304||GET /sbgrid/sbGrid/js/common/sbGrid_common.js HTTP/1.1|http://localhost:8888/admin/apt/ap/access/device/list|Mozilla/5.0 (Windows NT 6.1; Win64; x64) AppleWebKit/537.36 (KHTML, like Gecko) Chrome/55.0.2883.87 Safari/537.36|33
2017-01-25 15:11:59|GET|/sbgrid/sbGrid/js/kr/co/softbowl/image/scroll/icon_grid_more2.png|200||GET /sbgrid/sbGrid/js/kr/co/softbowl/image/scroll/icon_grid_more2.png HTTP/1.1|http://localhost:8888/sbgrid/sbGrid/js/kr/co/softbowl/css/Sbgrid_default.css|Mozilla/5.0 (Windows NT 6.1; Win64; x64) AppleWebKit/537.36 (KHTML, like Gecko) Chrome/55.0.2883.87 Safari/537.36|36
2017-01-25 15:11:59|GET|/sbgrid/sbGrid/js/kr/co/softbowl/image/scroll/icon_grid_more1.png|200||GET /sbgrid/sbGrid/js/kr/co/softbowl/image/scroll/icon_grid_more1.png HTTP/1.1|http://localhost:8888/sbgrid/sbGrid/js/kr/co/softbowl/css/Sbgrid_default.css|Mozilla/5.0 (Windows NT 6.1; Win64; x64) AppleWebKit/537.36 (KHTML, like Gecko) Chrome/55.0.2883.87 Safari/537.36|36
2017-01-25 15:11:59|POST|/admin/apt/ap/access/device/list-data|200||POST /admin/apt/ap/access/device/list-data HTTP/1.1|http://localhost:8888/admin/apt/ap/access/device/list|Mozilla/5.0 (Windows NT 6.1; Win64; x64) AppleWebKit/537.36 (KHTML, like Gecko) Chrome/55.0.2883.87 Safari/537.36|182
2017-01-25 15:11:59|GET|/sbgrid/sbGrid/js/kr/co/softbowl/image/datagrid/wait.gif|200||GET /sbgrid/sbGrid/js/kr/co/softbowl/image/datagrid/wait.gif HTTP/1.1|http://localhost:8888/admin/apt/ap/access/device/list|Mozilla/5.0 (Windows NT 6.1; Win64; x64) AppleWebKit/537.36 (KHTML, like Gecko) Chrome/55.0.2883.87 Safari/537.36|44
2017-01-25 15:11:59|GET|/sbgrid/sbGrid/js/kr/co/softbowl/image/checkbox/uncheck.png|200||GET /sbgrid/sbGrid/js/kr/co/softbowl/image/checkbox/uncheck.png HTTP/1.1|http://localhost:8888/admin/apt/ap/access/device/list|Mozilla/5.0 (Windows NT 6.1; Win64; x64) AppleWebKit/537.36 (KHTML, like Gecko) Chrome/55.0.2883.87 Safari/537.36|48
2017-01-25 15:28:21|GET|/|302||GET / HTTP/1.1|-|Mozilla/5.0 (Windows NT 6.1; Win64; x64) AppleWebKit/537.36 (KHTML, like Gecko) Chrome/55.0.2883.87 Safari/537.36|547
2017-01-25 15:28:21|GET|/|302||GET / HTTP/1.1|-|Mozilla/5.0 (Windows NT 6.1; Win64; x64) AppleWebKit/537.36 (KHTML, like Gecko) Chrome/55.0.2883.87 Safari/537.36|342
2017-01-25 15:28:22|GET|/admin/user/list|200||GET /admin/user/list HTTP/1.1|-|Mozilla/5.0 (Windows NT 6.1; Win64; x64) AppleWebKit/537.36 (KHTML, like Gecko) Chrome/55.0.2883.87 Safari/537.36|1032
2017-01-25 15:28:22|GET|/admin/user/last-login-pop|200||GET /admin/user/last-login-pop HTTP/1.1|http://localhost:8888/admin/user/list|Mozilla/5.0 (Windows NT 6.1; Win64; x64) AppleWebKit/537.36 (KHTML, like Gecko) Chrome/55.0.2883.87 Safari/537.36|166
2017-01-25 15:29:08|GET|/admin/apt/ap/access/device/list|200||GET /admin/apt/ap/access/device/list HTTP/1.1|http://localhost:8888/v2/jaha/code/group-list|Mozilla/5.0 (Windows NT 6.1; Win64; x64) AppleWebKit/537.36 (KHTML, like Gecko) Chrome/55.0.2883.87 Safari/537.36|417
2017-01-25 15:29:09|POST|/admin/apt/ap/access/device/list-data|200||POST /admin/apt/ap/access/device/list-data HTTP/1.1|http://localhost:8888/admin/apt/ap/access/device/list|Mozilla/5.0 (Windows NT 6.1; Win64; x64) AppleWebKit/537.36 (KHTML, like Gecko) Chrome/55.0.2883.87 Safari/537.36|230
2017-01-25 15:29:09|GET|/favicon.ico|200||GET /favicon.ico HTTP/1.1|http://localhost:8888/admin/apt/ap/access/device/list|Mozilla/5.0 (Windows NT 6.1; Win64; x64) AppleWebKit/537.36 (KHTML, like Gecko) Chrome/55.0.2883.87 Safari/537.36|48
2017-01-25 15:29:09|GET|/img/adminHome/menu.png.png|404||GET /img/adminHome/menu.png.png HTTP/1.1|http://localhost:8888/admin/apt/ap/access/device/list|Mozilla/5.0 (Windows NT 6.1; Win64; x64) AppleWebKit/537.36 (KHTML, like Gecko) Chrome/55.0.2883.87 Safari/537.36|89
2017-01-25 15:29:13|GET|/jaha/apt/membership/list|200||GET /jaha/apt/membership/list HTTP/1.1|http://localhost:8888/admin/apt/ap/access/device/list|Mozilla/5.0 (Windows NT 6.1; Win64; x64) AppleWebKit/537.36 (KHTML, like Gecko) Chrome/55.0.2883.87 Safari/537.36|293
2017-01-25 15:29:19|GET|/jaha/user/app/download/list|200||GET /jaha/user/app/download/list HTTP/1.1|http://localhost:8888/jaha/apt/membership/list|Mozilla/5.0 (Windows NT 6.1; Win64; x64) AppleWebKit/537.36 (KHTML, like Gecko) Chrome/55.0.2883.87 Safari/537.36|266
2017-01-25 15:29:22|GET|/jaha/apt/membership/list|200||GET /jaha/apt/membership/list HTTP/1.1|http://localhost:8888/jaha/user/app/download/list|Mozilla/5.0 (Windows NT 6.1; Win64; x64) AppleWebKit/537.36 (KHTML, like Gecko) Chrome/55.0.2883.87 Safari/537.36|260
2017-01-25 15:29:24|GET|/jaha/user/app/download/list|200||GET /jaha/user/app/download/list HTTP/1.1|http://localhost:8888/jaha/apt/membership/list|Mozilla/5.0 (Windows NT 6.1; Win64; x64) AppleWebKit/537.36 (KHTML, like Gecko) Chrome/55.0.2883.87 Safari/537.36|249
2017-01-25 15:29:26|GET|/jaha/apt/membership/list|200||GET /jaha/apt/membership/list HTTP/1.1|http://localhost:8888/jaha/user/app/download/list|Mozilla/5.0 (Windows NT 6.1; Win64; x64) AppleWebKit/537.36 (KHTML, like Gecko) Chrome/55.0.2883.87 Safari/537.36|278
2017-01-25 15:29:37|GET|/jaha/apt/membership/list|200||GET /jaha/apt/membership/list HTTP/1.1|http://localhost:8888/jaha/user/app/download/list|Mozilla/5.0 (Windows NT 6.1; Win64; x64) AppleWebKit/537.36 (KHTML, like Gecko) Chrome/55.0.2883.87 Safari/537.36|255
2017-01-25 15:29:38|GET|/favicon.ico|200||GET /favicon.ico HTTP/1.1|http://localhost:8888/jaha/apt/membership/list|Mozilla/5.0 (Windows NT 6.1; Win64; x64) AppleWebKit/537.36 (KHTML, like Gecko) Chrome/55.0.2883.87 Safari/537.36|41
2017-01-25 15:36:17|GET|/jaha/apt/membership/list|200||GET /jaha/apt/membership/list HTTP/1.1|http://localhost:8888/jaha/user/app/download/list|Mozilla/5.0 (Windows NT 6.1; Win64; x64) AppleWebKit/537.36 (KHTML, like Gecko) Chrome/55.0.2883.87 Safari/537.36|256
2017-01-25 15:36:17|GET|/favicon.ico|200||GET /favicon.ico HTTP/1.1|http://localhost:8888/jaha/apt/membership/list|Mozilla/5.0 (Windows NT 6.1; Win64; x64) AppleWebKit/537.36 (KHTML, like Gecko) Chrome/55.0.2883.87 Safari/537.36|40
2017-01-25 15:36:18|GET|/jaha/apt/membership/list|200||GET /jaha/apt/membership/list HTTP/1.1|http://localhost:8888/jaha/user/app/download/list|Mozilla/5.0 (Windows NT 6.1; Win64; x64) AppleWebKit/537.36 (KHTML, like Gecko) Chrome/55.0.2883.87 Safari/537.36|238
2017-01-25 15:36:19|GET|/favicon.ico|200||GET /favicon.ico HTTP/1.1|http://localhost:8888/jaha/apt/membership/list|Mozilla/5.0 (Windows NT 6.1; Win64; x64) AppleWebKit/537.36 (KHTML, like Gecko) Chrome/55.0.2883.87 Safari/537.36|38
2017-01-25 15:36:20|GET|/jaha/apt/membership/list|200||GET /jaha/apt/membership/list HTTP/1.1|http://localhost:8888/jaha/apt/membership/list|Mozilla/5.0 (Windows NT 6.1; Win64; x64) AppleWebKit/537.36 (KHTML, like Gecko) Chrome/55.0.2883.87 Safari/537.36|255
2017-01-25 15:36:24|GET|/jaha/user/app/download/list|200||GET /jaha/user/app/download/list HTTP/1.1|http://localhost:8888/jaha/apt/membership/list|Mozilla/5.0 (Windows NT 6.1; Win64; x64) AppleWebKit/537.36 (KHTML, like Gecko) Chrome/55.0.2883.87 Safari/537.36|280
2017-01-25 16:11:22|GET|/|302||GET / HTTP/1.1|-|Mozilla/5.0 (Windows NT 6.1; Win64; x64) AppleWebKit/537.36 (KHTML, like Gecko) Chrome/55.0.2883.87 Safari/537.36|534
2017-01-25 16:11:23|GET|/admin/user/list|200||GET /admin/user/list HTTP/1.1|-|Mozilla/5.0 (Windows NT 6.1; Win64; x64) AppleWebKit/537.36 (KHTML, like Gecko) Chrome/55.0.2883.87 Safari/537.36|1006
2017-01-25 16:11:23|GET|/admin/user/last-login-pop|200||GET /admin/user/last-login-pop HTTP/1.1|http://localhost:8888/admin/user/list|Mozilla/5.0 (Windows NT 6.1; Win64; x64) AppleWebKit/537.36 (KHTML, like Gecko) Chrome/55.0.2883.87 Safari/537.36|157
2017-01-25 16:11:30|GET|/jaha/user/app/download/list|200||GET /jaha/user/app/download/list HTTP/1.1|http://localhost:8888/admin/user/list|Mozilla/5.0 (Windows NT 6.1; Win64; x64) AppleWebKit/537.36 (KHTML, like Gecko) Chrome/55.0.2883.87 Safari/537.36|353
2017-01-25 16:13:01|GET|/jaha/user/app/download/list|200||GET /jaha/user/app/download/list HTTP/1.1|http://localhost:8888/jaha/user/app/download/list|Mozilla/5.0 (Windows NT 6.1; Win64; x64) AppleWebKit/537.36 (KHTML, like Gecko) Chrome/55.0.2883.87 Safari/537.36|694
2017-01-25 16:59:18|GET|/|302||GET / HTTP/1.1|-|Mozilla/5.0 (Windows NT 6.1; Win64; x64) AppleWebKit/537.36 (KHTML, like Gecko) Chrome/55.0.2883.87 Safari/537.36|286
2017-01-25 16:59:19|GET|/admin/user/list|200||GET /admin/user/list HTTP/1.1|-|Mozilla/5.0 (Windows NT 6.1; Win64; x64) AppleWebKit/537.36 (KHTML, like Gecko) Chrome/55.0.2883.87 Safari/537.36|778
2017-01-25 16:59:19|GET|/|302||GET / HTTP/1.1|-|Mozilla/5.0 (Windows NT 6.1; Win64; x64) AppleWebKit/537.36 (KHTML, like Gecko) Chrome/55.0.2883.87 Safari/537.36|273
2017-01-25 16:59:20|GET|/admin/user/list|200||GET /admin/user/list HTTP/1.1|-|Mozilla/5.0 (Windows NT 6.1; Win64; x64) AppleWebKit/537.36 (KHTML, like Gecko) Chrome/55.0.2883.87 Safari/537.36|673
2017-01-25 16:59:20|GET|/admin/user/last-login-pop|200||GET /admin/user/last-login-pop HTTP/1.1|http://localhost:8888/admin/user/list|Mozilla/5.0 (Windows NT 6.1; Win64; x64) AppleWebKit/537.36 (KHTML, like Gecko) Chrome/55.0.2883.87 Safari/537.36|146
2017-01-25 16:59:29|GET|/user|200||GET /user HTTP/1.1|http://localhost:8888/admin/user/list|Mozilla/5.0 (Windows NT 6.1; Win64; x64) AppleWebKit/537.36 (KHTML, like Gecko) Chrome/55.0.2883.87 Safari/537.36|578
2017-01-25 16:59:29|GET|/js/jquery.dotdotdot.min.js|200||GET /js/jquery.dotdotdot.min.js HTTP/1.1|http://localhost:8888/user|Mozilla/5.0 (Windows NT 6.1; Win64; x64) AppleWebKit/537.36 (KHTML, like Gecko) Chrome/55.0.2883.87 Safari/537.36|65
2017-01-25 16:59:29|GET|/css/user.css|200||GET /css/user.css HTTP/1.1|http://localhost:8888/user|Mozilla/5.0 (Windows NT 6.1; Win64; x64) AppleWebKit/537.36 (KHTML, like Gecko) Chrome/55.0.2883.87 Safari/537.36|62
2017-01-25 16:59:29|GET|/img/userHome/log.png|200||GET /img/userHome/log.png HTTP/1.1|http://localhost:8888/user|Mozilla/5.0 (Windows NT 6.1; Win64; x64) AppleWebKit/537.36 (KHTML, like Gecko) Chrome/55.0.2883.87 Safari/537.36|67
2017-01-25 16:59:29|GET|/img/userHome/admin.png|200||GET /img/userHome/admin.png HTTP/1.1|http://localhost:8888/user|Mozilla/5.0 (Windows NT 6.1; Win64; x64) AppleWebKit/537.36 (KHTML, like Gecko) Chrome/55.0.2883.87 Safari/537.36|58
2017-01-25 16:59:29|GET|/img/userHome/info.png|200||GET /img/userHome/info.png HTTP/1.1|http://localhost:8888/user|Mozilla/5.0 (Windows NT 6.1; Win64; x64) AppleWebKit/537.36 (KHTML, like Gecko) Chrome/55.0.2883.87 Safari/537.36|52
2017-01-25 16:59:29|GET|/img/userHome/arrow.png|200||GET /img/userHome/arrow.png HTTP/1.1|http://localhost:8888/user|Mozilla/5.0 (Windows NT 6.1; Win64; x64) AppleWebKit/537.36 (KHTML, like Gecko) Chrome/55.0.2883.87 Safari/537.36|70
2017-01-25 16:59:29|GET|/img/userHome/left_arrow.png|200||GET /img/userHome/left_arrow.png HTTP/1.1|http://localhost:8888/user|Mozilla/5.0 (Windows NT 6.1; Win64; x64) AppleWebKit/537.36 (KHTML, like Gecko) Chrome/55.0.2883.87 Safari/537.36|69
2017-01-25 16:59:29|GET|/img/userHome/right_arrow.png|200||GET /img/userHome/right_arrow.png HTTP/1.1|http://localhost:8888/user|Mozilla/5.0 (Windows NT 6.1; Win64; x64) AppleWebKit/537.36 (KHTML, like Gecko) Chrome/55.0.2883.87 Safari/537.36|105
2017-01-25 16:59:29|GET|/api/board/post/image/12179/0-thumb.jpg|404||GET /api/board/post/image/12179/0-thumb.jpg HTTP/1.1|http://localhost:8888/user|Mozilla/5.0 (Windows NT 6.1; Win64; x64) AppleWebKit/537.36 (KHTML, like Gecko) Chrome/55.0.2883.87 Safari/537.36|134
2017-01-25 16:59:29|GET|/api/board/post/image/12180/0-thumb.jpg|404||GET /api/board/post/image/12180/0-thumb.jpg HTTP/1.1|http://localhost:8888/user|Mozilla/5.0 (Windows NT 6.1; Win64; x64) AppleWebKit/537.36 (KHTML, like Gecko) Chrome/55.0.2883.87 Safari/537.36|170
2017-01-25 16:59:30|GET|/api/board/post/image/11916/0-thumb.jpg|404||GET /api/board/post/image/11916/0-thumb.jpg HTTP/1.1|http://localhost:8888/user|Mozilla/5.0 (Windows NT 6.1; Win64; x64) AppleWebKit/537.36 (KHTML, like Gecko) Chrome/55.0.2883.87 Safari/537.36|136
2017-01-25 16:59:30|GET|/api/apt/image/logo/576/8680206301.jpg|404||GET /api/apt/image/logo/576/8680206301.jpg HTTP/1.1|http://localhost:8888/user|Mozilla/5.0 (Windows NT 6.1; Win64; x64) AppleWebKit/537.36 (KHTML, like Gecko) Chrome/55.0.2883.87 Safari/537.36|254
2017-01-25 16:59:30|GET|/api/board/post/image/11913/0-thumb.jpg|404||GET /api/board/post/image/11913/0-thumb.jpg HTTP/1.1|http://localhost:8888/user|Mozilla/5.0 (Windows NT 6.1; Win64; x64) AppleWebKit/537.36 (KHTML, like Gecko) Chrome/55.0.2883.87 Safari/537.36|110
2017-01-25 16:59:30|GET|/img/userHome/main01_welcome.png|200||GET /img/userHome/main01_welcome.png HTTP/1.1|http://localhost:8888/user|Mozilla/5.0 (Windows NT 6.1; Win64; x64) AppleWebKit/537.36 (KHTML, like Gecko) Chrome/55.0.2883.87 Safari/537.36|349
2017-01-25 16:59:30|GET|/api/board/post/image/11889/0-thumb.jpg|404||GET /api/board/post/image/11889/0-thumb.jpg HTTP/1.1|http://localhost:8888/user|Mozilla/5.0 (Windows NT 6.1; Win64; x64) AppleWebKit/537.36 (KHTML, like Gecko) Chrome/55.0.2883.87 Safari/537.36|103
2017-01-25 16:59:30|GET|/api/board/post/image/11888/0-thumb.jpg|404||GET /api/board/post/image/11888/0-thumb.jpg HTTP/1.1|http://localhost:8888/user|Mozilla/5.0 (Windows NT 6.1; Win64; x64) AppleWebKit/537.36 (KHTML, like Gecko) Chrome/55.0.2883.87 Safari/537.36|210
2017-01-25 16:59:30|GET|/img/userHome/ic_02.png|200||GET /img/userHome/ic_02.png HTTP/1.1|http://localhost:8888/user|Mozilla/5.0 (Windows NT 6.1; Win64; x64) AppleWebKit/537.36 (KHTML, like Gecko) Chrome/55.0.2883.87 Safari/537.36|60
2017-01-25 16:59:30|GET|/img/userHome/ic_01_64bc92.png|200||GET /img/userHome/ic_01_64bc92.png HTTP/1.1|http://localhost:8888/user|Mozilla/5.0 (Windows NT 6.1; Win64; x64) AppleWebKit/537.36 (KHTML, like Gecko) Chrome/55.0.2883.87 Safari/537.36|123
2017-01-25 16:59:30|GET|/img/userHome/ic_01.png|200||GET /img/userHome/ic_01.png HTTP/1.1|http://localhost:8888/user|Mozilla/5.0 (Windows NT 6.1; Win64; x64) AppleWebKit/537.36 (KHTML, like Gecko) Chrome/55.0.2883.87 Safari/537.36|98
2017-01-25 16:59:30|GET|/img/userHome/ic_02_966fc1.png|200||GET /img/userHome/ic_02_966fc1.png HTTP/1.1|http://localhost:8888/user|Mozilla/5.0 (Windows NT 6.1; Win64; x64) AppleWebKit/537.36 (KHTML, like Gecko) Chrome/55.0.2883.87 Safari/537.36|60
2017-01-25 16:59:30|GET|/api/board/post/image/11887/0-thumb.jpg|404||GET /api/board/post/image/11887/0-thumb.jpg HTTP/1.1|http://localhost:8888/user|Mozilla/5.0 (Windows NT 6.1; Win64; x64) AppleWebKit/537.36 (KHTML, like Gecko) Chrome/55.0.2883.87 Safari/537.36|114
2017-01-25 16:59:30|GET|/api/board/post/image/11881/0-thumb.jpg|404||GET /api/board/post/image/11881/0-thumb.jpg HTTP/1.1|http://localhost:8888/user|Mozilla/5.0 (Windows NT 6.1; Win64; x64) AppleWebKit/537.36 (KHTML, like Gecko) Chrome/55.0.2883.87 Safari/537.36|122
2017-01-25 16:59:30|GET|/api/board/post/image/11883/0-thumb.jpg|404||GET /api/board/post/image/11883/0-thumb.jpg HTTP/1.1|http://localhost:8888/user|Mozilla/5.0 (Windows NT 6.1; Win64; x64) AppleWebKit/537.36 (KHTML, like Gecko) Chrome/55.0.2883.87 Safari/537.36|158
2017-01-25 16:59:30|GET|/api/board/post/image/11886/0-thumb.jpg|404||GET /api/board/post/image/11886/0-thumb.jpg HTTP/1.1|http://localhost:8888/user|Mozilla/5.0 (Windows NT 6.1; Win64; x64) AppleWebKit/537.36 (KHTML, like Gecko) Chrome/55.0.2883.87 Safari/537.36|190
2017-01-25 16:59:30|GET|/api/board/post/image/11885/0-thumb.jpg|404||GET /api/board/post/image/11885/0-thumb.jpg HTTP/1.1|http://localhost:8888/user|Mozilla/5.0 (Windows NT 6.1; Win64; x64) AppleWebKit/537.36 (KHTML, like Gecko) Chrome/55.0.2883.87 Safari/537.36|175
2017-01-25 16:59:30|GET|/api/board/post/image/11882/0-thumb.jpg|404||GET /api/board/post/image/11882/0-thumb.jpg HTTP/1.1|http://localhost:8888/user|Mozilla/5.0 (Windows NT 6.1; Win64; x64) AppleWebKit/537.36 (KHTML, like Gecko) Chrome/55.0.2883.87 Safari/537.36|181
2017-01-25 16:59:30|GET|/api/board/post/image/11880/0-thumb.jpg|404||GET /api/board/post/image/11880/0-thumb.jpg HTTP/1.1|http://localhost:8888/user|Mozilla/5.0 (Windows NT 6.1; Win64; x64) AppleWebKit/537.36 (KHTML, like Gecko) Chrome/55.0.2883.87 Safari/537.36|133
2017-01-25 16:59:30|GET|/img/userHome/ic_03.png|200||GET /img/userHome/ic_03.png HTTP/1.1|http://localhost:8888/user|Mozilla/5.0 (Windows NT 6.1; Win64; x64) AppleWebKit/537.36 (KHTML, like Gecko) Chrome/55.0.2883.87 Safari/537.36|48
2017-01-25 16:59:30|GET|/api/board/post/image/11879/0-thumb.jpg|404||GET /api/board/post/image/11879/0-thumb.jpg HTTP/1.1|http://localhost:8888/user|Mozilla/5.0 (Windows NT 6.1; Win64; x64) AppleWebKit/537.36 (KHTML, like Gecko) Chrome/55.0.2883.87 Safari/537.36|85
2017-01-25 16:59:30|GET|/img/userHome/ic_04.png|200||GET /img/userHome/ic_04.png HTTP/1.1|http://localhost:8888/user|Mozilla/5.0 (Windows NT 6.1; Win64; x64) AppleWebKit/537.36 (KHTML, like Gecko) Chrome/55.0.2883.87 Safari/537.36|40
2017-01-25 16:59:30|GET|/api/board/post/image/11878/0-thumb.jpg|404||GET /api/board/post/image/11878/0-thumb.jpg HTTP/1.1|http://localhost:8888/user|Mozilla/5.0 (Windows NT 6.1; Win64; x64) AppleWebKit/537.36 (KHTML, like Gecko) Chrome/55.0.2883.87 Safari/537.36|85
2017-01-25 16:59:30|GET|/api/board/post/image/11877/0-thumb.jpg|404||GET /api/board/post/image/11877/0-thumb.jpg HTTP/1.1|http://localhost:8888/user|Mozilla/5.0 (Windows NT 6.1; Win64; x64) AppleWebKit/537.36 (KHTML, like Gecko) Chrome/55.0.2883.87 Safari/537.36|88
2017-01-25 16:59:30|GET|/img/m_google.png|200||GET /img/m_google.png HTTP/1.1|http://localhost:8888/user|Mozilla/5.0 (Windows NT 6.1; Win64; x64) AppleWebKit/537.36 (KHTML, like Gecko) Chrome/55.0.2883.87 Safari/537.36|48
2017-01-25 16:59:30|GET|/img/m_apple.png|200||GET /img/m_apple.png HTTP/1.1|http://localhost:8888/user|Mozilla/5.0 (Windows NT 6.1; Win64; x64) AppleWebKit/537.36 (KHTML, like Gecko) Chrome/55.0.2883.87 Safari/537.36|38
2017-01-25 16:59:30|GET|/img/dot.png|200||GET /img/dot.png HTTP/1.1|http://localhost:8888/user|Mozilla/5.0 (Windows NT 6.1; Win64; x64) AppleWebKit/537.36 (KHTML, like Gecko) Chrome/55.0.2883.87 Safari/537.36|38
2017-01-25 16:59:30|GET|/img/userHome/ic_04_ff7e00.png|200||GET /img/userHome/ic_04_ff7e00.png HTTP/1.1|http://localhost:8888/user|Mozilla/5.0 (Windows NT 6.1; Win64; x64) AppleWebKit/537.36 (KHTML, like Gecko) Chrome/55.0.2883.87 Safari/537.36|40
2017-01-25 16:59:30|GET|/img/m_log2.png|200||GET /img/m_log2.png HTTP/1.1|http://localhost:8888/css/user.css|Mozilla/5.0 (Windows NT 6.1; Win64; x64) AppleWebKit/537.36 (KHTML, like Gecko) Chrome/55.0.2883.87 Safari/537.36|38
2017-01-25 16:59:30|GET|/img/userHome/ic_03_ffc800.png|200||GET /img/userHome/ic_03_ffc800.png HTTP/1.1|http://localhost:8888/user|Mozilla/5.0 (Windows NT 6.1; Win64; x64) AppleWebKit/537.36 (KHTML, like Gecko) Chrome/55.0.2883.87 Safari/537.36|42
2017-01-25 16:59:33|GET|/user/mypage|200||GET /user/mypage HTTP/1.1|http://localhost:8888/user|Mozilla/5.0 (Windows NT 6.1; Win64; x64) AppleWebKit/537.36 (KHTML, like Gecko) Chrome/55.0.2883.87 Safari/537.36|296
2017-01-25 16:59:33|GET|/img/housing_apt.png|200||GET /img/housing_apt.png HTTP/1.1|http://localhost:8888/user/mypage|Mozilla/5.0 (Windows NT 6.1; Win64; x64) AppleWebKit/537.36 (KHTML, like Gecko) Chrome/55.0.2883.87 Safari/537.36|44
2017-01-25 16:59:33|GET|/img/housing_non_apt.png|200||GET /img/housing_non_apt.png HTTP/1.1|http://localhost:8888/user/mypage|Mozilla/5.0 (Windows NT 6.1; Win64; x64) AppleWebKit/537.36 (KHTML, like Gecko) Chrome/55.0.2883.87 Safari/537.36|52
2017-01-25 16:59:33|GET|/api/apt/image/logo/576/8680206301.jpg|404||GET /api/apt/image/logo/576/8680206301.jpg HTTP/1.1|http://localhost:8888/user/mypage|Mozilla/5.0 (Windows NT 6.1; Win64; x64) AppleWebKit/537.36 (KHTML, like Gecko) Chrome/55.0.2883.87 Safari/537.36|78
2017-01-25 16:59:36|GET|/user/mypage/deactivate|200||GET /user/mypage/deactivate HTTP/1.1|http://localhost:8888/user/mypage|Mozilla/5.0 (Windows NT 6.1; Win64; x64) AppleWebKit/537.36 (KHTML, like Gecko) Chrome/55.0.2883.87 Safari/537.36|265
2017-01-25 16:59:36|GET|/api/apt/image/logo/576/8680206301.jpg|404||GET /api/apt/image/logo/576/8680206301.jpg HTTP/1.1|http://localhost:8888/user/mypage/deactivate|Mozilla/5.0 (Windows NT 6.1; Win64; x64) AppleWebKit/537.36 (KHTML, like Gecko) Chrome/55.0.2883.87 Safari/537.36|95
2017-01-25 17:19:31|GET|/admin/user/list|200||GET /admin/user/list HTTP/1.1|http://localhost:8888/user/mypage/deactivate|Mozilla/5.0 (Windows NT 6.1; Win64; x64) AppleWebKit/537.36 (KHTML, like Gecko) Chrome/55.0.2883.87 Safari/537.36|645
2017-01-25 17:19:31|GET|/admin/user/last-login-pop|200||GET /admin/user/last-login-pop HTTP/1.1|http://localhost:8888/admin/user/list|Mozilla/5.0 (Windows NT 6.1; Win64; x64) AppleWebKit/537.36 (KHTML, like Gecko) Chrome/55.0.2883.87 Safari/537.36|138
2017-01-25 17:19:35|GET|/jaha/user/list|200||GET /jaha/user/list HTTP/1.1|http://localhost:8888/admin/user/list|Mozilla/5.0 (Windows NT 6.1; Win64; x64) AppleWebKit/537.36 (KHTML, like Gecko) Chrome/55.0.2883.87 Safari/537.36|618
2017-01-25 17:19:36|GET|/jaha/user/info/8700|200||GET /jaha/user/info/8700 HTTP/1.1|http://localhost:8888/jaha/user/list|Mozilla/5.0 (Windows NT 6.1; Win64; x64) AppleWebKit/537.36 (KHTML, like Gecko) Chrome/55.0.2883.87 Safari/537.36|123
2017-01-25 17:19:36|GET|/api/public/user/profile-image/8700|404||GET /api/public/user/profile-image/8700 HTTP/1.1|http://localhost:8888/jaha/user/list|Mozilla/5.0 (Windows NT 6.1; Win64; x64) AppleWebKit/537.36 (KHTML, like Gecko) Chrome/55.0.2883.87 Safari/537.36|79
2017-01-25 19:26:30|GET|/jaha/apt/ap/user/monitoring/list|200||GET /jaha/apt/ap/user/monitoring/list HTTP/1.1|http://localhost:8888/jaha/user/list|Mozilla/5.0 (Windows NT 6.1; Win64; x64) AppleWebKit/537.36 (KHTML, like Gecko) Chrome/55.0.2883.87 Safari/537.36|81
2017-01-25 19:26:31|POST|/api/public/user/login|302||POST /api/public/user/login HTTP/1.1|http://localhost:8888/jaha/apt/ap/user/monitoring/list|Mozilla/5.0 (Windows NT 6.1; Win64; x64) AppleWebKit/537.36 (KHTML, like Gecko) Chrome/55.0.2883.87 Safari/537.36|328
2017-01-25 19:26:31|GET|/|302||GET / HTTP/1.1|http://localhost:8888/jaha/apt/ap/user/monitoring/list|Mozilla/5.0 (Windows NT 6.1; Win64; x64) AppleWebKit/537.36 (KHTML, like Gecko) Chrome/55.0.2883.87 Safari/537.36|278
2017-01-25 19:26:32|GET|/admin/user/list|200||GET /admin/user/list HTTP/1.1|http://localhost:8888/jaha/apt/ap/user/monitoring/list|Mozilla/5.0 (Windows NT 6.1; Win64; x64) AppleWebKit/537.36 (KHTML, like Gecko) Chrome/55.0.2883.87 Safari/537.36|685
2017-01-25 19:26:32|GET|/admin/user/last-login-pop|200||GET /admin/user/last-login-pop HTTP/1.1|http://localhost:8888/admin/user/list|Mozilla/5.0 (Windows NT 6.1; Win64; x64) AppleWebKit/537.36 (KHTML, like Gecko) Chrome/55.0.2883.87 Safari/537.36|161
2017-01-25 19:26:32|GET|/img/adminHome/menu.png.png|404||GET /img/adminHome/menu.png.png HTTP/1.1|http://localhost:8888/admin/user/list|Mozilla/5.0 (Windows NT 6.1; Win64; x64) AppleWebKit/537.36 (KHTML, like Gecko) Chrome/55.0.2883.87 Safari/537.36|81
2017-01-25 19:26:36|GET|/jaha/apt/ap/user/monitoring/list|200||GET /jaha/apt/ap/user/monitoring/list HTTP/1.1|http://localhost:8888/admin/user/list|Mozilla/5.0 (Windows NT 6.1; Win64; x64) AppleWebKit/537.36 (KHTML, like Gecko) Chrome/55.0.2883.87 Safari/537.36|287
2017-01-25 19:26:58|GET|/jaha/apt/ap/user/monitoring/list|200||GET /jaha/apt/ap/user/monitoring/list HTTP/1.1|http://localhost:8888/admin/user/list|Mozilla/5.0 (Windows NT 6.1; Win64; x64) AppleWebKit/537.36 (KHTML, like Gecko) Chrome/55.0.2883.87 Safari/537.36|254
2017-01-25 19:27:37|GET|/jaha/apt/ap/user/monitoring/list|200||GET /jaha/apt/ap/user/monitoring/list HTTP/1.1|http://localhost:8888/admin/user/list|Mozilla/5.0 (Windows NT 6.1; Win64; x64) AppleWebKit/537.36 (KHTML, like Gecko) Chrome/55.0.2883.87 Safari/537.36|253
2017-01-25 19:39:51|GET|/img/adminHome/menu.png|304||GET /img/adminHome/menu.png HTTP/1.1|http://localhost:8888/admin/user/list|Mozilla/5.0 (Windows NT 6.1; Win64; x64) AppleWebKit/537.36 (KHTML, like Gecko) Chrome/55.0.2883.87 Safari/537.36|47
2017-01-25 19:39:53|GET|/jaha/user/list|200||GET /jaha/user/list HTTP/1.1|http://localhost:8888/admin/user/list|Mozilla/5.0 (Windows NT 6.1; Win64; x64) AppleWebKit/537.36 (KHTML, like Gecko) Chrome/55.0.2883.87 Safari/537.36|698
2017-01-25 19:39:53|GET|/font-awesome/css/font-awesome.css|304||GET /font-awesome/css/font-awesome.css HTTP/1.1|http://localhost:8888/jaha/user/list|Mozilla/5.0 (Windows NT 6.1; Win64; x64) AppleWebKit/537.36 (KHTML, like Gecko) Chrome/55.0.2883.87 Safari/537.36|43
2017-01-25 19:39:53|GET|/js/jquery-1.11.2.min.js|304||GET /js/jquery-1.11.2.min.js HTTP/1.1|http://localhost:8888/jaha/user/list|Mozilla/5.0 (Windows NT 6.1; Win64; x64) AppleWebKit/537.36 (KHTML, like Gecko) Chrome/55.0.2883.87 Safari/537.36|40
2017-01-25 19:39:53|GET|/css/bootstrap.min.css|304||GET /css/bootstrap.min.css HTTP/1.1|http://localhost:8888/jaha/user/list|Mozilla/5.0 (Windows NT 6.1; Win64; x64) AppleWebKit/537.36 (KHTML, like Gecko) Chrome/55.0.2883.87 Safari/537.36|49
2017-01-25 19:39:53|GET|/css/sb-admin-2.css|304||GET /css/sb-admin-2.css HTTP/1.1|http://localhost:8888/jaha/user/list|Mozilla/5.0 (Windows NT 6.1; Win64; x64) AppleWebKit/537.36 (KHTML, like Gecko) Chrome/55.0.2883.87 Safari/537.36|55
2017-01-25 19:39:53|GET|/js/bootstrap.min.js|304||GET /js/bootstrap.min.js HTTP/1.1|http://localhost:8888/jaha/user/list|Mozilla/5.0 (Windows NT 6.1; Win64; x64) AppleWebKit/537.36 (KHTML, like Gecko) Chrome/55.0.2883.87 Safari/537.36|61
2017-01-25 19:39:53|GET|/js/sb-admin-2.js|304||GET /js/sb-admin-2.js HTTP/1.1|http://localhost:8888/jaha/user/list|Mozilla/5.0 (Windows NT 6.1; Win64; x64) AppleWebKit/537.36 (KHTML, like Gecko) Chrome/55.0.2883.87 Safari/537.36|36
2017-01-25 19:39:53|GET|/img/adminHome/home.png|304||GET /img/adminHome/home.png HTTP/1.1|http://localhost:8888/jaha/user/list|Mozilla/5.0 (Windows NT 6.1; Win64; x64) AppleWebKit/537.36 (KHTML, like Gecko) Chrome/55.0.2883.87 Safari/537.36|47
2017-01-25 19:39:53|GET|/font-awesome/fonts/fontawesome-webfont.woff2|304|?v=4.3.0|GET /font-awesome/fonts/fontawesome-webfont.woff2?v=4.3.0 HTTP/1.1|http://localhost:8888/font-awesome/css/font-awesome.css|Mozilla/5.0 (Windows NT 6.1; Win64; x64) AppleWebKit/537.36 (KHTML, like Gecko) Chrome/55.0.2883.87 Safari/537.36|45
2017-01-25 19:39:53|GET|/js/metisMenu/metisMenu.js|304||GET /js/metisMenu/metisMenu.js HTTP/1.1|http://localhost:8888/jaha/user/list|Mozilla/5.0 (Windows NT 6.1; Win64; x64) AppleWebKit/537.36 (KHTML, like Gecko) Chrome/55.0.2883.87 Safari/537.36|45
2017-01-25 19:39:53|GET|/img/adminHome/logout.png|304||GET /img/adminHome/logout.png HTTP/1.1|http://localhost:8888/jaha/user/list|Mozilla/5.0 (Windows NT 6.1; Win64; x64) AppleWebKit/537.36 (KHTML, like Gecko) Chrome/55.0.2883.87 Safari/537.36|41
2017-01-25 19:39:55|GET|/jaha/user/info/8700|200||GET /jaha/user/info/8700 HTTP/1.1|http://localhost:8888/jaha/user/list|Mozilla/5.0 (Windows NT 6.1; Win64; x64) AppleWebKit/537.36 (KHTML, like Gecko) Chrome/55.0.2883.87 Safari/537.36|128
2017-01-25 19:39:55|GET|/api/public/user/profile-image/8700|404||GET /api/public/user/profile-image/8700 HTTP/1.1|http://localhost:8888/jaha/user/list|Mozilla/5.0 (Windows NT 6.1; Win64; x64) AppleWebKit/537.36 (KHTML, like Gecko) Chrome/55.0.2883.87 Safari/537.36|95
2017-01-25 19:56:21|GET|/jaha/apt/ap/access/log/list|200||GET /jaha/apt/ap/access/log/list HTTP/1.1|http://localhost:8888/jaha/user/app/download/list|Mozilla/5.0 (Windows NT 6.1; Win64; x64) AppleWebKit/537.36 (KHTML, like Gecko) Chrome/55.0.2883.87 Safari/537.36|309
2017-01-25 19:56:21|GET|/js/jquery.blockUI.js|304||GET /js/jquery.blockUI.js HTTP/1.1|http://localhost:8888/jaha/apt/ap/access/log/list|Mozilla/5.0 (Windows NT 6.1; Win64; x64) AppleWebKit/537.36 (KHTML, like Gecko) Chrome/55.0.2883.87 Safari/537.36|29
2017-01-25 19:56:21|GET|/css/bootstrap-datetimepicker.css|304||GET /css/bootstrap-datetimepicker.css HTTP/1.1|http://localhost:8888/jaha/apt/ap/access/log/list|Mozilla/5.0 (Windows NT 6.1; Win64; x64) AppleWebKit/537.36 (KHTML, like Gecko) Chrome/55.0.2883.87 Safari/537.36|36
2017-01-25 19:56:21|GET|/js/moment-with-locales.js|304||GET /js/moment-with-locales.js HTTP/1.1|http://localhost:8888/jaha/apt/ap/access/log/list|Mozilla/5.0 (Windows NT 6.1; Win64; x64) AppleWebKit/537.36 (KHTML, like Gecko) Chrome/55.0.2883.87 Safari/537.36|67
2017-01-25 19:56:21|GET|/sbgrid/js/XRegExp.js|304||GET /sbgrid/js/XRegExp.js HTTP/1.1|http://localhost:8888/jaha/apt/ap/access/log/list|Mozilla/5.0 (Windows NT 6.1; Win64; x64) AppleWebKit/537.36 (KHTML, like Gecko) Chrome/55.0.2883.87 Safari/537.36|69
2017-01-25 19:56:21|GET|/js/bootstrap-datetimepicker.js|304||GET /js/bootstrap-datetimepicker.js HTTP/1.1|http://localhost:8888/jaha/apt/ap/access/log/list|Mozilla/5.0 (Windows NT 6.1; Win64; x64) AppleWebKit/537.36 (KHTML, like Gecko) Chrome/55.0.2883.87 Safari/537.36|59
2017-01-25 19:56:21|GET|/img/adminHome/home.png|304||GET /img/adminHome/home.png HTTP/1.1|http://localhost:8888/jaha/apt/ap/access/log/list|Mozilla/5.0 (Windows NT 6.1; Win64; x64) AppleWebKit/537.36 (KHTML, like Gecko) Chrome/55.0.2883.87 Safari/537.36|75
2017-01-25 19:56:22|GET|/img/adminHome/menu.png|304||GET /img/adminHome/menu.png HTTP/1.1|http://localhost:8888/jaha/apt/ap/access/log/list|Mozilla/5.0 (Windows NT 6.1; Win64; x64) AppleWebKit/537.36 (KHTML, like Gecko) Chrome/55.0.2883.87 Safari/537.36|103
2017-01-25 19:56:22|GET|/font-awesome/fonts/fontawesome-webfont.woff2|304|?v=4.3.0|GET /font-awesome/fonts/fontawesome-webfont.woff2?v=4.3.0 HTTP/1.1|http://localhost:8888/font-awesome/css/font-awesome.css|Mozilla/5.0 (Windows NT 6.1; Win64; x64) AppleWebKit/537.36 (KHTML, like Gecko) Chrome/55.0.2883.87 Safari/537.36|51
2017-01-25 19:56:22|GET|/js/common.js|304||GET /js/common.js HTTP/1.1|http://localhost:8888/jaha/apt/ap/access/log/list|Mozilla/5.0 (Windows NT 6.1; Win64; x64) AppleWebKit/537.36 (KHTML, like Gecko) Chrome/55.0.2883.87 Safari/537.36|116
2017-01-25 19:56:22|GET|/img/adminHome/logout.png|304||GET /img/adminHome/logout.png HTTP/1.1|http://localhost:8888/jaha/apt/ap/access/log/list|Mozilla/5.0 (Windows NT 6.1; Win64; x64) AppleWebKit/537.36 (KHTML, like Gecko) Chrome/55.0.2883.87 Safari/537.36|50
2017-01-25 19:56:22|GET|/fonts/glyphicons-halflings-regular.woff2|304||GET /fonts/glyphicons-halflings-regular.woff2 HTTP/1.1|http://localhost:8888/css/bootstrap.min.css|Mozilla/5.0 (Windows NT 6.1; Win64; x64) AppleWebKit/537.36 (KHTML, like Gecko) Chrome/55.0.2883.87 Safari/537.36|26
2017-01-25 19:56:26|GET|/apt/search/popup|200||GET /apt/search/popup HTTP/1.1|http://localhost:8888/jaha/apt/ap/access/log/list|Mozilla/5.0 (Windows NT 6.1; Win64; x64) AppleWebKit/537.36 (KHTML, like Gecko) Chrome/55.0.2883.87 Safari/537.36|256
2017-01-25 19:56:42|GET|/api/public/address/sigungu-names/%EC%A0%84%EB%9D%BC%EB%82%A8%EB%8F%84|200||GET /api/public/address/sigungu-names/%EC%A0%84%EB%9D%BC%EB%82%A8%EB%8F%84 HTTP/1.1|http://localhost:8888/apt/search/popup|Mozilla/5.0 (Windows NT 6.1; Win64; x64) AppleWebKit/537.36 (KHTML, like Gecko) Chrome/55.0.2883.87 Safari/537.36|12080
2017-01-25 19:56:46|GET|/api/public/address/sigungu-names/%EA%B2%BD%EA%B8%B0%EB%8F%84|200||GET /api/public/address/sigungu-names/%EA%B2%BD%EA%B8%B0%EB%8F%84 HTTP/1.1|http://localhost:8888/apt/search/popup|Mozilla/5.0 (Windows NT 6.1; Win64; x64) AppleWebKit/537.36 (KHTML, like Gecko) Chrome/55.0.2883.87 Safari/537.36|102
2017-01-25 19:56:50|POST|/apt/search/list-data|200||POST /apt/search/list-data HTTP/1.1|http://localhost:8888/apt/search/popup|Mozilla/5.0 (Windows NT 6.1; Win64; x64) AppleWebKit/537.36 (KHTML, like Gecko) Chrome/55.0.2883.87 Safari/537.36|209
