2017-03-08 16:58:59|GET|/|200||GET / HTTP/1.1|-|Mozilla/5.0 (Windows NT 6.1; Win64; x64) AppleWebKit/537.36 (KHTML, like Gecko) Chrome/56.0.2924.87 Safari/537.36|317
2017-03-08 16:58:59|GET|/css/jquery.fullPage.css|200||GET /css/jquery.fullPage.css HTTP/1.1|http://localhost:8888/|Mozilla/5.0 (Windows NT 6.1; Win64; x64) AppleWebKit/537.36 (KHTML, like Gecko) Chrome/56.0.2924.87 Safari/537.36|12
2017-03-08 16:58:59|GET|/css/animate.min.css|200||GET /css/animate.min.css HTTP/1.1|http://localhost:8888/|Mozilla/5.0 (Windows NT 6.1; Win64; x64) AppleWebKit/537.36 (KHTML, like Gecko) Chrome/56.0.2924.87 Safari/537.36|56
2017-03-08 16:59:00|GET|/img/login_apple.png|200||GET /img/login_apple.png HTTP/1.1|http://localhost:8888/|Mozilla/5.0 (Windows NT 6.1; Win64; x64) AppleWebKit/537.36 (KHTML, like Gecko) Chrome/56.0.2924.87 Safari/537.36|11
2017-03-08 16:59:00|GET|/img/emaul-logo-w.png|200||GET /img/emaul-logo-w.png HTTP/1.1|http://localhost:8888/|Mozilla/5.0 (Windows NT 6.1; Win64; x64) AppleWebKit/537.36 (KHTML, like Gecko) Chrome/56.0.2924.87 Safari/537.36|58
2017-03-08 16:59:00|GET|/img/login_google.png|200||GET /img/login_google.png HTTP/1.1|http://localhost:8888/|Mozilla/5.0 (Windows NT 6.1; Win64; x64) AppleWebKit/537.36 (KHTML, like Gecko) Chrome/56.0.2924.87 Safari/537.36|36
2017-03-08 16:59:00|GET|/img/bg-login.jpg|200||GET /img/bg-login.jpg HTTP/1.1|http://localhost:8888/|Mozilla/5.0 (Windows NT 6.1; Win64; x64) AppleWebKit/537.36 (KHTML, like Gecko) Chrome/56.0.2924.87 Safari/537.36|116
2017-03-08 16:59:01|POST|/api/public/user/login|302||POST /api/public/user/login HTTP/1.1|http://localhost:8888/|Mozilla/5.0 (Windows NT 6.1; Win64; x64) AppleWebKit/537.36 (KHTML, like Gecko) Chrome/56.0.2924.87 Safari/537.36|438
2017-03-08 16:59:02|GET|/|302||GET / HTTP/1.1|http://localhost:8888/|Mozilla/5.0 (Windows NT 6.1; Win64; x64) AppleWebKit/537.36 (KHTML, like Gecko) Chrome/56.0.2924.87 Safari/537.36|610
2017-03-08 16:59:03|GET|/admin/user/list|200||GET /admin/user/list HTTP/1.1|http://localhost:8888/|Mozilla/5.0 (Windows NT 6.1; Win64; x64) AppleWebKit/537.36 (KHTML, like Gecko) Chrome/56.0.2924.87 Safari/537.36|1559
2017-03-08 16:59:03|GET|/img/adminHome/home.png|200||GET /img/adminHome/home.png HTTP/1.1|http://localhost:8888/admin/user/list|Mozilla/5.0 (Windows NT 6.1; Win64; x64) AppleWebKit/537.36 (KHTML, like Gecko) Chrome/56.0.2924.87 Safari/537.36|92
2017-03-08 16:59:03|GET|/img/adminHome/menu.png|200||GET /img/adminHome/menu.png HTTP/1.1|http://localhost:8888/admin/user/list|Mozilla/5.0 (Windows NT 6.1; Win64; x64) AppleWebKit/537.36 (KHTML, like Gecko) Chrome/56.0.2924.87 Safari/537.36|70
2017-03-08 16:59:04|GET|/img/sort_asc.png|200||GET /img/sort_asc.png HTTP/1.1|http://localhost:8888/admin/user/list|Mozilla/5.0 (Windows NT 6.1; Win64; x64) AppleWebKit/537.36 (KHTML, like Gecko) Chrome/56.0.2924.87 Safari/537.36|81
2017-03-08 16:59:04|GET|/img/sort_desc.png|200||GET /img/sort_desc.png HTTP/1.1|http://localhost:8888/admin/user/list|Mozilla/5.0 (Windows NT 6.1; Win64; x64) AppleWebKit/537.36 (KHTML, like Gecko) Chrome/56.0.2924.87 Safari/537.36|111
2017-03-08 16:59:04|GET|/font-awesome/fonts/fontawesome-webfont.woff2|200|?v=4.3.0|GET /font-awesome/fonts/fontawesome-webfont.woff2?v=4.3.0 HTTP/1.1|http://localhost:8888/font-awesome/css/font-awesome.css|Mozilla/5.0 (Windows NT 6.1; Win64; x64) AppleWebKit/537.36 (KHTML, like Gecko) Chrome/56.0.2924.87 Safari/537.36|109
2017-03-08 16:59:04|GET|/img/adminHome/logout.png|200||GET /img/adminHome/logout.png HTTP/1.1|http://localhost:8888/admin/user/list|Mozilla/5.0 (Windows NT 6.1; Win64; x64) AppleWebKit/537.36 (KHTML, like Gecko) Chrome/56.0.2924.87 Safari/537.36|120
2017-03-08 16:59:04|GET|/admin/user/last-login-pop|200||GET /admin/user/last-login-pop HTTP/1.1|http://localhost:8888/admin/user/list|Mozilla/5.0 (Windows NT 6.1; Win64; x64) AppleWebKit/537.36 (KHTML, like Gecko) Chrome/56.0.2924.87 Safari/537.36|257
2017-03-08 16:59:06|GET|/img/adminHome/menu2.png|200||GET /img/adminHome/menu2.png HTTP/1.1|http://localhost:8888/admin/user/list|Mozilla/5.0 (Windows NT 6.1; Win64; x64) AppleWebKit/537.36 (KHTML, like Gecko) Chrome/56.0.2924.87 Safari/537.36|75
2017-03-08 16:59:06|GET|/img/adminHome/home2.png|200||GET /img/adminHome/home2.png HTTP/1.1|http://localhost:8888/admin/user/list|Mozilla/5.0 (Windows NT 6.1; Win64; x64) AppleWebKit/537.36 (KHTML, like Gecko) Chrome/56.0.2924.87 Safari/537.36|38
2017-03-08 16:59:06|GET|/img/adminHome/menu2.png|200||GET /img/adminHome/menu2.png HTTP/1.1|http://localhost:8888/admin/user/list|Mozilla/5.0 (Windows NT 6.1; Win64; x64) AppleWebKit/537.36 (KHTML, like Gecko) Chrome/56.0.2924.87 Safari/537.36|35
2017-03-08 16:59:10|GET|/jaha/apt/membership/list|200||GET /jaha/apt/membership/list HTTP/1.1|http://localhost:8888/admin/user/list|Mozilla/5.0 (Windows NT 6.1; Win64; x64) AppleWebKit/537.36 (KHTML, like Gecko) Chrome/56.0.2924.87 Safari/537.36|536
2017-03-08 16:59:10|GET|/fonts/glyphicons-halflings-regular.woff2|200||GET /fonts/glyphicons-halflings-regular.woff2 HTTP/1.1|http://localhost:8888/css/bootstrap.min.css|Mozilla/5.0 (Windows NT 6.1; Win64; x64) AppleWebKit/537.36 (KHTML, like Gecko) Chrome/56.0.2924.87 Safari/537.36|40
2017-03-08 16:59:10|GET|/api/public/address/sido-names|200||GET /api/public/address/sido-names HTTP/1.1|http://localhost:8888/jaha/apt/membership/list|Mozilla/5.0 (Windows NT 6.1; Win64; x64) AppleWebKit/537.36 (KHTML, like Gecko) Chrome/56.0.2924.87 Safari/537.36|159
2017-03-08 16:59:11|GET|/jaha/apt/membership/list-data|200|?sidoNm=&sggNm=&sDate=2017-03-02&eDate=2017-03-08&pageSize=10&pageNum=1|GET /jaha/apt/membership/list-data?sidoNm=&sggNm=&sDate=2017-03-02&eDate=2017-03-08&pageSize=10&pageNum=1 HTTP/1.1|http://localhost:8888/jaha/apt/membership/list|Mozilla/5.0 (Windows NT 6.1; Win64; x64) AppleWebKit/537.36 (KHTML, like Gecko) Chrome/56.0.2924.87 Safari/537.36|1062
2017-03-08 16:59:12|GET|/jaha/apt/ap/user/edoorMember/list-data|200|?sidoNm=&sggNm=&sDate=2017-03-02&eDate=2017-03-08&pageSize=10&pageNum=1|GET /jaha/apt/ap/user/edoorMember/list-data?sidoNm=&sggNm=&sDate=2017-03-02&eDate=2017-03-08&pageSize=10&pageNum=1 HTTP/1.1|http://localhost:8888/jaha/apt/membership/list|Mozilla/5.0 (Windows NT 6.1; Win64; x64) AppleWebKit/537.36 (KHTML, like Gecko) Chrome/56.0.2924.87 Safari/537.36|2366
2017-03-08 16:59:35|GET|/apt/search/popup|200|?mode=multi|GET /apt/search/popup?mode=multi HTTP/1.1|http://localhost:8888/jaha/apt/membership/list|Mozilla/5.0 (Windows NT 6.1; Win64; x64) AppleWebKit/537.36 (KHTML, like Gecko) Chrome/56.0.2924.87 Safari/537.36|699
2017-03-08 16:59:36|POST|/apt/search/list-data|200||POST /apt/search/list-data HTTP/1.1|http://localhost:8888/apt/search/popup?mode=multi|Mozilla/5.0 (Windows NT 6.1; Win64; x64) AppleWebKit/537.36 (KHTML, like Gecko) Chrome/56.0.2924.87 Safari/537.36|334
2017-03-08 16:59:40|POST|/apt/search/list-data|200||POST /apt/search/list-data HTTP/1.1|http://localhost:8888/apt/search/popup?mode=multi|Mozilla/5.0 (Windows NT 6.1; Win64; x64) AppleWebKit/537.36 (KHTML, like Gecko) Chrome/56.0.2924.87 Safari/537.36|313
2017-03-08 16:59:47|GET|/jaha/apt/ap/user/edoorMember/list-data|200|?sidoNm=&sggNm=&sDate=2017-03-02&eDate=2017-03-08&pageSize=10&aptList=38&aptList=1147&aptList=1068&aptList=1256&aptList=953&pageNum=1|GET /jaha/apt/ap/user/edoorMember/list-data?sidoNm=&sggNm=&sDate=2017-03-02&eDate=2017-03-08&pageSize=10&aptList=38&aptList=1147&aptList=1068&aptList=1256&aptList=953&pageNum=1 HTTP/1.1|http://localhost:8888/jaha/apt/membership/list|Mozilla/5.0 (Windows NT 6.1; Win64; x64) AppleWebKit/537.36 (KHTML, like Gecko) Chrome/56.0.2924.87 Safari/537.36|281
2017-03-08 16:59:47|GET|/jaha/apt/membership/list-data|200|?sidoNm=&sggNm=&sDate=2017-03-02&eDate=2017-03-08&pageSize=10&aptList=38&aptList=1147&aptList=1068&aptList=1256&aptList=953&pageNum=1|GET /jaha/apt/membership/list-data?sidoNm=&sggNm=&sDate=2017-03-02&eDate=2017-03-08&pageSize=10&aptList=38&aptList=1147&aptList=1068&aptList=1256&aptList=953&pageNum=1 HTTP/1.1|http://localhost:8888/jaha/apt/membership/list|Mozilla/5.0 (Windows NT 6.1; Win64; x64) AppleWebKit/537.36 (KHTML, like Gecko) Chrome/56.0.2924.87 Safari/537.36|701
2017-03-08 17:53:00|GET|/jaha/user/app/download/list|200||GET /jaha/user/app/download/list HTTP/1.1|-|Mozilla/5.0 (Windows NT 6.1; Win64; x64) AppleWebKit/537.36 (KHTML, like Gecko) Chrome/56.0.2924.87 Safari/537.36|376
2017-03-08 17:55:16|GET|/jaha/user/app/download/list|200||GET /jaha/user/app/download/list HTTP/1.1|-|Mozilla/5.0 (Windows NT 6.1; Win64; x64) AppleWebKit/537.36 (KHTML, like Gecko) Chrome/56.0.2924.87 Safari/537.36|373
2017-03-08 17:58:27|GET|/jaha/user/app/download/list|404||GET /jaha/user/app/download/list HTTP/1.1|-|Mozilla/5.0 (Windows NT 6.1; Win64; x64) AppleWebKit/537.36 (KHTML, like Gecko) Chrome/56.0.2924.87 Safari/537.36|271
2017-03-08 17:58:52|GET|/|200||GET / HTTP/1.1|-|Mozilla/5.0 (Windows NT 6.1; Win64; x64) AppleWebKit/537.36 (KHTML, like Gecko) Chrome/56.0.2924.87 Safari/537.36|255
2017-03-08 17:58:54|POST|/api/public/user/login|302||POST /api/public/user/login HTTP/1.1|http://localhost:8888/|Mozilla/5.0 (Windows NT 6.1; Win64; x64) AppleWebKit/537.36 (KHTML, like Gecko) Chrome/56.0.2924.87 Safari/537.36|331
2017-03-08 17:58:55|GET|/|302||GET / HTTP/1.1|http://localhost:8888/|Mozilla/5.0 (Windows NT 6.1; Win64; x64) AppleWebKit/537.36 (KHTML, like Gecko) Chrome/56.0.2924.87 Safari/537.36|293
2017-03-08 17:58:56|GET|/admin/user/list|200||GET /admin/user/list HTTP/1.1|http://localhost:8888/|Mozilla/5.0 (Windows NT 6.1; Win64; x64) AppleWebKit/537.36 (KHTML, like Gecko) Chrome/56.0.2924.87 Safari/537.36|771
2017-03-08 17:58:56|GET|/admin/user/last-login-pop|200||GET /admin/user/last-login-pop HTTP/1.1|http://localhost:8888/admin/user/list|Mozilla/5.0 (Windows NT 6.1; Win64; x64) AppleWebKit/537.36 (KHTML, like Gecko) Chrome/56.0.2924.87 Safari/537.36|138
2017-03-08 17:59:10|GET|/jaha/user/app/download/list|200||GET /jaha/user/app/download/list HTTP/1.1|-|Mozilla/5.0 (Windows NT 6.1; Win64; x64) AppleWebKit/537.36 (KHTML, like Gecko) Chrome/56.0.2924.87 Safari/537.36|316
2017-03-08 18:01:16|GET|/jaha/user/app/download/list|200||GET /jaha/user/app/download/list HTTP/1.1|-|Mozilla/5.0 (Windows NT 6.1; Win64; x64) AppleWebKit/537.36 (KHTML, like Gecko) Chrome/56.0.2924.87 Safari/537.36|1028
2017-03-08 18:06:39|GET|/jaha/user/app/download/list|200||GET /jaha/user/app/download/list HTTP/1.1|http://localhost:8888/admin/user/list|Mozilla/5.0 (Windows NT 6.1; Win64; x64) AppleWebKit/537.36 (KHTML, like Gecko) Chrome/56.0.2924.87 Safari/537.36|687
2017-03-08 18:06:39|GET|/jaha/user/app/download/list-data|200|?sDate=2017-03-02&eDate=2017-03-08&aptId=&pageSize=10&pageNum=1|GET /jaha/user/app/download/list-data?sDate=2017-03-02&eDate=2017-03-08&aptId=&pageSize=10&pageNum=1 HTTP/1.1|http://localhost:8888/jaha/user/app/download/list|Mozilla/5.0 (Windows NT 6.1; Win64; x64) AppleWebKit/537.36 (KHTML, like Gecko) Chrome/56.0.2924.87 Safari/537.36|106
2017-03-08 18:09:19|GET|/jaha/user/app/download/list|200||GET /jaha/user/app/download/list HTTP/1.1|http://localhost:8888/admin/user/list|Mozilla/5.0 (Windows NT 6.1; Win64; x64) AppleWebKit/537.36 (KHTML, like Gecko) Chrome/56.0.2924.87 Safari/537.36|724
2017-03-08 18:09:19|GET|/jaha/user/app/download/list-data|200|?sDate=2017-03-02&eDate=2017-03-08&aptId=&pageSize=10&pageNum=1|GET /jaha/user/app/download/list-data?sDate=2017-03-02&eDate=2017-03-08&aptId=&pageSize=10&pageNum=1 HTTP/1.1|http://localhost:8888/jaha/user/app/download/list|Mozilla/5.0 (Windows NT 6.1; Win64; x64) AppleWebKit/537.36 (KHTML, like Gecko) Chrome/56.0.2924.87 Safari/537.36|175
2017-03-08 18:09:19|GET|/favicon.ico|200||GET /favicon.ico HTTP/1.1|http://localhost:8888/jaha/user/app/download/list|Mozilla/5.0 (Windows NT 6.1; Win64; x64) AppleWebKit/537.36 (KHTML, like Gecko) Chrome/56.0.2924.87 Safari/537.36|67
2017-03-08 18:10:02|GET|/jaha/user/app/download/list|200||GET /jaha/user/app/download/list HTTP/1.1|http://localhost:8888/admin/user/list|Mozilla/5.0 (Windows NT 6.1; Win64; x64) AppleWebKit/537.36 (KHTML, like Gecko) Chrome/56.0.2924.87 Safari/537.36|732
2017-03-08 18:10:02|GET|/favicon.ico|200||GET /favicon.ico HTTP/1.1|http://localhost:8888/jaha/user/app/download/list|Mozilla/5.0 (Windows NT 6.1; Win64; x64) AppleWebKit/537.36 (KHTML, like Gecko) Chrome/56.0.2924.87 Safari/537.36|47
2017-03-08 18:10:03|GET|/jaha/user/app/download/list-data|200|?sDate=2017-03-02&eDate=2017-03-08&aptId=&pageSize=10&pageNum=1|GET /jaha/user/app/download/list-data?sDate=2017-03-02&eDate=2017-03-08&aptId=&pageSize=10&pageNum=1 HTTP/1.1|http://localhost:8888/jaha/user/app/download/list|Mozilla/5.0 (Windows NT 6.1; Win64; x64) AppleWebKit/537.36 (KHTML, like Gecko) Chrome/56.0.2924.87 Safari/537.36|577
2017-03-08 18:13:09|GET|/jaha/user/app/download/list|200||GET /jaha/user/app/download/list HTTP/1.1|http://localhost:8888/admin/user/list|Mozilla/5.0 (Windows NT 6.1; Win64; x64) AppleWebKit/537.36 (KHTML, like Gecko) Chrome/56.0.2924.87 Safari/537.36|675
2017-03-08 18:13:09|GET|/favicon.ico|200||GET /favicon.ico HTTP/1.1|http://localhost:8888/jaha/user/app/download/list|Mozilla/5.0 (Windows NT 6.1; Win64; x64) AppleWebKit/537.36 (KHTML, like Gecko) Chrome/56.0.2924.87 Safari/537.36|47
2017-03-08 18:13:10|GET|/jaha/user/app/download/list-data|200|?sDate=2017-03-02&eDate=2017-03-08&aptId=&pageSize=10&pageNum=1|GET /jaha/user/app/download/list-data?sDate=2017-03-02&eDate=2017-03-08&aptId=&pageSize=10&pageNum=1 HTTP/1.1|http://localhost:8888/jaha/user/app/download/list|Mozilla/5.0 (Windows NT 6.1; Win64; x64) AppleWebKit/537.36 (KHTML, like Gecko) Chrome/56.0.2924.87 Safari/537.36|603
2017-03-08 18:13:12|GET|/jaha/apt/membership/list|200||GET /jaha/apt/membership/list HTTP/1.1|http://localhost:8888/jaha/user/app/download/list|Mozilla/5.0 (Windows NT 6.1; Win64; x64) AppleWebKit/537.36 (KHTML, like Gecko) Chrome/56.0.2924.87 Safari/537.36|281
2017-03-08 18:13:12|GET|/api/public/address/sido-names|200||GET /api/public/address/sido-names HTTP/1.1|http://localhost:8888/jaha/apt/membership/list|Mozilla/5.0 (Windows NT 6.1; Win64; x64) AppleWebKit/537.36 (KHTML, like Gecko) Chrome/56.0.2924.87 Safari/537.36|86
2017-03-08 18:13:12|GET|/jaha/apt/ap/user/edoorMember/list-data|200|?sidoNm=&sggNm=&sDate=2017-03-02&eDate=2017-03-08&pageSize=10&pageNum=1|GET /jaha/apt/ap/user/edoorMember/list-data?sidoNm=&sggNm=&sDate=2017-03-02&eDate=2017-03-08&pageSize=10&pageNum=1 HTTP/1.1|http://localhost:8888/jaha/apt/membership/list|Mozilla/5.0 (Windows NT 6.1; Win64; x64) AppleWebKit/537.36 (KHTML, like Gecko) Chrome/56.0.2924.87 Safari/537.36|217
2017-03-08 18:13:13|GET|/jaha/apt/membership/list-data|200|?sidoNm=&sggNm=&sDate=2017-03-02&eDate=2017-03-08&pageSize=10&pageNum=1|GET /jaha/apt/membership/list-data?sidoNm=&sggNm=&sDate=2017-03-02&eDate=2017-03-08&pageSize=10&pageNum=1 HTTP/1.1|http://localhost:8888/jaha/apt/membership/list|Mozilla/5.0 (Windows NT 6.1; Win64; x64) AppleWebKit/537.36 (KHTML, like Gecko) Chrome/56.0.2924.87 Safari/537.36|824
2017-03-08 18:15:13|GET|/jaha/apt/membership/list|200||GET /jaha/apt/membership/list HTTP/1.1|http://localhost:8888/jaha/user/app/download/list|Mozilla/5.0 (Windows NT 6.1; Win64; x64) AppleWebKit/537.36 (KHTML, like Gecko) Chrome/56.0.2924.87 Safari/537.36|697
2017-03-08 18:15:13|GET|/api/public/address/sido-names|200||GET /api/public/address/sido-names HTTP/1.1|http://localhost:8888/jaha/apt/membership/list|Mozilla/5.0 (Windows NT 6.1; Win64; x64) AppleWebKit/537.36 (KHTML, like Gecko) Chrome/56.0.2924.87 Safari/537.36|118
2017-03-08 18:15:13|GET|/favicon.ico|200||GET /favicon.ico HTTP/1.1|http://localhost:8888/jaha/apt/membership/list|Mozilla/5.0 (Windows NT 6.1; Win64; x64) AppleWebKit/537.36 (KHTML, like Gecko) Chrome/56.0.2924.87 Safari/537.36|62
2017-03-08 18:15:13|GET|/jaha/apt/membership/list-data|200|?sidoNm=&sggNm=&sDate=2017-03-02&eDate=2017-03-08&pageSize=10&pageNum=1|GET /jaha/apt/membership/list-data?sidoNm=&sggNm=&sDate=2017-03-02&eDate=2017-03-08&pageSize=10&pageNum=1 HTTP/1.1|http://localhost:8888/jaha/apt/membership/list|Mozilla/5.0 (Windows NT 6.1; Win64; x64) AppleWebKit/537.36 (KHTML, like Gecko) Chrome/56.0.2924.87 Safari/537.36|297
2017-03-08 18:15:14|GET|/jaha/apt/ap/user/edoorMember/list-data|200|?sidoNm=&sggNm=&sDate=2017-03-02&eDate=2017-03-08&pageSize=10&pageNum=1|GET /jaha/apt/ap/user/edoorMember/list-data?sidoNm=&sggNm=&sDate=2017-03-02&eDate=2017-03-08&pageSize=10&pageNum=1 HTTP/1.1|http://localhost:8888/jaha/apt/membership/list|Mozilla/5.0 (Windows NT 6.1; Win64; x64) AppleWebKit/537.36 (KHTML, like Gecko) Chrome/56.0.2924.87 Safari/537.36|747
